2019-02-16 13:37:33:请求：请求参数：<?xml version="1.0" encoding="gb2312"?>
<CMBSDKPGK xmlns:xsi="http://www.w3.org/2001/XMLSchema-instance" xmlns:xsd="http://www.w3.org/2001/XMLSchema">
  <INFO>
    <FUNNAM>GetTransInfo</FUNNAM>
    <DATTYP>2</DATTYP>
    <LGNNAM>银企直连测试用户45</LGNNAM>
  </INFO>
  <SDKTSINFX>
    <BBKNBR>75</BBKNBR>
    <ACCNBR>755915712110815</ACCNBR>
    <BGNDAT>20180818</BGNDAT>
    <ENDDAT>20180818</ENDDAT>
    <LOWAMT>0</LOWAMT>
    <HGHAMT>0</HGHAMT>
  </SDKTSINFX>
</CMBSDKPGK>
返回参数：

2019-02-16 13:38:10:请求：请求参数：<?xml version="1.0" encoding="gb2312"?>
<CMBSDKPGK xmlns:xsi="http://www.w3.org/2001/XMLSchema-instance" xmlns:xsd="http://www.w3.org/2001/XMLSchema">
  <INFO>
    <FUNNAM>GetTransInfo</FUNNAM>
    <DATTYP>2</DATTYP>
    <LGNNAM>银企直连测试用户45</LGNNAM>
  </INFO>
  <SDKTSINFX>
    <BBKNBR>75</BBKNBR>
    <ACCNBR>755915712110815</ACCNBR>
    <BGNDAT>20180818</BGNDAT>
    <ENDDAT>20180818</ENDDAT>
    <LOWAMT>0</LOWAMT>
    <HGHAMT>0</HGHAMT>
  </SDKTSINFX>
</CMBSDKPGK>
返回参数：
<?xml version="1.0" encoding="GBK"?><CMBSDKPGK><INFO><DATTYP>2</DATTYP><ERRMSG></ERRMSG><FUNNAM>GetTransInfo</FUNNAM><LGNNAM>银企直连测试用户45</LGNNAM><RETCOD>0</RETCOD></INFO></CMBSDKPGK>
2019-02-16 13:38:23:请求：请求参数：<?xml version="1.0" encoding="gb2312"?>
<CMBSDKPGK xmlns:xsi="http://www.w3.org/2001/XMLSchema-instance" xmlns:xsd="http://www.w3.org/2001/XMLSchema">
  <INFO>
    <FUNNAM>GetTransInfo</FUNNAM>
    <DATTYP>2</DATTYP>
    <LGNNAM>银企直连测试用户45</LGNNAM>
  </INFO>
  <SDKTSINFX>
    <BBKNBR>75</BBKNBR>
    <ACCNBR>755915712110815</ACCNBR>
    <BGNDAT>20180817</BGNDAT>
    <ENDDAT>20180817</ENDDAT>
    <LOWAMT>0</LOWAMT>
    <HGHAMT>0</HGHAMT>
  </SDKTSINFX>
</CMBSDKPGK>
返回参数：
<?xml version="1.0" encoding="GBK"?><CMBSDKPGK><INFO><DATTYP>2</DATTYP><ERRMSG></ERRMSG><FUNNAM>GetTransInfo</FUNNAM><LGNNAM>银企直连测试用户45</LGNNAM><RETCOD>0</RETCOD></INFO></CMBSDKPGK>
2019-02-16 13:39:08:请求：请求参数：<?xml version="1.0" encoding="gb2312"?>
<CMBSDKPGK xmlns:xsi="http://www.w3.org/2001/XMLSchema-instance" xmlns:xsd="http://www.w3.org/2001/XMLSchema">
  <INFO>
    <FUNNAM>GetTransInfo</FUNNAM>
    <DATTYP>2</DATTYP>
    <LGNNAM>银企直连测试用户45</LGNNAM>
  </INFO>
  <SDKTSINFX>
    <BBKNBR>75</BBKNBR>
    <ACCNBR>755915712110815</ACCNBR>
    <BGNDAT>20180817</BGNDAT>
    <ENDDAT>20180817</ENDDAT>
    <LOWAMT>0</LOWAMT>
    <HGHAMT>0</HGHAMT>
  </SDKTSINFX>
</CMBSDKPGK>
返回参数：
<?xml version="1.0" encoding="GBK"?><CMBSDKPGK><INFO><DATTYP>2</DATTYP><ERRMSG></ERRMSG><FUNNAM>GetTransInfo</FUNNAM><LGNNAM>银企直连测试用户45</LGNNAM><RETCOD>0</RETCOD></INFO></CMBSDKPGK>
2019-02-16 13:39:25:请求：请求参数：<?xml version="1.0" encoding="gb2312"?>
<CMBSDKPGK xmlns:xsi="http://www.w3.org/2001/XMLSchema-instance" xmlns:xsd="http://www.w3.org/2001/XMLSchema">
  <INFO>
    <FUNNAM>GetTransInfo</FUNNAM>
    <DATTYP>2</DATTYP>
    <LGNNAM>银企直连测试用户45</LGNNAM>
  </INFO>
  <SDKTSINFX>
    <BBKNBR>75</BBKNBR>
    <ACCNBR>755915712110815</ACCNBR>
    <BGNDAT>20180818</BGNDAT>
    <ENDDAT>20180818</ENDDAT>
    <LOWAMT>0</LOWAMT>
    <HGHAMT>0</HGHAMT>
  </SDKTSINFX>
</CMBSDKPGK>
返回参数：
<?xml version="1.0" encoding="GBK"?><CMBSDKPGK><INFO><DATTYP>2</DATTYP><ERRMSG></ERRMSG><FUNNAM>GetTransInfo</FUNNAM><LGNNAM>银企直连测试用户45</LGNNAM><RETCOD>0</RETCOD></INFO></CMBSDKPGK>
2019-02-16 13:40:16:请求：请求参数：<?xml version="1.0" encoding="gb2312"?>
<CMBSDKPGK xmlns:xsi="http://www.w3.org/2001/XMLSchema-instance" xmlns:xsd="http://www.w3.org/2001/XMLSchema">
  <INFO>
    <FUNNAM>GetTransInfo</FUNNAM>
    <DATTYP>2</DATTYP>
    <LGNNAM>银企直连测试用户45</LGNNAM>
  </INFO>
  <SDKTSINFX>
    <BBKNBR>75</BBKNBR>
    <ACCNBR>755915712110815</ACCNBR>
    <BGNDAT>20180218</BGNDAT>
    <ENDDAT>20180218</ENDDAT>
    <LOWAMT>0</LOWAMT>
    <HGHAMT>0</HGHAMT>
  </SDKTSINFX>
</CMBSDKPGK>
返回参数：
<?xml version="1.0" encoding="GBK"?><CMBSDKPGK><INFO><DATTYP>2</DATTYP><ERRMSG></ERRMSG><FUNNAM>GetTransInfo</FUNNAM><LGNNAM>银企直连测试用户45</LGNNAM><RETCOD>0</RETCOD></INFO><NTQTSINFZ><AMTCDR>C</AMTCDR><APDFLG>Y</APDFLG><ATHFLG>N</ATHFLG><BBKNBR>75</BBKNBR><BUSNAM>企业银行直接支付</BUSNAM><C_ATHFLG>无</C_ATHFLG><C_BBKNBR>深圳</C_BBKNBR><C_ETYDAT>2018年02月18日</C_ETYDAT><C_GSBBBK></C_GSBBBK><C_RPYBBK></C_RPYBBK><C_TRSAMT>1.00</C_TRSAMT><C_TRSAMTC>1.00</C_TRSAMTC><C_TRSBLV>1,001,213.78</C_TRSBLV><C_VLTDAT>2018年02月18日</C_VLTDAT><ETYDAT>20180218</ETYDAT><ETYTIM>155110</ETYTIM><GSBBBK></GSBBBK><NAREXT>18S2000021428</NAREXT><NARYUR>测试直接付款操作</NARYUR><REFNBR>G1179300006487C</REFNBR><REFSUB></REFSUB><REQNBR>0030087057</REQNBR><RPYACC>755915712110113</RPYACC><RPYADR>广东省深圳市</RPYADR><RPYBBK></RPYBBK><RPYBNK>招商银行深圳分行营业部</RPYBNK><RPYNAM>企业网银新20161395</RPYNAM><RSV30Z>**</RSV30Z><RSV31Z>10</RSV31Z><RSV50Z></RSV50Z><TRSAMT>1.00</TRSAMT><TRSAMTC>1.00</TRSAMTC><TRSANL>CPGATR</TRSANL><TRSBLV>1001213.78</TRSBLV><TRSCOD>CPUA</TRSCOD><VLTDAT>20180218</VLTDAT><YURREF>20190130144619</YURREF></NTQTSINFZ><NTQTSINFZ><AMTCDR>C</AMTCDR><APDFLG>Y</APDFLG><ATHFLG>N</ATHFLG><BBKNBR>75</BBKNBR><BUSNAM>企业银行直接支付</BUSNAM><C_ATHFLG>无</C_ATHFLG><C_BBKNBR>深圳</C_BBKNBR><C_ETYDAT>2018年02月18日</C_ETYDAT><C_GSBBBK></C_GSBBBK><C_RPYBBK></C_RPYBBK><C_TRSAMT>1.00</C_TRSAMT><C_TRSAMTC>1.00</C_TRSAMTC><C_TRSBLV>1,001,214.78</C_TRSBLV><C_VLTDAT>2018年02月18日</C_VLTDAT><ETYDAT>20180218</ETYDAT><ETYTIM>155110</ETYTIM><GSBBBK></GSBBBK><NAREXT>18S4000021063</NAREXT><NARYUR>测试直接付款操作</NARYUR><REFNBR>G1179300006489C</REFNBR><REFSUB></REFSUB><REQNBR>0030087079</REQNBR><RPYACC>755915712110113</RPYACC><RPYADR>广东省深圳市</RPYADR><RPYBBK></RPYBBK><RPYBNK>招商银行深圳分行营业部</RPYBNK><RPYNAM>企业网银新20161395</RPYNAM><RSV30Z>**</RSV30Z><RSV31Z>10</RSV31Z><RSV50Z></RSV50Z><TRSAMT>1.00</TRSAMT><TRSAMTC>1.00</TRSAMTC><TRSANL>CPGATR</TRSANL><TRSBLV>1001214.78</TRSBLV><TRSCOD>CPUA</TRSCOD><VLTDAT>20180218</VLTDAT><YURREF>20190130143545</YURREF></NTQTSINFZ></CMBSDKPGK>
2019-02-16 13:40:34:请求：请求参数：<?xml version="1.0" encoding="gb2312"?>
<CMBSDKPGK xmlns:xsi="http://www.w3.org/2001/XMLSchema-instance" xmlns:xsd="http://www.w3.org/2001/XMLSchema">
  <INFO>
    <FUNNAM>GetTransInfo</FUNNAM>
    <DATTYP>2</DATTYP>
    <LGNNAM>银企直连测试用户45</LGNNAM>
  </INFO>
  <SDKTSINFX>
    <BBKNBR>75</BBKNBR>
    <ACCNBR>755915712110815</ACCNBR>
    <BGNDAT>20180217</BGNDAT>
    <ENDDAT>20180217</ENDDAT>
    <LOWAMT>0</LOWAMT>
    <HGHAMT>0</HGHAMT>
  </SDKTSINFX>
</CMBSDKPGK>
返回参数：
<?xml version="1.0" encoding="GBK"?><CMBSDKPGK><INFO><DATTYP>2</DATTYP><ERRMSG></ERRMSG><FUNNAM>GetTransInfo</FUNNAM><LGNNAM>银企直连测试用户45</LGNNAM><RETCOD>0</RETCOD></INFO></CMBSDKPGK>
2019-02-16 13:40:40:请求：请求参数：<?xml version="1.0" encoding="gb2312"?>
<CMBSDKPGK xmlns:xsi="http://www.w3.org/2001/XMLSchema-instance" xmlns:xsd="http://www.w3.org/2001/XMLSchema">
  <INFO>
    <FUNNAM>GetTransInfo</FUNNAM>
    <DATTYP>2</DATTYP>
    <LGNNAM>银企直连测试用户45</LGNNAM>
  </INFO>
  <SDKTSINFX>
    <BBKNBR>75</BBKNBR>
    <ACCNBR>755915712110815</ACCNBR>
    <BGNDAT>20180219</BGNDAT>
    <ENDDAT>20180219</ENDDAT>
    <LOWAMT>0</LOWAMT>
    <HGHAMT>0</HGHAMT>
  </SDKTSINFX>
</CMBSDKPGK>
返回参数：
<?xml version="1.0" encoding="GBK"?><CMBSDKPGK><INFO><DATTYP>2</DATTYP><ERRMSG></ERRMSG><FUNNAM>GetTransInfo</FUNNAM><LGNNAM>银企直连测试用户45</LGNNAM><RETCOD>0</RETCOD></INFO></CMBSDKPGK>
2019-02-16 13:40:44:请求：请求参数：<?xml version="1.0" encoding="gb2312"?>
<CMBSDKPGK xmlns:xsi="http://www.w3.org/2001/XMLSchema-instance" xmlns:xsd="http://www.w3.org/2001/XMLSchema">
  <INFO>
    <FUNNAM>GetTransInfo</FUNNAM>
    <DATTYP>2</DATTYP>
    <LGNNAM>银企直连测试用户45</LGNNAM>
  </INFO>
  <SDKTSINFX>
    <BBKNBR>75</BBKNBR>
    <ACCNBR>755915712110815</ACCNBR>
    <BGNDAT>20180219</BGNDAT>
    <ENDDAT>20180219</ENDDAT>
    <LOWAMT>0</LOWAMT>
    <HGHAMT>0</HGHAMT>
  </SDKTSINFX>
</CMBSDKPGK>
返回参数：
<?xml version="1.0" encoding="GBK"?><CMBSDKPGK><INFO><DATTYP>2</DATTYP><ERRMSG></ERRMSG><FUNNAM>GetTransInfo</FUNNAM><LGNNAM>银企直连测试用户45</LGNNAM><RETCOD>0</RETCOD></INFO></CMBSDKPGK>
2019-02-16 13:40:49:请求：请求参数：<?xml version="1.0" encoding="gb2312"?>
<CMBSDKPGK xmlns:xsi="http://www.w3.org/2001/XMLSchema-instance" xmlns:xsd="http://www.w3.org/2001/XMLSchema">
  <INFO>
    <FUNNAM>GetTransInfo</FUNNAM>
    <DATTYP>2</DATTYP>
    <LGNNAM>银企直连测试用户45</LGNNAM>
  </INFO>
  <SDKTSINFX>
    <BBKNBR>75</BBKNBR>
    <ACCNBR>755915712110815</ACCNBR>
    <BGNDAT>20180218</BGNDAT>
    <ENDDAT>20180218</ENDDAT>
    <LOWAMT>0</LOWAMT>
    <HGHAMT>0</HGHAMT>
  </SDKTSINFX>
</CMBSDKPGK>
返回参数：
<?xml version="1.0" encoding="GBK"?><CMBSDKPGK><INFO><DATTYP>2</DATTYP><ERRMSG></ERRMSG><FUNNAM>GetTransInfo</FUNNAM><LGNNAM>银企直连测试用户45</LGNNAM><RETCOD>0</RETCOD></INFO><NTQTSINFZ><AMTCDR>C</AMTCDR><APDFLG>Y</APDFLG><ATHFLG>N</ATHFLG><BBKNBR>75</BBKNBR><BUSNAM>企业银行直接支付</BUSNAM><C_ATHFLG>无</C_ATHFLG><C_BBKNBR>深圳</C_BBKNBR><C_ETYDAT>2018年02月18日</C_ETYDAT><C_GSBBBK></C_GSBBBK><C_RPYBBK></C_RPYBBK><C_TRSAMT>1.00</C_TRSAMT><C_TRSAMTC>1.00</C_TRSAMTC><C_TRSBLV>1,001,213.78</C_TRSBLV><C_VLTDAT>2018年02月18日</C_VLTDAT><ETYDAT>20180218</ETYDAT><ETYTIM>155110</ETYTIM><GSBBBK></GSBBBK><NAREXT>18S2000021428</NAREXT><NARYUR>测试直接付款操作</NARYUR><REFNBR>G1179300006487C</REFNBR><REFSUB></REFSUB><REQNBR>0030087057</REQNBR><RPYACC>755915712110113</RPYACC><RPYADR>广东省深圳市</RPYADR><RPYBBK></RPYBBK><RPYBNK>招商银行深圳分行营业部</RPYBNK><RPYNAM>企业网银新20161395</RPYNAM><RSV30Z>**</RSV30Z><RSV31Z>10</RSV31Z><RSV50Z></RSV50Z><TRSAMT>1.00</TRSAMT><TRSAMTC>1.00</TRSAMTC><TRSANL>CPGATR</TRSANL><TRSBLV>1001213.78</TRSBLV><TRSCOD>CPUA</TRSCOD><VLTDAT>20180218</VLTDAT><YURREF>20190130144619</YURREF></NTQTSINFZ><NTQTSINFZ><AMTCDR>C</AMTCDR><APDFLG>Y</APDFLG><ATHFLG>N</ATHFLG><BBKNBR>75</BBKNBR><BUSNAM>企业银行直接支付</BUSNAM><C_ATHFLG>无</C_ATHFLG><C_BBKNBR>深圳</C_BBKNBR><C_ETYDAT>2018年02月18日</C_ETYDAT><C_GSBBBK></C_GSBBBK><C_RPYBBK></C_RPYBBK><C_TRSAMT>1.00</C_TRSAMT><C_TRSAMTC>1.00</C_TRSAMTC><C_TRSBLV>1,001,214.78</C_TRSBLV><C_VLTDAT>2018年02月18日</C_VLTDAT><ETYDAT>20180218</ETYDAT><ETYTIM>155110</ETYTIM><GSBBBK></GSBBBK><NAREXT>18S4000021063</NAREXT><NARYUR>测试直接付款操作</NARYUR><REFNBR>G1179300006489C</REFNBR><REFSUB></REFSUB><REQNBR>0030087079</REQNBR><RPYACC>755915712110113</RPYACC><RPYADR>广东省深圳市</RPYADR><RPYBBK></RPYBBK><RPYBNK>招商银行深圳分行营业部</RPYBNK><RPYNAM>企业网银新20161395</RPYNAM><RSV30Z>**</RSV30Z><RSV31Z>10</RSV31Z><RSV50Z></RSV50Z><TRSAMT>1.00</TRSAMT><TRSAMTC>1.00</TRSAMTC><TRSANL>CPGATR</TRSANL><TRSBLV>1001214.78</TRSBLV><TRSCOD>CPUA</TRSCOD><VLTDAT>20180218</VLTDAT><YURREF>20190130143545</YURREF></NTQTSINFZ></CMBSDKPGK>
2019-02-16 14:21:16:请求：请求参数：<?xml version="1.0" encoding="gb2312"?>
<CMBSDKPGK xmlns:xsi="http://www.w3.org/2001/XMLSchema-instance" xmlns:xsd="http://www.w3.org/2001/XMLSchema">
  <INFO>
    <FUNNAM>DCPAYMNT</FUNNAM>
    <DATTYP>2</DATTYP>
    <LGNNAM>银企直连测试用户45</LGNNAM>
  </INFO>
  <SDKPAYRQX>
    <BUSCOD>N02031</BUSCOD>
  </SDKPAYRQX>
  <DCOPDPAYX>
    <YURREF>20190216141321</YURREF>
    <DBTACC>755915712110815</DBTACC>
    <DBTBBK>75</DBTBBK>
    <TRSAMT>1</TRSAMT>
    <CCYNBR>10</CCYNBR>
    <STLCHN>N</STLCHN>
    <NUSAGE>采购一部周晓琴报销广州市百好博有限公司支付广州市百好博有限公司10月货款的费用</NUSAGE>
    <CRTACC>3602-0285-0920-0126-651</CRTACC>
    <CRTNAM>广州市百好博有限公司</CRTNAM>
    <BNKFLG>1</BNKFLG>
    <CRTBNK>工商银行花城支行</CRTBNK>
  </DCOPDPAYX>
</CMBSDKPGK>
返回参数：
<?xml version="1.0" encoding="GBK"?><CMBSDKPGK><INFO><DATTYP>2</DATTYP><ERRMSG>FBCN026: 字符串类型字段NUSAGE长度不合法</ERRMSG><FUNNAM>DCPAYMNT</FUNNAM><LGNNAM>银企直连测试用户45</LGNNAM><RETCOD>-3</RETCOD></INFO></CMBSDKPGK>
2019-02-16 14:31:21:请求：请求参数：<?xml version="1.0" encoding="gb2312"?>
<CMBSDKPGK xmlns:xsi="http://www.w3.org/2001/XMLSchema-instance" xmlns:xsd="http://www.w3.org/2001/XMLSchema">
  <INFO>
    <FUNNAM>DCPAYMNT</FUNNAM>
    <DATTYP>2</DATTYP>
    <LGNNAM>银企直连测试用户45</LGNNAM>
  </INFO>
  <SDKPAYRQX>
    <BUSCOD>N02031</BUSCOD>
  </SDKPAYRQX>
  <DCOPDPAYX>
    <YURREF>20190216142131</YURREF>
    <DBTACC>755915712110815</DBTACC>
    <DBTBBK>75</DBTBBK>
    <TRSAMT>1</TRSAMT>
    <CCYNBR>10</CCYNBR>
    <STLCHN>N</STLCHN>
    <NUSAGE>采购一部周晓琴报销广州市百好博有限公司支付广州市百好博有限公司10月货款的费用</NUSAGE>
    <CRTACC>3602028509200126651</CRTACC>
    <CRTNAM>广州市百好博有限公司</CRTNAM>
    <BNKFLG>1</BNKFLG>
    <CRTBNK>工商银行花城支行</CRTBNK>
  </DCOPDPAYX>
</CMBSDKPGK>
返回参数：
<?xml version="1.0" encoding="GBK"?><CMBSDKPGK><INFO><DATTYP>2</DATTYP><ERRMSG>FBCN026: 字符串类型字段NUSAGE长度不合法</ERRMSG><FUNNAM>DCPAYMNT</FUNNAM><LGNNAM>银企直连测试用户45</LGNNAM><RETCOD>-3</RETCOD></INFO></CMBSDKPGK>
2019-02-16 14:31:55:请求：请求参数：<?xml version="1.0" encoding="gb2312"?>
<CMBSDKPGK xmlns:xsi="http://www.w3.org/2001/XMLSchema-instance" xmlns:xsd="http://www.w3.org/2001/XMLSchema">
  <INFO>
    <FUNNAM>DCPAYMNT</FUNNAM>
    <DATTYP>2</DATTYP>
    <LGNNAM>银企直连测试用户45</LGNNAM>
  </INFO>
  <SDKPAYRQX>
    <BUSCOD>N02031</BUSCOD>
  </SDKPAYRQX>
  <DCOPDPAYX>
    <YURREF>20190216145531</YURREF>
    <DBTACC>755915712110815</DBTACC>
    <DBTBBK>75</DBTBBK>
    <TRSAMT>1</TRSAMT>
    <CCYNBR>10</CCYNBR>
    <STLCHN>N</STLCHN>
    <NUSAGE>采购一部周晓琴报销10月货款的费用</NUSAGE>
    <CRTACC>3602028509200126651</CRTACC>
    <CRTNAM>广州市百好博有限公司</CRTNAM>
    <BNKFLG>1</BNKFLG>
    <CRTBNK>工商银行花城支行</CRTBNK>
  </DCOPDPAYX>
</CMBSDKPGK>
返回参数：
<?xml version="1.0" encoding="GBK"?><CMBSDKPGK><INFO><DATTYP>2</DATTYP><ERRMSG></ERRMSG><FUNNAM>DCPAYMNT</FUNNAM><LGNNAM>银企直连测试用户45</LGNNAM><RETCOD>0</RETCOD></INFO><NTQPAYRQZ><ERRCOD>NCB2042</ERRCOD><ERRTXT>NCB2042 -系统内标志1无效</ERRTXT><REQSTS>FIN</REQSTS><RTNFLG>F</RTNFLG><SQRNBR>0000000000</SQRNBR><YURREF>20190216145531</YURREF></NTQPAYRQZ></CMBSDKPGK>
2019-02-16 14:33:11:请求：请求参数：<?xml version="1.0" encoding="gb2312"?>
<CMBSDKPGK xmlns:xsi="http://www.w3.org/2001/XMLSchema-instance" xmlns:xsd="http://www.w3.org/2001/XMLSchema">
  <INFO>
    <FUNNAM>DCPAYMNT</FUNNAM>
    <DATTYP>2</DATTYP>
    <LGNNAM>银企直连测试用户45</LGNNAM>
  </INFO>
  <SDKPAYRQX>
    <BUSCOD>N02031</BUSCOD>
  </SDKPAYRQX>
  <DCOPDPAYX>
    <YURREF>20190216141033</YURREF>
    <DBTACC>755915712110815</DBTACC>
    <DBTBBK>75</DBTBBK>
    <TRSAMT>1</TRSAMT>
    <CCYNBR>10</CCYNBR>
    <STLCHN>N</STLCHN>
    <NUSAGE>采购一部周晓琴报销10月货款的费用</NUSAGE>
    <CRTACC>3602028509200126651</CRTACC>
    <CRTNAM>广州市百好博有限公司</CRTNAM>
    <BNKFLG>0</BNKFLG>
    <CRTBNK>工商银行花城支行</CRTBNK>
  </DCOPDPAYX>
</CMBSDKPGK>
返回参数：
<?xml version="1.0" encoding="GBK"?><CMBSDKPGK><INFO><DATTYP>2</DATTYP><ERRMSG></ERRMSG><FUNNAM>DCPAYMNT</FUNNAM><LGNNAM>银企直连测试用户45</LGNNAM><RETCOD>0</RETCOD></INFO><NTQPAYRQZ><ERRCOD>NCB2042</ERRCOD><ERRTXT>NCB2042 -系统内标志0无效</ERRTXT><REQSTS>FIN</REQSTS><RTNFLG>F</RTNFLG><SQRNBR>0000000000</SQRNBR><YURREF>20190216141033</YURREF></NTQPAYRQZ></CMBSDKPGK>
2019-02-16 14:45:05:请求：请求参数：<?xml version="1.0" encoding="gb2312"?>
<CMBSDKPGK xmlns:xsi="http://www.w3.org/2001/XMLSchema-instance" xmlns:xsd="http://www.w3.org/2001/XMLSchema">
  <INFO>
    <FUNNAM>DCPAYMNT</FUNNAM>
    <DATTYP>2</DATTYP>
    <LGNNAM>银企直连测试用户45</LGNNAM>
  </INFO>
  <SDKPAYRQX>
    <BUSCOD>N02031</BUSCOD>
  </SDKPAYRQX>
  <DCOPDPAYX>
    <YURREF>20190216140445</YURREF>
    <DBTACC>755915712110815</DBTACC>
    <DBTBBK>75</DBTBBK>
    <TRSAMT>1</TRSAMT>
    <CCYNBR>10</CCYNBR>
    <STLCHN>N</STLCHN>
    <NUSAGE>采购一部周晓琴报销广州市百好博有限公司支付广州市百好博有限公司10月货款的费用</NUSAGE>
    <CRTACC>3602028509200126651</CRTACC>
    <CRTNAM>广州市百好博有限公司</CRTNAM>
    <BNKFLG>Y</BNKFLG>
    <CRTBNK>工商银行花城支行</CRTBNK>
  </DCOPDPAYX>
</CMBSDKPGK>
返回参数：
<?xml version="1.0" encoding="GBK"?><CMBSDKPGK><INFO><DATTYP>2</DATTYP><ERRMSG>FBCN026: 字符串类型字段NUSAGE长度不合法</ERRMSG><FUNNAM>DCPAYMNT</FUNNAM><LGNNAM>银企直连测试用户45</LGNNAM><RETCOD>-3</RETCOD></INFO></CMBSDKPGK>
2019-02-16 14:45:17:请求：请求参数：<?xml version="1.0" encoding="gb2312"?>
<CMBSDKPGK xmlns:xsi="http://www.w3.org/2001/XMLSchema-instance" xmlns:xsd="http://www.w3.org/2001/XMLSchema">
  <INFO>
    <FUNNAM>DCPAYMNT</FUNNAM>
    <DATTYP>2</DATTYP>
    <LGNNAM>银企直连测试用户45</LGNNAM>
  </INFO>
  <SDKPAYRQX>
    <BUSCOD>N02031</BUSCOD>
  </SDKPAYRQX>
  <DCOPDPAYX>
    <YURREF>20190216141645</YURREF>
    <DBTACC>755915712110815</DBTACC>
    <DBTBBK>75</DBTBBK>
    <TRSAMT>1</TRSAMT>
    <CCYNBR>10</CCYNBR>
    <STLCHN>N</STLCHN>
    <NUSAGE>采购一部周晓琴报销广州市百好博有限公司支</NUSAGE>
    <CRTACC>3602028509200126651</CRTACC>
    <CRTNAM>广州市百好博有限公司</CRTNAM>
    <BNKFLG>Y</BNKFLG>
    <CRTBNK>工商银行花城支行</CRTBNK>
  </DCOPDPAYX>
</CMBSDKPGK>
返回参数：
<?xml version="1.0" encoding="GBK"?><CMBSDKPGK><INFO><DATTYP>2</DATTYP><ERRMSG></ERRMSG><FUNNAM>DCPAYMNT</FUNNAM><LGNNAM>银企直连测试用户45</LGNNAM><RETCOD>0</RETCOD></INFO><NTQPAYRQZ><ERRCOD>CSAB051</ERRCOD><ERRTXT>CSAB051 户口3602028509200126651不存在(F3RTV3T1RP)</ERRTXT><REQSTS>FIN</REQSTS><RTNFLG>F</RTNFLG><SQRNBR>0000000000</SQRNBR><YURREF>20190216141645</YURREF></NTQPAYRQZ></CMBSDKPGK>
2019-02-16 14:45:53:请求：请求参数：<?xml version="1.0" encoding="gb2312"?>
<CMBSDKPGK xmlns:xsi="http://www.w3.org/2001/XMLSchema-instance" xmlns:xsd="http://www.w3.org/2001/XMLSchema">
  <INFO>
    <FUNNAM>DCPAYMNT</FUNNAM>
    <DATTYP>2</DATTYP>
    <LGNNAM>银企直连测试用户45</LGNNAM>
  </INFO>
  <SDKPAYRQX>
    <BUSCOD>N02031</BUSCOD>
  </SDKPAYRQX>
  <DCOPDPAYX>
    <YURREF>20190216145245</YURREF>
    <DBTACC>755915712110815</DBTACC>
    <DBTBBK>75</DBTBBK>
    <TRSAMT>1</TRSAMT>
    <CCYNBR>10</CCYNBR>
    <STLCHN>N</STLCHN>
    <NUSAGE>采购一部周晓琴报销广州市百好博有限公司支</NUSAGE>
    <CRTACC>3602028509200126651</CRTACC>
    <CRTNAM>广州市百好博有限公司</CRTNAM>
    <BNKFLG>N</BNKFLG>
    <CRTBNK>工商银行花城支行</CRTBNK>
  </DCOPDPAYX>
</CMBSDKPGK>
返回参数：
<?xml version="1.0" encoding="GBK"?><CMBSDKPGK><INFO><DATTYP>2</DATTYP><ERRMSG></ERRMSG><FUNNAM>DCPAYMNT</FUNNAM><LGNNAM>银企直连测试用户45</LGNNAM><RETCOD>0</RETCOD></INFO><NTQPAYRQZ><ERRCOD>CSE0144</ERRCOD><ERRTXT>CSE0144 输入的开户地不能为空</ERRTXT><REQSTS>FIN</REQSTS><RTNFLG>F</RTNFLG><SQRNBR>0000000000</SQRNBR><YURREF>20190216145245</YURREF></NTQPAYRQZ></CMBSDKPGK>
2019-02-16 14:47:14:请求：请求参数：<?xml version="1.0" encoding="gb2312"?>
<CMBSDKPGK xmlns:xsi="http://www.w3.org/2001/XMLSchema-instance" xmlns:xsd="http://www.w3.org/2001/XMLSchema">
  <INFO>
    <FUNNAM>DCPAYMNT</FUNNAM>
    <DATTYP>2</DATTYP>
    <LGNNAM>银企直连测试用户45</LGNNAM>
  </INFO>
  <SDKPAYRQX>
    <BUSCOD>N02031</BUSCOD>
  </SDKPAYRQX>
  <DCOPDPAYX>
    <YURREF>20190216140247</YURREF>
    <DBTACC>755915712110815</DBTACC>
    <DBTBBK>75</DBTBBK>
    <TRSAMT>1</TRSAMT>
    <CCYNBR>10</CCYNBR>
    <STLCHN>N</STLCHN>
    <NUSAGE>采购一部周晓琴报销广州市百好博有限公司支</NUSAGE>
    <CRTACC>3602028509200126651</CRTACC>
    <CRTNAM>广州市百好博有限公司</CRTNAM>
    <BNKFLG>N</BNKFLG>
    <CRTBNK>工商银行花城支行</CRTBNK>
  </DCOPDPAYX>
</CMBSDKPGK>
返回参数：
<?xml version="1.0" encoding="GBK"?><CMBSDKPGK><INFO><DATTYP>2</DATTYP><ERRMSG></ERRMSG><FUNNAM>DCPAYMNT</FUNNAM><LGNNAM>银企直连测试用户45</LGNNAM><RETCOD>0</RETCOD></INFO><NTQPAYRQZ><ERRCOD>CSE0144</ERRCOD><ERRTXT>CSE0144 输入的开户地不能为空</ERRTXT><REQSTS>FIN</REQSTS><RTNFLG>F</RTNFLG><SQRNBR>0000000000</SQRNBR><YURREF>20190216140247</YURREF></NTQPAYRQZ></CMBSDKPGK>
2019-02-16 14:50:30:请求：请求参数：<?xml version="1.0" encoding="gb2312"?>
<CMBSDKPGK xmlns:xsi="http://www.w3.org/2001/XMLSchema-instance" xmlns:xsd="http://www.w3.org/2001/XMLSchema">
  <INFO>
    <FUNNAM>DCPAYMNT</FUNNAM>
    <DATTYP>2</DATTYP>
    <LGNNAM>银企直连测试用户45</LGNNAM>
  </INFO>
  <SDKPAYRQX>
    <BUSCOD>N02031</BUSCOD>
  </SDKPAYRQX>
  <DCOPDPAYX>
    <YURREF>20190216142050</YURREF>
    <DBTACC>755915712110815</DBTACC>
    <DBTBBK>75</DBTBBK>
    <TRSAMT>1</TRSAMT>
    <CCYNBR>10</CCYNBR>
    <STLCHN>N</STLCHN>
    <NUSAGE>采购一部周晓琴报销广州市百好博有限公司支</NUSAGE>
    <CRTACC>755915712110113</CRTACC>
    <CRTNAM>企业网银新20161395</CRTNAM>
    <BNKFLG>Y</BNKFLG>
    <CRTBNK>招商银行</CRTBNK>
  </DCOPDPAYX>
</CMBSDKPGK>
返回参数：
<?xml version="1.0" encoding="GBK"?><CMBSDKPGK><INFO><DATTYP>2</DATTYP><ERRMSG></ERRMSG><FUNNAM>DCPAYMNT</FUNNAM><LGNNAM>银企直连测试用户45</LGNNAM><RETCOD>0</RETCOD></INFO><NTQPAYRQZ><ERRCOD>SUC0000</ERRCOD><REQNBR>0030090729</REQNBR><REQSTS>NTE</REQSTS><SQRNBR>0000000000</SQRNBR><YURREF>20190216142050</YURREF></NTQPAYRQZ></CMBSDKPGK>
2019-02-16 15:04:23:请求：请求参数：<?xml version="1.0" encoding="gb2312"?>
<CMBSDKPGK xmlns:xsi="http://www.w3.org/2001/XMLSchema-instance" xmlns:xsd="http://www.w3.org/2001/XMLSchema">
  <INFO>
    <FUNNAM>DCPAYMNT</FUNNAM>
    <DATTYP>2</DATTYP>
    <LGNNAM>银企直连测试用户45</LGNNAM>
  </INFO>
  <SDKPAYRQX>
    <BUSCOD>N02031</BUSCOD>
  </SDKPAYRQX>
  <DCOPDPAYX>
    <YURREF>20190216152204</YURREF>
    <DBTACC>755915712110815</DBTACC>
    <DBTBBK>75</DBTBBK>
    <TRSAMT>593400.60</TRSAMT>
    <CCYNBR>10</CCYNBR>
    <STLCHN>N</STLCHN>
    <NUSAGE>采购一部周晓琴报销广州市百好博有限公司支付广州市百好博有限公司10月货款的费</NUSAGE>
    <CRTACC>3602028509200126651</CRTACC>
    <CRTNAM>广州市百好博有限公司</CRTNAM>
    <BNKFLG>Y</BNKFLG>
    <CRTBNK>工商银行花城支行</CRTBNK>
  </DCOPDPAYX>
</CMBSDKPGK>
返回参数：
<?xml version="1.0" encoding="GBK"?><CMBSDKPGK><INFO><DATTYP>2</DATTYP><ERRMSG>FBCN026: 字符串类型字段NUSAGE长度不合法</ERRMSG><FUNNAM>DCPAYMNT</FUNNAM><LGNNAM>银企直连测试用户45</LGNNAM><RETCOD>-3</RETCOD></INFO></CMBSDKPGK>
2019-02-16 15:04:40:请求：请求参数：<?xml version="1.0" encoding="gb2312"?>
<CMBSDKPGK xmlns:xsi="http://www.w3.org/2001/XMLSchema-instance" xmlns:xsd="http://www.w3.org/2001/XMLSchema">
  <INFO>
    <FUNNAM>DCPAYMNT</FUNNAM>
    <DATTYP>2</DATTYP>
    <LGNNAM>银企直连测试用户45</LGNNAM>
  </INFO>
  <SDKPAYRQX>
    <BUSCOD>N02031</BUSCOD>
  </SDKPAYRQX>
  <DCOPDPAYX>
    <YURREF>20190216154004</YURREF>
    <DBTACC>755915712110815</DBTACC>
    <DBTBBK>75</DBTBBK>
    <TRSAMT>593400.60</TRSAMT>
    <CCYNBR>10</CCYNBR>
    <STLCHN>N</STLCHN>
    <NUSAGE>采购一部周晓琴报销广州市百好博有限公司支付广州市百好博</NUSAGE>
    <CRTACC>3602028509200126651</CRTACC>
    <CRTNAM>广州市百好博有限公司</CRTNAM>
    <BNKFLG>Y</BNKFLG>
    <CRTBNK>工商银行花城支行</CRTBNK>
  </DCOPDPAYX>
</CMBSDKPGK>
返回参数：
<?xml version="1.0" encoding="GBK"?><CMBSDKPGK><INFO><DATTYP>2</DATTYP><ERRMSG></ERRMSG><FUNNAM>DCPAYMNT</FUNNAM><LGNNAM>银企直连测试用户45</LGNNAM><RETCOD>0</RETCOD></INFO><NTQPAYRQZ><ERRCOD>CSAB051</ERRCOD><ERRTXT>CSAB051 户口3602028509200126651不存在(F3RTV3T1RP)</ERRTXT><REQSTS>FIN</REQSTS><RTNFLG>F</RTNFLG><SQRNBR>0000000000</SQRNBR><YURREF>20190216154004</YURREF></NTQPAYRQZ></CMBSDKPGK>
2019-02-16 15:04:57:请求：请求参数：<?xml version="1.0" encoding="gb2312"?>
<CMBSDKPGK xmlns:xsi="http://www.w3.org/2001/XMLSchema-instance" xmlns:xsd="http://www.w3.org/2001/XMLSchema">
  <INFO>
    <FUNNAM>DCPAYMNT</FUNNAM>
    <DATTYP>2</DATTYP>
    <LGNNAM>银企直连测试用户45</LGNNAM>
  </INFO>
  <SDKPAYRQX>
    <BUSCOD>N02031</BUSCOD>
  </SDKPAYRQX>
  <DCOPDPAYX>
    <YURREF>20190216155704</YURREF>
    <DBTACC>755915712110815</DBTACC>
    <DBTBBK>75</DBTBBK>
    <TRSAMT>593400.60</TRSAMT>
    <CCYNBR>10</CCYNBR>
    <STLCHN>N</STLCHN>
    <NUSAGE>采购一部周晓琴报销广州市百好博有限公司支付广州市百好博</NUSAGE>
    <CRTACC>3602028509200126651</CRTACC>
    <CRTNAM>广州市百好博有限公司</CRTNAM>
    <BNKFLG>N</BNKFLG>
    <CRTBNK>工商银行花城支行</CRTBNK>
  </DCOPDPAYX>
</CMBSDKPGK>
返回参数：
<?xml version="1.0" encoding="GBK"?><CMBSDKPGK><INFO><DATTYP>2</DATTYP><ERRMSG></ERRMSG><FUNNAM>DCPAYMNT</FUNNAM><LGNNAM>银企直连测试用户45</LGNNAM><RETCOD>0</RETCOD></INFO><NTQPAYRQZ><ERRCOD>CSE0144</ERRCOD><ERRTXT>CSE0144 输入的开户地不能为空</ERRTXT><REQSTS>FIN</REQSTS><RTNFLG>F</RTNFLG><SQRNBR>0000000000</SQRNBR><YURREF>20190216155704</YURREF></NTQPAYRQZ></CMBSDKPGK>
2019-02-16 15:15:25:请求：请求参数：<?xml version="1.0" encoding="gb2312"?>
<CMBSDKPGK xmlns:xsi="http://www.w3.org/2001/XMLSchema-instance" xmlns:xsd="http://www.w3.org/2001/XMLSchema">
  <INFO>
    <FUNNAM>DCPAYMNT</FUNNAM>
    <DATTYP>2</DATTYP>
    <LGNNAM>银企直连测试用户45</LGNNAM>
  </INFO>
  <SDKPAYRQX>
    <BUSCOD>N02031</BUSCOD>
  </SDKPAYRQX>
  <DCOPDPAYX>
    <YURREF>20190216152415</YURREF>
    <DBTACC>755915712110815</DBTACC>
    <DBTBBK>75</DBTBBK>
    <TRSAMT>1</TRSAMT>
    <CCYNBR>10</CCYNBR>
    <STLCHN>N</STLCHN>
    <NUSAGE>采购一部周晓琴报销广州市百好博有限公司支付广州市百好博有限公</NUSAGE>
    <CRTACC>3602028509200126651</CRTACC>
    <CRTNAM>广州市百好博有限公司</CRTNAM>
    <BNKFLG>Y</BNKFLG>
    <CRTBNK>工商银行花城支行</CRTBNK>
    <CRTADR>工商银行花城支行</CRTADR>
  </DCOPDPAYX>
</CMBSDKPGK>
返回参数：
<?xml version="1.0" encoding="GBK"?><CMBSDKPGK><INFO><DATTYP>2</DATTYP><ERRMSG></ERRMSG><FUNNAM>DCPAYMNT</FUNNAM><LGNNAM>银企直连测试用户45</LGNNAM><RETCOD>0</RETCOD></INFO><NTQPAYRQZ><ERRCOD>CSAB051</ERRCOD><ERRTXT>CSAB051 户口3602028509200126651不存在(F3RTV3T1RP)</ERRTXT><REQSTS>FIN</REQSTS><RTNFLG>F</RTNFLG><SQRNBR>0000000000</SQRNBR><YURREF>20190216152415</YURREF></NTQPAYRQZ></CMBSDKPGK>
2019-02-16 15:15:36:请求：请求参数：<?xml version="1.0" encoding="gb2312"?>
<CMBSDKPGK xmlns:xsi="http://www.w3.org/2001/XMLSchema-instance" xmlns:xsd="http://www.w3.org/2001/XMLSchema">
  <INFO>
    <FUNNAM>DCPAYMNT</FUNNAM>
    <DATTYP>2</DATTYP>
    <LGNNAM>银企直连测试用户45</LGNNAM>
  </INFO>
  <SDKPAYRQX>
    <BUSCOD>N02031</BUSCOD>
  </SDKPAYRQX>
  <DCOPDPAYX>
    <YURREF>20190216153515</YURREF>
    <DBTACC>755915712110815</DBTACC>
    <DBTBBK>75</DBTBBK>
    <TRSAMT>1</TRSAMT>
    <CCYNBR>10</CCYNBR>
    <STLCHN>N</STLCHN>
    <NUSAGE>采购一部周晓琴报销广州市百好博有限公司支付广州市百好博有限公</NUSAGE>
    <CRTACC>3602028509200126651</CRTACC>
    <CRTNAM>广州市百好博有限公司</CRTNAM>
    <BNKFLG>N</BNKFLG>
    <CRTBNK>工商银行花城支行</CRTBNK>
    <CRTADR>工商银行花城支行</CRTADR>
  </DCOPDPAYX>
</CMBSDKPGK>
返回参数：
<?xml version="1.0" encoding="GBK"?><CMBSDKPGK><INFO><DATTYP>2</DATTYP><ERRMSG></ERRMSG><FUNNAM>DCPAYMNT</FUNNAM><LGNNAM>银企直连测试用户45</LGNNAM><RETCOD>0</RETCOD></INFO><NTQPAYRQZ><ERRCOD>SUC0000</ERRCOD><REQNBR>0030090730</REQNBR><REQSTS>NTE</REQSTS><SQRNBR>0000000000</SQRNBR><YURREF>20190216153515</YURREF></NTQPAYRQZ></CMBSDKPGK>
2019-02-16 15:21:36:请求：请求参数：<?xml version="1.0" encoding="gb2312"?>
<CMBSDKPGK xmlns:xsi="http://www.w3.org/2001/XMLSchema-instance" xmlns:xsd="http://www.w3.org/2001/XMLSchema">
  <INFO>
    <FUNNAM>DCPAYMNT</FUNNAM>
    <DATTYP>2</DATTYP>
    <LGNNAM>银企直连测试用户45</LGNNAM>
  </INFO>
  <SDKPAYRQX>
    <BUSCOD>N02031</BUSCOD>
  </SDKPAYRQX>
  <DCOPDPAYX>
    <YURREF>20190216152821</YURREF>
    <DBTACC>755915712110815</DBTACC>
    <DBTBBK>75</DBTBBK>
    <TRSAMT>1</TRSAMT>
    <CCYNBR>10</CCYNBR>
    <STLCHN>N</STLCHN>
    <NUSAGE>采购一部周晓琴报销广州市百好博有限公司支付广州市百好博有限公</NUSAGE>
    <CRTACC>3602028509200126651</CRTACC>
    <CRTNAM>广州市百好博有限公司</CRTNAM>
    <BNKFLG>N</BNKFLG>
    <CRTBNK>工商银行花城支行</CRTBNK>
    <CRTADR>工商银行花城支行</CRTADR>
  </DCOPDPAYX>
</CMBSDKPGK>
返回参数：
<?xml version="1.0" encoding="GBK"?><CMBSDKPGK><INFO><DATTYP>2</DATTYP><ERRMSG></ERRMSG><FUNNAM>DCPAYMNT</FUNNAM><LGNNAM>银企直连测试用户45</LGNNAM><RETCOD>0</RETCOD></INFO><NTQPAYRQZ><ERRCOD>SUC0000</ERRCOD><REQNBR>0030090731</REQNBR><REQSTS>NTE</REQSTS><SQRNBR>0000000000</SQRNBR><YURREF>20190216152821</YURREF></NTQPAYRQZ></CMBSDKPGK>
2019-02-16 17:18:26:请求：请求参数：<?xml version="1.0" encoding="gb2312"?>
<CMBSDKPGK xmlns:xsi="http://www.w3.org/2001/XMLSchema-instance" xmlns:xsd="http://www.w3.org/2001/XMLSchema">
  <INFO>
    <FUNNAM>NTQRYSTY</FUNNAM>
    <DATTYP>2</DATTYP>
    <LGNNAM>银企直连测试用户45</LGNNAM>
  </INFO>
  <NTQRYSTYX1>
    <BUSCOD>N02031</BUSCOD>
    <YURREF>20190216152821</YURREF>
  </NTQRYSTYX1>
</CMBSDKPGK>
返回参数：
<?xml version="1.0" encoding="GBK"?><CMBSDKPGK><INFO><DATTYP>2</DATTYP><ERRMSG>FBCN020: 报文中非空字段BGNDAT为空</ERRMSG><FUNNAM>NTQRYSTY</FUNNAM><LGNNAM>银企直连测试用户45</LGNNAM><RETCOD>-3</RETCOD></INFO></CMBSDKPGK>
2019-02-16 17:23:48:请求：请求参数：<?xml version="1.0" encoding="gb2312"?>
<CMBSDKPGK xmlns:xsi="http://www.w3.org/2001/XMLSchema-instance" xmlns:xsd="http://www.w3.org/2001/XMLSchema">
  <INFO>
    <FUNNAM>NTQRYSTY</FUNNAM>
    <DATTYP>2</DATTYP>
    <LGNNAM>银企直连测试用户45</LGNNAM>
  </INFO>
  <NTQRYSTYX1>
    <BUSCOD>N02031</BUSCOD>
    <YURREF>20190216152821</YURREF>
  </NTQRYSTYX1>
</CMBSDKPGK>
返回参数：
<?xml version="1.0" encoding="GBK"?><CMBSDKPGK><INFO><DATTYP>2</DATTYP><ERRMSG>FBCN020: 报文中非空字段BGNDAT为空</ERRMSG><FUNNAM>NTQRYSTY</FUNNAM><LGNNAM>银企直连测试用户45</LGNNAM><RETCOD>-3</RETCOD></INFO></CMBSDKPGK>
2019-02-16 17:30:51:请求：请求参数：<?xml version="1.0" encoding="gb2312"?>
<CMBSDKPGK xmlns:xsi="http://www.w3.org/2001/XMLSchema-instance" xmlns:xsd="http://www.w3.org/2001/XMLSchema">
  <INFO>
    <FUNNAM>NTQRYSTY</FUNNAM>
    <DATTYP>2</DATTYP>
    <LGNNAM>银企直连测试用户45</LGNNAM>
  </INFO>
  <NTQRYSTYX1>
    <BUSCOD>N02031</BUSCOD>
    <YURREF>20190216152821</YURREF>
    <BGNDAT>20190216</BGNDAT>
    <ENDDAT>20190216</ENDDAT>
  </NTQRYSTYX1>
</CMBSDKPGK>
返回参数：
<?xml version="1.0" encoding="GBK"?><CMBSDKPGK><INFO><DATTYP>2</DATTYP><ERRMSG></ERRMSG><FUNNAM>NTQRYSTY</FUNNAM><LGNNAM>银企直连测试用户45</LGNNAM><RETCOD>0</RETCOD></INFO></CMBSDKPGK>
2019-02-16 18:18:21:请求：请求参数：<?xml version="1.0" encoding="gb2312"?>
<CMBSDKPGK xmlns:xsi="http://www.w3.org/2001/XMLSchema-instance" xmlns:xsd="http://www.w3.org/2001/XMLSchema">
  <INFO>
    <FUNNAM>GetTransInfo</FUNNAM>
    <DATTYP>2</DATTYP>
    <LGNNAM>银企直连测试用户45</LGNNAM>
  </INFO>
  <SDKTSINFX>
    <BBKNBR>75</BBKNBR>
    <C_BBKNBR>广州</C_BBKNBR>
    <ACCNBR>755915712110815</ACCNBR>
    <BGNDAT>20190216</BGNDAT>
    <ENDDAT>20190216</ENDDAT>
    <LOWAMT>0</LOWAMT>
    <HGHAMT>0</HGHAMT>
  </SDKTSINFX>
</CMBSDKPGK>
返回参数：
<?xml version="1.0" encoding="GBK"?><CMBSDKPGK><INFO><DATTYP>2</DATTYP><ERRMSG></ERRMSG><FUNNAM>GetTransInfo</FUNNAM><LGNNAM>银企直连测试用户45</LGNNAM><RETCOD>0</RETCOD></INFO></CMBSDKPGK>
2019-02-16 18:18:30:请求：请求参数：<?xml version="1.0" encoding="gb2312"?>
<CMBSDKPGK xmlns:xsi="http://www.w3.org/2001/XMLSchema-instance" xmlns:xsd="http://www.w3.org/2001/XMLSchema">
  <INFO>
    <FUNNAM>GetTransInfo</FUNNAM>
    <DATTYP>2</DATTYP>
    <LGNNAM>银企直连测试用户45</LGNNAM>
  </INFO>
  <SDKTSINFX>
    <BBKNBR>75</BBKNBR>
    <C_BBKNBR>广州</C_BBKNBR>
    <ACCNBR>755915712110815</ACCNBR>
    <BGNDAT>20180218</BGNDAT>
    <ENDDAT>20180218</ENDDAT>
    <LOWAMT>0</LOWAMT>
    <HGHAMT>0</HGHAMT>
  </SDKTSINFX>
</CMBSDKPGK>
返回参数：
<?xml version="1.0" encoding="GBK"?><CMBSDKPGK><INFO><DATTYP>2</DATTYP><ERRMSG></ERRMSG><FUNNAM>GetTransInfo</FUNNAM><LGNNAM>银企直连测试用户45</LGNNAM><RETCOD>0</RETCOD></INFO><NTQTSINFZ><AMTCDR>C</AMTCDR><APDFLG>Y</APDFLG><ATHFLG>N</ATHFLG><BBKNBR>75</BBKNBR><BUSNAM>企业银行直接支付</BUSNAM><C_ATHFLG>无</C_ATHFLG><C_BBKNBR>深圳</C_BBKNBR><C_ETYDAT>2018年02月18日</C_ETYDAT><C_GSBBBK></C_GSBBBK><C_RPYBBK></C_RPYBBK><C_TRSAMT>1.00</C_TRSAMT><C_TRSAMTC>1.00</C_TRSAMTC><C_TRSBLV>1,001,213.78</C_TRSBLV><C_VLTDAT>2018年02月18日</C_VLTDAT><ETYDAT>20180218</ETYDAT><ETYTIM>155110</ETYTIM><GSBBBK></GSBBBK><NAREXT>18S2000021428</NAREXT><NARYUR>测试直接付款操作</NARYUR><REFNBR>G1179300006487C</REFNBR><REFSUB></REFSUB><REQNBR>0030087057</REQNBR><RPYACC>755915712110113</RPYACC><RPYADR>广东省深圳市</RPYADR><RPYBBK></RPYBBK><RPYBNK>招商银行深圳分行营业部</RPYBNK><RPYNAM>企业网银新20161395</RPYNAM><RSV30Z>**</RSV30Z><RSV31Z>10</RSV31Z><RSV50Z></RSV50Z><TRSAMT>1.00</TRSAMT><TRSAMTC>1.00</TRSAMTC><TRSANL>CPGATR</TRSANL><TRSBLV>1001213.78</TRSBLV><TRSCOD>CPUA</TRSCOD><VLTDAT>20180218</VLTDAT><YURREF>20190130144619</YURREF></NTQTSINFZ><NTQTSINFZ><AMTCDR>C</AMTCDR><APDFLG>Y</APDFLG><ATHFLG>N</ATHFLG><BBKNBR>75</BBKNBR><BUSNAM>企业银行直接支付</BUSNAM><C_ATHFLG>无</C_ATHFLG><C_BBKNBR>深圳</C_BBKNBR><C_ETYDAT>2018年02月18日</C_ETYDAT><C_GSBBBK></C_GSBBBK><C_RPYBBK></C_RPYBBK><C_TRSAMT>1.00</C_TRSAMT><C_TRSAMTC>1.00</C_TRSAMTC><C_TRSBLV>1,001,214.78</C_TRSBLV><C_VLTDAT>2018年02月18日</C_VLTDAT><ETYDAT>20180218</ETYDAT><ETYTIM>155110</ETYTIM><GSBBBK></GSBBBK><NAREXT>18S4000021063</NAREXT><NARYUR>测试直接付款操作</NARYUR><REFNBR>G1179300006489C</REFNBR><REFSUB></REFSUB><REQNBR>0030087079</REQNBR><RPYACC>755915712110113</RPYACC><RPYADR>广东省深圳市</RPYADR><RPYBBK></RPYBBK><RPYBNK>招商银行深圳分行营业部</RPYBNK><RPYNAM>企业网银新20161395</RPYNAM><RSV30Z>**</RSV30Z><RSV31Z>10</RSV31Z><RSV50Z></RSV50Z><TRSAMT>1.00</TRSAMT><TRSAMTC>1.00</TRSAMTC><TRSANL>CPGATR</TRSANL><TRSBLV>1001214.78</TRSBLV><TRSCOD>CPUA</TRSCOD><VLTDAT>20180218</VLTDAT><YURREF>20190130143545</YURREF></NTQTSINFZ></CMBSDKPGK>
2019-02-16 18:18:35:请求：请求参数：<?xml version="1.0" encoding="gb2312"?>
<CMBSDKPGK xmlns:xsi="http://www.w3.org/2001/XMLSchema-instance" xmlns:xsd="http://www.w3.org/2001/XMLSchema">
  <INFO>
    <FUNNAM>GetTransInfo</FUNNAM>
    <DATTYP>2</DATTYP>
    <LGNNAM>银企直连测试用户45</LGNNAM>
  </INFO>
  <SDKTSINFX>
    <BBKNBR>75</BBKNBR>
    <C_BBKNBR>广州</C_BBKNBR>
    <ACCNBR>755915712110815</ACCNBR>
    <BGNDAT>20180219</BGNDAT>
    <ENDDAT>20180219</ENDDAT>
    <LOWAMT>0</LOWAMT>
    <HGHAMT>0</HGHAMT>
  </SDKTSINFX>
</CMBSDKPGK>
返回参数：
<?xml version="1.0" encoding="GBK"?><CMBSDKPGK><INFO><DATTYP>2</DATTYP><ERRMSG></ERRMSG><FUNNAM>GetTransInfo</FUNNAM><LGNNAM>银企直连测试用户45</LGNNAM><RETCOD>0</RETCOD></INFO></CMBSDKPGK>
2019-02-16 18:18:56:请求：请求参数：<?xml version="1.0" encoding="gb2312"?>
<CMBSDKPGK xmlns:xsi="http://www.w3.org/2001/XMLSchema-instance" xmlns:xsd="http://www.w3.org/2001/XMLSchema">
  <INFO>
    <FUNNAM>GetTransInfo</FUNNAM>
    <DATTYP>2</DATTYP>
    <LGNNAM>银企直连测试用户45</LGNNAM>
  </INFO>
  <SDKTSINFX>
    <BBKNBR>75</BBKNBR>
    <C_BBKNBR>广州</C_BBKNBR>
    <ACCNBR>755915712110815</ACCNBR>
    <BGNDAT>20180218</BGNDAT>
    <ENDDAT>20180218</ENDDAT>
    <LOWAMT>0</LOWAMT>
    <HGHAMT>0</HGHAMT>
  </SDKTSINFX>
</CMBSDKPGK>
返回参数：
<?xml version="1.0" encoding="GBK"?><CMBSDKPGK><INFO><DATTYP>2</DATTYP><ERRMSG></ERRMSG><FUNNAM>GetTransInfo</FUNNAM><LGNNAM>银企直连测试用户45</LGNNAM><RETCOD>0</RETCOD></INFO><NTQTSINFZ><AMTCDR>C</AMTCDR><APDFLG>Y</APDFLG><ATHFLG>N</ATHFLG><BBKNBR>75</BBKNBR><BUSNAM>企业银行直接支付</BUSNAM><C_ATHFLG>无</C_ATHFLG><C_BBKNBR>深圳</C_BBKNBR><C_ETYDAT>2018年02月18日</C_ETYDAT><C_GSBBBK></C_GSBBBK><C_RPYBBK></C_RPYBBK><C_TRSAMT>1.00</C_TRSAMT><C_TRSAMTC>1.00</C_TRSAMTC><C_TRSBLV>1,001,213.78</C_TRSBLV><C_VLTDAT>2018年02月18日</C_VLTDAT><ETYDAT>20180218</ETYDAT><ETYTIM>155110</ETYTIM><GSBBBK></GSBBBK><NAREXT>18S2000021428</NAREXT><NARYUR>测试直接付款操作</NARYUR><REFNBR>G1179300006487C</REFNBR><REFSUB></REFSUB><REQNBR>0030087057</REQNBR><RPYACC>755915712110113</RPYACC><RPYADR>广东省深圳市</RPYADR><RPYBBK></RPYBBK><RPYBNK>招商银行深圳分行营业部</RPYBNK><RPYNAM>企业网银新20161395</RPYNAM><RSV30Z>**</RSV30Z><RSV31Z>10</RSV31Z><RSV50Z></RSV50Z><TRSAMT>1.00</TRSAMT><TRSAMTC>1.00</TRSAMTC><TRSANL>CPGATR</TRSANL><TRSBLV>1001213.78</TRSBLV><TRSCOD>CPUA</TRSCOD><VLTDAT>20180218</VLTDAT><YURREF>20190130144619</YURREF></NTQTSINFZ><NTQTSINFZ><AMTCDR>C</AMTCDR><APDFLG>Y</APDFLG><ATHFLG>N</ATHFLG><BBKNBR>75</BBKNBR><BUSNAM>企业银行直接支付</BUSNAM><C_ATHFLG>无</C_ATHFLG><C_BBKNBR>深圳</C_BBKNBR><C_ETYDAT>2018年02月18日</C_ETYDAT><C_GSBBBK></C_GSBBBK><C_RPYBBK></C_RPYBBK><C_TRSAMT>1.00</C_TRSAMT><C_TRSAMTC>1.00</C_TRSAMTC><C_TRSBLV>1,001,214.78</C_TRSBLV><C_VLTDAT>2018年02月18日</C_VLTDAT><ETYDAT>20180218</ETYDAT><ETYTIM>155110</ETYTIM><GSBBBK></GSBBBK><NAREXT>18S4000021063</NAREXT><NARYUR>测试直接付款操作</NARYUR><REFNBR>G1179300006489C</REFNBR><REFSUB></REFSUB><REQNBR>0030087079</REQNBR><RPYACC>755915712110113</RPYACC><RPYADR>广东省深圳市</RPYADR><RPYBBK></RPYBBK><RPYBNK>招商银行深圳分行营业部</RPYBNK><RPYNAM>企业网银新20161395</RPYNAM><RSV30Z>**</RSV30Z><RSV31Z>10</RSV31Z><RSV50Z></RSV50Z><TRSAMT>1.00</TRSAMT><TRSAMTC>1.00</TRSAMTC><TRSANL>CPGATR</TRSANL><TRSBLV>1001214.78</TRSBLV><TRSCOD>CPUA</TRSCOD><VLTDAT>20180218</VLTDAT><YURREF>20190130143545</YURREF></NTQTSINFZ></CMBSDKPGK>
2019-02-16 18:19:09:请求：请求参数：<?xml version="1.0" encoding="gb2312"?>
<CMBSDKPGK xmlns:xsi="http://www.w3.org/2001/XMLSchema-instance" xmlns:xsd="http://www.w3.org/2001/XMLSchema">
  <INFO>
    <FUNNAM>GetTransInfo</FUNNAM>
    <DATTYP>2</DATTYP>
    <LGNNAM>银企直连测试用户45</LGNNAM>
  </INFO>
  <SDKTSINFX>
    <BBKNBR>75</BBKNBR>
    <C_BBKNBR>广州</C_BBKNBR>
    <ACCNBR>755915712110815</ACCNBR>
    <BGNDAT>20180218</BGNDAT>
    <ENDDAT>20180218</ENDDAT>
    <LOWAMT>0</LOWAMT>
    <HGHAMT>0</HGHAMT>
  </SDKTSINFX>
</CMBSDKPGK>
返回参数：
<?xml version="1.0" encoding="GBK"?><CMBSDKPGK><INFO><DATTYP>2</DATTYP><ERRMSG></ERRMSG><FUNNAM>GetTransInfo</FUNNAM><LGNNAM>银企直连测试用户45</LGNNAM><RETCOD>0</RETCOD></INFO><NTQTSINFZ><AMTCDR>C</AMTCDR><APDFLG>Y</APDFLG><ATHFLG>N</ATHFLG><BBKNBR>75</BBKNBR><BUSNAM>企业银行直接支付</BUSNAM><C_ATHFLG>无</C_ATHFLG><C_BBKNBR>深圳</C_BBKNBR><C_ETYDAT>2018年02月18日</C_ETYDAT><C_GSBBBK></C_GSBBBK><C_RPYBBK></C_RPYBBK><C_TRSAMT>1.00</C_TRSAMT><C_TRSAMTC>1.00</C_TRSAMTC><C_TRSBLV>1,001,213.78</C_TRSBLV><C_VLTDAT>2018年02月18日</C_VLTDAT><ETYDAT>20180218</ETYDAT><ETYTIM>155110</ETYTIM><GSBBBK></GSBBBK><NAREXT>18S2000021428</NAREXT><NARYUR>测试直接付款操作</NARYUR><REFNBR>G1179300006487C</REFNBR><REFSUB></REFSUB><REQNBR>0030087057</REQNBR><RPYACC>755915712110113</RPYACC><RPYADR>广东省深圳市</RPYADR><RPYBBK></RPYBBK><RPYBNK>招商银行深圳分行营业部</RPYBNK><RPYNAM>企业网银新20161395</RPYNAM><RSV30Z>**</RSV30Z><RSV31Z>10</RSV31Z><RSV50Z></RSV50Z><TRSAMT>1.00</TRSAMT><TRSAMTC>1.00</TRSAMTC><TRSANL>CPGATR</TRSANL><TRSBLV>1001213.78</TRSBLV><TRSCOD>CPUA</TRSCOD><VLTDAT>20180218</VLTDAT><YURREF>20190130144619</YURREF></NTQTSINFZ><NTQTSINFZ><AMTCDR>C</AMTCDR><APDFLG>Y</APDFLG><ATHFLG>N</ATHFLG><BBKNBR>75</BBKNBR><BUSNAM>企业银行直接支付</BUSNAM><C_ATHFLG>无</C_ATHFLG><C_BBKNBR>深圳</C_BBKNBR><C_ETYDAT>2018年02月18日</C_ETYDAT><C_GSBBBK></C_GSBBBK><C_RPYBBK></C_RPYBBK><C_TRSAMT>1.00</C_TRSAMT><C_TRSAMTC>1.00</C_TRSAMTC><C_TRSBLV>1,001,214.78</C_TRSBLV><C_VLTDAT>2018年02月18日</C_VLTDAT><ETYDAT>20180218</ETYDAT><ETYTIM>155110</ETYTIM><GSBBBK></GSBBBK><NAREXT>18S4000021063</NAREXT><NARYUR>测试直接付款操作</NARYUR><REFNBR>G1179300006489C</REFNBR><REFSUB></REFSUB><REQNBR>0030087079</REQNBR><RPYACC>755915712110113</RPYACC><RPYADR>广东省深圳市</RPYADR><RPYBBK></RPYBBK><RPYBNK>招商银行深圳分行营业部</RPYBNK><RPYNAM>企业网银新20161395</RPYNAM><RSV30Z>**</RSV30Z><RSV31Z>10</RSV31Z><RSV50Z></RSV50Z><TRSAMT>1.00</TRSAMT><TRSAMTC>1.00</TRSAMTC><TRSANL>CPGATR</TRSANL><TRSBLV>1001214.78</TRSBLV><TRSCOD>CPUA</TRSCOD><VLTDAT>20180218</VLTDAT><YURREF>20190130143545</YURREF></NTQTSINFZ></CMBSDKPGK>
2019-02-16 18:19:14:请求：请求参数：<?xml version="1.0" encoding="gb2312"?>
<CMBSDKPGK xmlns:xsi="http://www.w3.org/2001/XMLSchema-instance" xmlns:xsd="http://www.w3.org/2001/XMLSchema">
  <INFO>
    <FUNNAM>GetTransInfo</FUNNAM>
    <DATTYP>2</DATTYP>
    <LGNNAM>银企直连测试用户45</LGNNAM>
  </INFO>
  <SDKTSINFX>
    <BBKNBR>75</BBKNBR>
    <C_BBKNBR>广州</C_BBKNBR>
    <ACCNBR>755915712110815</ACCNBR>
    <BGNDAT>20180217</BGNDAT>
    <ENDDAT>20180217</ENDDAT>
    <LOWAMT>0</LOWAMT>
    <HGHAMT>0</HGHAMT>
  </SDKTSINFX>
</CMBSDKPGK>
返回参数：
<?xml version="1.0" encoding="GBK"?><CMBSDKPGK><INFO><DATTYP>2</DATTYP><ERRMSG></ERRMSG><FUNNAM>GetTransInfo</FUNNAM><LGNNAM>银企直连测试用户45</LGNNAM><RETCOD>0</RETCOD></INFO></CMBSDKPGK>
2019-02-16 18:19:18:请求：请求参数：<?xml version="1.0" encoding="gb2312"?>
<CMBSDKPGK xmlns:xsi="http://www.w3.org/2001/XMLSchema-instance" xmlns:xsd="http://www.w3.org/2001/XMLSchema">
  <INFO>
    <FUNNAM>GetTransInfo</FUNNAM>
    <DATTYP>2</DATTYP>
    <LGNNAM>银企直连测试用户45</LGNNAM>
  </INFO>
  <SDKTSINFX>
    <BBKNBR>75</BBKNBR>
    <C_BBKNBR>广州</C_BBKNBR>
    <ACCNBR>755915712110815</ACCNBR>
    <BGNDAT>20180219</BGNDAT>
    <ENDDAT>20180219</ENDDAT>
    <LOWAMT>0</LOWAMT>
    <HGHAMT>0</HGHAMT>
  </SDKTSINFX>
</CMBSDKPGK>
返回参数：
<?xml version="1.0" encoding="GBK"?><CMBSDKPGK><INFO><DATTYP>2</DATTYP><ERRMSG></ERRMSG><FUNNAM>GetTransInfo</FUNNAM><LGNNAM>银企直连测试用户45</LGNNAM><RETCOD>0</RETCOD></INFO></CMBSDKPGK>
2019-02-16 18:19:21:请求：请求参数：<?xml version="1.0" encoding="gb2312"?>
<CMBSDKPGK xmlns:xsi="http://www.w3.org/2001/XMLSchema-instance" xmlns:xsd="http://www.w3.org/2001/XMLSchema">
  <INFO>
    <FUNNAM>GetTransInfo</FUNNAM>
    <DATTYP>2</DATTYP>
    <LGNNAM>银企直连测试用户45</LGNNAM>
  </INFO>
  <SDKTSINFX>
    <BBKNBR>75</BBKNBR>
    <C_BBKNBR>广州</C_BBKNBR>
    <ACCNBR>755915712110815</ACCNBR>
    <BGNDAT>20180220</BGNDAT>
    <ENDDAT>20180220</ENDDAT>
    <LOWAMT>0</LOWAMT>
    <HGHAMT>0</HGHAMT>
  </SDKTSINFX>
</CMBSDKPGK>
返回参数：
<?xml version="1.0" encoding="GBK"?><CMBSDKPGK><INFO><DATTYP>2</DATTYP><ERRMSG></ERRMSG><FUNNAM>GetTransInfo</FUNNAM><LGNNAM>银企直连测试用户45</LGNNAM><RETCOD>0</RETCOD></INFO></CMBSDKPGK>
2019-02-16 18:19:26:请求：请求参数：<?xml version="1.0" encoding="gb2312"?>
<CMBSDKPGK xmlns:xsi="http://www.w3.org/2001/XMLSchema-instance" xmlns:xsd="http://www.w3.org/2001/XMLSchema">
  <INFO>
    <FUNNAM>GetTransInfo</FUNNAM>
    <DATTYP>2</DATTYP>
    <LGNNAM>银企直连测试用户45</LGNNAM>
  </INFO>
  <SDKTSINFX>
    <BBKNBR>75</BBKNBR>
    <C_BBKNBR>广州</C_BBKNBR>
    <ACCNBR>755915712110815</ACCNBR>
    <BGNDAT>20180221</BGNDAT>
    <ENDDAT>20180221</ENDDAT>
    <LOWAMT>0</LOWAMT>
    <HGHAMT>0</HGHAMT>
  </SDKTSINFX>
</CMBSDKPGK>
返回参数：
<?xml version="1.0" encoding="GBK"?><CMBSDKPGK><INFO><DATTYP>2</DATTYP><ERRMSG></ERRMSG><FUNNAM>GetTransInfo</FUNNAM><LGNNAM>银企直连测试用户45</LGNNAM><RETCOD>0</RETCOD></INFO></CMBSDKPGK>
2019-02-16 18:20:08:请求：请求参数：<?xml version="1.0" encoding="gb2312"?>
<CMBSDKPGK xmlns:xsi="http://www.w3.org/2001/XMLSchema-instance" xmlns:xsd="http://www.w3.org/2001/XMLSchema">
  <INFO>
    <FUNNAM>GetTransInfo</FUNNAM>
    <DATTYP>2</DATTYP>
    <LGNNAM>银企直连测试用户45</LGNNAM>
  </INFO>
  <SDKTSINFX>
    <BBKNBR>75</BBKNBR>
    <C_BBKNBR>广州</C_BBKNBR>
    <ACCNBR>755915712110815</ACCNBR>
    <BGNDAT>20180218</BGNDAT>
    <ENDDAT>20180218</ENDDAT>
    <LOWAMT>0</LOWAMT>
    <HGHAMT>0</HGHAMT>
  </SDKTSINFX>
</CMBSDKPGK>
返回参数：
<?xml version="1.0" encoding="GBK"?><CMBSDKPGK><INFO><DATTYP>2</DATTYP><ERRMSG></ERRMSG><FUNNAM>GetTransInfo</FUNNAM><LGNNAM>银企直连测试用户45</LGNNAM><RETCOD>0</RETCOD></INFO><NTQTSINFZ><AMTCDR>C</AMTCDR><APDFLG>Y</APDFLG><ATHFLG>N</ATHFLG><BBKNBR>75</BBKNBR><BUSNAM>企业银行直接支付</BUSNAM><C_ATHFLG>无</C_ATHFLG><C_BBKNBR>深圳</C_BBKNBR><C_ETYDAT>2018年02月18日</C_ETYDAT><C_GSBBBK></C_GSBBBK><C_RPYBBK></C_RPYBBK><C_TRSAMT>1.00</C_TRSAMT><C_TRSAMTC>1.00</C_TRSAMTC><C_TRSBLV>1,001,213.78</C_TRSBLV><C_VLTDAT>2018年02月18日</C_VLTDAT><ETYDAT>20180218</ETYDAT><ETYTIM>155110</ETYTIM><GSBBBK></GSBBBK><NAREXT>18S2000021428</NAREXT><NARYUR>测试直接付款操作</NARYUR><REFNBR>G1179300006487C</REFNBR><REFSUB></REFSUB><REQNBR>0030087057</REQNBR><RPYACC>755915712110113</RPYACC><RPYADR>广东省深圳市</RPYADR><RPYBBK></RPYBBK><RPYBNK>招商银行深圳分行营业部</RPYBNK><RPYNAM>企业网银新20161395</RPYNAM><RSV30Z>**</RSV30Z><RSV31Z>10</RSV31Z><RSV50Z></RSV50Z><TRSAMT>1.00</TRSAMT><TRSAMTC>1.00</TRSAMTC><TRSANL>CPGATR</TRSANL><TRSBLV>1001213.78</TRSBLV><TRSCOD>CPUA</TRSCOD><VLTDAT>20180218</VLTDAT><YURREF>20190130144619</YURREF></NTQTSINFZ><NTQTSINFZ><AMTCDR>C</AMTCDR><APDFLG>Y</APDFLG><ATHFLG>N</ATHFLG><BBKNBR>75</BBKNBR><BUSNAM>企业银行直接支付</BUSNAM><C_ATHFLG>无</C_ATHFLG><C_BBKNBR>深圳</C_BBKNBR><C_ETYDAT>2018年02月18日</C_ETYDAT><C_GSBBBK></C_GSBBBK><C_RPYBBK></C_RPYBBK><C_TRSAMT>1.00</C_TRSAMT><C_TRSAMTC>1.00</C_TRSAMTC><C_TRSBLV>1,001,214.78</C_TRSBLV><C_VLTDAT>2018年02月18日</C_VLTDAT><ETYDAT>20180218</ETYDAT><ETYTIM>155110</ETYTIM><GSBBBK></GSBBBK><NAREXT>18S4000021063</NAREXT><NARYUR>测试直接付款操作</NARYUR><REFNBR>G1179300006489C</REFNBR><REFSUB></REFSUB><REQNBR>0030087079</REQNBR><RPYACC>755915712110113</RPYACC><RPYADR>广东省深圳市</RPYADR><RPYBBK></RPYBBK><RPYBNK>招商银行深圳分行营业部</RPYBNK><RPYNAM>企业网银新20161395</RPYNAM><RSV30Z>**</RSV30Z><RSV31Z>10</RSV31Z><RSV50Z></RSV50Z><TRSAMT>1.00</TRSAMT><TRSAMTC>1.00</TRSAMTC><TRSANL>CPGATR</TRSANL><TRSBLV>1001214.78</TRSBLV><TRSCOD>CPUA</TRSCOD><VLTDAT>20180218</VLTDAT><YURREF>20190130143545</YURREF></NTQTSINFZ></CMBSDKPGK>
