2019-02-27 13:52:37:请求：请求参数：<?xml version="1.0" encoding="gb2312"?>
<CMBSDKPGK xmlns:xsi="http://www.w3.org/2001/XMLSchema-instance" xmlns:xsd="http://www.w3.org/2001/XMLSchema">
  <INFO>
    <FUNNAM>NTQRYSTY</FUNNAM>
    <DATTYP>2</DATTYP>
    <LGNNAM>wsxs1977</LGNNAM>
  </INFO>
  <NTQRYSTYX1>
    <BUSCOD>N02031</BUSCOD>
    <YURREF>20190225103553</YURREF>
    <BGNDAT>20190225</BGNDAT>
    <ENDDAT>20190225</ENDDAT>
  </NTQRYSTYX1>
</CMBSDKPGK>
返回参数：

2019-02-27 17:31:56:请求：请求参数：<?xml version="1.0" encoding="gb2312"?>
<CMBSDKPGK xmlns:xsi="http://www.w3.org/2001/XMLSchema-instance" xmlns:xsd="http://www.w3.org/2001/XMLSchema">
  <INFO>
    <FUNNAM>GetTransInfo</FUNNAM>
    <DATTYP>2</DATTYP>
    <LGNNAM>yueji1</LGNNAM>
  </INFO>
  <SDKTSINFX>
    <BBKNBR>20</BBKNBR>
    <C_BBKNBR>南宁</C_BBKNBR>
    <ACCNBR>120907722510701</ACCNBR>
    <BGNDAT>20190226</BGNDAT>
    <ENDDAT>20190226</ENDDAT>
    <LOWAMT>0</LOWAMT>
    <HGHAMT>0</HGHAMT>
  </SDKTSINFX>
</CMBSDKPGK>
返回参数：
<?xml version="1.0" encoding="GBK"?><CMBSDKPGK><INFO><DATTYP>2</DATTYP><ERRMSG>NCB2201: -用户N028570919无此权限</ERRMSG><FUNNAM>GetTransInfo</FUNNAM><LGNNAM>yueji1</LGNNAM><RETCOD>-9</RETCOD></INFO></CMBSDKPGK>
2019-02-27 17:34:27:请求：请求参数：<?xml version="1.0" encoding="gb2312"?>
<CMBSDKPGK xmlns:xsi="http://www.w3.org/2001/XMLSchema-instance" xmlns:xsd="http://www.w3.org/2001/XMLSchema">
  <INFO>
    <FUNNAM>GetTransInfo</FUNNAM>
    <DATTYP>2</DATTYP>
    <LGNNAM>yueji1</LGNNAM>
  </INFO>
  <SDKTSINFX>
    <C_BBKNBR>南宁</C_BBKNBR>
    <ACCNBR>771901436010201</ACCNBR>
    <BGNDAT>20190226</BGNDAT>
    <ENDDAT>20190226</ENDDAT>
    <LOWAMT>0</LOWAMT>
    <HGHAMT>0</HGHAMT>
  </SDKTSINFX>
</CMBSDKPGK>
返回参数：
<?xml version="1.0" encoding="GBK"?><CMBSDKPGK><INFO><DATTYP>2</DATTYP><ERRMSG></ERRMSG><FUNNAM>GetTransInfo</FUNNAM><LGNNAM>yueji1</LGNNAM><RETCOD>0</RETCOD></INFO><NTQTSINFZ><AMTCDR>C</AMTCDR><APDFLG>Y</APDFLG><ATHFLG></ATHFLG><BBKNBR>71</BBKNBR><CHKNBR></CHKNBR><C_ATHFLG>无</C_ATHFLG><C_BBKNBR>南宁</C_BBKNBR><C_ETYDAT>2019年02月26日</C_ETYDAT><C_GSBBBK></C_GSBBBK><C_RPYBBK></C_RPYBBK><C_TRSAMT>389.41</C_TRSAMT><C_TRSAMTC>389.41</C_TRSAMTC><C_TRSBLV>150,871.65</C_TRSBLV><C_VLTDAT>2019年02月26日</C_VLTDAT><ETYDAT>20190226</ETYDAT><ETYTIM>090519</ETYTIM><GSBBBK></GSBBBK><NAREXT>ANA100X05DC0040O7PJ9</NAREXT><NARYUR>南宁百盛店南宁百盛店</NARYUR><REFNBR>K2151100060475C</REFNBR><REFSUB></REFSUB><RPYACC>210401324</RPYACC><RPYBBK></RPYBBK><RPYNAM>拉卡拉支付股份有限公司</RPYNAM><RSV30Z>**</RSV30Z><RSV31Z>10</RSV31Z><RSV50Z></RSV50Z><TRSAMT>389.41</TRSAMT><TRSAMTC>389.41</TRSAMTC><TRSANL>N6GATR</TRSANL><TRSBLV>150871.65</TRSBLV><TRSCOD>N6TP</TRSCOD><VLTDAT>20190226</VLTDAT><YURREF></YURREF></NTQTSINFZ></CMBSDKPGK>
2019-02-27 17:34:38:请求：请求参数：<?xml version="1.0" encoding="gb2312"?>
<CMBSDKPGK xmlns:xsi="http://www.w3.org/2001/XMLSchema-instance" xmlns:xsd="http://www.w3.org/2001/XMLSchema">
  <INFO>
    <FUNNAM>GetTransInfo</FUNNAM>
    <DATTYP>2</DATTYP>
    <LGNNAM>yueji1</LGNNAM>
  </INFO>
  <SDKTSINFX>
    <C_BBKNBR>南宁</C_BBKNBR>
    <ACCNBR>771901436010201</ACCNBR>
    <BGNDAT>20190227</BGNDAT>
    <ENDDAT>20190227</ENDDAT>
    <LOWAMT>0</LOWAMT>
    <HGHAMT>0</HGHAMT>
  </SDKTSINFX>
</CMBSDKPGK>
返回参数：
<?xml version="1.0" encoding="GBK"?><CMBSDKPGK><INFO><DATTYP>2</DATTYP><ERRMSG></ERRMSG><FUNNAM>GetTransInfo</FUNNAM><LGNNAM>yueji1</LGNNAM><RETCOD>0</RETCOD></INFO><NTQTSINFZ><AMTCDR>C</AMTCDR><APDFLG>Y</APDFLG><ATHFLG></ATHFLG><BBKNBR>71</BBKNBR><CHKNBR></CHKNBR><C_ATHFLG>无</C_ATHFLG><C_BBKNBR>南宁</C_BBKNBR><C_ETYDAT>2019年02月27日</C_ETYDAT><C_GSBBBK></C_GSBBBK><C_RPYBBK></C_RPYBBK><C_TRSAMT>477.48</C_TRSAMT><C_TRSAMTC>477.48</C_TRSAMTC><C_TRSBLV>151,349.13</C_TRSBLV><C_VLTDAT>2019年02月27日</C_VLTDAT><ETYDAT>20190227</ETYDAT><ETYTIM>084035</ETYTIM><GSBBBK></GSBBBK><NAREXT>ANA100Z05EC0020084AL</NAREXT><NARYUR>南宁百盛店南宁百盛店</NARYUR><REFNBR>K1180900178125C</REFNBR><REFSUB></REFSUB><RPYACC>210401324</RPYACC><RPYBBK></RPYBBK><RPYNAM>拉卡拉支付股份有限公司</RPYNAM><RSV30Z>**</RSV30Z><RSV31Z>10</RSV31Z><RSV50Z></RSV50Z><TRSAMT>477.48</TRSAMT><TRSAMTC>477.48</TRSAMTC><TRSANL>N6GATR</TRSANL><TRSBLV>151349.13</TRSBLV><TRSCOD>N6TP</TRSCOD><VLTDAT>20190227</VLTDAT><YURREF></YURREF></NTQTSINFZ></CMBSDKPGK>
2019-02-27 17:34:49:请求：请求参数：<?xml version="1.0" encoding="gb2312"?>
<CMBSDKPGK xmlns:xsi="http://www.w3.org/2001/XMLSchema-instance" xmlns:xsd="http://www.w3.org/2001/XMLSchema">
  <INFO>
    <FUNNAM>GetTransInfo</FUNNAM>
    <DATTYP>2</DATTYP>
    <LGNNAM>yueji1</LGNNAM>
  </INFO>
  <SDKTSINFX>
    <C_BBKNBR>南京</C_BBKNBR>
    <ACCNBR>125909221810301</ACCNBR>
    <BGNDAT>20190226</BGNDAT>
    <ENDDAT>20190226</ENDDAT>
    <LOWAMT>0</LOWAMT>
    <HGHAMT>0</HGHAMT>
  </SDKTSINFX>
</CMBSDKPGK>
返回参数：
<?xml version="1.0" encoding="GBK"?><CMBSDKPGK><INFO><DATTYP>2</DATTYP><ERRMSG></ERRMSG><FUNNAM>GetTransInfo</FUNNAM><LGNNAM>yueji1</LGNNAM><RETCOD>0</RETCOD></INFO><NTQTSINFZ><AMTCDR>C</AMTCDR><APDFLG>Y</APDFLG><ATHFLG></ATHFLG><BBKNBR>25</BBKNBR><CHKNBR></CHKNBR><C_ATHFLG>无</C_ATHFLG><C_BBKNBR>南京</C_BBKNBR><C_ETYDAT>2019年02月26日</C_ETYDAT><C_GSBBBK></C_GSBBBK><C_RPYBBK></C_RPYBBK><C_TRSAMT>396.49</C_TRSAMT><C_TRSAMTC>396.49</C_TRSAMTC><C_TRSBLV>80,323.68</C_TRSBLV><C_VLTDAT>2019年02月26日</C_VLTDAT><ETYDAT>20190226</ETYDAT><ETYTIM>090355</ETYTIM><GSBBBK></GSBBBK><NAREXT>ANA101005DC0020OC6DV</NAREXT><NARYUR>南京金鹰江宁店南京金鹰江宁店</NARYUR><REFNBR>K1307800028420C</REFNBR><REFSUB></REFSUB><RPYACC>210401324</RPYACC><RPYBBK></RPYBBK><RPYNAM>拉卡拉支付股份有限公司</RPYNAM><RSV30Z>**</RSV30Z><RSV31Z>10</RSV31Z><RSV50Z></RSV50Z><TRSAMT>396.49</TRSAMT><TRSAMTC>396.49</TRSAMTC><TRSANL>N6GATR</TRSANL><TRSBLV>80323.68</TRSBLV><TRSCOD>N6TP</TRSCOD><VLTDAT>20190226</VLTDAT><YURREF></YURREF></NTQTSINFZ></CMBSDKPGK>
2019-02-27 17:34:59:请求：请求参数：<?xml version="1.0" encoding="gb2312"?>
<CMBSDKPGK xmlns:xsi="http://www.w3.org/2001/XMLSchema-instance" xmlns:xsd="http://www.w3.org/2001/XMLSchema">
  <INFO>
    <FUNNAM>GetTransInfo</FUNNAM>
    <DATTYP>2</DATTYP>
    <LGNNAM>yueji1</LGNNAM>
  </INFO>
  <SDKTSINFX>
    <C_BBKNBR>成都</C_BBKNBR>
    <ACCNBR>128909084710301</ACCNBR>
    <BGNDAT>20190226</BGNDAT>
    <ENDDAT>20190226</ENDDAT>
    <LOWAMT>0</LOWAMT>
    <HGHAMT>0</HGHAMT>
  </SDKTSINFX>
</CMBSDKPGK>
返回参数：
<?xml version="1.0" encoding="GBK"?><CMBSDKPGK><INFO><DATTYP>2</DATTYP><ERRMSG></ERRMSG><FUNNAM>GetTransInfo</FUNNAM><LGNNAM>yueji1</LGNNAM><RETCOD>0</RETCOD></INFO><NTQTSINFZ><AMTCDR>C</AMTCDR><APDFLG>Y</APDFLG><ATHFLG></ATHFLG><BBKNBR>28</BBKNBR><CHKNBR></CHKNBR><C_ATHFLG>无</C_ATHFLG><C_BBKNBR>成都</C_BBKNBR><C_ETYDAT>2019年02月26日</C_ETYDAT><C_GSBBBK></C_GSBBBK><C_RPYBBK></C_RPYBBK><C_TRSAMT>685.37</C_TRSAMT><C_TRSAMTC>685.37</C_TRSAMTC><C_TRSBLV>52,952.99</C_TRSBLV><C_VLTDAT>2019年02月26日</C_VLTDAT><ETYDAT>20190226</ETYDAT><ETYTIM>082819</ETYTIM><GSBBBK></GSBBBK><NAREXT>ANA100X05DC0020O9HI4</NAREXT><NARYUR>成都财富又一城广场店成都财富又一城广场</NARYUR><REFNBR>K2151100060399C</REFNBR><REFSUB></REFSUB><RPYACC>210401324</RPYACC><RPYBBK></RPYBBK><RPYNAM>拉卡拉支付股份有限公司</RPYNAM><RSV30Z>**</RSV30Z><RSV31Z>10</RSV31Z><RSV50Z></RSV50Z><TRSAMT>685.37</TRSAMT><TRSAMTC>685.37</TRSAMTC><TRSANL>N6GATR</TRSANL><TRSBLV>52952.99</TRSBLV><TRSCOD>N6TP</TRSCOD><VLTDAT>20190226</VLTDAT><YURREF></YURREF></NTQTSINFZ></CMBSDKPGK>
