2019-03-14 10:46:41:请求：请求参数：<?xml version="1.0" encoding="gb2312"?>
<CMBSDKPGK xmlns:xsi="http://www.w3.org/2001/XMLSchema-instance" xmlns:xsd="http://www.w3.org/2001/XMLSchema">
  <INFO>
    <FUNNAM>NTQRYSTY</FUNNAM>
    <DATTYP>2</DATTYP>
    <LGNNAM>yueji1</LGNNAM>
  </INFO>
  <NTQRYSTYX1>
    <BUSCOD>N02031</BUSCOD>
    <YURREF>20190227102107</YURREF>
    <BGNDAT>20190227</BGNDAT>
    <ENDDAT>20190227</ENDDAT>
  </NTQRYSTYX1>
</CMBSDKPGK>
返回参数：

2019-03-14 11:46:57:请求：请求参数：<?xml version="1.0" encoding="gb2312"?>
<CMBSDKPGK xmlns:xsi="http://www.w3.org/2001/XMLSchema-instance" xmlns:xsd="http://www.w3.org/2001/XMLSchema">
  <INFO>
    <FUNNAM>NTECKUSR</FUNNAM>
    <DATTYP>2</DATTYP>
    <LGNNAM>yueji1</LGNNAM>
  </INFO>
</CMBSDKPGK>
返回参数：

2019-03-14 12:10:10:请求：请求参数：<?xml version="1.0" encoding="gb2312"?>
<CMBSDKPGK xmlns:xsi="http://www.w3.org/2001/XMLSchema-instance" xmlns:xsd="http://www.w3.org/2001/XMLSchema">
  <INFO>
    <FUNNAM>NTECKOPR</FUNNAM>
    <DATTYP>2</DATTYP>
    <LGNNAM>yueji1</LGNNAM>
  </INFO>
  <NTOPRMODX>
    <BUSMOD>00003</BUSMOD>
  </NTOPRMODX>
  <NTECKOPRX>
    <YURREF>20190314110435</YURREF>
    <BBKNBR>71</BBKNBR>
    <EACNBR>771901436010201</EACNBR>
    <CCYNBR>10</CCYNBR>
    <MAXAMT>1068.90</MAXAMT>
    <EFTDAT>20190314</EFTDAT>
    <EXPDAT>20190318</EXPDAT>
    <ADDDAT>20190314</ADDDAT>
    <AUTUSR>N009373327</AUTUSR>
    <ECKNBR>0314110435</ECKNBR>
  </NTECKOPRX>
  <NTECKRCVX>
    <SQRNBR>0314110435</SQRNBR>
    <RCVACC>6228481538813080379</RCVACC>
    <RCVNAM>莫林梅</RCVNAM>
    <SYSFLG>N</SYSFLG>
    <PAYCHN>CPS</PAYCHN>
    <RCVBBK>农业银行梧州支行</RCVBBK>
    <BNKADR>广西梧州</BNKADR>
    <STLCHN>N</STLCHN>
    <NUSAGE>直营部（南区）报销2月电信服务费的费</NUSAGE>
    <BUSNAR>直营部（南区）报销2月电信服务费的费</BUSNAR>
  </NTECKRCVX>
</CMBSDKPGK>
返回参数：

2019-03-14 12:10:25:请求：请求参数：<?xml version="1.0" encoding="gb2312"?>
<CMBSDKPGK xmlns:xsi="http://www.w3.org/2001/XMLSchema-instance" xmlns:xsd="http://www.w3.org/2001/XMLSchema">
  <INFO>
    <FUNNAM>NTECKOPR</FUNNAM>
    <DATTYP>2</DATTYP>
    <LGNNAM>yueji1</LGNNAM>
  </INFO>
  <NTOPRMODX>
    <BUSMOD>00003</BUSMOD>
  </NTOPRMODX>
  <NTECKOPRX>
    <YURREF>20190314110435</YURREF>
    <BBKNBR>71</BBKNBR>
    <EACNBR>771901436010201</EACNBR>
    <CCYNBR>10</CCYNBR>
    <MAXAMT>1068.90</MAXAMT>
    <EFTDAT>20190314</EFTDAT>
    <EXPDAT>20190318</EXPDAT>
    <ADDDAT>20190314</ADDDAT>
    <AUTUSR>N009373327</AUTUSR>
    <ECKNBR>0314110435</ECKNBR>
  </NTECKOPRX>
  <NTECKRCVX>
    <SQRNBR>0314110435</SQRNBR>
    <RCVACC>6228481538813080379</RCVACC>
    <RCVNAM>莫林梅</RCVNAM>
    <SYSFLG>N</SYSFLG>
    <PAYCHN>CPS</PAYCHN>
    <RCVBBK>农业银行梧州支行</RCVBBK>
    <BNKADR>广西梧州</BNKADR>
    <STLCHN>N</STLCHN>
    <NUSAGE>直营部（南区）报销2月电信服务费的费</NUSAGE>
    <BUSNAR>直营部（南区）报销2月电信服务费的费</BUSNAR>
  </NTECKRCVX>
</CMBSDKPGK>
返回参数：

2019-03-14 17:41:56:请求：请求参数：<?xml version="1.0" encoding="gb2312"?>
<CMBSDKPGK xmlns:xsi="http://www.w3.org/2001/XMLSchema-instance" xmlns:xsd="http://www.w3.org/2001/XMLSchema">
  <INFO>
    <FUNNAM>GetTransInfo</FUNNAM>
    <DATTYP>2</DATTYP>
    <LGNNAM>yueji1</LGNNAM>
  </INFO>
  <SDKTSINFX>
    <C_BBKNBR>广州</C_BBKNBR>
    <ACCNBR>120910321110801</ACCNBR>
    <BGNDAT>20190314</BGNDAT>
    <ENDDAT>20190314</ENDDAT>
    <LOWAMT>0</LOWAMT>
    <HGHAMT>0</HGHAMT>
  </SDKTSINFX>
</CMBSDKPGK>
返回参数：
<?xml version="1.0" encoding="GBK"?><CMBSDKPGK><INFO><DATTYP>2</DATTYP><ERRMSG></ERRMSG><FUNNAM>GetTransInfo</FUNNAM><LGNNAM>yueji1</LGNNAM><RETCOD>0</RETCOD></INFO><NTQTSINFZ><AMTCDR>C</AMTCDR><APDFLG>Y</APDFLG><ATHFLG></ATHFLG><BBKNBR>20</BBKNBR><CHKNBR></CHKNBR><C_ATHFLG>无</C_ATHFLG><C_BBKNBR>广州</C_BBKNBR><C_ETYDAT>2019年03月14日</C_ETYDAT><C_GSBBBK></C_GSBBBK><C_RPYBBK></C_RPYBBK><C_TRSAMT>671.20</C_TRSAMT><C_TRSAMTC>671.20</C_TRSAMTC><C_TRSBLV>3,808,451.85</C_TRSBLV><C_VLTDAT>2019年03月14日</C_VLTDAT><ETYDAT>20190314</ETYDAT><ETYTIM>105825</ETYTIM><GSBBBK></GSBBBK><NAREXT>00480043993</NAREXT><NARYUR>莆田膜法世家</NARYUR><REFNBR>KK567900020727C</REFNBR><REFSUB></REFSUB><RPYACC>6216606400001942347</RPYACC><RPYBBK></RPYBBK><RPYBNK>中国银行莆田城南支行</RPYBNK><RPYNAM>周丽丽</RPYNAM><RSV30Z>**</RSV30Z><RSV31Z>10</RSV31Z><RSV50Z></RSV50Z><TRSAMT>671.20</TRSAMT><TRSAMTC>671.20</TRSAMTC><TRSANL>NPGATR</TRSANL><TRSBLV>3808451.85</TRSBLV><TRSCOD>NPT2</TRSCOD><VLTDAT>20190314</VLTDAT><YURREF></YURREF></NTQTSINFZ><NTQTSINFZ><AMTCDR>C</AMTCDR><APDFLG>Y</APDFLG><ATHFLG></ATHFLG><BBKNBR>20</BBKNBR><CHKNBR></CHKNBR><C_ATHFLG>无</C_ATHFLG><C_BBKNBR>广州</C_BBKNBR><C_ETYDAT>2019年03月14日</C_ETYDAT><C_GSBBBK></C_GSBBBK><C_RPYBBK></C_RPYBBK><C_TRSAMT>23,376.00</C_TRSAMT><C_TRSAMTC>23,376.00</C_TRSAMTC><C_TRSBLV>3,831,827.85</C_TRSBLV><C_VLTDAT>2019年03月14日</C_VLTDAT><ETYDAT>20190314</ETYDAT><ETYTIM>105849</ETYTIM><GSBBBK></GSBBBK><NAREXT>19R7001695820</NAREXT><NARYUR>内蒙古博元商贸有限责任公司转给膜法世家的</NARYUR><REFNBR>G9165900070422C</REFNBR><REFSUB></REFSUB><RPYACC>14650000000411795</RPYACC><RPYBBK></RPYBBK><RPYBNK>华夏银行股份有限公司包头分行</RPYBNK><RPYNAM>内蒙古博元商贸有限责任公司</RPYNAM><RSV30Z>**</RSV30Z><RSV31Z>10</RSV31Z><RSV50Z></RSV50Z><TRSAMT>23376.00</TRSAMT><TRSAMTC>23376.00</TRSAMTC><TRSANL>CPGATR</TRSANL><TRSBLV>3831827.85</TRSBLV><TRSCOD>CPUA</TRSCOD><VLTDAT>20190314</VLTDAT><YURREF></YURREF></NTQTSINFZ><NTQTSINFZ><AMTCDR>D</AMTCDR><APDFLG>Y</APDFLG><ATHFLG>N</ATHFLG><BBKNBR>20</BBKNBR><BUSNAM>企业银行直接支付</BUSNAM><C_ATHFLG>无</C_ATHFLG><C_BBKNBR>广州</C_BBKNBR><C_ETYDAT>2019年03月14日</C_ETYDAT><C_GSBBBK></C_GSBBBK><C_RPYBBK></C_RPYBBK><C_TRSAMT>104.00</C_TRSAMT><C_TRSAMTD>104.00</C_TRSAMTD><C_TRSBLV>3,831,723.85</C_TRSBLV><C_VLTDAT>2019年03月14日</C_VLTDAT><ETYDAT>20190314</ETYDAT><ETYTIM>112539</ETYTIM><GSBBBK></GSBBBK><INFFLG>1</INFFLG><NAREXT>19S6003151919</NAREXT><NARYUR>QS品牌运营部报销报销QS品牌运营部下店</NARYUR><REFNBR>G5183000160449C</REFNBR><REFSUB></REFSUB><REQNBR>1595872879</REQNBR><RPYACC>6214832027772065</RPYACC><RPYADR>招商银行广州分行机场路支行</RPYADR><RPYBBK></RPYBBK><RPYBNK>招商银行广州分行机场路支行</RPYBNK><RPYNAM>丘玲</RPYNAM><RSV30Z>**</RSV30Z><RSV31Z>10</RSV31Z><RSV50Z></RSV50Z><TRSAMT>-104.00</TRSAMT><TRSAMTD>104.00</TRSAMTD><TRSANL>CPGATR</TRSANL><TRSBLV>3831723.85</TRSBLV><TRSCOD>CPAA</TRSCOD><VLTDAT>20190314</VLTDAT><YURREF>20190314112428</YURREF></NTQTSINFZ><NTQTSINFZ><AMTCDR>C</AMTCDR><APDFLG>Y</APDFLG><ATHFLG></ATHFLG><BBKNBR>20</BBKNBR><CHKNBR></CHKNBR><C_ATHFLG>无</C_ATHFLG><C_BBKNBR>广州</C_BBKNBR><C_ETYDAT>2019年03月14日</C_ETYDAT><C_GSBBBK></C_GSBBBK><C_RPYBBK></C_RPYBBK><C_TRSAMT>100,005.00</C_TRSAMT><C_TRSAMTC>100,005.00</C_TRSAMTC><C_TRSBLV>3,931,728.85</C_TRSBLV><C_VLTDAT>2019年03月14日</C_VLTDAT><ETYDAT>20190314</ETYDAT><ETYTIM>135050</ETYTIM><GSBBBK></GSBBBK><NAREXT>19R5001722603</NAREXT><REFNBR>G9165600273584C</REFNBR><REFSUB></REFSUB><RPYACC>6228481628679908878</RPYACC><RPYBBK></RPYBBK><RPYBNK>中国农业银行股份有限公司黄冈东门分理处</RPYBNK><RPYNAM>吴梦军</RPYNAM><RSV30Z>**</RSV30Z><RSV31Z>10</RSV31Z><RSV50Z></RSV50Z><TRSAMT>100005.00</TRSAMT><TRSAMTC>100005.00</TRSAMTC><TRSANL>CPGATR</TRSANL><TRSBLV>3931728.85</TRSBLV><TRSCOD>CPUA</TRSCOD><VLTDAT>20190314</VLTDAT><YURREF></YURREF></NTQTSINFZ><NTQTSINFZ><AMTCDR>D</AMTCDR><APDFLG>Y</APDFLG><ATHFLG>N</ATHFLG><BBKNBR>20</BBKNBR><BUSNAM>企业银行移动支票</BUSNAM><C_ATHFLG>无</C_ATHFLG><C_BBKNBR>广州</C_BBKNBR><C_ETYDAT>2019年03月14日</C_ETYDAT><C_GSBBBK></C_GSBBBK><C_RPYBBK></C_RPYBBK><C_TRSAMT>35,943.20</C_TRSAMT><C_TRSAMTD>35,943.20</C_TRSAMTD><C_TRSBLV>3,895,785.65</C_TRSBLV><C_VLTDAT>2019年03月14日</C_VLTDAT><ETYDAT>20190314</ETYDAT><ETYTIM>152828</ETYTIM><GSBBBK></GSBBBK><INFFLG>1</INFFLG><NAREXT>19S0003184610</NAREXT><NARYUR>货款</NARYUR><REFNBR>G5174600193102C</REFNBR><REFSUB></REFSUB><REQNBR>1596248354</REQNBR><RPYACC>709459822001</RPYACC><RPYADR>广东省广州市</RPYADR><RPYBBK></RPYBBK><RPYBNK>中国银行股份有限公司广州花都镜湖大道支行</RPYBNK><RPYNAM>广州悦目生物科技有限公司</RPYNAM><RSV30Z>**</RSV30Z><RSV31Z>10</RSV31Z><RSV50Z></RSV50Z><TRSAMT>-35943.20</TRSAMT><TRSAMTD>35943.20</TRSAMTD><TRSANL>CPGATR</TRSANL><TRSBLV>3895785.65</TRSBLV><TRSCOD>CPAA</TRSCOD><VLTDAT>20190314</VLTDAT><YURREF>0059317814</YURREF></NTQTSINFZ><NTQTSINFZ><AMTCDR>C</AMTCDR><APDFLG>Y</APDFLG><ATHFLG></ATHFLG><BBKNBR>20</BBKNBR><CHKNBR></CHKNBR><C_ATHFLG>无</C_ATHFLG><C_BBKNBR>广州</C_BBKNBR><C_ETYDAT>2019年03月14日</C_ETYDAT><C_GSBBBK></C_GSBBBK><C_RPYBBK></C_RPYBBK><C_TRSAMT>7,566.00</C_TRSAMT><C_TRSAMTC>7,566.00</C_TRSAMTC><C_TRSBLV>3,903,351.65</C_TRSBLV><C_VLTDAT>2019年03月14日</C_VLTDAT><ETYDAT>20190314</ETYDAT><ETYTIM>155717</ETYTIM><GSBBBK></GSBBBK><NAREXT>00480201656</NAREXT><NARYUR>货款</NARYUR><REFNBR>KK567400078983C</REFNBR><REFSUB></REFSUB><RPYACC>1170714000000004814</RPYACC><RPYBBK></RPYBBK><RPYBNK>齐鲁银行济南建设路支行</RPYBNK><RPYNAM>济南邦迈商贸有限公司</RPYNAM><RSV30Z>**</RSV30Z><RSV31Z>10</RSV31Z><RSV50Z></RSV50Z><TRSAMT>7566.00</TRSAMT><TRSAMTC>7566.00</TRSAMTC><TRSANL>NPGATR</TRSANL><TRSBLV>3903351.65</TRSBLV><TRSCOD>NPT2</TRSCOD><VLTDAT>20190314</VLTDAT><YURREF></YURREF></NTQTSINFZ></CMBSDKPGK>
2019-03-14 17:46:47:请求：请求参数：<?xml version="1.0" encoding="gb2312"?>
<CMBSDKPGK xmlns:xsi="http://www.w3.org/2001/XMLSchema-instance" xmlns:xsd="http://www.w3.org/2001/XMLSchema">
  <INFO>
    <FUNNAM>GetTransInfo</FUNNAM>
    <DATTYP>2</DATTYP>
    <LGNNAM>yueji1</LGNNAM>
  </INFO>
  <SDKTSINFX>
    <C_BBKNBR>广州</C_BBKNBR>
    <ACCNBR>120910321110801</ACCNBR>
    <BGNDAT>20190313</BGNDAT>
    <ENDDAT>20190313</ENDDAT>
    <LOWAMT>0</LOWAMT>
    <HGHAMT>0</HGHAMT>
  </SDKTSINFX>
</CMBSDKPGK>
返回参数：

