2019-03-13 16:42:40:请求：请求参数：<?xml version="1.0" encoding="gb2312"?>
<CMBSDKPGK xmlns:xsi="http://www.w3.org/2001/XMLSchema-instance" xmlns:xsd="http://www.w3.org/2001/XMLSchema">
  <INFO>
    <FUNNAM>NTQRYSTY</FUNNAM>
    <DATTYP>2</DATTYP>
    <LGNNAM>wszm1978</LGNNAM>
  </INFO>
  <NTQRYSTYX1>
    <BUSCOD>N02031</BUSCOD>
    <YURREF>20190227102107</YURREF>
    <BGNDAT>20190227</BGNDAT>
    <ENDDAT>20190227</ENDDAT>
  </NTQRYSTYX1>
</CMBSDKPGK>
返回参数：
<?xml version="1.0" encoding="GBK"?><CMBSDKPGK><INFO><DATTYP>2</DATTYP><ERRMSG>SDKM013 不存在该用户的登录信息</ERRMSG><FUNNAM>NTQRYSTY</FUNNAM><LGNNAM>wszm1978</LGNNAM><RETCOD>-1</RETCOD></INFO></CMBSDKPGK>
2019-03-13 16:42:40:请求：请求参数：<?xml version="1.0" encoding="gb2312"?>
<CMBSDKPGK xmlns:xsi="http://www.w3.org/2001/XMLSchema-instance" xmlns:xsd="http://www.w3.org/2001/XMLSchema">
  <INFO>
    <FUNNAM>NTQRYSTY</FUNNAM>
    <DATTYP>2</DATTYP>
    <LGNNAM>wszm1978</LGNNAM>
  </INFO>
  <NTQRYSTYX1>
    <BUSCOD>N02031</BUSCOD>
    <YURREF>20190227103509</YURREF>
    <BGNDAT>20190227</BGNDAT>
    <ENDDAT>20190227</ENDDAT>
  </NTQRYSTYX1>
</CMBSDKPGK>
返回参数：
<?xml version="1.0" encoding="GBK"?><CMBSDKPGK><INFO><DATTYP>2</DATTYP><ERRMSG>SDKM013 不存在该用户的登录信息</ERRMSG><FUNNAM>NTQRYSTY</FUNNAM><LGNNAM>wszm1978</LGNNAM><RETCOD>-1</RETCOD></INFO></CMBSDKPGK>
2019-03-13 16:42:41:请求：请求参数：<?xml version="1.0" encoding="gb2312"?>
<CMBSDKPGK xmlns:xsi="http://www.w3.org/2001/XMLSchema-instance" xmlns:xsd="http://www.w3.org/2001/XMLSchema">
  <INFO>
    <FUNNAM>NTQRYSTY</FUNNAM>
    <DATTYP>2</DATTYP>
    <LGNNAM>wszm1978</LGNNAM>
  </INFO>
  <NTQRYSTYX1>
    <BUSCOD>N02031</BUSCOD>
    <YURREF>20190306163208</YURREF>
    <BGNDAT>20190307</BGNDAT>
    <ENDDAT>20190307</ENDDAT>
  </NTQRYSTYX1>
</CMBSDKPGK>
返回参数：
<?xml version="1.0" encoding="GBK"?><CMBSDKPGK><INFO><DATTYP>2</DATTYP><ERRMSG>SDKM013 不存在该用户的登录信息</ERRMSG><FUNNAM>NTQRYSTY</FUNNAM><LGNNAM>wszm1978</LGNNAM><RETCOD>-1</RETCOD></INFO></CMBSDKPGK>
2019-03-13 16:42:41:请求：请求参数：<?xml version="1.0" encoding="gb2312"?>
<CMBSDKPGK xmlns:xsi="http://www.w3.org/2001/XMLSchema-instance" xmlns:xsd="http://www.w3.org/2001/XMLSchema">
  <INFO>
    <FUNNAM>NTQRYSTY</FUNNAM>
    <DATTYP>2</DATTYP>
    <LGNNAM>wszm1978</LGNNAM>
  </INFO>
  <NTQRYSTYX1>
    <BUSCOD>N02031</BUSCOD>
    <YURREF>20190307170049</YURREF>
    <BGNDAT>20190311</BGNDAT>
    <ENDDAT>20190311</ENDDAT>
  </NTQRYSTYX1>
</CMBSDKPGK>
返回参数：
<?xml version="1.0" encoding="GBK"?><CMBSDKPGK><INFO><DATTYP>2</DATTYP><ERRMSG>SDKM013 不存在该用户的登录信息</ERRMSG><FUNNAM>NTQRYSTY</FUNNAM><LGNNAM>wszm1978</LGNNAM><RETCOD>-1</RETCOD></INFO></CMBSDKPGK>
2019-03-13 16:42:41:请求：请求参数：<?xml version="1.0" encoding="gb2312"?>
<CMBSDKPGK xmlns:xsi="http://www.w3.org/2001/XMLSchema-instance" xmlns:xsd="http://www.w3.org/2001/XMLSchema">
  <INFO>
    <FUNNAM>NTQRYSTY</FUNNAM>
    <DATTYP>2</DATTYP>
    <LGNNAM>wszm1978</LGNNAM>
  </INFO>
  <NTQRYSTYX1>
    <BUSCOD>N02031</BUSCOD>
    <YURREF>20190307170546</YURREF>
    <BGNDAT>20190311</BGNDAT>
    <ENDDAT>20190311</ENDDAT>
  </NTQRYSTYX1>
</CMBSDKPGK>
返回参数：
<?xml version="1.0" encoding="GBK"?><CMBSDKPGK><INFO><DATTYP>2</DATTYP><ERRMSG>SDKM013 不存在该用户的登录信息</ERRMSG><FUNNAM>NTQRYSTY</FUNNAM><LGNNAM>wszm1978</LGNNAM><RETCOD>-1</RETCOD></INFO></CMBSDKPGK>
2019-03-13 16:42:41:请求：请求参数：<?xml version="1.0" encoding="gb2312"?>
<CMBSDKPGK xmlns:xsi="http://www.w3.org/2001/XMLSchema-instance" xmlns:xsd="http://www.w3.org/2001/XMLSchema">
  <INFO>
    <FUNNAM>NTQRYSTY</FUNNAM>
    <DATTYP>2</DATTYP>
    <LGNNAM>wszm1978</LGNNAM>
  </INFO>
  <NTQRYSTYX1>
    <BUSCOD>N02031</BUSCOD>
    <YURREF>20190307172543</YURREF>
    <BGNDAT>20190311</BGNDAT>
    <ENDDAT>20190311</ENDDAT>
  </NTQRYSTYX1>
</CMBSDKPGK>
返回参数：
<?xml version="1.0" encoding="GBK"?><CMBSDKPGK><INFO><DATTYP>2</DATTYP><ERRMSG>SDKM013 不存在该用户的登录信息</ERRMSG><FUNNAM>NTQRYSTY</FUNNAM><LGNNAM>wszm1978</LGNNAM><RETCOD>-1</RETCOD></INFO></CMBSDKPGK>
2019-03-13 16:42:41:请求：请求参数：<?xml version="1.0" encoding="gb2312"?>
<CMBSDKPGK xmlns:xsi="http://www.w3.org/2001/XMLSchema-instance" xmlns:xsd="http://www.w3.org/2001/XMLSchema">
  <INFO>
    <FUNNAM>NTQRYSTY</FUNNAM>
    <DATTYP>2</DATTYP>
    <LGNNAM>wszm1978</LGNNAM>
  </INFO>
  <NTQRYSTYX1>
    <BUSCOD>N02031</BUSCOD>
    <YURREF>20190308090223</YURREF>
    <BGNDAT>20190311</BGNDAT>
    <ENDDAT>20190311</ENDDAT>
  </NTQRYSTYX1>
</CMBSDKPGK>
返回参数：
<?xml version="1.0" encoding="GBK"?><CMBSDKPGK><INFO><DATTYP>2</DATTYP><ERRMSG>SDKM013 不存在该用户的登录信息</ERRMSG><FUNNAM>NTQRYSTY</FUNNAM><LGNNAM>wszm1978</LGNNAM><RETCOD>-1</RETCOD></INFO></CMBSDKPGK>
2019-03-13 16:42:42:请求：请求参数：<?xml version="1.0" encoding="gb2312"?>
<CMBSDKPGK xmlns:xsi="http://www.w3.org/2001/XMLSchema-instance" xmlns:xsd="http://www.w3.org/2001/XMLSchema">
  <INFO>
    <FUNNAM>NTQRYSTY</FUNNAM>
    <DATTYP>2</DATTYP>
    <LGNNAM>wszm1978</LGNNAM>
  </INFO>
  <NTQRYSTYX1>
    <BUSCOD>N02031</BUSCOD>
    <YURREF>20190308093324</YURREF>
    <BGNDAT>20190311</BGNDAT>
    <ENDDAT>20190311</ENDDAT>
  </NTQRYSTYX1>
</CMBSDKPGK>
返回参数：
<?xml version="1.0" encoding="GBK"?><CMBSDKPGK><INFO><DATTYP>2</DATTYP><ERRMSG>SDKM013 不存在该用户的登录信息</ERRMSG><FUNNAM>NTQRYSTY</FUNNAM><LGNNAM>wszm1978</LGNNAM><RETCOD>-1</RETCOD></INFO></CMBSDKPGK>
2019-03-13 16:42:42:请求：请求参数：<?xml version="1.0" encoding="gb2312"?>
<CMBSDKPGK xmlns:xsi="http://www.w3.org/2001/XMLSchema-instance" xmlns:xsd="http://www.w3.org/2001/XMLSchema">
  <INFO>
    <FUNNAM>NTQRYSTY</FUNNAM>
    <DATTYP>2</DATTYP>
    <LGNNAM>wszm1978</LGNNAM>
  </INFO>
  <NTQRYSTYX1>
    <BUSCOD>N02031</BUSCOD>
    <YURREF>20190308094330</YURREF>
    <BGNDAT>20190311</BGNDAT>
    <ENDDAT>20190311</ENDDAT>
  </NTQRYSTYX1>
</CMBSDKPGK>
返回参数：
<?xml version="1.0" encoding="GBK"?><CMBSDKPGK><INFO><DATTYP>2</DATTYP><ERRMSG>SDKM013 不存在该用户的登录信息</ERRMSG><FUNNAM>NTQRYSTY</FUNNAM><LGNNAM>wszm1978</LGNNAM><RETCOD>-1</RETCOD></INFO></CMBSDKPGK>
2019-03-13 16:42:43:请求：请求参数：<?xml version="1.0" encoding="gb2312"?>
<CMBSDKPGK xmlns:xsi="http://www.w3.org/2001/XMLSchema-instance" xmlns:xsd="http://www.w3.org/2001/XMLSchema">
  <INFO>
    <FUNNAM>NTQRYSTY</FUNNAM>
    <DATTYP>2</DATTYP>
    <LGNNAM>wszm1978</LGNNAM>
  </INFO>
  <NTQRYSTYX1>
    <BUSCOD>N02031</BUSCOD>
    <YURREF>20190308095426</YURREF>
    <BGNDAT>20190311</BGNDAT>
    <ENDDAT>20190311</ENDDAT>
  </NTQRYSTYX1>
</CMBSDKPGK>
返回参数：
<?xml version="1.0" encoding="GBK"?><CMBSDKPGK><INFO><DATTYP>2</DATTYP><ERRMSG>SDKM013 不存在该用户的登录信息</ERRMSG><FUNNAM>NTQRYSTY</FUNNAM><LGNNAM>wszm1978</LGNNAM><RETCOD>-1</RETCOD></INFO></CMBSDKPGK>
2019-03-13 16:42:43:请求：请求参数：<?xml version="1.0" encoding="gb2312"?>
<CMBSDKPGK xmlns:xsi="http://www.w3.org/2001/XMLSchema-instance" xmlns:xsd="http://www.w3.org/2001/XMLSchema">
  <INFO>
    <FUNNAM>NTQRYSTY</FUNNAM>
    <DATTYP>2</DATTYP>
    <LGNNAM>wszm1978</LGNNAM>
  </INFO>
  <NTQRYSTYX1>
    <BUSCOD>N02031</BUSCOD>
    <YURREF>20190308110225</YURREF>
    <BGNDAT>20190311</BGNDAT>
    <ENDDAT>20190311</ENDDAT>
  </NTQRYSTYX1>
</CMBSDKPGK>
返回参数：
<?xml version="1.0" encoding="GBK"?><CMBSDKPGK><INFO><DATTYP>2</DATTYP><ERRMSG>SDKM013 不存在该用户的登录信息</ERRMSG><FUNNAM>NTQRYSTY</FUNNAM><LGNNAM>wszm1978</LGNNAM><RETCOD>-1</RETCOD></INFO></CMBSDKPGK>
2019-03-13 16:42:43:请求：请求参数：<?xml version="1.0" encoding="gb2312"?>
<CMBSDKPGK xmlns:xsi="http://www.w3.org/2001/XMLSchema-instance" xmlns:xsd="http://www.w3.org/2001/XMLSchema">
  <INFO>
    <FUNNAM>NTQRYSTY</FUNNAM>
    <DATTYP>2</DATTYP>
    <LGNNAM>wszm1978</LGNNAM>
  </INFO>
  <NTQRYSTYX1>
    <BUSCOD>N02031</BUSCOD>
    <YURREF>20190308111419</YURREF>
    <BGNDAT>20190311</BGNDAT>
    <ENDDAT>20190311</ENDDAT>
  </NTQRYSTYX1>
</CMBSDKPGK>
返回参数：
<?xml version="1.0" encoding="GBK"?><CMBSDKPGK><INFO><DATTYP>2</DATTYP><ERRMSG>SDKM013 不存在该用户的登录信息</ERRMSG><FUNNAM>NTQRYSTY</FUNNAM><LGNNAM>wszm1978</LGNNAM><RETCOD>-1</RETCOD></INFO></CMBSDKPGK>
2019-03-13 16:42:43:请求：请求参数：<?xml version="1.0" encoding="gb2312"?>
<CMBSDKPGK xmlns:xsi="http://www.w3.org/2001/XMLSchema-instance" xmlns:xsd="http://www.w3.org/2001/XMLSchema">
  <INFO>
    <FUNNAM>NTQRYSTY</FUNNAM>
    <DATTYP>2</DATTYP>
    <LGNNAM>wszm1978</LGNNAM>
  </INFO>
  <NTQRYSTYX1>
    <BUSCOD>N02031</BUSCOD>
    <YURREF>20190308111729</YURREF>
    <BGNDAT>20190311</BGNDAT>
    <ENDDAT>20190311</ENDDAT>
  </NTQRYSTYX1>
</CMBSDKPGK>
返回参数：
<?xml version="1.0" encoding="GBK"?><CMBSDKPGK><INFO><DATTYP>2</DATTYP><ERRMSG>SDKM013 不存在该用户的登录信息</ERRMSG><FUNNAM>NTQRYSTY</FUNNAM><LGNNAM>wszm1978</LGNNAM><RETCOD>-1</RETCOD></INFO></CMBSDKPGK>
2019-03-13 16:42:43:请求：请求参数：<?xml version="1.0" encoding="gb2312"?>
<CMBSDKPGK xmlns:xsi="http://www.w3.org/2001/XMLSchema-instance" xmlns:xsd="http://www.w3.org/2001/XMLSchema">
  <INFO>
    <FUNNAM>NTQRYSTY</FUNNAM>
    <DATTYP>2</DATTYP>
    <LGNNAM>wszm1978</LGNNAM>
  </INFO>
  <NTQRYSTYX1>
    <BUSCOD>N02031</BUSCOD>
    <YURREF>20190308113334</YURREF>
    <BGNDAT>20190311</BGNDAT>
    <ENDDAT>20190311</ENDDAT>
  </NTQRYSTYX1>
</CMBSDKPGK>
返回参数：
<?xml version="1.0" encoding="GBK"?><CMBSDKPGK><INFO><DATTYP>2</DATTYP><ERRMSG>SDKM013 不存在该用户的登录信息</ERRMSG><FUNNAM>NTQRYSTY</FUNNAM><LGNNAM>wszm1978</LGNNAM><RETCOD>-1</RETCOD></INFO></CMBSDKPGK>
2019-03-13 16:42:44:请求：请求参数：<?xml version="1.0" encoding="gb2312"?>
<CMBSDKPGK xmlns:xsi="http://www.w3.org/2001/XMLSchema-instance" xmlns:xsd="http://www.w3.org/2001/XMLSchema">
  <INFO>
    <FUNNAM>NTQRYSTY</FUNNAM>
    <DATTYP>2</DATTYP>
    <LGNNAM>wszm1978</LGNNAM>
  </INFO>
  <NTQRYSTYX1>
    <BUSCOD>N02031</BUSCOD>
    <YURREF>20190308113620</YURREF>
    <BGNDAT>20190311</BGNDAT>
    <ENDDAT>20190311</ENDDAT>
  </NTQRYSTYX1>
</CMBSDKPGK>
返回参数：
<?xml version="1.0" encoding="GBK"?><CMBSDKPGK><INFO><DATTYP>2</DATTYP><ERRMSG>SDKM013 不存在该用户的登录信息</ERRMSG><FUNNAM>NTQRYSTY</FUNNAM><LGNNAM>wszm1978</LGNNAM><RETCOD>-1</RETCOD></INFO></CMBSDKPGK>
2019-03-13 16:42:44:请求：请求参数：<?xml version="1.0" encoding="gb2312"?>
<CMBSDKPGK xmlns:xsi="http://www.w3.org/2001/XMLSchema-instance" xmlns:xsd="http://www.w3.org/2001/XMLSchema">
  <INFO>
    <FUNNAM>NTQRYSTY</FUNNAM>
    <DATTYP>2</DATTYP>
    <LGNNAM>wszm1978</LGNNAM>
  </INFO>
  <NTQRYSTYX1>
    <BUSCOD>N02031</BUSCOD>
    <YURREF>20190308114115</YURREF>
    <BGNDAT>20190311</BGNDAT>
    <ENDDAT>20190311</ENDDAT>
  </NTQRYSTYX1>
</CMBSDKPGK>
返回参数：
<?xml version="1.0" encoding="GBK"?><CMBSDKPGK><INFO><DATTYP>2</DATTYP><ERRMSG>SDKM013 不存在该用户的登录信息</ERRMSG><FUNNAM>NTQRYSTY</FUNNAM><LGNNAM>wszm1978</LGNNAM><RETCOD>-1</RETCOD></INFO></CMBSDKPGK>
2019-03-13 16:42:44:请求：请求参数：<?xml version="1.0" encoding="gb2312"?>
<CMBSDKPGK xmlns:xsi="http://www.w3.org/2001/XMLSchema-instance" xmlns:xsd="http://www.w3.org/2001/XMLSchema">
  <INFO>
    <FUNNAM>NTQRYSTY</FUNNAM>
    <DATTYP>2</DATTYP>
    <LGNNAM>wszm1978</LGNNAM>
  </INFO>
  <NTQRYSTYX1>
    <BUSCOD>N02031</BUSCOD>
    <YURREF>20190308114217</YURREF>
    <BGNDAT>20190311</BGNDAT>
    <ENDDAT>20190311</ENDDAT>
  </NTQRYSTYX1>
</CMBSDKPGK>
返回参数：
<?xml version="1.0" encoding="GBK"?><CMBSDKPGK><INFO><DATTYP>2</DATTYP><ERRMSG>SDKM013 不存在该用户的登录信息</ERRMSG><FUNNAM>NTQRYSTY</FUNNAM><LGNNAM>wszm1978</LGNNAM><RETCOD>-1</RETCOD></INFO></CMBSDKPGK>
2019-03-13 16:42:44:请求：请求参数：<?xml version="1.0" encoding="gb2312"?>
<CMBSDKPGK xmlns:xsi="http://www.w3.org/2001/XMLSchema-instance" xmlns:xsd="http://www.w3.org/2001/XMLSchema">
  <INFO>
    <FUNNAM>NTQRYSTY</FUNNAM>
    <DATTYP>2</DATTYP>
    <LGNNAM>wszm1978</LGNNAM>
  </INFO>
  <NTQRYSTYX1>
    <BUSCOD>N02031</BUSCOD>
    <YURREF>20190308115229</YURREF>
    <BGNDAT>20190311</BGNDAT>
    <ENDDAT>20190311</ENDDAT>
  </NTQRYSTYX1>
</CMBSDKPGK>
返回参数：
<?xml version="1.0" encoding="GBK"?><CMBSDKPGK><INFO><DATTYP>2</DATTYP><ERRMSG>SDKM013 不存在该用户的登录信息</ERRMSG><FUNNAM>NTQRYSTY</FUNNAM><LGNNAM>wszm1978</LGNNAM><RETCOD>-1</RETCOD></INFO></CMBSDKPGK>
2019-03-13 16:42:45:请求：请求参数：<?xml version="1.0" encoding="gb2312"?>
<CMBSDKPGK xmlns:xsi="http://www.w3.org/2001/XMLSchema-instance" xmlns:xsd="http://www.w3.org/2001/XMLSchema">
  <INFO>
    <FUNNAM>NTQRYSTY</FUNNAM>
    <DATTYP>2</DATTYP>
    <LGNNAM>wszm1978</LGNNAM>
  </INFO>
  <NTQRYSTYX1>
    <BUSCOD>N02031</BUSCOD>
    <YURREF>20190308115419</YURREF>
    <BGNDAT>20190311</BGNDAT>
    <ENDDAT>20190311</ENDDAT>
  </NTQRYSTYX1>
</CMBSDKPGK>
返回参数：
<?xml version="1.0" encoding="GBK"?><CMBSDKPGK><INFO><DATTYP>2</DATTYP><ERRMSG>SDKM013 不存在该用户的登录信息</ERRMSG><FUNNAM>NTQRYSTY</FUNNAM><LGNNAM>wszm1978</LGNNAM><RETCOD>-1</RETCOD></INFO></CMBSDKPGK>
2019-03-13 16:42:45:请求：请求参数：<?xml version="1.0" encoding="gb2312"?>
<CMBSDKPGK xmlns:xsi="http://www.w3.org/2001/XMLSchema-instance" xmlns:xsd="http://www.w3.org/2001/XMLSchema">
  <INFO>
    <FUNNAM>NTQRYSTY</FUNNAM>
    <DATTYP>2</DATTYP>
    <LGNNAM>wszm1978</LGNNAM>
  </INFO>
  <NTQRYSTYX1>
    <BUSCOD>N02031</BUSCOD>
    <YURREF>20190311092632</YURREF>
    <BGNDAT>20190311</BGNDAT>
    <ENDDAT>20190311</ENDDAT>
  </NTQRYSTYX1>
</CMBSDKPGK>
返回参数：
<?xml version="1.0" encoding="GBK"?><CMBSDKPGK><INFO><DATTYP>2</DATTYP><ERRMSG>SDKM013 不存在该用户的登录信息</ERRMSG><FUNNAM>NTQRYSTY</FUNNAM><LGNNAM>wszm1978</LGNNAM><RETCOD>-1</RETCOD></INFO></CMBSDKPGK>
2019-03-13 16:42:45:请求：请求参数：<?xml version="1.0" encoding="gb2312"?>
<CMBSDKPGK xmlns:xsi="http://www.w3.org/2001/XMLSchema-instance" xmlns:xsd="http://www.w3.org/2001/XMLSchema">
  <INFO>
    <FUNNAM>NTQRYSTY</FUNNAM>
    <DATTYP>2</DATTYP>
    <LGNNAM>wszm1978</LGNNAM>
  </INFO>
  <NTQRYSTYX1>
    <BUSCOD>N02031</BUSCOD>
    <YURREF>20190311160218</YURREF>
    <BGNDAT>20190313</BGNDAT>
    <ENDDAT>20190313</ENDDAT>
  </NTQRYSTYX1>
</CMBSDKPGK>
返回参数：
<?xml version="1.0" encoding="GBK"?><CMBSDKPGK><INFO><DATTYP>2</DATTYP><ERRMSG>SDKM013 不存在该用户的登录信息</ERRMSG><FUNNAM>NTQRYSTY</FUNNAM><LGNNAM>wszm1978</LGNNAM><RETCOD>-1</RETCOD></INFO></CMBSDKPGK>
2019-03-13 16:42:45:请求：请求参数：<?xml version="1.0" encoding="gb2312"?>
<CMBSDKPGK xmlns:xsi="http://www.w3.org/2001/XMLSchema-instance" xmlns:xsd="http://www.w3.org/2001/XMLSchema">
  <INFO>
    <FUNNAM>NTQRYSTY</FUNNAM>
    <DATTYP>2</DATTYP>
    <LGNNAM>wszm1978</LGNNAM>
  </INFO>
  <NTQRYSTYX1>
    <BUSCOD>N02031</BUSCOD>
    <YURREF>20190311161217</YURREF>
    <BGNDAT>20190311</BGNDAT>
    <ENDDAT>20190311</ENDDAT>
  </NTQRYSTYX1>
</CMBSDKPGK>
返回参数：
<?xml version="1.0" encoding="GBK"?><CMBSDKPGK><INFO><DATTYP>2</DATTYP><ERRMSG>SDKM013 不存在该用户的登录信息</ERRMSG><FUNNAM>NTQRYSTY</FUNNAM><LGNNAM>wszm1978</LGNNAM><RETCOD>-1</RETCOD></INFO></CMBSDKPGK>
2019-03-13 16:42:45:请求：请求参数：<?xml version="1.0" encoding="gb2312"?>
<CMBSDKPGK xmlns:xsi="http://www.w3.org/2001/XMLSchema-instance" xmlns:xsd="http://www.w3.org/2001/XMLSchema">
  <INFO>
    <FUNNAM>NTQRYSTY</FUNNAM>
    <DATTYP>2</DATTYP>
    <LGNNAM>wszm1978</LGNNAM>
  </INFO>
  <NTQRYSTYX1>
    <BUSCOD>N02031</BUSCOD>
    <YURREF>20190311164017</YURREF>
    <BGNDAT>20190313</BGNDAT>
    <ENDDAT>20190313</ENDDAT>
  </NTQRYSTYX1>
</CMBSDKPGK>
返回参数：
<?xml version="1.0" encoding="GBK"?><CMBSDKPGK><INFO><DATTYP>2</DATTYP><ERRMSG>SDKM013 不存在该用户的登录信息</ERRMSG><FUNNAM>NTQRYSTY</FUNNAM><LGNNAM>wszm1978</LGNNAM><RETCOD>-1</RETCOD></INFO></CMBSDKPGK>
2019-03-13 16:42:46:请求：请求参数：<?xml version="1.0" encoding="gb2312"?>
<CMBSDKPGK xmlns:xsi="http://www.w3.org/2001/XMLSchema-instance" xmlns:xsd="http://www.w3.org/2001/XMLSchema">
  <INFO>
    <FUNNAM>NTQRYSTY</FUNNAM>
    <DATTYP>2</DATTYP>
    <LGNNAM>wszm1978</LGNNAM>
  </INFO>
  <NTQRYSTYX1>
    <BUSCOD>N02031</BUSCOD>
    <YURREF>20190312151224</YURREF>
    <BGNDAT>20190313</BGNDAT>
    <ENDDAT>20190313</ENDDAT>
  </NTQRYSTYX1>
</CMBSDKPGK>
返回参数：
<?xml version="1.0" encoding="GBK"?><CMBSDKPGK><INFO><DATTYP>2</DATTYP><ERRMSG>SDKM013 不存在该用户的登录信息</ERRMSG><FUNNAM>NTQRYSTY</FUNNAM><LGNNAM>wszm1978</LGNNAM><RETCOD>-1</RETCOD></INFO></CMBSDKPGK>
2019-03-13 16:42:46:请求：请求参数：<?xml version="1.0" encoding="gb2312"?>
<CMBSDKPGK xmlns:xsi="http://www.w3.org/2001/XMLSchema-instance" xmlns:xsd="http://www.w3.org/2001/XMLSchema">
  <INFO>
    <FUNNAM>NTQRYSTY</FUNNAM>
    <DATTYP>2</DATTYP>
    <LGNNAM>wszm1978</LGNNAM>
  </INFO>
  <NTQRYSTYX1>
    <BUSCOD>N02031</BUSCOD>
    <YURREF>20190312151708</YURREF>
    <BGNDAT>20190313</BGNDAT>
    <ENDDAT>20190313</ENDDAT>
  </NTQRYSTYX1>
</CMBSDKPGK>
返回参数：
<?xml version="1.0" encoding="GBK"?><CMBSDKPGK><INFO><DATTYP>2</DATTYP><ERRMSG>SDKM013 不存在该用户的登录信息</ERRMSG><FUNNAM>NTQRYSTY</FUNNAM><LGNNAM>wszm1978</LGNNAM><RETCOD>-1</RETCOD></INFO></CMBSDKPGK>
2019-03-13 16:42:46:请求：请求参数：<?xml version="1.0" encoding="gb2312"?>
<CMBSDKPGK xmlns:xsi="http://www.w3.org/2001/XMLSchema-instance" xmlns:xsd="http://www.w3.org/2001/XMLSchema">
  <INFO>
    <FUNNAM>NTQRYSTY</FUNNAM>
    <DATTYP>2</DATTYP>
    <LGNNAM>wszm1978</LGNNAM>
  </INFO>
  <NTQRYSTYX1>
    <BUSCOD>N02031</BUSCOD>
    <YURREF>20190312155024</YURREF>
    <BGNDAT>20190313</BGNDAT>
    <ENDDAT>20190313</ENDDAT>
  </NTQRYSTYX1>
</CMBSDKPGK>
返回参数：
<?xml version="1.0" encoding="GBK"?><CMBSDKPGK><INFO><DATTYP>2</DATTYP><ERRMSG>SDKM013 不存在该用户的登录信息</ERRMSG><FUNNAM>NTQRYSTY</FUNNAM><LGNNAM>wszm1978</LGNNAM><RETCOD>-1</RETCOD></INFO></CMBSDKPGK>
2019-03-13 16:42:46:请求：请求参数：<?xml version="1.0" encoding="gb2312"?>
<CMBSDKPGK xmlns:xsi="http://www.w3.org/2001/XMLSchema-instance" xmlns:xsd="http://www.w3.org/2001/XMLSchema">
  <INFO>
    <FUNNAM>NTQRYSTY</FUNNAM>
    <DATTYP>2</DATTYP>
    <LGNNAM>wszm1978</LGNNAM>
  </INFO>
  <NTQRYSTYX1>
    <BUSCOD>N02031</BUSCOD>
    <YURREF>20190312155225</YURREF>
    <BGNDAT>20190313</BGNDAT>
    <ENDDAT>20190313</ENDDAT>
  </NTQRYSTYX1>
</CMBSDKPGK>
返回参数：
<?xml version="1.0" encoding="GBK"?><CMBSDKPGK><INFO><DATTYP>2</DATTYP><ERRMSG>SDKM013 不存在该用户的登录信息</ERRMSG><FUNNAM>NTQRYSTY</FUNNAM><LGNNAM>wszm1978</LGNNAM><RETCOD>-1</RETCOD></INFO></CMBSDKPGK>
2019-03-13 16:42:46:请求：请求参数：<?xml version="1.0" encoding="gb2312"?>
<CMBSDKPGK xmlns:xsi="http://www.w3.org/2001/XMLSchema-instance" xmlns:xsd="http://www.w3.org/2001/XMLSchema">
  <INFO>
    <FUNNAM>NTQRYSTY</FUNNAM>
    <DATTYP>2</DATTYP>
    <LGNNAM>wszm1978</LGNNAM>
  </INFO>
  <NTQRYSTYX1>
    <BUSCOD>N02031</BUSCOD>
    <YURREF>20190313163815</YURREF>
    <BGNDAT>20190313</BGNDAT>
    <ENDDAT>20190313</ENDDAT>
  </NTQRYSTYX1>
</CMBSDKPGK>
返回参数：
<?xml version="1.0" encoding="GBK"?><CMBSDKPGK><INFO><DATTYP>2</DATTYP><ERRMSG>SDKM013 不存在该用户的登录信息</ERRMSG><FUNNAM>NTQRYSTY</FUNNAM><LGNNAM>wszm1978</LGNNAM><RETCOD>-1</RETCOD></INFO></CMBSDKPGK>
2019-03-13 16:42:47:请求：请求参数：<?xml version="1.0" encoding="gb2312"?>
<CMBSDKPGK xmlns:xsi="http://www.w3.org/2001/XMLSchema-instance" xmlns:xsd="http://www.w3.org/2001/XMLSchema">
  <INFO>
    <FUNNAM>NTQRYSTY</FUNNAM>
    <DATTYP>2</DATTYP>
    <LGNNAM>wszm1978</LGNNAM>
  </INFO>
  <NTQRYSTYX1>
    <BUSCOD>N02031</BUSCOD>
    <YURREF>20190313165815</YURREF>
    <BGNDAT>20190313</BGNDAT>
    <ENDDAT>20190313</ENDDAT>
  </NTQRYSTYX1>
</CMBSDKPGK>
返回参数：
<?xml version="1.0" encoding="GBK"?><CMBSDKPGK><INFO><DATTYP>2</DATTYP><ERRMSG>SDKM013 不存在该用户的登录信息</ERRMSG><FUNNAM>NTQRYSTY</FUNNAM><LGNNAM>wszm1978</LGNNAM><RETCOD>-1</RETCOD></INFO></CMBSDKPGK>
2019-03-13 16:42:47:请求：请求参数：<?xml version="1.0" encoding="gb2312"?>
<CMBSDKPGK xmlns:xsi="http://www.w3.org/2001/XMLSchema-instance" xmlns:xsd="http://www.w3.org/2001/XMLSchema">
  <INFO>
    <FUNNAM>NTQRYSTY</FUNNAM>
    <DATTYP>2</DATTYP>
    <LGNNAM>wszm1978</LGNNAM>
  </INFO>
  <NTQRYSTYX1>
    <BUSCOD>N02031</BUSCOD>
    <YURREF>20190313165914</YURREF>
    <BGNDAT>20190313</BGNDAT>
    <ENDDAT>20190313</ENDDAT>
  </NTQRYSTYX1>
</CMBSDKPGK>
返回参数：
<?xml version="1.0" encoding="GBK"?><CMBSDKPGK><INFO><DATTYP>2</DATTYP><ERRMSG>SDKM013 不存在该用户的登录信息</ERRMSG><FUNNAM>NTQRYSTY</FUNNAM><LGNNAM>wszm1978</LGNNAM><RETCOD>-1</RETCOD></INFO></CMBSDKPGK>
2019-03-13 16:43:12:请求：请求参数：<?xml version="1.0" encoding="gb2312"?>
<CMBSDKPGK xmlns:xsi="http://www.w3.org/2001/XMLSchema-instance" xmlns:xsd="http://www.w3.org/2001/XMLSchema">
  <INFO>
    <FUNNAM>NTQRYSTY</FUNNAM>
    <DATTYP>2</DATTYP>
    <LGNNAM>wszm1978</LGNNAM>
  </INFO>
  <NTQRYSTYX1>
    <BUSCOD>N02031</BUSCOD>
    <YURREF>20190308090223</YURREF>
    <BGNDAT>20190311</BGNDAT>
    <ENDDAT>20190311</ENDDAT>
  </NTQRYSTYX1>
</CMBSDKPGK>
返回参数：
<?xml version="1.0" encoding="GBK"?><CMBSDKPGK><INFO><DATTYP>2</DATTYP><ERRMSG>SDKM013 不存在该用户的登录信息</ERRMSG><FUNNAM>NTQRYSTY</FUNNAM><LGNNAM>wszm1978</LGNNAM><RETCOD>-1</RETCOD></INFO></CMBSDKPGK>
2019-03-13 16:46:28:请求：请求参数：<?xml version="1.0" encoding="gb2312"?>
<CMBSDKPGK xmlns:xsi="http://www.w3.org/2001/XMLSchema-instance" xmlns:xsd="http://www.w3.org/2001/XMLSchema">
  <INFO>
    <FUNNAM>NTQRYSTY</FUNNAM>
    <DATTYP>2</DATTYP>
    <LGNNAM>wsxs1977</LGNNAM>
  </INFO>
  <NTQRYSTYX1>
    <BUSCOD>N02031</BUSCOD>
    <YURREF>20190227102107</YURREF>
    <BGNDAT>20190227</BGNDAT>
    <ENDDAT>20190227</ENDDAT>
  </NTQRYSTYX1>
</CMBSDKPGK>
返回参数：
<?xml version="1.0" encoding="GBK"?><CMBSDKPGK><INFO><DATTYP>2</DATTYP><ERRMSG></ERRMSG><FUNNAM>NTQRYSTY</FUNNAM><LGNNAM>wsxs1977</LGNNAM><RETCOD>0</RETCOD></INFO></CMBSDKPGK>
2019-03-13 16:46:31:请求：请求参数：<?xml version="1.0" encoding="gb2312"?>
<CMBSDKPGK xmlns:xsi="http://www.w3.org/2001/XMLSchema-instance" xmlns:xsd="http://www.w3.org/2001/XMLSchema">
  <INFO>
    <FUNNAM>NTQRYSTY</FUNNAM>
    <DATTYP>2</DATTYP>
    <LGNNAM>wsxs1977</LGNNAM>
  </INFO>
  <NTQRYSTYX1>
    <BUSCOD>N02031</BUSCOD>
    <YURREF>20190227103509</YURREF>
    <BGNDAT>20190227</BGNDAT>
    <ENDDAT>20190227</ENDDAT>
  </NTQRYSTYX1>
</CMBSDKPGK>
返回参数：
<?xml version="1.0" encoding="GBK"?><CMBSDKPGK><INFO><DATTYP>2</DATTYP><ERRMSG></ERRMSG><FUNNAM>NTQRYSTY</FUNNAM><LGNNAM>wsxs1977</LGNNAM><RETCOD>0</RETCOD></INFO></CMBSDKPGK>
2019-03-13 16:46:33:请求：请求参数：<?xml version="1.0" encoding="gb2312"?>
<CMBSDKPGK xmlns:xsi="http://www.w3.org/2001/XMLSchema-instance" xmlns:xsd="http://www.w3.org/2001/XMLSchema">
  <INFO>
    <FUNNAM>NTQRYSTY</FUNNAM>
    <DATTYP>2</DATTYP>
    <LGNNAM>wsxs1977</LGNNAM>
  </INFO>
  <NTQRYSTYX1>
    <BUSCOD>N02031</BUSCOD>
    <YURREF>20190306163208</YURREF>
    <BGNDAT>20190307</BGNDAT>
    <ENDDAT>20190307</ENDDAT>
  </NTQRYSTYX1>
</CMBSDKPGK>
返回参数：
<?xml version="1.0" encoding="GBK"?><CMBSDKPGK><INFO><DATTYP>2</DATTYP><ERRMSG></ERRMSG><FUNNAM>NTQRYSTY</FUNNAM><LGNNAM>wsxs1977</LGNNAM><RETCOD>0</RETCOD></INFO></CMBSDKPGK>
2019-03-13 16:46:35:请求：请求参数：<?xml version="1.0" encoding="gb2312"?>
<CMBSDKPGK xmlns:xsi="http://www.w3.org/2001/XMLSchema-instance" xmlns:xsd="http://www.w3.org/2001/XMLSchema">
  <INFO>
    <FUNNAM>NTQRYSTY</FUNNAM>
    <DATTYP>2</DATTYP>
    <LGNNAM>wsxs1977</LGNNAM>
  </INFO>
  <NTQRYSTYX1>
    <BUSCOD>N02031</BUSCOD>
    <YURREF>20190307170049</YURREF>
    <BGNDAT>20190311</BGNDAT>
    <ENDDAT>20190311</ENDDAT>
  </NTQRYSTYX1>
</CMBSDKPGK>
返回参数：
<?xml version="1.0" encoding="GBK"?><CMBSDKPGK><INFO><DATTYP>2</DATTYP><ERRMSG></ERRMSG><FUNNAM>NTQRYSTY</FUNNAM><LGNNAM>wsxs1977</LGNNAM><RETCOD>0</RETCOD></INFO></CMBSDKPGK>
2019-03-13 16:46:37:请求：请求参数：<?xml version="1.0" encoding="gb2312"?>
<CMBSDKPGK xmlns:xsi="http://www.w3.org/2001/XMLSchema-instance" xmlns:xsd="http://www.w3.org/2001/XMLSchema">
  <INFO>
    <FUNNAM>NTQRYSTY</FUNNAM>
    <DATTYP>2</DATTYP>
    <LGNNAM>wsxs1977</LGNNAM>
  </INFO>
  <NTQRYSTYX1>
    <BUSCOD>N02031</BUSCOD>
    <YURREF>20190307170546</YURREF>
    <BGNDAT>20190311</BGNDAT>
    <ENDDAT>20190311</ENDDAT>
  </NTQRYSTYX1>
</CMBSDKPGK>
返回参数：
<?xml version="1.0" encoding="GBK"?><CMBSDKPGK><INFO><DATTYP>2</DATTYP><ERRMSG></ERRMSG><FUNNAM>NTQRYSTY</FUNNAM><LGNNAM>wsxs1977</LGNNAM><RETCOD>0</RETCOD></INFO></CMBSDKPGK>
2019-03-13 16:46:40:请求：请求参数：<?xml version="1.0" encoding="gb2312"?>
<CMBSDKPGK xmlns:xsi="http://www.w3.org/2001/XMLSchema-instance" xmlns:xsd="http://www.w3.org/2001/XMLSchema">
  <INFO>
    <FUNNAM>NTQRYSTY</FUNNAM>
    <DATTYP>2</DATTYP>
    <LGNNAM>wsxs1977</LGNNAM>
  </INFO>
  <NTQRYSTYX1>
    <BUSCOD>N02031</BUSCOD>
    <YURREF>20190307172543</YURREF>
    <BGNDAT>20190311</BGNDAT>
    <ENDDAT>20190311</ENDDAT>
  </NTQRYSTYX1>
</CMBSDKPGK>
返回参数：
<?xml version="1.0" encoding="GBK"?><CMBSDKPGK><INFO><DATTYP>2</DATTYP><ERRMSG></ERRMSG><FUNNAM>NTQRYSTY</FUNNAM><LGNNAM>wsxs1977</LGNNAM><RETCOD>0</RETCOD></INFO></CMBSDKPGK>
2019-03-13 16:46:42:请求：请求参数：<?xml version="1.0" encoding="gb2312"?>
<CMBSDKPGK xmlns:xsi="http://www.w3.org/2001/XMLSchema-instance" xmlns:xsd="http://www.w3.org/2001/XMLSchema">
  <INFO>
    <FUNNAM>NTQRYSTY</FUNNAM>
    <DATTYP>2</DATTYP>
    <LGNNAM>wsxs1977</LGNNAM>
  </INFO>
  <NTQRYSTYX1>
    <BUSCOD>N02031</BUSCOD>
    <YURREF>20190308090223</YURREF>
    <BGNDAT>20190311</BGNDAT>
    <ENDDAT>20190311</ENDDAT>
  </NTQRYSTYX1>
</CMBSDKPGK>
返回参数：
<?xml version="1.0" encoding="GBK"?><CMBSDKPGK><INFO><DATTYP>2</DATTYP><ERRMSG></ERRMSG><FUNNAM>NTQRYSTY</FUNNAM><LGNNAM>wsxs1977</LGNNAM><RETCOD>0</RETCOD></INFO></CMBSDKPGK>
2019-03-13 16:46:44:请求：请求参数：<?xml version="1.0" encoding="gb2312"?>
<CMBSDKPGK xmlns:xsi="http://www.w3.org/2001/XMLSchema-instance" xmlns:xsd="http://www.w3.org/2001/XMLSchema">
  <INFO>
    <FUNNAM>NTQRYSTY</FUNNAM>
    <DATTYP>2</DATTYP>
    <LGNNAM>wsxs1977</LGNNAM>
  </INFO>
  <NTQRYSTYX1>
    <BUSCOD>N02031</BUSCOD>
    <YURREF>20190308093324</YURREF>
    <BGNDAT>20190311</BGNDAT>
    <ENDDAT>20190311</ENDDAT>
  </NTQRYSTYX1>
</CMBSDKPGK>
返回参数：
<?xml version="1.0" encoding="GBK"?><CMBSDKPGK><INFO><DATTYP>2</DATTYP><ERRMSG></ERRMSG><FUNNAM>NTQRYSTY</FUNNAM><LGNNAM>wsxs1977</LGNNAM><RETCOD>0</RETCOD></INFO></CMBSDKPGK>
2019-03-13 16:46:46:请求：请求参数：<?xml version="1.0" encoding="gb2312"?>
<CMBSDKPGK xmlns:xsi="http://www.w3.org/2001/XMLSchema-instance" xmlns:xsd="http://www.w3.org/2001/XMLSchema">
  <INFO>
    <FUNNAM>NTQRYSTY</FUNNAM>
    <DATTYP>2</DATTYP>
    <LGNNAM>wsxs1977</LGNNAM>
  </INFO>
  <NTQRYSTYX1>
    <BUSCOD>N02031</BUSCOD>
    <YURREF>20190308094330</YURREF>
    <BGNDAT>20190311</BGNDAT>
    <ENDDAT>20190311</ENDDAT>
  </NTQRYSTYX1>
</CMBSDKPGK>
返回参数：
<?xml version="1.0" encoding="GBK"?><CMBSDKPGK><INFO><DATTYP>2</DATTYP><ERRMSG></ERRMSG><FUNNAM>NTQRYSTY</FUNNAM><LGNNAM>wsxs1977</LGNNAM><RETCOD>0</RETCOD></INFO></CMBSDKPGK>
2019-03-13 16:46:48:请求：请求参数：<?xml version="1.0" encoding="gb2312"?>
<CMBSDKPGK xmlns:xsi="http://www.w3.org/2001/XMLSchema-instance" xmlns:xsd="http://www.w3.org/2001/XMLSchema">
  <INFO>
    <FUNNAM>NTQRYSTY</FUNNAM>
    <DATTYP>2</DATTYP>
    <LGNNAM>wsxs1977</LGNNAM>
  </INFO>
  <NTQRYSTYX1>
    <BUSCOD>N02031</BUSCOD>
    <YURREF>20190308095426</YURREF>
    <BGNDAT>20190311</BGNDAT>
    <ENDDAT>20190311</ENDDAT>
  </NTQRYSTYX1>
</CMBSDKPGK>
返回参数：
<?xml version="1.0" encoding="GBK"?><CMBSDKPGK><INFO><DATTYP>2</DATTYP><ERRMSG></ERRMSG><FUNNAM>NTQRYSTY</FUNNAM><LGNNAM>wsxs1977</LGNNAM><RETCOD>0</RETCOD></INFO></CMBSDKPGK>
2019-03-13 16:46:50:请求：请求参数：<?xml version="1.0" encoding="gb2312"?>
<CMBSDKPGK xmlns:xsi="http://www.w3.org/2001/XMLSchema-instance" xmlns:xsd="http://www.w3.org/2001/XMLSchema">
  <INFO>
    <FUNNAM>NTQRYSTY</FUNNAM>
    <DATTYP>2</DATTYP>
    <LGNNAM>wsxs1977</LGNNAM>
  </INFO>
  <NTQRYSTYX1>
    <BUSCOD>N02031</BUSCOD>
    <YURREF>20190308110225</YURREF>
    <BGNDAT>20190311</BGNDAT>
    <ENDDAT>20190311</ENDDAT>
  </NTQRYSTYX1>
</CMBSDKPGK>
返回参数：
<?xml version="1.0" encoding="GBK"?><CMBSDKPGK><INFO><DATTYP>2</DATTYP><ERRMSG></ERRMSG><FUNNAM>NTQRYSTY</FUNNAM><LGNNAM>wsxs1977</LGNNAM><RETCOD>0</RETCOD></INFO></CMBSDKPGK>
2019-03-13 16:46:52:请求：请求参数：<?xml version="1.0" encoding="gb2312"?>
<CMBSDKPGK xmlns:xsi="http://www.w3.org/2001/XMLSchema-instance" xmlns:xsd="http://www.w3.org/2001/XMLSchema">
  <INFO>
    <FUNNAM>NTQRYSTY</FUNNAM>
    <DATTYP>2</DATTYP>
    <LGNNAM>wsxs1977</LGNNAM>
  </INFO>
  <NTQRYSTYX1>
    <BUSCOD>N02031</BUSCOD>
    <YURREF>20190308111419</YURREF>
    <BGNDAT>20190311</BGNDAT>
    <ENDDAT>20190311</ENDDAT>
  </NTQRYSTYX1>
</CMBSDKPGK>
返回参数：
<?xml version="1.0" encoding="GBK"?><CMBSDKPGK><INFO><DATTYP>2</DATTYP><ERRMSG></ERRMSG><FUNNAM>NTQRYSTY</FUNNAM><LGNNAM>wsxs1977</LGNNAM><RETCOD>0</RETCOD></INFO></CMBSDKPGK>
2019-03-13 16:46:54:请求：请求参数：<?xml version="1.0" encoding="gb2312"?>
<CMBSDKPGK xmlns:xsi="http://www.w3.org/2001/XMLSchema-instance" xmlns:xsd="http://www.w3.org/2001/XMLSchema">
  <INFO>
    <FUNNAM>NTQRYSTY</FUNNAM>
    <DATTYP>2</DATTYP>
    <LGNNAM>wsxs1977</LGNNAM>
  </INFO>
  <NTQRYSTYX1>
    <BUSCOD>N02031</BUSCOD>
    <YURREF>20190308111729</YURREF>
    <BGNDAT>20190311</BGNDAT>
    <ENDDAT>20190311</ENDDAT>
  </NTQRYSTYX1>
</CMBSDKPGK>
返回参数：
<?xml version="1.0" encoding="GBK"?><CMBSDKPGK><INFO><DATTYP>2</DATTYP><ERRMSG></ERRMSG><FUNNAM>NTQRYSTY</FUNNAM><LGNNAM>wsxs1977</LGNNAM><RETCOD>0</RETCOD></INFO></CMBSDKPGK>
2019-03-13 16:46:56:请求：请求参数：<?xml version="1.0" encoding="gb2312"?>
<CMBSDKPGK xmlns:xsi="http://www.w3.org/2001/XMLSchema-instance" xmlns:xsd="http://www.w3.org/2001/XMLSchema">
  <INFO>
    <FUNNAM>NTQRYSTY</FUNNAM>
    <DATTYP>2</DATTYP>
    <LGNNAM>wsxs1977</LGNNAM>
  </INFO>
  <NTQRYSTYX1>
    <BUSCOD>N02031</BUSCOD>
    <YURREF>20190308113334</YURREF>
    <BGNDAT>20190311</BGNDAT>
    <ENDDAT>20190311</ENDDAT>
  </NTQRYSTYX1>
</CMBSDKPGK>
返回参数：
<?xml version="1.0" encoding="GBK"?><CMBSDKPGK><INFO><DATTYP>2</DATTYP><ERRMSG></ERRMSG><FUNNAM>NTQRYSTY</FUNNAM><LGNNAM>wsxs1977</LGNNAM><RETCOD>0</RETCOD></INFO></CMBSDKPGK>
2019-03-13 16:46:58:请求：请求参数：<?xml version="1.0" encoding="gb2312"?>
<CMBSDKPGK xmlns:xsi="http://www.w3.org/2001/XMLSchema-instance" xmlns:xsd="http://www.w3.org/2001/XMLSchema">
  <INFO>
    <FUNNAM>NTQRYSTY</FUNNAM>
    <DATTYP>2</DATTYP>
    <LGNNAM>wsxs1977</LGNNAM>
  </INFO>
  <NTQRYSTYX1>
    <BUSCOD>N02031</BUSCOD>
    <YURREF>20190308113620</YURREF>
    <BGNDAT>20190311</BGNDAT>
    <ENDDAT>20190311</ENDDAT>
  </NTQRYSTYX1>
</CMBSDKPGK>
返回参数：
<?xml version="1.0" encoding="GBK"?><CMBSDKPGK><INFO><DATTYP>2</DATTYP><ERRMSG></ERRMSG><FUNNAM>NTQRYSTY</FUNNAM><LGNNAM>wsxs1977</LGNNAM><RETCOD>0</RETCOD></INFO></CMBSDKPGK>
2019-03-13 16:47:00:请求：请求参数：<?xml version="1.0" encoding="gb2312"?>
<CMBSDKPGK xmlns:xsi="http://www.w3.org/2001/XMLSchema-instance" xmlns:xsd="http://www.w3.org/2001/XMLSchema">
  <INFO>
    <FUNNAM>NTQRYSTY</FUNNAM>
    <DATTYP>2</DATTYP>
    <LGNNAM>wsxs1977</LGNNAM>
  </INFO>
  <NTQRYSTYX1>
    <BUSCOD>N02031</BUSCOD>
    <YURREF>20190308114115</YURREF>
    <BGNDAT>20190311</BGNDAT>
    <ENDDAT>20190311</ENDDAT>
  </NTQRYSTYX1>
</CMBSDKPGK>
返回参数：
<?xml version="1.0" encoding="GBK"?><CMBSDKPGK><INFO><DATTYP>2</DATTYP><ERRMSG></ERRMSG><FUNNAM>NTQRYSTY</FUNNAM><LGNNAM>wsxs1977</LGNNAM><RETCOD>0</RETCOD></INFO></CMBSDKPGK>
2019-03-13 16:47:02:请求：请求参数：<?xml version="1.0" encoding="gb2312"?>
<CMBSDKPGK xmlns:xsi="http://www.w3.org/2001/XMLSchema-instance" xmlns:xsd="http://www.w3.org/2001/XMLSchema">
  <INFO>
    <FUNNAM>NTQRYSTY</FUNNAM>
    <DATTYP>2</DATTYP>
    <LGNNAM>wsxs1977</LGNNAM>
  </INFO>
  <NTQRYSTYX1>
    <BUSCOD>N02031</BUSCOD>
    <YURREF>20190308114217</YURREF>
    <BGNDAT>20190311</BGNDAT>
    <ENDDAT>20190311</ENDDAT>
  </NTQRYSTYX1>
</CMBSDKPGK>
返回参数：
<?xml version="1.0" encoding="GBK"?><CMBSDKPGK><INFO><DATTYP>2</DATTYP><ERRMSG></ERRMSG><FUNNAM>NTQRYSTY</FUNNAM><LGNNAM>wsxs1977</LGNNAM><RETCOD>0</RETCOD></INFO></CMBSDKPGK>
2019-03-13 16:47:05:请求：请求参数：<?xml version="1.0" encoding="gb2312"?>
<CMBSDKPGK xmlns:xsi="http://www.w3.org/2001/XMLSchema-instance" xmlns:xsd="http://www.w3.org/2001/XMLSchema">
  <INFO>
    <FUNNAM>NTQRYSTY</FUNNAM>
    <DATTYP>2</DATTYP>
    <LGNNAM>wsxs1977</LGNNAM>
  </INFO>
  <NTQRYSTYX1>
    <BUSCOD>N02031</BUSCOD>
    <YURREF>20190308115229</YURREF>
    <BGNDAT>20190311</BGNDAT>
    <ENDDAT>20190311</ENDDAT>
  </NTQRYSTYX1>
</CMBSDKPGK>
返回参数：
<?xml version="1.0" encoding="GBK"?><CMBSDKPGK><INFO><DATTYP>2</DATTYP><ERRMSG></ERRMSG><FUNNAM>NTQRYSTY</FUNNAM><LGNNAM>wsxs1977</LGNNAM><RETCOD>0</RETCOD></INFO></CMBSDKPGK>
2019-03-13 16:47:07:请求：请求参数：<?xml version="1.0" encoding="gb2312"?>
<CMBSDKPGK xmlns:xsi="http://www.w3.org/2001/XMLSchema-instance" xmlns:xsd="http://www.w3.org/2001/XMLSchema">
  <INFO>
    <FUNNAM>NTQRYSTY</FUNNAM>
    <DATTYP>2</DATTYP>
    <LGNNAM>wsxs1977</LGNNAM>
  </INFO>
  <NTQRYSTYX1>
    <BUSCOD>N02031</BUSCOD>
    <YURREF>20190308115419</YURREF>
    <BGNDAT>20190311</BGNDAT>
    <ENDDAT>20190311</ENDDAT>
  </NTQRYSTYX1>
</CMBSDKPGK>
返回参数：
<?xml version="1.0" encoding="GBK"?><CMBSDKPGK><INFO><DATTYP>2</DATTYP><ERRMSG></ERRMSG><FUNNAM>NTQRYSTY</FUNNAM><LGNNAM>wsxs1977</LGNNAM><RETCOD>0</RETCOD></INFO></CMBSDKPGK>
2019-03-13 16:47:10:请求：请求参数：<?xml version="1.0" encoding="gb2312"?>
<CMBSDKPGK xmlns:xsi="http://www.w3.org/2001/XMLSchema-instance" xmlns:xsd="http://www.w3.org/2001/XMLSchema">
  <INFO>
    <FUNNAM>NTQRYSTY</FUNNAM>
    <DATTYP>2</DATTYP>
    <LGNNAM>wsxs1977</LGNNAM>
  </INFO>
  <NTQRYSTYX1>
    <BUSCOD>N02031</BUSCOD>
    <YURREF>20190311092632</YURREF>
    <BGNDAT>20190311</BGNDAT>
    <ENDDAT>20190311</ENDDAT>
  </NTQRYSTYX1>
</CMBSDKPGK>
返回参数：
<?xml version="1.0" encoding="GBK"?><CMBSDKPGK><INFO><DATTYP>2</DATTYP><ERRMSG></ERRMSG><FUNNAM>NTQRYSTY</FUNNAM><LGNNAM>wsxs1977</LGNNAM><RETCOD>0</RETCOD></INFO></CMBSDKPGK>
2019-03-13 16:47:15:请求：请求参数：<?xml version="1.0" encoding="gb2312"?>
<CMBSDKPGK xmlns:xsi="http://www.w3.org/2001/XMLSchema-instance" xmlns:xsd="http://www.w3.org/2001/XMLSchema">
  <INFO>
    <FUNNAM>NTQRYSTY</FUNNAM>
    <DATTYP>2</DATTYP>
    <LGNNAM>wsxs1977</LGNNAM>
  </INFO>
  <NTQRYSTYX1>
    <BUSCOD>N02031</BUSCOD>
    <YURREF>20190311160218</YURREF>
    <BGNDAT>20190313</BGNDAT>
    <ENDDAT>20190313</ENDDAT>
  </NTQRYSTYX1>
</CMBSDKPGK>
返回参数：
<?xml version="1.0" encoding="GBK"?><CMBSDKPGK><INFO><DATTYP>2</DATTYP><ERRMSG></ERRMSG><FUNNAM>NTQRYSTY</FUNNAM><LGNNAM>wsxs1977</LGNNAM><RETCOD>0</RETCOD></INFO><NTSTLLSTZ><BUSCOD>N02031</BUSCOD><BUSMOD>00001</BUSMOD><CCYNBR>10</CCYNBR><CRTACC>6214831203792806</CRTACC><CRTNAM>龚梅芳</CRTNAM><DBTACC>120907722510701</DBTACC><DBTBBK>20</DBTBBK><EPTDAT>20190313</EPTDAT><EPTTIM>000000</EPTTIM><OPRDAT>20190313</OPRDAT><REQNBR>1595303223</REQNBR><REQSTS>FIN</REQSTS><RTNFLG>S</RTNFLG><TRSAMT>2410.82</TRSAMT><YURREF>20190311160218</YURREF></NTSTLLSTZ></CMBSDKPGK>
2019-03-13 16:47:17:请求：请求参数：<?xml version="1.0" encoding="gb2312"?>
<CMBSDKPGK xmlns:xsi="http://www.w3.org/2001/XMLSchema-instance" xmlns:xsd="http://www.w3.org/2001/XMLSchema">
  <INFO>
    <FUNNAM>NTQRYSTY</FUNNAM>
    <DATTYP>2</DATTYP>
    <LGNNAM>wsxs1977</LGNNAM>
  </INFO>
  <NTQRYSTYX1>
    <BUSCOD>N02031</BUSCOD>
    <YURREF>20190311161217</YURREF>
    <BGNDAT>20190311</BGNDAT>
    <ENDDAT>20190311</ENDDAT>
  </NTQRYSTYX1>
</CMBSDKPGK>
返回参数：
<?xml version="1.0" encoding="GBK"?><CMBSDKPGK><INFO><DATTYP>2</DATTYP><ERRMSG></ERRMSG><FUNNAM>NTQRYSTY</FUNNAM><LGNNAM>wsxs1977</LGNNAM><RETCOD>0</RETCOD></INFO></CMBSDKPGK>
2019-03-13 16:47:20:请求：请求参数：<?xml version="1.0" encoding="gb2312"?>
<CMBSDKPGK xmlns:xsi="http://www.w3.org/2001/XMLSchema-instance" xmlns:xsd="http://www.w3.org/2001/XMLSchema">
  <INFO>
    <FUNNAM>NTQRYSTY</FUNNAM>
    <DATTYP>2</DATTYP>
    <LGNNAM>wsxs1977</LGNNAM>
  </INFO>
  <NTQRYSTYX1>
    <BUSCOD>N02031</BUSCOD>
    <YURREF>20190311164017</YURREF>
    <BGNDAT>20190313</BGNDAT>
    <ENDDAT>20190313</ENDDAT>
  </NTQRYSTYX1>
</CMBSDKPGK>
返回参数：
<?xml version="1.0" encoding="GBK"?><CMBSDKPGK><INFO><DATTYP>2</DATTYP><ERRMSG></ERRMSG><FUNNAM>NTQRYSTY</FUNNAM><LGNNAM>wsxs1977</LGNNAM><RETCOD>0</RETCOD></INFO><NTSTLLSTZ><BUSCOD>N02031</BUSCOD><BUSMOD>00001</BUSMOD><CCYNBR>10</CCYNBR><CRTACC>6214832024791316</CRTACC><CRTNAM>刘维</CRTNAM><DBTACC>120907722510701</DBTACC><DBTBBK>20</DBTBBK><EPTDAT>20190313</EPTDAT><EPTTIM>000000</EPTTIM><OPRDAT>20190313</OPRDAT><REQNBR>1595303484</REQNBR><REQSTS>FIN</REQSTS><RTNFLG>S</RTNFLG><TRSAMT>544.87</TRSAMT><YURREF>20190311164017</YURREF></NTSTLLSTZ></CMBSDKPGK>
2019-03-13 16:47:22:请求：请求参数：<?xml version="1.0" encoding="gb2312"?>
<CMBSDKPGK xmlns:xsi="http://www.w3.org/2001/XMLSchema-instance" xmlns:xsd="http://www.w3.org/2001/XMLSchema">
  <INFO>
    <FUNNAM>NTQRYSTY</FUNNAM>
    <DATTYP>2</DATTYP>
    <LGNNAM>wsxs1977</LGNNAM>
  </INFO>
  <NTQRYSTYX1>
    <BUSCOD>N02031</BUSCOD>
    <YURREF>20190312151224</YURREF>
    <BGNDAT>20190313</BGNDAT>
    <ENDDAT>20190313</ENDDAT>
  </NTQRYSTYX1>
</CMBSDKPGK>
返回参数：
<?xml version="1.0" encoding="GBK"?><CMBSDKPGK><INFO><DATTYP>2</DATTYP><ERRMSG></ERRMSG><FUNNAM>NTQRYSTY</FUNNAM><LGNNAM>wsxs1977</LGNNAM><RETCOD>0</RETCOD></INFO><NTSTLLSTZ><BUSCOD>N02031</BUSCOD><BUSMOD>00001</BUSMOD><CCYNBR>10</CCYNBR><CRTACC>6214832003599615</CRTACC><CRTNAM>胡姗</CRTNAM><DBTACC>120907722510701</DBTACC><DBTBBK>20</DBTBBK><EPTDAT>20190313</EPTDAT><EPTTIM>000000</EPTTIM><OPRDAT>20190313</OPRDAT><REQNBR>1595302194</REQNBR><REQSTS>FIN</REQSTS><RTNFLG>S</RTNFLG><TRSAMT>716.60</TRSAMT><YURREF>20190312151224</YURREF></NTSTLLSTZ></CMBSDKPGK>
2019-03-13 16:47:24:请求：请求参数：<?xml version="1.0" encoding="gb2312"?>
<CMBSDKPGK xmlns:xsi="http://www.w3.org/2001/XMLSchema-instance" xmlns:xsd="http://www.w3.org/2001/XMLSchema">
  <INFO>
    <FUNNAM>NTQRYSTY</FUNNAM>
    <DATTYP>2</DATTYP>
    <LGNNAM>wsxs1977</LGNNAM>
  </INFO>
  <NTQRYSTYX1>
    <BUSCOD>N02031</BUSCOD>
    <YURREF>20190312151708</YURREF>
    <BGNDAT>20190313</BGNDAT>
    <ENDDAT>20190313</ENDDAT>
  </NTQRYSTYX1>
</CMBSDKPGK>
返回参数：
<?xml version="1.0" encoding="GBK"?><CMBSDKPGK><INFO><DATTYP>2</DATTYP><ERRMSG></ERRMSG><FUNNAM>NTQRYSTY</FUNNAM><LGNNAM>wsxs1977</LGNNAM><RETCOD>0</RETCOD></INFO></CMBSDKPGK>
2019-03-13 16:47:26:请求：请求参数：<?xml version="1.0" encoding="gb2312"?>
<CMBSDKPGK xmlns:xsi="http://www.w3.org/2001/XMLSchema-instance" xmlns:xsd="http://www.w3.org/2001/XMLSchema">
  <INFO>
    <FUNNAM>NTQRYSTY</FUNNAM>
    <DATTYP>2</DATTYP>
    <LGNNAM>wsxs1977</LGNNAM>
  </INFO>
  <NTQRYSTYX1>
    <BUSCOD>N02031</BUSCOD>
    <YURREF>20190312155024</YURREF>
    <BGNDAT>20190313</BGNDAT>
    <ENDDAT>20190313</ENDDAT>
  </NTQRYSTYX1>
</CMBSDKPGK>
返回参数：
<?xml version="1.0" encoding="GBK"?><CMBSDKPGK><INFO><DATTYP>2</DATTYP><ERRMSG></ERRMSG><FUNNAM>NTQRYSTY</FUNNAM><LGNNAM>wsxs1977</LGNNAM><RETCOD>0</RETCOD></INFO><NTSTLLSTZ><BUSCOD>N02031</BUSCOD><BUSMOD>00001</BUSMOD><CCYNBR>10</CCYNBR><CRTACC>6214832028570906</CRTACC><CRTNAM>王世东</CRTNAM><DBTACC>120907722510701</DBTACC><DBTBBK>20</DBTBBK><EPTDAT>20190313</EPTDAT><EPTTIM>000000</EPTTIM><OPRDAT>20190313</OPRDAT><REQNBR>1595302009</REQNBR><REQSTS>FIN</REQSTS><RTNFLG>S</RTNFLG><TRSAMT>952.70</TRSAMT><YURREF>20190312155024</YURREF></NTSTLLSTZ></CMBSDKPGK>
2019-03-13 16:47:29:请求：请求参数：<?xml version="1.0" encoding="gb2312"?>
<CMBSDKPGK xmlns:xsi="http://www.w3.org/2001/XMLSchema-instance" xmlns:xsd="http://www.w3.org/2001/XMLSchema">
  <INFO>
    <FUNNAM>NTQRYSTY</FUNNAM>
    <DATTYP>2</DATTYP>
    <LGNNAM>wsxs1977</LGNNAM>
  </INFO>
  <NTQRYSTYX1>
    <BUSCOD>N02031</BUSCOD>
    <YURREF>20190312155225</YURREF>
    <BGNDAT>20190313</BGNDAT>
    <ENDDAT>20190313</ENDDAT>
  </NTQRYSTYX1>
</CMBSDKPGK>
返回参数：
<?xml version="1.0" encoding="GBK"?><CMBSDKPGK><INFO><DATTYP>2</DATTYP><ERRMSG></ERRMSG><FUNNAM>NTQRYSTY</FUNNAM><LGNNAM>wsxs1977</LGNNAM><RETCOD>0</RETCOD></INFO><NTSTLLSTZ><BUSCOD>N02031</BUSCOD><BUSMOD>00001</BUSMOD><CCYNBR>10</CCYNBR><CRTACC>6214832011325201</CRTACC><CRTNAM>谢黄冰</CRTNAM><DBTACC>120907722510701</DBTACC><DBTBBK>20</DBTBBK><EPTDAT>20190313</EPTDAT><EPTTIM>000000</EPTTIM><OPRDAT>20190313</OPRDAT><REQNBR>1595301708</REQNBR><REQSTS>FIN</REQSTS><RTNFLG>S</RTNFLG><TRSAMT>988.98</TRSAMT><YURREF>20190312155225</YURREF></NTSTLLSTZ></CMBSDKPGK>
2019-03-13 16:47:31:请求：请求参数：<?xml version="1.0" encoding="gb2312"?>
<CMBSDKPGK xmlns:xsi="http://www.w3.org/2001/XMLSchema-instance" xmlns:xsd="http://www.w3.org/2001/XMLSchema">
  <INFO>
    <FUNNAM>NTQRYSTY</FUNNAM>
    <DATTYP>2</DATTYP>
    <LGNNAM>wsxs1977</LGNNAM>
  </INFO>
  <NTQRYSTYX1>
    <BUSCOD>N02031</BUSCOD>
    <YURREF>20190313163815</YURREF>
    <BGNDAT>20190313</BGNDAT>
    <ENDDAT>20190313</ENDDAT>
  </NTQRYSTYX1>
</CMBSDKPGK>
返回参数：
<?xml version="1.0" encoding="GBK"?><CMBSDKPGK><INFO><DATTYP>2</DATTYP><ERRMSG></ERRMSG><FUNNAM>NTQRYSTY</FUNNAM><LGNNAM>wsxs1977</LGNNAM><RETCOD>0</RETCOD></INFO></CMBSDKPGK>
2019-03-13 16:47:33:请求：请求参数：<?xml version="1.0" encoding="gb2312"?>
<CMBSDKPGK xmlns:xsi="http://www.w3.org/2001/XMLSchema-instance" xmlns:xsd="http://www.w3.org/2001/XMLSchema">
  <INFO>
    <FUNNAM>NTQRYSTY</FUNNAM>
    <DATTYP>2</DATTYP>
    <LGNNAM>wsxs1977</LGNNAM>
  </INFO>
  <NTQRYSTYX1>
    <BUSCOD>N02031</BUSCOD>
    <YURREF>20190313165815</YURREF>
    <BGNDAT>20190313</BGNDAT>
    <ENDDAT>20190313</ENDDAT>
  </NTQRYSTYX1>
</CMBSDKPGK>
返回参数：
<?xml version="1.0" encoding="GBK"?><CMBSDKPGK><INFO><DATTYP>2</DATTYP><ERRMSG></ERRMSG><FUNNAM>NTQRYSTY</FUNNAM><LGNNAM>wsxs1977</LGNNAM><RETCOD>0</RETCOD></INFO></CMBSDKPGK>
2019-03-13 16:47:35:请求：请求参数：<?xml version="1.0" encoding="gb2312"?>
<CMBSDKPGK xmlns:xsi="http://www.w3.org/2001/XMLSchema-instance" xmlns:xsd="http://www.w3.org/2001/XMLSchema">
  <INFO>
    <FUNNAM>NTQRYSTY</FUNNAM>
    <DATTYP>2</DATTYP>
    <LGNNAM>wsxs1977</LGNNAM>
  </INFO>
  <NTQRYSTYX1>
    <BUSCOD>N02031</BUSCOD>
    <YURREF>20190313165914</YURREF>
    <BGNDAT>20190313</BGNDAT>
    <ENDDAT>20190313</ENDDAT>
  </NTQRYSTYX1>
</CMBSDKPGK>
返回参数：
<?xml version="1.0" encoding="GBK"?><CMBSDKPGK><INFO><DATTYP>2</DATTYP><ERRMSG></ERRMSG><FUNNAM>NTQRYSTY</FUNNAM><LGNNAM>wsxs1977</LGNNAM><RETCOD>0</RETCOD></INFO></CMBSDKPGK>
2019-03-13 16:47:59:请求：请求参数：<?xml version="1.0" encoding="gb2312"?>
<CMBSDKPGK xmlns:xsi="http://www.w3.org/2001/XMLSchema-instance" xmlns:xsd="http://www.w3.org/2001/XMLSchema">
  <INFO>
    <FUNNAM>NTQRYSTY</FUNNAM>
    <DATTYP>2</DATTYP>
    <LGNNAM>wsxs1977</LGNNAM>
  </INFO>
  <NTQRYSTYX1>
    <BUSCOD>N02031</BUSCOD>
    <YURREF>20190308090223</YURREF>
    <BGNDAT>20190311</BGNDAT>
    <ENDDAT>20190311</ENDDAT>
  </NTQRYSTYX1>
</CMBSDKPGK>
返回参数：
<?xml version="1.0" encoding="GBK"?><CMBSDKPGK><INFO><DATTYP>2</DATTYP><ERRMSG></ERRMSG><FUNNAM>NTQRYSTY</FUNNAM><LGNNAM>wsxs1977</LGNNAM><RETCOD>0</RETCOD></INFO></CMBSDKPGK>
2019-03-13 16:48:10:请求：请求参数：<?xml version="1.0" encoding="gb2312"?>
<CMBSDKPGK xmlns:xsi="http://www.w3.org/2001/XMLSchema-instance" xmlns:xsd="http://www.w3.org/2001/XMLSchema">
  <INFO>
    <FUNNAM>NTQRYSTY</FUNNAM>
    <DATTYP>2</DATTYP>
    <LGNNAM>wsxs1977</LGNNAM>
  </INFO>
  <NTQRYSTYX1>
    <BUSCOD>N02031</BUSCOD>
    <YURREF>20190311092632</YURREF>
    <BGNDAT>20190311</BGNDAT>
    <ENDDAT>20190311</ENDDAT>
  </NTQRYSTYX1>
</CMBSDKPGK>
返回参数：
<?xml version="1.0" encoding="GBK"?><CMBSDKPGK><INFO><DATTYP>2</DATTYP><ERRMSG></ERRMSG><FUNNAM>NTQRYSTY</FUNNAM><LGNNAM>wsxs1977</LGNNAM><RETCOD>0</RETCOD></INFO></CMBSDKPGK>
2019-03-13 16:50:35:请求：请求参数：<?xml version="1.0" encoding="gb2312"?>
<CMBSDKPGK xmlns:xsi="http://www.w3.org/2001/XMLSchema-instance" xmlns:xsd="http://www.w3.org/2001/XMLSchema">
  <INFO>
    <FUNNAM>NTQRYSTY</FUNNAM>
    <DATTYP>2</DATTYP>
    <LGNNAM>wsxs1977</LGNNAM>
  </INFO>
  <NTQRYSTYX1>
    <BUSCOD>N02031</BUSCOD>
    <YURREF>20190311092632</YURREF>
    <BGNDAT>20190311</BGNDAT>
    <ENDDAT>20190311</ENDDAT>
  </NTQRYSTYX1>
</CMBSDKPGK>
返回参数：
<?xml version="1.0" encoding="GBK"?><CMBSDKPGK><INFO><DATTYP>2</DATTYP><ERRMSG></ERRMSG><FUNNAM>NTQRYSTY</FUNNAM><LGNNAM>wsxs1977</LGNNAM><RETCOD>0</RETCOD></INFO></CMBSDKPGK>
2019-03-13 17:22:13:请求：请求参数：<?xml version="1.0" encoding="gb2312"?>
<CMBSDKPGK xmlns:xsi="http://www.w3.org/2001/XMLSchema-instance" xmlns:xsd="http://www.w3.org/2001/XMLSchema">
  <INFO>
    <FUNNAM>GetTransInfo</FUNNAM>
    <DATTYP>2</DATTYP>
    <LGNNAM>yueji1</LGNNAM>
  </INFO>
  <SDKTSINFX>
    <C_BBKNBR>广州</C_BBKNBR>
    <ACCNBR>120910321110801</ACCNBR>
    <BGNDAT>20190313</BGNDAT>
    <ENDDAT>20190313</ENDDAT>
    <LOWAMT>0</LOWAMT>
    <HGHAMT>0</HGHAMT>
  </SDKTSINFX>
</CMBSDKPGK>
返回参数：
<?xml version="1.0" encoding="GBK"?><CMBSDKPGK><INFO><DATTYP>2</DATTYP><ERRMSG></ERRMSG><FUNNAM>GetTransInfo</FUNNAM><LGNNAM>yueji1</LGNNAM><RETCOD>0</RETCOD></INFO><NTQTSINFZ><AMTCDR>C</AMTCDR><APDFLG>Y</APDFLG><ATHFLG></ATHFLG><BBKNBR>20</BBKNBR><CHKNBR></CHKNBR><C_ATHFLG>无</C_ATHFLG><C_BBKNBR>广州</C_BBKNBR><C_ETYDAT>2019年03月13日</C_ETYDAT><C_GSBBBK></C_GSBBBK><C_RPYBBK></C_RPYBBK><C_TRSAMT>3,736.50</C_TRSAMT><C_TRSAMTC>3,736.50</C_TRSAMTC><C_TRSBLV>3,573,388.28</C_TRSBLV><C_VLTDAT>2019年03月13日</C_VLTDAT><ETYDAT>20190313</ETYDAT><ETYTIM>093735</ETYTIM><GSBBBK></GSBBBK><NAREXT>19R1001552736</NAREXT><NARYUR>转账</NARYUR><REFNBR>G9586800019327C</REFNBR><REFSUB></REFSUB><RPYACC>6214837576593523</RPYACC><RPYADR>佛山分行南海支行</RPYADR><RPYBBK></RPYBBK><RPYBNK>招商银行</RPYBNK><RPYNAM>张芳芳</RPYNAM><RSV30Z>**</RSV30Z><RSV31Z>10</RSV31Z><RSV50Z></RSV50Z><TRSAMT>3736.50</TRSAMT><TRSAMTC>3736.50</TRSAMTC><TRSANL>CPGATR</TRSANL><TRSBLV>3573388.28</TRSBLV><TRSCOD>CPUA</TRSCOD><VLTDAT>20190313</VLTDAT><YURREF></YURREF></NTQTSINFZ><NTQTSINFZ><AMTCDR>C</AMTCDR><APDFLG>Y</APDFLG><ATHFLG></ATHFLG><BBKNBR>20</BBKNBR><CHKNBR></CHKNBR><C_ATHFLG>无</C_ATHFLG><C_BBKNBR>广州</C_BBKNBR><C_ETYDAT>2019年03月13日</C_ETYDAT><C_GSBBBK></C_GSBBBK><C_RPYBBK></C_RPYBBK><C_TRSAMT>25,410.00</C_TRSAMT><C_TRSAMTC>25,410.00</C_TRSAMTC><C_TRSBLV>3,598,798.28</C_TRSBLV><C_VLTDAT>2019年03月13日</C_VLTDAT><ETYDAT>20190313</ETYDAT><ETYTIM>094614</ETYTIM><GSBBBK></GSBBBK><NAREXT>19R4001651015</NAREXT><NARYUR>膜法世家货款</NARYUR><REFNBR>G9586800021803C</REFNBR><REFSUB></REFSUB><RPYACC>10157201040022225</RPYACC><RPYBBK></RPYBBK><RPYBNK>中国农业银行股份有限公司扬州邗江支行</RPYBNK><RPYNAM>扬州慧峰化妆品有限公司</RPYNAM><RSV30Z>**</RSV30Z><RSV31Z>10</RSV31Z><RSV50Z></RSV50Z><TRSAMT>25410.00</TRSAMT><TRSAMTC>25410.00</TRSAMTC><TRSANL>CPGATR</TRSANL><TRSBLV>3598798.28</TRSBLV><TRSCOD>CPUA</TRSCOD><VLTDAT>20190313</VLTDAT><YURREF></YURREF></NTQTSINFZ><NTQTSINFZ><AMTCDR>C</AMTCDR><APDFLG>Y</APDFLG><ATHFLG></ATHFLG><BBKNBR>20</BBKNBR><CHKNBR></CHKNBR><C_ATHFLG>无</C_ATHFLG><C_BBKNBR>广州</C_BBKNBR><C_ETYDAT>2019年03月13日</C_ETYDAT><C_GSBBBK></C_GSBBBK><C_RPYBBK></C_RPYBBK><C_TRSAMT>150,414.80</C_TRSAMT><C_TRSAMTC>150,414.80</C_TRSAMTC><C_TRSBLV>3,749,213.08</C_TRSBLV><C_VLTDAT>2019年03月13日</C_VLTDAT><ETYDAT>20190313</ETYDAT><ETYTIM>135421</ETYTIM><GSBBBK></GSBBBK><NAREXT>19R3001577342</NAREXT><NARYUR>货款</NARYUR><REFNBR>G9586900086848C</REFNBR><REFSUB></REFSUB><RPYACC>12289101040007633</RPYACC><RPYBBK></RPYBBK><RPYBNK>中国农业银行股份有限公司合肥华府骏苑支行</RPYBNK><RPYNAM>安徽聚优品供应链科技发展有限公司</RPYNAM><RSV30Z>**</RSV30Z><RSV31Z>10</RSV31Z><RSV50Z></RSV50Z><TRSAMT>150414.80</TRSAMT><TRSAMTC>150414.80</TRSAMTC><TRSANL>CPGATR</TRSANL><TRSBLV>3749213.08</TRSBLV><TRSCOD>CPUA</TRSCOD><VLTDAT>20190313</VLTDAT><YURREF></YURREF></NTQTSINFZ><NTQTSINFZ><AMTCDR>C</AMTCDR><APDFLG>Y</APDFLG><ATHFLG></ATHFLG><BBKNBR>20</BBKNBR><CHKNBR></CHKNBR><C_ATHFLG>无</C_ATHFLG><C_BBKNBR>广州</C_BBKNBR><C_ETYDAT>2019年03月13日</C_ETYDAT><C_GSBBBK></C_GSBBBK><C_RPYBBK></C_RPYBBK><C_TRSAMT>100,000.00</C_TRSAMT><C_TRSAMTC>100,000.00</C_TRSAMTC><C_TRSBLV>3,849,213.08</C_TRSBLV><C_VLTDAT>2019年03月13日</C_VLTDAT><ETYDAT>20190313</ETYDAT><ETYTIM>142213</ETYTIM><GSBBBK></GSBBBK><NAREXT>19R2001542648</NAREXT><NARYUR>附言：膜法货款备注：跨行转出</NARYUR><REFNBR>G9586900094342C</REFNBR><REFSUB></REFSUB><RPYACC>6227000733320505570</RPYACC><RPYBBK></RPYBBK><RPYBNK>中国建设银行辽宁省分行</RPYBNK><RPYNAM>胡雷</RPYNAM><RSV30Z>**</RSV30Z><RSV31Z>10</RSV31Z><RSV50Z></RSV50Z><TRSAMT>100000.00</TRSAMT><TRSAMTC>100000.00</TRSAMTC><TRSANL>CPGATR</TRSANL><TRSBLV>3849213.08</TRSBLV><TRSCOD>CPUA</TRSCOD><VLTDAT>20190313</VLTDAT><YURREF></YURREF></NTQTSINFZ><NTQTSINFZ><AMTCDR>C</AMTCDR><APDFLG>Y</APDFLG><ATHFLG></ATHFLG><BBKNBR>20</BBKNBR><CHKNBR></CHKNBR><C_ATHFLG>无</C_ATHFLG><C_BBKNBR>广州</C_BBKNBR><C_ETYDAT>2019年03月13日</C_ETYDAT><C_GSBBBK></C_GSBBBK><C_RPYBBK></C_RPYBBK><C_TRSAMT>50,054.40</C_TRSAMT><C_TRSAMTC>50,054.40</C_TRSAMTC><C_TRSBLV>3,899,267.48</C_TRSBLV><C_VLTDAT>2019年03月13日</C_VLTDAT><ETYDAT>20190313</ETYDAT><ETYTIM>143701</ETYTIM><GSBBBK></GSBBBK><NAREXT>19R9001641285</NAREXT><REFNBR>G9586800098923C</REFNBR><REFSUB></REFSUB><RPYACC>62176032090016529</RPYACC><RPYBBK></RPYBBK><RPYBNK>包商银行股份有限公司鄂尔多斯纺织街支行</RPYBNK><RPYNAM>林儒昕</RPYNAM><RSV30Z>**</RSV30Z><RSV31Z>10</RSV31Z><RSV50Z></RSV50Z><TRSAMT>50054.40</TRSAMT><TRSAMTC>50054.40</TRSAMTC><TRSANL>CPGATR</TRSANL><TRSBLV>3899267.48</TRSBLV><TRSCOD>CPUA</TRSCOD><VLTDAT>20190313</VLTDAT><YURREF></YURREF></NTQTSINFZ><NTQTSINFZ><AMTCDR>C</AMTCDR><APDFLG>Y</APDFLG><ATHFLG></ATHFLG><BBKNBR>20</BBKNBR><CHKNBR></CHKNBR><C_ATHFLG>无</C_ATHFLG><C_BBKNBR>广州</C_BBKNBR><C_ETYDAT>2019年03月13日</C_ETYDAT><C_GSBBBK></C_GSBBBK><C_RPYBBK></C_RPYBBK><C_TRSAMT>64,520.00</C_TRSAMT><C_TRSAMTC>64,520.00</C_TRSAMTC><C_TRSBLV>3,963,787.48</C_TRSBLV><C_VLTDAT>2019年03月13日</C_VLTDAT><ETYDAT>20190313</ETYDAT><ETYTIM>144910</ETYTIM><GSBBBK></GSBBBK><NAREXT>19R4001666208</NAREXT><NARYUR>货款</NARYUR><REFNBR>G9586900102948C</REFNBR><REFSUB></REFSUB><RPYACC>691542953</RPYACC><RPYBBK></RPYBBK><RPYBNK>中国民生银行股份有限公司长沙高桥支行</RPYBNK><RPYNAM>湖南岚润化妆品有限公司</RPYNAM><RSV30Z>**</RSV30Z><RSV31Z>10</RSV31Z><RSV50Z></RSV50Z><TRSAMT>64520.00</TRSAMT><TRSAMTC>64520.00</TRSAMTC><TRSANL>CPGATR</TRSANL><TRSBLV>3963787.48</TRSBLV><TRSCOD>CPUA</TRSCOD><VLTDAT>20190313</VLTDAT><YURREF></YURREF></NTQTSINFZ><NTQTSINFZ><AMTCDR>C</AMTCDR><APDFLG>Y</APDFLG><ATHFLG></ATHFLG><BBKNBR>20</BBKNBR><CHKNBR></CHKNBR><C_ATHFLG>无</C_ATHFLG><C_BBKNBR>广州</C_BBKNBR><C_ETYDAT>2019年03月13日</C_ETYDAT><C_GSBBBK></C_GSBBBK><C_RPYBBK></C_RPYBBK><C_TRSAMT>1,500.00</C_TRSAMT><C_TRSAMTC>1,500.00</C_TRSAMTC><C_TRSBLV>3,965,287.48</C_TRSBLV><C_VLTDAT>2019年03月13日</C_VLTDAT><ETYDAT>20190313</ETYDAT><ETYTIM>152710</ETYTIM><GSBBBK></GSBBBK><NAREXT>19R9001644617</NAREXT><NARYUR>云南区域段学容借支店铺备用金退回</NARYUR><REFNBR>C0717900022416C</REFNBR><REFSUB></REFSUB><RPYACC>6214831203526378</RPYACC><RPYADR>广州分行东山支行</RPYADR><RPYBBK></RPYBBK><RPYBNK>招商银行</RPYBNK><RPYNAM>杜玲玉</RPYNAM><RSV30Z>**</RSV30Z><RSV31Z>10</RSV31Z><RSV50Z></RSV50Z><TRSAMT>1500.00</TRSAMT><TRSAMTC>1500.00</TRSAMTC><TRSANL>CPGATR</TRSANL><TRSBLV>3965287.48</TRSBLV><TRSCOD>CPUA</TRSCOD><VLTDAT>20190313</VLTDAT><YURREF></YURREF></NTQTSINFZ><NTQTSINFZ><AMTCDR>C</AMTCDR><APDFLG>Y</APDFLG><ATHFLG></ATHFLG><BBKNBR>20</BBKNBR><CHKNBR></CHKNBR><C_ATHFLG>无</C_ATHFLG><C_BBKNBR>广州</C_BBKNBR><C_ETYDAT>2019年03月13日</C_ETYDAT><C_GSBBBK></C_GSBBBK><C_RPYBBK></C_RPYBBK><C_TRSAMT>11,033.00</C_TRSAMT><C_TRSAMTC>11,033.00</C_TRSAMTC><C_TRSBLV>3,976,320.48</C_TRSBLV><C_VLTDAT>2019年03月13日</C_VLTDAT><ETYDAT>20190313</ETYDAT><ETYTIM>153741</ETYTIM><GSBBBK></GSBBBK><NAREXT>19R7001677037</NAREXT><NARYUR>退微商城代收款</NARYUR><REFNBR>C0699900021232C</REFNBR><REFSUB></REFSUB><RPYACC>927311001000098686</RPYACC><RPYBBK></RPYBBK><RPYBNK>广州农村商业银行股份有限公司</RPYBNK><RPYNAM>广州市钻汇商贸集团有限公司</RPYNAM><RSV30Z>**</RSV30Z><RSV31Z>10</RSV31Z><RSV50Z></RSV50Z><TRSAMT>11033.00</TRSAMT><TRSAMTC>11033.00</TRSAMTC><TRSANL>CPGATR</TRSANL><TRSBLV>3976320.48</TRSBLV><TRSCOD>CPUA</TRSCOD><VLTDAT>20190313</VLTDAT><YURREF></YURREF></NTQTSINFZ><NTQTSINFZ><AMTCDR>D</AMTCDR><APDFLG>Y</APDFLG><ATHFLG>N</ATHFLG><BBKNBR>20</BBKNBR><BUSNAM>企业银行移动支票</BUSNAM><C_ATHFLG>无</C_ATHFLG><C_BBKNBR>广州</C_BBKNBR><C_ETYDAT>2019年03月13日</C_ETYDAT><C_GSBBBK></C_GSBBBK><C_RPYBBK></C_RPYBBK><C_TRSAMT>10,913.68</C_TRSAMT><C_TRSAMTD>10,913.68</C_TRSAMTD><C_TRSBLV>3,965,406.80</C_TRSBLV><C_VLTDAT>2019年03月13日</C_VLTDAT><ETYDAT>20190313</ETYDAT><ETYTIM>164656</ETYTIM><GSBBBK></GSBBBK><INFFLG>1</INFFLG><NAREXT>19S9003115482</NAREXT><NARYUR>租金管理费及电费</NARYUR><REFNBR>G6006700174203C</REFNBR><REFSUB></REFSUB><REQNBR>1595344214</REQNBR><RPYACC>9558854000001511380</RPYACC><RPYADR>广东省深圳市</RPYADR><RPYBBK></RPYBBK><RPYBNK>中国工商银行股份有限公司深圳红围支行</RPYBNK><RPYNAM>沃尔玛（中国）投资有限公司</RPYNAM><RSV30Z>**</RSV30Z><RSV31Z>10</RSV31Z><RSV50Z></RSV50Z><TRSAMT>-10913.68</TRSAMT><TRSAMTD>10913.68</TRSAMTD><TRSANL>CPGATR</TRSANL><TRSBLV>3965406.80</TRSBLV><TRSCOD>CPAA</TRSCOD><VLTDAT>20190313</VLTDAT><YURREF>0059247402</YURREF></NTQTSINFZ><NTQTSINFZ><AMTCDR>D</AMTCDR><APDFLG>Y</APDFLG><ATHFLG>N</ATHFLG><BBKNBR>20</BBKNBR><BUSNAM>企业银行移动支票</BUSNAM><C_ATHFLG>无</C_ATHFLG><C_BBKNBR>广州</C_BBKNBR><C_ETYDAT>2019年03月13日</C_ETYDAT><C_GSBBBK></C_GSBBBK><C_RPYBBK></C_RPYBBK><C_TRSAMT>226.00</C_TRSAMT><C_TRSAMTD>226.00</C_TRSAMTD><C_TRSBLV>3,965,180.80</C_TRSBLV><C_VLTDAT>2019年03月13日</C_VLTDAT><ETYDAT>20190313</ETYDAT><ETYTIM>164656</ETYTIM><GSBBBK></GSBBBK><INFFLG>1</INFFLG><NAREXT>19S1003118937</NAREXT><NARYUR>货款</NARYUR><REFNBR>G6006700174205C</REFNBR><REFSUB></REFSUB><REQNBR>1595344216</REQNBR><RPYACC>3602015209200728392</RPYACC><RPYADR>广东省广州市</RPYADR><RPYBBK></RPYBBK><RPYBNK>中国工商银行股份有限公司广州环城支行</RPYBNK><RPYNAM>广州臻美斯陈列制品有限公司</RPYNAM><RSV30Z>**</RSV30Z><RSV31Z>10</RSV31Z><RSV50Z></RSV50Z><TRSAMT>-226.00</TRSAMT><TRSAMTD>226.00</TRSAMTD><TRSANL>CPGATR</TRSANL><TRSBLV>3965180.80</TRSBLV><TRSCOD>CPAA</TRSCOD><VLTDAT>20190313</VLTDAT><YURREF>0059247403</YURREF></NTQTSINFZ><NTQTSINFZ><AMTCDR>D</AMTCDR><APDFLG>Y</APDFLG><ATHFLG>N</ATHFLG><BBKNBR>20</BBKNBR><BUSNAM>企业银行移动支票</BUSNAM><C_ATHFLG>无</C_ATHFLG><C_BBKNBR>广州</C_BBKNBR><C_ETYDAT>2019年03月13日</C_ETYDAT><C_GSBBBK></C_GSBBBK><C_RPYBBK></C_RPYBBK><C_TRSAMT>2,368.45</C_TRSAMT><C_TRSAMTD>2,368.45</C_TRSAMTD><C_TRSBLV>3,962,812.35</C_TRSBLV><C_VLTDAT>2019年03月13日</C_VLTDAT><ETYDAT>20190313</ETYDAT><ETYTIM>164656</ETYTIM><GSBBBK></GSBBBK><INFFLG>1</INFFLG><NAREXT>19S8003078565</NAREXT><NARYUR>管理费</NARYUR><REFNBR>G6006700174207C</REFNBR><REFSUB></REFSUB><REQNBR>1595344218</REQNBR><RPYACC>06291899000000365</RPYACC><RPYADR>广东省广州市</RPYADR><RPYBBK></RPYBBK><RPYBNK>广州农村商业银行股份有限公司番禺支行</RPYBNK><RPYNAM>广州政贤物业管理有限公司</RPYNAM><RSV30Z>**</RSV30Z><RSV31Z>10</RSV31Z><RSV50Z></RSV50Z><TRSAMT>-2368.45</TRSAMT><TRSAMTD>2368.45</TRSAMTD><TRSANL>CPGATR</TRSANL><TRSBLV>3962812.35</TRSBLV><TRSCOD>CPAA</TRSCOD><VLTDAT>20190313</VLTDAT><YURREF>0059247404</YURREF></NTQTSINFZ><NTQTSINFZ><AMTCDR>D</AMTCDR><APDFLG>Y</APDFLG><ATHFLG>N</ATHFLG><BBKNBR>20</BBKNBR><BUSNAM>企业银行移动支票</BUSNAM><C_ATHFLG>无</C_ATHFLG><C_BBKNBR>广州</C_BBKNBR><C_ETYDAT>2019年03月13日</C_ETYDAT><C_GSBBBK></C_GSBBBK><C_RPYBBK></C_RPYBBK><C_TRSAMT>556.34</C_TRSAMT><C_TRSAMTD>556.34</C_TRSAMTD><C_TRSBLV>3,962,256.01</C_TRSBLV><C_VLTDAT>2019年03月13日</C_VLTDAT><ETYDAT>20190313</ETYDAT><ETYTIM>164656</ETYTIM><GSBBBK></GSBBBK><INFFLG>1</INFFLG><NAREXT>19S6003126429</NAREXT><NARYUR>水电费</NARYUR><REFNBR>G6006700174209C</REFNBR><REFSUB></REFSUB><REQNBR>1595344219</REQNBR><RPYACC>82090078801100000018</RPYACC><RPYADR>广东省广州市</RPYADR><RPYBBK></RPYBBK><RPYBNK>上海浦东发展银行股份有限公司广州锦城支行</RPYBNK><RPYNAM>广东永旺天河城商业有限公司广州骏壹万邦广场分公司</RPYNAM><RSV30Z>**</RSV30Z><RSV31Z>10</RSV31Z><RSV50Z></RSV50Z><TRSAMT>-556.34</TRSAMT><TRSAMTD>556.34</TRSAMTD><TRSANL>CPGATR</TRSANL><TRSBLV>3962256.01</TRSBLV><TRSCOD>CPAA</TRSCOD><VLTDAT>20190313</VLTDAT><YURREF>0059247405</YURREF></NTQTSINFZ><NTQTSINFZ><AMTCDR>D</AMTCDR><APDFLG>Y</APDFLG><ATHFLG>N</ATHFLG><BBKNBR>20</BBKNBR><BUSNAM>企业银行移动支票</BUSNAM><C_ATHFLG>无</C_ATHFLG><C_BBKNBR>广州</C_BBKNBR><C_ETYDAT>2019年03月13日</C_ETYDAT><C_GSBBBK></C_GSBBBK><C_RPYBBK></C_RPYBBK><C_TRSAMT>35,943.20</C_TRSAMT><C_TRSAMTD>35,943.20</C_TRSAMTD><C_TRSBLV>3,926,312.81</C_TRSBLV><C_VLTDAT>2019年03月13日</C_VLTDAT><ETYDAT>20190313</ETYDAT><ETYTIM>164656</ETYTIM><GSBBBK></GSBBBK><INFFLG>1</INFFLG><NAREXT>19S3003118708</NAREXT><NARYUR>妆前乳货款</NARYUR><REFNBR>G6006700174211C</REFNBR><REFSUB></REFSUB><REQNBR>1595344220</REQNBR><RPYACC>7094459822001</RPYACC><RPYADR>广东省广州市</RPYADR><RPYBBK></RPYBBK><RPYBNK>中国银行股份有限公司广州花都镜湖大道支行</RPYBNK><RPYNAM>广州悦目生物科技有限公司</RPYNAM><RSV30Z>**</RSV30Z><RSV31Z>10</RSV31Z><RSV50Z></RSV50Z><TRSAMT>-35943.20</TRSAMT><TRSAMTD>35943.20</TRSAMTD><TRSANL>CPGATR</TRSANL><TRSBLV>3926312.81</TRSBLV><TRSCOD>CPAA</TRSCOD><VLTDAT>20190313</VLTDAT><YURREF>0059247406</YURREF></NTQTSINFZ><NTQTSINFZ><AMTCDR>D</AMTCDR><APDFLG>Y</APDFLG><ATHFLG>N</ATHFLG><BBKNBR>20</BBKNBR><BUSNAM>企业银行移动支票</BUSNAM><C_ATHFLG>无</C_ATHFLG><C_BBKNBR>广州</C_BBKNBR><C_ETYDAT>2019年03月13日</C_ETYDAT><C_GSBBBK></C_GSBBBK><C_RPYBBK></C_RPYBBK><C_TRSAMT>30,000.00</C_TRSAMT><C_TRSAMTD>30,000.00</C_TRSAMTD><C_TRSBLV>3,896,312.81</C_TRSBLV><C_VLTDAT>2019年03月13日</C_VLTDAT><ETYDAT>20190313</ETYDAT><ETYTIM>164656</ETYTIM><GSBBBK></GSBBBK><INFFLG>1</INFFLG><NAREXT>19S8003078566</NAREXT><NARYUR>外场租金、质量保证金、履约保证金</NARYUR><REFNBR>G6006700174213C</REFNBR><REFSUB></REFSUB><REQNBR>1595344221</REQNBR><RPYACC>124905487310101</RPYACC><RPYADR>辽宁省沈阳市</RPYADR><RPYBBK></RPYBBK><RPYBNK>招商银行</RPYBNK><RPYNAM>沈阳万达广场商业管理有限公司</RPYNAM><RSV30Z>**</RSV30Z><RSV31Z>10</RSV31Z><RSV50Z></RSV50Z><TRSAMT>-30000.00</TRSAMT><TRSAMTD>30000.00</TRSAMTD><TRSANL>CPGATR</TRSANL><TRSBLV>3896312.81</TRSBLV><TRSCOD>CPAA</TRSCOD><VLTDAT>20190313</VLTDAT><YURREF>0059247407</YURREF></NTQTSINFZ><NTQTSINFZ><AMTCDR>C</AMTCDR><APDFLG>Y</APDFLG><ATHFLG>N</ATHFLG><BBKNBR>20</BBKNBR><BUSNAM>企业银行支付</BUSNAM><C_ATHFLG>无</C_ATHFLG><C_BBKNBR>广州</C_BBKNBR><C_ETYDAT>2019年03月13日</C_ETYDAT><C_GSBBBK></C_GSBBBK><C_RPYBBK></C_RPYBBK><C_TRSAMT>6,800.00</C_TRSAMT><C_TRSAMTC>6,800.00</C_TRSAMTC><C_TRSBLV>3,903,112.81</C_TRSBLV><C_VLTDAT>2019年03月13日</C_VLTDAT><ETYDAT>20190313</ETYDAT><ETYTIM>171710</ETYTIM><GSBBBK></GSBBBK><NAREXT>19S8003081610</NAREXT><NARYUR>南昌品色体验柜款</NARYUR><REFNBR>G6010600084428C</REFNBR><REFSUB></REFSUB><REQNBR>1595392986</REQNBR><RPYACC>791904410710188</RPYACC><RPYADR>江西省南昌市</RPYADR><RPYBBK></RPYBBK><RPYBNK>招商银行南昌分行江铃支行</RPYBNK><RPYNAM>南昌品色化妆品有限公司</RPYNAM><RSV30Z>**</RSV30Z><RSV31Z>10</RSV31Z><RSV50Z></RSV50Z><TRSAMT>6800.00</TRSAMT><TRSAMTC>6800.00</TRSAMTC><TRSANL>CPGATR</TRSANL><TRSBLV>3903112.81</TRSBLV><TRSCOD>CPUA</TRSCOD><VLTDAT>20190313</VLTDAT><YURREF>20190313171947</YURREF></NTQTSINFZ></CMBSDKPGK>
