2019-02-18 9:20:29:请求：请求参数：<?xml version="1.0" encoding="gb2312"?>
<CMBSDKPGK xmlns:xsi="http://www.w3.org/2001/XMLSchema-instance" xmlns:xsd="http://www.w3.org/2001/XMLSchema">
  <INFO>
    <FUNNAM>GetTransInfo</FUNNAM>
    <DATTYP>2</DATTYP>
    <LGNNAM>银企直连测试用户45</LGNNAM>
  </INFO>
  <SDKTSINFX>
    <BBKNBR>75</BBKNBR>
    <C_BBKNBR>广州</C_BBKNBR>
    <ACCNBR>755915712110815</ACCNBR>
    <BGNDAT>20180218</BGNDAT>
    <ENDDAT>20180218</ENDDAT>
    <LOWAMT>0</LOWAMT>
    <HGHAMT>0</HGHAMT>
  </SDKTSINFX>
</CMBSDKPGK>
返回参数：
<?xml version="1.0" encoding="GBK"?><CMBSDKPGK><INFO><DATTYP>2</DATTYP><ERRMSG></ERRMSG><FUNNAM>GetTransInfo</FUNNAM><LGNNAM>银企直连测试用户45</LGNNAM><RETCOD>0</RETCOD></INFO><NTQTSINFZ><AMTCDR>C</AMTCDR><APDFLG>Y</APDFLG><ATHFLG>N</ATHFLG><BBKNBR>75</BBKNBR><BUSNAM>企业银行直接支付</BUSNAM><C_ATHFLG>无</C_ATHFLG><C_BBKNBR>深圳</C_BBKNBR><C_ETYDAT>2018年02月18日</C_ETYDAT><C_GSBBBK></C_GSBBBK><C_RPYBBK></C_RPYBBK><C_TRSAMT>1.00</C_TRSAMT><C_TRSAMTC>1.00</C_TRSAMTC><C_TRSBLV>1,001,213.78</C_TRSBLV><C_VLTDAT>2018年02月18日</C_VLTDAT><ETYDAT>20180218</ETYDAT><ETYTIM>155110</ETYTIM><GSBBBK></GSBBBK><NAREXT>18S2000021428</NAREXT><NARYUR>测试直接付款操作</NARYUR><REFNBR>G1179300006487C</REFNBR><REFSUB></REFSUB><REQNBR>0030087057</REQNBR><RPYACC>755915712110113</RPYACC><RPYADR>广东省深圳市</RPYADR><RPYBBK></RPYBBK><RPYBNK>招商银行深圳分行营业部</RPYBNK><RPYNAM>企业网银新20161395</RPYNAM><RSV30Z>**</RSV30Z><RSV31Z>10</RSV31Z><RSV50Z></RSV50Z><TRSAMT>1.00</TRSAMT><TRSAMTC>1.00</TRSAMTC><TRSANL>CPGATR</TRSANL><TRSBLV>1001213.78</TRSBLV><TRSCOD>CPUA</TRSCOD><VLTDAT>20180218</VLTDAT><YURREF>20190130144619</YURREF></NTQTSINFZ><NTQTSINFZ><AMTCDR>C</AMTCDR><APDFLG>Y</APDFLG><ATHFLG>N</ATHFLG><BBKNBR>75</BBKNBR><BUSNAM>企业银行直接支付</BUSNAM><C_ATHFLG>无</C_ATHFLG><C_BBKNBR>深圳</C_BBKNBR><C_ETYDAT>2018年02月18日</C_ETYDAT><C_GSBBBK></C_GSBBBK><C_RPYBBK></C_RPYBBK><C_TRSAMT>1.00</C_TRSAMT><C_TRSAMTC>1.00</C_TRSAMTC><C_TRSBLV>1,001,214.78</C_TRSBLV><C_VLTDAT>2018年02月18日</C_VLTDAT><ETYDAT>20180218</ETYDAT><ETYTIM>155110</ETYTIM><GSBBBK></GSBBBK><NAREXT>18S4000021063</NAREXT><NARYUR>测试直接付款操作</NARYUR><REFNBR>G1179300006489C</REFNBR><REFSUB></REFSUB><REQNBR>0030087079</REQNBR><RPYACC>755915712110113</RPYACC><RPYADR>广东省深圳市</RPYADR><RPYBBK></RPYBBK><RPYBNK>招商银行深圳分行营业部</RPYBNK><RPYNAM>企业网银新20161395</RPYNAM><RSV30Z>**</RSV30Z><RSV31Z>10</RSV31Z><RSV50Z></RSV50Z><TRSAMT>1.00</TRSAMT><TRSAMTC>1.00</TRSAMTC><TRSANL>CPGATR</TRSANL><TRSBLV>1001214.78</TRSBLV><TRSCOD>CPUA</TRSCOD><VLTDAT>20180218</VLTDAT><YURREF>20190130143545</YURREF></NTQTSINFZ></CMBSDKPGK>
2019-02-18 9:21:12:请求：请求参数：<?xml version="1.0" encoding="gb2312"?>
<CMBSDKPGK xmlns:xsi="http://www.w3.org/2001/XMLSchema-instance" xmlns:xsd="http://www.w3.org/2001/XMLSchema">
  <INFO>
    <FUNNAM>GetTransInfo</FUNNAM>
    <DATTYP>2</DATTYP>
    <LGNNAM>银企直连测试用户45</LGNNAM>
  </INFO>
  <SDKTSINFX>
    <BBKNBR>75</BBKNBR>
    <C_BBKNBR>广州</C_BBKNBR>
    <ACCNBR>755915712110815</ACCNBR>
    <BGNDAT>20180218</BGNDAT>
    <ENDDAT>20180218</ENDDAT>
    <LOWAMT>0</LOWAMT>
    <HGHAMT>0</HGHAMT>
  </SDKTSINFX>
</CMBSDKPGK>
返回参数：
<?xml version="1.0" encoding="GBK"?><CMBSDKPGK><INFO><DATTYP>2</DATTYP><ERRMSG></ERRMSG><FUNNAM>GetTransInfo</FUNNAM><LGNNAM>银企直连测试用户45</LGNNAM><RETCOD>0</RETCOD></INFO><NTQTSINFZ><AMTCDR>C</AMTCDR><APDFLG>Y</APDFLG><ATHFLG>N</ATHFLG><BBKNBR>75</BBKNBR><BUSNAM>企业银行直接支付</BUSNAM><C_ATHFLG>无</C_ATHFLG><C_BBKNBR>深圳</C_BBKNBR><C_ETYDAT>2018年02月18日</C_ETYDAT><C_GSBBBK></C_GSBBBK><C_RPYBBK></C_RPYBBK><C_TRSAMT>1.00</C_TRSAMT><C_TRSAMTC>1.00</C_TRSAMTC><C_TRSBLV>1,001,213.78</C_TRSBLV><C_VLTDAT>2018年02月18日</C_VLTDAT><ETYDAT>20180218</ETYDAT><ETYTIM>155110</ETYTIM><GSBBBK></GSBBBK><NAREXT>18S2000021428</NAREXT><NARYUR>测试直接付款操作</NARYUR><REFNBR>G1179300006487C</REFNBR><REFSUB></REFSUB><REQNBR>0030087057</REQNBR><RPYACC>755915712110113</RPYACC><RPYADR>广东省深圳市</RPYADR><RPYBBK></RPYBBK><RPYBNK>招商银行深圳分行营业部</RPYBNK><RPYNAM>企业网银新20161395</RPYNAM><RSV30Z>**</RSV30Z><RSV31Z>10</RSV31Z><RSV50Z></RSV50Z><TRSAMT>1.00</TRSAMT><TRSAMTC>1.00</TRSAMTC><TRSANL>CPGATR</TRSANL><TRSBLV>1001213.78</TRSBLV><TRSCOD>CPUA</TRSCOD><VLTDAT>20180218</VLTDAT><YURREF>20190130144619</YURREF></NTQTSINFZ><NTQTSINFZ><AMTCDR>C</AMTCDR><APDFLG>Y</APDFLG><ATHFLG>N</ATHFLG><BBKNBR>75</BBKNBR><BUSNAM>企业银行直接支付</BUSNAM><C_ATHFLG>无</C_ATHFLG><C_BBKNBR>深圳</C_BBKNBR><C_ETYDAT>2018年02月18日</C_ETYDAT><C_GSBBBK></C_GSBBBK><C_RPYBBK></C_RPYBBK><C_TRSAMT>1.00</C_TRSAMT><C_TRSAMTC>1.00</C_TRSAMTC><C_TRSBLV>1,001,214.78</C_TRSBLV><C_VLTDAT>2018年02月18日</C_VLTDAT><ETYDAT>20180218</ETYDAT><ETYTIM>155110</ETYTIM><GSBBBK></GSBBBK><NAREXT>18S4000021063</NAREXT><NARYUR>测试直接付款操作</NARYUR><REFNBR>G1179300006489C</REFNBR><REFSUB></REFSUB><REQNBR>0030087079</REQNBR><RPYACC>755915712110113</RPYACC><RPYADR>广东省深圳市</RPYADR><RPYBBK></RPYBBK><RPYBNK>招商银行深圳分行营业部</RPYBNK><RPYNAM>企业网银新20161395</RPYNAM><RSV30Z>**</RSV30Z><RSV31Z>10</RSV31Z><RSV50Z></RSV50Z><TRSAMT>1.00</TRSAMT><TRSAMTC>1.00</TRSAMTC><TRSANL>CPGATR</TRSANL><TRSBLV>1001214.78</TRSBLV><TRSCOD>CPUA</TRSCOD><VLTDAT>20180218</VLTDAT><YURREF>20190130143545</YURREF></NTQTSINFZ></CMBSDKPGK>
2019-02-18 10:44:47:请求：请求参数：<?xml version="1.0" encoding="gb2312"?>
<CMBSDKPGK xmlns:xsi="http://www.w3.org/2001/XMLSchema-instance" xmlns:xsd="http://www.w3.org/2001/XMLSchema">
  <INFO>
    <FUNNAM>GetTransInfo</FUNNAM>
    <DATTYP>2</DATTYP>
    <LGNNAM>银企直连测试用户45</LGNNAM>
  </INFO>
  <SDKTSINFX>
    <BBKNBR>75</BBKNBR>
    <C_BBKNBR>广州</C_BBKNBR>
    <ACCNBR>755915712110815</ACCNBR>
    <BGNDAT>20180218</BGNDAT>
    <ENDDAT>20180218</ENDDAT>
    <LOWAMT>0</LOWAMT>
    <HGHAMT>0</HGHAMT>
  </SDKTSINFX>
</CMBSDKPGK>
返回参数：
<?xml version="1.0" encoding="GBK"?><CMBSDKPGK><INFO><DATTYP>2</DATTYP><ERRMSG></ERRMSG><FUNNAM>GetTransInfo</FUNNAM><LGNNAM>银企直连测试用户45</LGNNAM><RETCOD>0</RETCOD></INFO><NTQTSINFZ><AMTCDR>C</AMTCDR><APDFLG>Y</APDFLG><ATHFLG>N</ATHFLG><BBKNBR>75</BBKNBR><BUSNAM>企业银行直接支付</BUSNAM><C_ATHFLG>无</C_ATHFLG><C_BBKNBR>深圳</C_BBKNBR><C_ETYDAT>2018年02月18日</C_ETYDAT><C_GSBBBK></C_GSBBBK><C_RPYBBK></C_RPYBBK><C_TRSAMT>1.00</C_TRSAMT><C_TRSAMTC>1.00</C_TRSAMTC><C_TRSBLV>1,001,213.78</C_TRSBLV><C_VLTDAT>2018年02月18日</C_VLTDAT><ETYDAT>20180218</ETYDAT><ETYTIM>155110</ETYTIM><GSBBBK></GSBBBK><NAREXT>18S2000021428</NAREXT><NARYUR>测试直接付款操作</NARYUR><REFNBR>G1179300006487C</REFNBR><REFSUB></REFSUB><REQNBR>0030087057</REQNBR><RPYACC>755915712110113</RPYACC><RPYADR>广东省深圳市</RPYADR><RPYBBK></RPYBBK><RPYBNK>招商银行深圳分行营业部</RPYBNK><RPYNAM>企业网银新20161395</RPYNAM><RSV30Z>**</RSV30Z><RSV31Z>10</RSV31Z><RSV50Z></RSV50Z><TRSAMT>1.00</TRSAMT><TRSAMTC>1.00</TRSAMTC><TRSANL>CPGATR</TRSANL><TRSBLV>1001213.78</TRSBLV><TRSCOD>CPUA</TRSCOD><VLTDAT>20180218</VLTDAT><YURREF>20190130144619</YURREF></NTQTSINFZ><NTQTSINFZ><AMTCDR>C</AMTCDR><APDFLG>Y</APDFLG><ATHFLG>N</ATHFLG><BBKNBR>75</BBKNBR><BUSNAM>企业银行直接支付</BUSNAM><C_ATHFLG>无</C_ATHFLG><C_BBKNBR>深圳</C_BBKNBR><C_ETYDAT>2018年02月18日</C_ETYDAT><C_GSBBBK></C_GSBBBK><C_RPYBBK></C_RPYBBK><C_TRSAMT>1.00</C_TRSAMT><C_TRSAMTC>1.00</C_TRSAMTC><C_TRSBLV>1,001,214.78</C_TRSBLV><C_VLTDAT>2018年02月18日</C_VLTDAT><ETYDAT>20180218</ETYDAT><ETYTIM>155110</ETYTIM><GSBBBK></GSBBBK><NAREXT>18S4000021063</NAREXT><NARYUR>测试直接付款操作</NARYUR><REFNBR>G1179300006489C</REFNBR><REFSUB></REFSUB><REQNBR>0030087079</REQNBR><RPYACC>755915712110113</RPYACC><RPYADR>广东省深圳市</RPYADR><RPYBBK></RPYBBK><RPYBNK>招商银行深圳分行营业部</RPYBNK><RPYNAM>企业网银新20161395</RPYNAM><RSV30Z>**</RSV30Z><RSV31Z>10</RSV31Z><RSV50Z></RSV50Z><TRSAMT>1.00</TRSAMT><TRSAMTC>1.00</TRSAMTC><TRSANL>CPGATR</TRSANL><TRSBLV>1001214.78</TRSBLV><TRSCOD>CPUA</TRSCOD><VLTDAT>20180218</VLTDAT><YURREF>20190130143545</YURREF></NTQTSINFZ></CMBSDKPGK>
2019-02-18 14:07:48:请求：请求参数：<?xml version="1.0" encoding="gb2312"?>
<CMBSDKPGK xmlns:xsi="http://www.w3.org/2001/XMLSchema-instance" xmlns:xsd="http://www.w3.org/2001/XMLSchema">
  <INFO>
    <FUNNAM>GetTransInfo</FUNNAM>
    <DATTYP>2</DATTYP>
    <LGNNAM>银企直连测试用户45</LGNNAM>
  </INFO>
  <SDKTSINFX>
    <BBKNBR>75</BBKNBR>
    <C_BBKNBR>广州</C_BBKNBR>
    <ACCNBR>755915712110113</ACCNBR>
    <BGNDAT>20180218</BGNDAT>
    <ENDDAT>20180218</ENDDAT>
    <LOWAMT>0</LOWAMT>
    <HGHAMT>0</HGHAMT>
  </SDKTSINFX>
</CMBSDKPGK>
返回参数：
<?xml version="1.0" encoding="GBK"?><CMBSDKPGK><INFO><DATTYP>2</DATTYP><ERRMSG></ERRMSG><FUNNAM>GetTransInfo</FUNNAM><LGNNAM>银企直连测试用户45</LGNNAM><RETCOD>0</RETCOD></INFO><NTQTSINFZ><AMTCDR>D</AMTCDR><APDFLG>Y</APDFLG><ATHFLG>N</ATHFLG><BBKNBR>75</BBKNBR><BUSNAM>企业银行直接支付</BUSNAM><C_ATHFLG>无</C_ATHFLG><C_BBKNBR>深圳</C_BBKNBR><C_ETYDAT>2018年02月18日</C_ETYDAT><C_GSBBBK></C_GSBBBK><C_RPYBBK></C_RPYBBK><C_TRSAMT>1.00</C_TRSAMT><C_TRSAMTD>1.00</C_TRSAMTD><C_TRSBLV>9,997,307.91</C_TRSBLV><C_VLTDAT>2018年02月18日</C_VLTDAT><ETYDAT>20180218</ETYDAT><ETYTIM>155110</ETYTIM><GSBBBK></GSBBBK><INFFLG>1</INFFLG><NAREXT>18S2000021428</NAREXT><NARYUR>测试直接付款操作</NARYUR><REFNBR>G1179300006486C</REFNBR><REFSUB></REFSUB><REQNBR>0030087057</REQNBR><RPYACC>755915712110815</RPYACC><RPYADR>广东省深圳市</RPYADR><RPYBBK></RPYBBK><RPYBNK>招商银行</RPYBNK><RPYNAM>企业网银新20161395</RPYNAM><RSV30Z>**</RSV30Z><RSV31Z>10</RSV31Z><RSV50Z></RSV50Z><TRSAMT>-1.00</TRSAMT><TRSAMTD>1.00</TRSAMTD><TRSANL>CPGATR</TRSANL><TRSBLV>9997307.91</TRSBLV><TRSCOD>CPAA</TRSCOD><VLTDAT>20180218</VLTDAT><YURREF>20190130144619</YURREF></NTQTSINFZ><NTQTSINFZ><AMTCDR>D</AMTCDR><APDFLG>Y</APDFLG><ATHFLG>N</ATHFLG><BBKNBR>75</BBKNBR><BUSNAM>企业银行直接支付</BUSNAM><C_ATHFLG>无</C_ATHFLG><C_BBKNBR>深圳</C_BBKNBR><C_ETYDAT>2018年02月18日</C_ETYDAT><C_GSBBBK></C_GSBBBK><C_RPYBBK></C_RPYBBK><C_TRSAMT>1.00</C_TRSAMT><C_TRSAMTD>1.00</C_TRSAMTD><C_TRSBLV>9,997,306.91</C_TRSBLV><C_VLTDAT>2018年02月18日</C_VLTDAT><ETYDAT>20180218</ETYDAT><ETYTIM>155110</ETYTIM><GSBBBK></GSBBBK><INFFLG>1</INFFLG><NAREXT>18S4000021063</NAREXT><NARYUR>测试直接付款操作</NARYUR><REFNBR>G1179300006488C</REFNBR><REFSUB></REFSUB><REQNBR>0030087079</REQNBR><RPYACC>755915712110815</RPYACC><RPYADR>广东省深圳市</RPYADR><RPYBBK></RPYBBK><RPYBNK>招商银行</RPYBNK><RPYNAM>企业网银新20161395</RPYNAM><RSV30Z>**</RSV30Z><RSV31Z>10</RSV31Z><RSV50Z></RSV50Z><TRSAMT>-1.00</TRSAMT><TRSAMTD>1.00</TRSAMTD><TRSANL>CPGATR</TRSANL><TRSBLV>9997306.91</TRSBLV><TRSCOD>CPAA</TRSCOD><VLTDAT>20180218</VLTDAT><YURREF>20190130143545</YURREF></NTQTSINFZ></CMBSDKPGK>
2019-02-18 14:08:06:请求：请求参数：<?xml version="1.0" encoding="gb2312"?>
<CMBSDKPGK xmlns:xsi="http://www.w3.org/2001/XMLSchema-instance" xmlns:xsd="http://www.w3.org/2001/XMLSchema">
  <INFO>
    <FUNNAM>GetTransInfo</FUNNAM>
    <DATTYP>2</DATTYP>
    <LGNNAM>银企直连测试用户45</LGNNAM>
  </INFO>
  <SDKTSINFX>
    <BBKNBR>75</BBKNBR>
    <C_BBKNBR>广州</C_BBKNBR>
    <ACCNBR>755915712110113</ACCNBR>
    <BGNDAT>20180218</BGNDAT>
    <ENDDAT>20180218</ENDDAT>
    <LOWAMT>0</LOWAMT>
    <HGHAMT>0</HGHAMT>
  </SDKTSINFX>
</CMBSDKPGK>
返回参数：
<?xml version="1.0" encoding="GBK"?><CMBSDKPGK><INFO><DATTYP>2</DATTYP><ERRMSG></ERRMSG><FUNNAM>GetTransInfo</FUNNAM><LGNNAM>银企直连测试用户45</LGNNAM><RETCOD>0</RETCOD></INFO><NTQTSINFZ><AMTCDR>D</AMTCDR><APDFLG>Y</APDFLG><ATHFLG>N</ATHFLG><BBKNBR>75</BBKNBR><BUSNAM>企业银行直接支付</BUSNAM><C_ATHFLG>无</C_ATHFLG><C_BBKNBR>深圳</C_BBKNBR><C_ETYDAT>2018年02月18日</C_ETYDAT><C_GSBBBK></C_GSBBBK><C_RPYBBK></C_RPYBBK><C_TRSAMT>1.00</C_TRSAMT><C_TRSAMTD>1.00</C_TRSAMTD><C_TRSBLV>9,997,307.91</C_TRSBLV><C_VLTDAT>2018年02月18日</C_VLTDAT><ETYDAT>20180218</ETYDAT><ETYTIM>155110</ETYTIM><GSBBBK></GSBBBK><INFFLG>1</INFFLG><NAREXT>18S2000021428</NAREXT><NARYUR>测试直接付款操作</NARYUR><REFNBR>G1179300006486C</REFNBR><REFSUB></REFSUB><REQNBR>0030087057</REQNBR><RPYACC>755915712110815</RPYACC><RPYADR>广东省深圳市</RPYADR><RPYBBK></RPYBBK><RPYBNK>招商银行</RPYBNK><RPYNAM>企业网银新20161395</RPYNAM><RSV30Z>**</RSV30Z><RSV31Z>10</RSV31Z><RSV50Z></RSV50Z><TRSAMT>-1.00</TRSAMT><TRSAMTD>1.00</TRSAMTD><TRSANL>CPGATR</TRSANL><TRSBLV>9997307.91</TRSBLV><TRSCOD>CPAA</TRSCOD><VLTDAT>20180218</VLTDAT><YURREF>20190130144619</YURREF></NTQTSINFZ><NTQTSINFZ><AMTCDR>D</AMTCDR><APDFLG>Y</APDFLG><ATHFLG>N</ATHFLG><BBKNBR>75</BBKNBR><BUSNAM>企业银行直接支付</BUSNAM><C_ATHFLG>无</C_ATHFLG><C_BBKNBR>深圳</C_BBKNBR><C_ETYDAT>2018年02月18日</C_ETYDAT><C_GSBBBK></C_GSBBBK><C_RPYBBK></C_RPYBBK><C_TRSAMT>1.00</C_TRSAMT><C_TRSAMTD>1.00</C_TRSAMTD><C_TRSBLV>9,997,306.91</C_TRSBLV><C_VLTDAT>2018年02月18日</C_VLTDAT><ETYDAT>20180218</ETYDAT><ETYTIM>155110</ETYTIM><GSBBBK></GSBBBK><INFFLG>1</INFFLG><NAREXT>18S4000021063</NAREXT><NARYUR>测试直接付款操作</NARYUR><REFNBR>G1179300006488C</REFNBR><REFSUB></REFSUB><REQNBR>0030087079</REQNBR><RPYACC>755915712110815</RPYACC><RPYADR>广东省深圳市</RPYADR><RPYBBK></RPYBBK><RPYBNK>招商银行</RPYBNK><RPYNAM>企业网银新20161395</RPYNAM><RSV30Z>**</RSV30Z><RSV31Z>10</RSV31Z><RSV50Z></RSV50Z><TRSAMT>-1.00</TRSAMT><TRSAMTD>1.00</TRSAMTD><TRSANL>CPGATR</TRSANL><TRSBLV>9997306.91</TRSBLV><TRSCOD>CPAA</TRSCOD><VLTDAT>20180218</VLTDAT><YURREF>20190130143545</YURREF></NTQTSINFZ></CMBSDKPGK>
2019-02-18 14:51:21:请求：请求参数：<?xml version="1.0" encoding="gb2312"?>
<CMBSDKPGK xmlns:xsi="http://www.w3.org/2001/XMLSchema-instance" xmlns:xsd="http://www.w3.org/2001/XMLSchema">
  <INFO>
    <FUNNAM>DCPAYMNT</FUNNAM>
    <DATTYP>2</DATTYP>
    <LGNNAM>银企直连测试用户45</LGNNAM>
  </INFO>
  <SDKPAYRQX>
    <BUSCOD>N02031</BUSCOD>
  </SDKPAYRQX>
  <DCOPDPAYX>
    <YURREF>20190218142051</YURREF>
    <EPTDAT>20190218</EPTDAT>
    <DBTACC>755915712110113</DBTACC>
    <DBTBBK>75</DBTBBK>
    <TRSAMT>165716.00</TRSAMT>
    <CCYNBR>10</CCYNBR>
    <STLCHN>N</STLCHN>
    <NUSAGE>物流部蒋思萍报销广东高捷航运物流有限公司10月运费的费</NUSAGE>
    <CRTACC>82210078801100000100</CRTACC>
    <CRTNAM>广东高捷航运物流有限公司</CRTNAM>
    <BNKFLG>Y</BNKFLG>
    <CRTBNK>上海浦东发展银行广州开发区支行</CRTBNK>
    <CRTADR>上海浦东发展银行广州开发区支行</CRTADR>
  </DCOPDPAYX>
</CMBSDKPGK>
返回参数：
<?xml version="1.0" encoding="GBK"?><CMBSDKPGK><INFO><DATTYP>2</DATTYP><ERRMSG></ERRMSG><FUNNAM>DCPAYMNT</FUNNAM><LGNNAM>银企直连测试用户45</LGNNAM><RETCOD>0</RETCOD></INFO><NTQPAYRQZ><ERRCOD>CSAB051</ERRCOD><ERRTXT>CSAB051 户口82210078801100000100不存在(F3RTV3T1RP)</ERRTXT><REQSTS>FIN</REQSTS><RTNFLG>F</RTNFLG><SQRNBR>0000000000</SQRNBR><YURREF>20190218142051</YURREF></NTQPAYRQZ></CMBSDKPGK>
2019-02-18 14:54:56:请求：请求参数：<?xml version="1.0" encoding="gb2312"?>
<CMBSDKPGK xmlns:xsi="http://www.w3.org/2001/XMLSchema-instance" xmlns:xsd="http://www.w3.org/2001/XMLSchema">
  <INFO>
    <FUNNAM>DCPAYMNT</FUNNAM>
    <DATTYP>2</DATTYP>
    <LGNNAM>银企直连测试用户45</LGNNAM>
  </INFO>
  <SDKPAYRQX>
    <BUSCOD>N02031</BUSCOD>
  </SDKPAYRQX>
  <DCOPDPAYX>
    <YURREF>20190218145554</YURREF>
    <EPTDAT>20190218</EPTDAT>
    <DBTACC>755915712110113</DBTACC>
    <DBTBBK>75</DBTBBK>
    <TRSAMT>165716.00</TRSAMT>
    <CCYNBR>10</CCYNBR>
    <STLCHN>N</STLCHN>
    <NUSAGE>物流部蒋思萍报销广东高捷航运物流有限公司10月运费的费</NUSAGE>
    <CRTACC>82210078801100000100</CRTACC>
    <CRTNAM>广东高捷航运物流有限公司</CRTNAM>
    <BNKFLG>N</BNKFLG>
    <CRTBNK>上海浦东发展银行广州开发区支行</CRTBNK>
    <CRTADR>上海浦东发展银行广州开发区支行</CRTADR>
  </DCOPDPAYX>
</CMBSDKPGK>
返回参数：
<?xml version="1.0" encoding="GBK"?><CMBSDKPGK><INFO><DATTYP>2</DATTYP><ERRMSG></ERRMSG><FUNNAM>DCPAYMNT</FUNNAM><LGNNAM>银企直连测试用户45</LGNNAM><RETCOD>0</RETCOD></INFO><NTQPAYRQZ><ERRCOD>SUC0000</ERRCOD><REQNBR>0030091044</REQNBR><REQSTS>NTE</REQSTS><SQRNBR>0000000000</SQRNBR><YURREF>20190218145554</YURREF></NTQPAYRQZ></CMBSDKPGK>
2019-02-18 14:57:16:请求：请求参数：<?xml version="1.0" encoding="gb2312"?>
<CMBSDKPGK xmlns:xsi="http://www.w3.org/2001/XMLSchema-instance" xmlns:xsd="http://www.w3.org/2001/XMLSchema">
  <INFO>
    <FUNNAM>DCPAYMNT</FUNNAM>
    <DATTYP>2</DATTYP>
    <LGNNAM>银企直连测试用户45</LGNNAM>
  </INFO>
  <SDKPAYRQX>
    <BUSCOD>N02031</BUSCOD>
  </SDKPAYRQX>
  <DCOPDPAYX>
    <YURREF>20190218141657</YURREF>
    <EPTDAT>20190218</EPTDAT>
    <DBTACC>755915712110113</DBTACC>
    <DBTBBK>75</DBTBBK>
    <TRSAMT>165716.00</TRSAMT>
    <CCYNBR>10</CCYNBR>
    <STLCHN>N</STLCHN>
    <NUSAGE>物流部蒋思萍报销广东高捷航运物流有限公司10月运费的费</NUSAGE>
    <CRTACC>82210078801100000100</CRTACC>
    <CRTNAM>广东高捷航运物流有限公司</CRTNAM>
    <BNKFLG>Y</BNKFLG>
    <CRTBNK>上海浦东发展银行广州开发区支行</CRTBNK>
    <CRTADR>上海浦东发展银行广州开发区支行</CRTADR>
  </DCOPDPAYX>
</CMBSDKPGK>
返回参数：
<?xml version="1.0" encoding="GBK"?><CMBSDKPGK><INFO><DATTYP>2</DATTYP><ERRMSG></ERRMSG><FUNNAM>DCPAYMNT</FUNNAM><LGNNAM>银企直连测试用户45</LGNNAM><RETCOD>0</RETCOD></INFO><NTQPAYRQZ><ERRCOD>CSAB051</ERRCOD><ERRTXT>CSAB051 户口82210078801100000100不存在(F3RTV3T1RP)</ERRTXT><REQSTS>FIN</REQSTS><RTNFLG>F</RTNFLG><SQRNBR>0000000000</SQRNBR><YURREF>20190218141657</YURREF></NTQPAYRQZ></CMBSDKPGK>
2019-02-18 14:57:22:请求：请求参数：<?xml version="1.0" encoding="gb2312"?>
<CMBSDKPGK xmlns:xsi="http://www.w3.org/2001/XMLSchema-instance" xmlns:xsd="http://www.w3.org/2001/XMLSchema">
  <INFO>
    <FUNNAM>DCPAYMNT</FUNNAM>
    <DATTYP>2</DATTYP>
    <LGNNAM>银企直连测试用户45</LGNNAM>
  </INFO>
  <SDKPAYRQX>
    <BUSCOD>N02031</BUSCOD>
  </SDKPAYRQX>
  <DCOPDPAYX>
    <YURREF>20190218142257</YURREF>
    <EPTDAT>20190218</EPTDAT>
    <DBTACC>755915712110113</DBTACC>
    <DBTBBK>75</DBTBBK>
    <TRSAMT>165716.00</TRSAMT>
    <CCYNBR>10</CCYNBR>
    <STLCHN>N</STLCHN>
    <NUSAGE>物流部蒋思萍报销广东高捷航运物流有限公司10月运费的费</NUSAGE>
    <CRTACC>82210078801100000100</CRTACC>
    <CRTNAM>广东高捷航运物流有限公司</CRTNAM>
    <BNKFLG>N</BNKFLG>
    <CRTBNK>上海浦东发展银行广州开发区支行</CRTBNK>
    <CRTADR>上海浦东发展银行广州开发区支行</CRTADR>
  </DCOPDPAYX>
</CMBSDKPGK>
返回参数：
<?xml version="1.0" encoding="GBK"?><CMBSDKPGK><INFO><DATTYP>2</DATTYP><ERRMSG></ERRMSG><FUNNAM>DCPAYMNT</FUNNAM><LGNNAM>银企直连测试用户45</LGNNAM><RETCOD>0</RETCOD></INFO><NTQPAYRQZ><ERRCOD>SUC0000</ERRCOD><REQNBR>0030091083</REQNBR><REQSTS>NTE</REQSTS><SQRNBR>0000000000</SQRNBR><YURREF>20190218142257</YURREF></NTQPAYRQZ></CMBSDKPGK>
2019-02-18 15:02:57:请求：请求参数：<?xml version="1.0" encoding="gb2312"?>
<CMBSDKPGK xmlns:xsi="http://www.w3.org/2001/XMLSchema-instance" xmlns:xsd="http://www.w3.org/2001/XMLSchema">
  <INFO>
    <FUNNAM>NTQRYSTY</FUNNAM>
    <DATTYP>2</DATTYP>
    <LGNNAM>银企直连测试用户45</LGNNAM>
  </INFO>
  <NTQRYSTYX1>
    <BUSCOD>N02031</BUSCOD>
    <YURREF>20190218145554</YURREF>
    <BGNDAT>20190218</BGNDAT>
    <ENDDAT>20190218</ENDDAT>
  </NTQRYSTYX1>
</CMBSDKPGK>
返回参数：
<?xml version="1.0" encoding="GBK"?><CMBSDKPGK><INFO><DATTYP>2</DATTYP><ERRMSG></ERRMSG><FUNNAM>NTQRYSTY</FUNNAM><LGNNAM>银企直连测试用户45</LGNNAM><RETCOD>0</RETCOD></INFO></CMBSDKPGK>
2019-02-18 15:03:06:请求：请求参数：<?xml version="1.0" encoding="gb2312"?>
<CMBSDKPGK xmlns:xsi="http://www.w3.org/2001/XMLSchema-instance" xmlns:xsd="http://www.w3.org/2001/XMLSchema">
  <INFO>
    <FUNNAM>NTQRYSTY</FUNNAM>
    <DATTYP>2</DATTYP>
    <LGNNAM>银企直连测试用户45</LGNNAM>
  </INFO>
  <NTQRYSTYX1>
    <BUSCOD>N02031</BUSCOD>
    <YURREF>20190216152821</YURREF>
    <BGNDAT>20190216</BGNDAT>
    <ENDDAT>20190216</ENDDAT>
  </NTQRYSTYX1>
</CMBSDKPGK>
返回参数：
<?xml version="1.0" encoding="GBK"?><CMBSDKPGK><INFO><DATTYP>2</DATTYP><ERRMSG></ERRMSG><FUNNAM>NTQRYSTY</FUNNAM><LGNNAM>银企直连测试用户45</LGNNAM><RETCOD>0</RETCOD></INFO></CMBSDKPGK>
