2019-03-05 17:18:28:请求：请求参数：<?xml version="1.0" encoding="gb2312"?>
<CMBSDKPGK xmlns:xsi="http://www.w3.org/2001/XMLSchema-instance" xmlns:xsd="http://www.w3.org/2001/XMLSchema">
  <INFO>
    <FUNNAM>NTECKOP</FUNNAM>
    <DATTYP>2</DATTYP>
    <LGNNAM>yueji1</LGNNAM>
  </INFO>
  <NTECKOPRX>
    <YURREF>20190305142024</YURREF>
    <BBKNBR>20</BBKNBR>
    <EACNBR>120907722510701</EACNBR>
    <CCYNBR>10</CCYNBR>
    <MAXAMT>3036.00</MAXAMT>
    <EFTDAT>20190305</EFTDAT>
    <EXPDAT>20190307</EXPDAT>
    <ADDDAT>20190305</ADDDAT>
    <AUTUSR>N009373336</AUTUSR>
  </NTECKOPRX>
  <NTECKRCVX>
    <SQRNBR>20190305142024</SQRNBR>
    <RCVACC>717257738027</RCVACC>
    <RCVNAM>广州市佳兴物流有限公司</RCVNAM>
    <SYSFLG>N</SYSFLG>
    <PAYCHN>CPS</PAYCHN>
    <RCVBBK>中国银行股份有限公司广州天河南一路支行</RCVBBK>
    <BNKADR>广东广州</BNKADR>
    <STLCHN>N</STLCHN>
    <NUSAGE>物流部蒋思萍报销客户发货费（1月）的费</NUSAGE>
    <BUSNAR>物流部蒋思萍报销客户发货费（1月）的费</BUSNAR>
  </NTECKRCVX>
</CMBSDKPGK>
返回参数：
<?xml version="1.0" encoding="GBK"?><CMBSDKPGK><INFO><DATTYP>2</DATTYP><ERRMSG>SDKM013 不存在该用户的登录信息</ERRMSG><FUNNAM>NTECKOP</FUNNAM><LGNNAM>yueji1</LGNNAM><RETCOD>-1</RETCOD></INFO></CMBSDKPGK>
2019-03-05 17:22:01:请求：请求参数：<?xml version="1.0" encoding="gb2312"?>
<CMBSDKPGK xmlns:xsi="http://www.w3.org/2001/XMLSchema-instance" xmlns:xsd="http://www.w3.org/2001/XMLSchema">
  <INFO>
    <FUNNAM>NTECKUSR</FUNNAM>
    <DATTYP>2</DATTYP>
    <LGNNAM>yueji1</LGNNAM>
  </INFO>
</CMBSDKPGK>
返回参数：
<?xml version="1.0" encoding="GBK"?><CMBSDKPGK><INFO><DATTYP>2</DATTYP><ERRMSG>SDKM013 不存在该用户的登录信息</ERRMSG><FUNNAM>NTECKUSR</FUNNAM><LGNNAM>yueji1</LGNNAM><RETCOD>-1</RETCOD></INFO></CMBSDKPGK>
2019-03-05 17:30:10:请求：请求参数：<?xml version="1.0" encoding="gb2312"?>
<CMBSDKPGK xmlns:xsi="http://www.w3.org/2001/XMLSchema-instance" xmlns:xsd="http://www.w3.org/2001/XMLSchema">
  <INFO>
    <FUNNAM>NTECKOP</FUNNAM>
    <DATTYP>2</DATTYP>
    <LGNNAM>wszm1978</LGNNAM>
  </INFO>
  <NTECKOPRX>
    <YURREF>20190305142024</YURREF>
    <BBKNBR>20</BBKNBR>
    <EACNBR>120907722510701</EACNBR>
    <CCYNBR>10</CCYNBR>
    <MAXAMT>3036.00</MAXAMT>
    <EFTDAT>20190305</EFTDAT>
    <EXPDAT>20190307</EXPDAT>
    <ADDDAT>20190305</ADDDAT>
    <AUTUSR>N009373336</AUTUSR>
  </NTECKOPRX>
  <NTECKRCVX>
    <SQRNBR>20190305142024</SQRNBR>
    <RCVACC>717257738027</RCVACC>
    <RCVNAM>广州市佳兴物流有限公司</RCVNAM>
    <SYSFLG>N</SYSFLG>
    <PAYCHN>CPS</PAYCHN>
    <RCVBBK>中国银行股份有限公司广州天河南一路支行</RCVBBK>
    <BNKADR>广东广州</BNKADR>
    <STLCHN>N</STLCHN>
    <NUSAGE>物流部蒋思萍报销客户发货费（1月）的费</NUSAGE>
    <BUSNAR>物流部蒋思萍报销客户发货费（1月）的费</BUSNAR>
  </NTECKRCVX>
</CMBSDKPGK>
返回参数：
<?xml version="1.0" encoding="GBK"?><CMBSDKPGK><INFO><DATTYP>2</DATTYP><ERRMSG>FBCN041: 报文请求ID在本地数据库中不存在</ERRMSG><FUNNAM>NTECKOP</FUNNAM><LGNNAM>wszm1978</LGNNAM><RETCOD>-3</RETCOD></INFO></CMBSDKPGK>
2019-03-05 17:30:57:请求：请求参数：<?xml version="1.0" encoding="gb2312"?>
<CMBSDKPGK xmlns:xsi="http://www.w3.org/2001/XMLSchema-instance" xmlns:xsd="http://www.w3.org/2001/XMLSchema">
  <INFO>
    <FUNNAM>NTECKUSR</FUNNAM>
    <DATTYP>2</DATTYP>
    <LGNNAM>wszm1978</LGNNAM>
  </INFO>
</CMBSDKPGK>
返回参数：
<?xml version="1.0" encoding="GBK"?><CMBSDKPGK><INFO><DATTYP>2</DATTYP><ERRMSG></ERRMSG><FUNNAM>NTECKUSR</FUNNAM><LGNNAM>wszm1978</LGNNAM><RETCOD>0</RETCOD></INFO><NTECKUSRZ><LGNNAM>wsxs1977</LGNNAM><USRNAM>黄晓姝</USRNAM><USRNBR>N009373327</USRNBR><USRSTS>A</USRSTS></NTECKUSRZ><NTECKUSRZ><LGNNAM>wszm1978</LGNNAM><USRNAM>黄晓东</USRNAM><USRNBR>N009373336</USRNBR><USRSTS>A</USRSTS></NTECKUSRZ></CMBSDKPGK>
2019-03-05 17:46:03:请求：请求参数：<?xml version="1.0" encoding="gb2312"?>
<CMBSDKPGK xmlns:xsi="http://www.w3.org/2001/XMLSchema-instance" xmlns:xsd="http://www.w3.org/2001/XMLSchema">
  <INFO>
    <FUNNAM>NTECKUSR</FUNNAM>
    <DATTYP>2</DATTYP>
    <LGNNAM>wszm1978</LGNNAM>
  </INFO>
</CMBSDKPGK>
返回参数：
<?xml version="1.0" encoding="GBK"?><CMBSDKPGK><INFO><DATTYP>2</DATTYP><ERRMSG></ERRMSG><FUNNAM>NTECKUSR</FUNNAM><LGNNAM>wszm1978</LGNNAM><RETCOD>0</RETCOD></INFO><NTECKUSRZ><LGNNAM>wsxs1977</LGNNAM><USRNAM>黄晓姝</USRNAM><USRNBR>N009373327</USRNBR><USRSTS>A</USRSTS></NTECKUSRZ><NTECKUSRZ><LGNNAM>wszm1978</LGNNAM><USRNAM>黄晓东</USRNAM><USRNBR>N009373336</USRNBR><USRSTS>A</USRSTS></NTECKUSRZ></CMBSDKPGK>
2019-03-05 18:01:59:请求：请求参数：<?xml version="1.0" encoding="gb2312"?>
<CMBSDKPGK xmlns:xsi="http://www.w3.org/2001/XMLSchema-instance" xmlns:xsd="http://www.w3.org/2001/XMLSchema">
  <INFO>
    <FUNNAM>NTECKOP</FUNNAM>
    <DATTYP>2</DATTYP>
    <LGNNAM>wszm1978</LGNNAM>
  </INFO>
  <NTECKOPRX>
    <YURREF>20190305142024</YURREF>
    <BBKNBR>20</BBKNBR>
    <EACNBR>120907722510701</EACNBR>
    <CCYNBR>10</CCYNBR>
    <MAXAMT>3036.00</MAXAMT>
    <EFTDAT>20190305</EFTDAT>
    <EXPDAT>20190307</EXPDAT>
    <ADDDAT>20190305</ADDDAT>
    <AUTUSR>N009373336</AUTUSR>
  </NTECKOPRX>
  <NTECKRCVX>
    <SQRNBR>20190305142024</SQRNBR>
    <RCVACC>717257738027</RCVACC>
    <RCVNAM>广州市佳兴物流有限公司</RCVNAM>
    <SYSFLG>N</SYSFLG>
    <PAYCHN>CPS</PAYCHN>
    <RCVBBK>中国银行股份有限公司广州天河南一路支行</RCVBBK>
    <BNKADR>广东广州</BNKADR>
    <STLCHN>N</STLCHN>
    <NUSAGE>物流部蒋思萍报销客户发货费（1月）的费</NUSAGE>
    <BUSNAR>物流部蒋思萍报销客户发货费（1月）的费</BUSNAR>
  </NTECKRCVX>
</CMBSDKPGK>
返回参数：
<?xml version="1.0" encoding="GBK"?><CMBSDKPGK><INFO><DATTYP>2</DATTYP><ERRMSG>FBCN041: 报文请求ID在本地数据库中不存在</ERRMSG><FUNNAM>NTECKOP</FUNNAM><LGNNAM>wszm1978</LGNNAM><RETCOD>-3</RETCOD></INFO></CMBSDKPGK>
2019-03-05 18:05:35:请求：请求参数：<?xml version="1.0" encoding="gb2312"?>
<CMBSDKPGK xmlns:xsi="http://www.w3.org/2001/XMLSchema-instance" xmlns:xsd="http://www.w3.org/2001/XMLSchema">
  <INFO>
    <FUNNAM>NTECKOP</FUNNAM>
    <DATTYP>2</DATTYP>
    <LGNNAM>wszm1978</LGNNAM>
  </INFO>
  <NTECKOPRX>
    <YURREF>20190305142024</YURREF>
    <BBKNBR>20</BBKNBR>
    <EACNBR>120907722510701</EACNBR>
    <CCYNBR>10</CCYNBR>
    <MAXAMT>3036.00</MAXAMT>
    <EFTDAT>20190305</EFTDAT>
    <EXPDAT>20190307</EXPDAT>
    <ADDDAT>20190305</ADDDAT>
    <AUTUSR>N009373336</AUTUSR>
  </NTECKOPRX>
  <NTECKRCVX>
    <SQRNBR>20190305142024</SQRNBR>
    <RCVACC>717257738027</RCVACC>
    <RCVNAM>广州市佳兴物流有限公司</RCVNAM>
    <SYSFLG>N</SYSFLG>
    <PAYCHN>CPS</PAYCHN>
    <RCVBBK>中国银行股份有限公司广州天河南一路支行</RCVBBK>
    <BNKADR>广东广州</BNKADR>
    <STLCHN>N</STLCHN>
    <NUSAGE>物流部蒋思萍报销客户发货费（1月）的费</NUSAGE>
    <BUSNAR>物流部蒋思萍报销客户发货费（1月）的费</BUSNAR>
  </NTECKRCVX>
</CMBSDKPGK>
返回参数：
<?xml version="1.0" encoding="GBK"?><CMBSDKPGK><INFO><DATTYP>2</DATTYP><ERRMSG>FBCN041: 报文请求ID在本地数据库中不存在</ERRMSG><FUNNAM>NTECKOP</FUNNAM><LGNNAM>wszm1978</LGNNAM><RETCOD>-3</RETCOD></INFO></CMBSDKPGK>
2019-03-05 18:16:34:请求：请求参数：<?xml version="1.0" encoding="gb2312"?>
<CMBSDKPGK xmlns:xsi="http://www.w3.org/2001/XMLSchema-instance" xmlns:xsd="http://www.w3.org/2001/XMLSchema">
  <INFO>
    <FUNNAM>NTECKOP</FUNNAM>
    <DATTYP>2</DATTYP>
    <LGNNAM>wszm1978</LGNNAM>
  </INFO>
  <NTECKOPRX>
    <YURREF>20190305183915</YURREF>
    <BBKNBR>20</BBKNBR>
    <EACNBR>120907722510701</EACNBR>
    <CCYNBR>10</CCYNBR>
    <MAXAMT>3036.00</MAXAMT>
    <EFTDAT>20190305</EFTDAT>
    <EXPDAT>20190307</EXPDAT>
    <ADDDAT>20190305</ADDDAT>
    <AUTUSR>N028570937</AUTUSR>
  </NTECKOPRX>
  <NTECKRCVX>
    <SQRNBR>20190305183915</SQRNBR>
    <RCVACC>717257738027</RCVACC>
    <RCVNAM>广州市佳兴物流有限公司</RCVNAM>
    <SYSFLG>N</SYSFLG>
    <PAYCHN>CPS</PAYCHN>
    <RCVBBK>中国银行股份有限公司广州天河南一路支行</RCVBBK>
    <BNKADR>广东广州</BNKADR>
    <STLCHN>N</STLCHN>
    <NUSAGE>物流部蒋思萍报销客户发货费（1月）的费</NUSAGE>
    <BUSNAR>物流部蒋思萍报销客户发货费（1月）的费</BUSNAR>
  </NTECKRCVX>
</CMBSDKPGK>
返回参数：
<?xml version="1.0" encoding="GBK"?><CMBSDKPGK><INFO><DATTYP>2</DATTYP><ERRMSG>FBCN041: 报文请求ID在本地数据库中不存在</ERRMSG><FUNNAM>NTECKOP</FUNNAM><LGNNAM>wszm1978</LGNNAM><RETCOD>-3</RETCOD></INFO></CMBSDKPGK>
2019-03-05 18:17:35:请求：请求参数：<?xml version="1.0" encoding="gb2312"?>
<CMBSDKPGK xmlns:xsi="http://www.w3.org/2001/XMLSchema-instance" xmlns:xsd="http://www.w3.org/2001/XMLSchema">
  <INFO>
    <FUNNAM>NTECKOPR</FUNNAM>
    <DATTYP>2</DATTYP>
    <LGNNAM>wszm1978</LGNNAM>
  </INFO>
  <NTECKOPRX>
    <YURREF>20190305183915</YURREF>
    <BBKNBR>20</BBKNBR>
    <EACNBR>120907722510701</EACNBR>
    <CCYNBR>10</CCYNBR>
    <MAXAMT>3036.00</MAXAMT>
    <EFTDAT>20190305</EFTDAT>
    <EXPDAT>20190307</EXPDAT>
    <ADDDAT>20190305</ADDDAT>
    <AUTUSR>N028570937</AUTUSR>
  </NTECKOPRX>
  <NTECKRCVX>
    <SQRNBR>20190305183915</SQRNBR>
    <RCVACC>717257738027</RCVACC>
    <RCVNAM>广州市佳兴物流有限公司</RCVNAM>
    <SYSFLG>N</SYSFLG>
    <PAYCHN>CPS</PAYCHN>
    <RCVBBK>中国银行股份有限公司广州天河南一路支行</RCVBBK>
    <BNKADR>广东广州</BNKADR>
    <STLCHN>N</STLCHN>
    <NUSAGE>物流部蒋思萍报销客户发货费（1月）的费</NUSAGE>
    <BUSNAR>物流部蒋思萍报销客户发货费（1月）的费</BUSNAR>
  </NTECKRCVX>
</CMBSDKPGK>
返回参数：
<?xml version="1.0" encoding="GBK"?><CMBSDKPGK><INFO><DATTYP>2</DATTYP><ERRMSG>FBCN042: 报文中非空接口NTOPRMODX为空</ERRMSG><FUNNAM>NTECKOPR</FUNNAM><LGNNAM>wszm1978</LGNNAM><RETCOD>-3</RETCOD></INFO></CMBSDKPGK>
2019-03-05 18:22:41:请求：请求参数：<?xml version="1.0" encoding="gb2312"?>
<CMBSDKPGK xmlns:xsi="http://www.w3.org/2001/XMLSchema-instance" xmlns:xsd="http://www.w3.org/2001/XMLSchema">
  <INFO>
    <FUNNAM>NTECKOPR</FUNNAM>
    <DATTYP>2</DATTYP>
    <LGNNAM>wszm1978</LGNNAM>
  </INFO>
  <NTOPRMODX>
    <BUSMOD>00009</BUSMOD>
  </NTOPRMODX>
  <NTECKOPRX>
    <YURREF>20190305185121</YURREF>
    <BBKNBR>20</BBKNBR>
    <EACNBR>120907722510701</EACNBR>
    <CCYNBR>10</CCYNBR>
    <MAXAMT>3036.00</MAXAMT>
    <EFTDAT>20190305</EFTDAT>
    <EXPDAT>20190307</EXPDAT>
    <ADDDAT>20190305</ADDDAT>
    <AUTUSR>N028570937</AUTUSR>
  </NTECKOPRX>
  <NTECKRCVX>
    <SQRNBR>20190305185121</SQRNBR>
    <RCVACC>717257738027</RCVACC>
    <RCVNAM>广州市佳兴物流有限公司</RCVNAM>
    <SYSFLG>N</SYSFLG>
    <PAYCHN>CPS</PAYCHN>
    <RCVBBK>中国银行股份有限公司广州天河南一路支行</RCVBBK>
    <BNKADR>广东广州</BNKADR>
    <STLCHN>N</STLCHN>
    <NUSAGE>物流部蒋思萍报销客户发货费（1月）的费</NUSAGE>
    <BUSNAR>物流部蒋思萍报销客户发货费（1月）的费</BUSNAR>
  </NTECKRCVX>
</CMBSDKPGK>
返回参数：
<?xml version="1.0" encoding="GBK"?><CMBSDKPGK><INFO><DATTYP>2</DATTYP><ERRMSG>FBCN026: 字符串类型字段SQRNBR长度不合法</ERRMSG><FUNNAM>NTECKOPR</FUNNAM><LGNNAM>wszm1978</LGNNAM><RETCOD>-3</RETCOD></INFO></CMBSDKPGK>
2019-03-05 18:25:32:请求：请求参数：<?xml version="1.0" encoding="gb2312"?>
<CMBSDKPGK xmlns:xsi="http://www.w3.org/2001/XMLSchema-instance" xmlns:xsd="http://www.w3.org/2001/XMLSchema">
  <INFO>
    <FUNNAM>NTECKOPR</FUNNAM>
    <DATTYP>2</DATTYP>
    <LGNNAM>wszm1978</LGNNAM>
  </INFO>
  <NTOPRMODX>
    <BUSMOD>00009</BUSMOD>
  </NTOPRMODX>
  <NTECKOPRX>
    <YURREF>20190305185121</YURREF>
    <BBKNBR>20</BBKNBR>
    <EACNBR>120907722510701</EACNBR>
    <CCYNBR>10</CCYNBR>
    <MAXAMT>3036.00</MAXAMT>
    <EFTDAT>20190305</EFTDAT>
    <EXPDAT>20190307</EXPDAT>
    <ADDDAT>20190305</ADDDAT>
    <AUTUSR>N028570937</AUTUSR>
  </NTECKOPRX>
  <NTECKRCVX>
    <SQRNBR>20190305185121</SQRNBR>
    <RCVACC>717257738027</RCVACC>
    <RCVNAM>广州市佳兴物流有限公司</RCVNAM>
    <SYSFLG>N</SYSFLG>
    <PAYCHN>CPS</PAYCHN>
    <RCVBBK>中国银行股份有限公司广州天河南一路支行</RCVBBK>
    <BNKADR>广东广州</BNKADR>
    <STLCHN>N</STLCHN>
    <NUSAGE>物流部蒋思萍报销客户发货费（1月）的费</NUSAGE>
    <BUSNAR>物流部蒋思萍报销客户发货费（1月）的费</BUSNAR>
  </NTECKRCVX>
</CMBSDKPGK>
返回参数：
<?xml version="1.0" encoding="GBK"?><CMBSDKPGK><INFO><DATTYP>2</DATTYP><ERRMSG>FBCN026: 字符串类型字段SQRNBR长度不合法</ERRMSG><FUNNAM>NTECKOPR</FUNNAM><LGNNAM>wszm1978</LGNNAM><RETCOD>-3</RETCOD></INFO></CMBSDKPGK>
2019-03-05 18:29:10:请求：请求参数：<?xml version="1.0" encoding="gb2312"?>
<CMBSDKPGK xmlns:xsi="http://www.w3.org/2001/XMLSchema-instance" xmlns:xsd="http://www.w3.org/2001/XMLSchema">
  <INFO>
    <FUNNAM>NTECKOPR</FUNNAM>
    <DATTYP>2</DATTYP>
    <LGNNAM>wszm1978</LGNNAM>
  </INFO>
  <NTOPRMODX>
    <BUSMOD>00009</BUSMOD>
  </NTOPRMODX>
  <NTECKOPRX>
    <YURREF>20190305185121</YURREF>
    <BBKNBR>20</BBKNBR>
    <EACNBR>120907722510701</EACNBR>
    <CCYNBR>10</CCYNBR>
    <MAXAMT>3036.00</MAXAMT>
    <EFTDAT>20190305</EFTDAT>
    <EXPDAT>20190307</EXPDAT>
    <ADDDAT>20190305</ADDDAT>
    <AUTUSR>N028570937</AUTUSR>
  </NTECKOPRX>
  <NTECKRCVX>
    <SQRNBR>0903051850</SQRNBR>
    <RCVACC>717257738027</RCVACC>
    <RCVNAM>广州市佳兴物流有限公司</RCVNAM>
    <SYSFLG>N</SYSFLG>
    <PAYCHN>CPS</PAYCHN>
    <RCVBBK>中国银行股份有限公司广州天河南一路支行</RCVBBK>
    <BNKADR>广东广州</BNKADR>
    <STLCHN>N</STLCHN>
    <NUSAGE>物流部蒋思萍报销客户发货费（1月）的费</NUSAGE>
    <BUSNAR>物流部蒋思萍报销客户发货费（1月）的费</BUSNAR>
  </NTECKRCVX>
</CMBSDKPGK>
返回参数：
<?xml version="1.0" encoding="GBK"?><CMBSDKPGK><INFO><DATTYP>2</DATTYP><ERRMSG>FBCM100: 签名错误，请检查证书卡是否正确插入</ERRMSG><FUNNAM>NTECKOPR</FUNNAM><LGNNAM>wszm1978</LGNNAM><RETCOD>-1</RETCOD></INFO></CMBSDKPGK>
