2019-03-01 11:52:46:请求：请求参数：<?xml version="1.0" encoding="gb2312"?>
<CMBSDKPGK xmlns:xsi="http://www.w3.org/2001/XMLSchema-instance" xmlns:xsd="http://www.w3.org/2001/XMLSchema">
  <INFO>
    <FUNNAM>GetTransInfo</FUNNAM>
    <DATTYP>2</DATTYP>
    <LGNNAM>yueji1</LGNNAM>
  </INFO>
  <SDKTSINFX>
    <C_BBKNBR>佛山</C_BBKNBR>
    <ACCNBR>757903956410803</ACCNBR>
    <BGNDAT>20190228</BGNDAT>
    <ENDDAT>20190228</ENDDAT>
    <LOWAMT>0</LOWAMT>
    <HGHAMT>0</HGHAMT>
  </SDKTSINFX>
</CMBSDKPGK>
返回参数：
<?xml version="1.0" encoding="GBK"?><CMBSDKPGK><INFO><DATTYP>2</DATTYP><ERRMSG></ERRMSG><FUNNAM>GetTransInfo</FUNNAM><LGNNAM>yueji1</LGNNAM><RETCOD>0</RETCOD></INFO><NTQTSINFZ><AMTCDR>C</AMTCDR><APDFLG>Y</APDFLG><ATHFLG></ATHFLG><BBKNBR>77</BBKNBR><CHKNBR></CHKNBR><C_ATHFLG>无</C_ATHFLG><C_BBKNBR>佛山</C_BBKNBR><C_ETYDAT>2019年02月28日</C_ETYDAT><C_GSBBBK></C_GSBBBK><C_RPYBBK></C_RPYBBK><C_TRSAMT>1,487.72</C_TRSAMT><C_TRSAMTC>1,487.72</C_TRSAMTC><C_TRSBLV>168,340.39</C_TRSBLV><C_VLTDAT>2019年02月28日</C_VLTDAT><ETYDAT>20190228</ETYDAT><ETYTIM>085415</ETYTIM><GSBBBK></GSBBBK><NAREXT>ANA101005EC00600YLL8</NAREXT><NARYUR>佛山永润广场店佛山永润广场店</NARYUR><REFNBR>K7649000123147C</REFNBR><REFSUB></REFSUB><RPYACC>210401324</RPYACC><RPYBBK></RPYBBK><RPYNAM>拉卡拉支付股份有限公司</RPYNAM><RSV30Z>**</RSV30Z><RSV31Z>10</RSV31Z><RSV50Z></RSV50Z><TRSAMT>1487.72</TRSAMT><TRSAMTC>1487.72</TRSAMTC><TRSANL>N6GATR</TRSANL><TRSBLV>168340.39</TRSBLV><TRSCOD>N6TP</TRSCOD><VLTDAT>20190228</VLTDAT><YURREF></YURREF></NTQTSINFZ><NTQTSINFZ><AMTCDR>C</AMTCDR><APDFLG>Y</APDFLG><ATHFLG></ATHFLG><BBKNBR>77</BBKNBR><CHKNBR></CHKNBR><C_ATHFLG>无</C_ATHFLG><C_BBKNBR>佛山</C_BBKNBR><C_ETYDAT>2019年02月28日</C_ETYDAT><C_GSBBBK></C_GSBBBK><C_RPYBBK></C_RPYBBK><C_TRSAMT>3,973.40</C_TRSAMT><C_TRSAMTC>3,973.40</C_TRSAMTC><C_TRSBLV>172,313.79</C_TRSBLV><C_VLTDAT>2019年02月28日</C_VLTDAT><ETYDAT>20190228</ETYDAT><ETYTIM>160854</ETYTIM><GSBBBK></GSBBBK><NAREXT>19R0001302965</NAREXT><NARYUR>常德</NARYUR><REFNBR>G3744900153995C</REFNBR><REFSUB></REFSUB><RPYACC>6226090280835865</RPYACC><RPYADR>成都分行营业部</RPYADR><RPYBBK></RPYBBK><RPYBNK>招商银行</RPYBNK><RPYNAM>吴明辉</RPYNAM><RSV30Z>**</RSV30Z><RSV31Z>10</RSV31Z><RSV50Z></RSV50Z><TRSAMT>3973.40</TRSAMT><TRSAMTC>3973.40</TRSAMTC><TRSANL>CPGATR</TRSANL><TRSBLV>172313.79</TRSBLV><TRSCOD>CPUA</TRSCOD><VLTDAT>20190228</VLTDAT><YURREF></YURREF></NTQTSINFZ><NTQTSINFZ><AMTCDR>C</AMTCDR><APDFLG>Y</APDFLG><ATHFLG></ATHFLG><BBKNBR>77</BBKNBR><CHKNBR></CHKNBR><C_ATHFLG>无</C_ATHFLG><C_BBKNBR>佛山</C_BBKNBR><C_ETYDAT>2019年02月28日</C_ETYDAT><C_GSBBBK></C_GSBBBK><C_RPYBBK></C_RPYBBK><C_TRSAMT>1,753.80</C_TRSAMT><C_TRSAMTC>1,753.80</C_TRSAMTC><C_TRSBLV>174,067.59</C_TRSBLV><C_VLTDAT>2019年02月28日</C_VLTDAT><ETYDAT>20190228</ETYDAT><ETYTIM>191430</ETYTIM><GSBBBK></GSBBBK><NAREXT>00474506781</NAREXT><NARYUR>尾款</NARYUR><REFNBR>KK228300087385C</REFNBR><REFSUB></REFSUB><RPYACC>6230582000055112935</RPYACC><RPYBBK></RPYBBK><RPYBNK>平安银行（原深圳发展银行）</RPYBNK><RPYNAM>黄楚玲</RPYNAM><RSV30Z>**</RSV30Z><RSV31Z>10</RSV31Z><RSV50Z></RSV50Z><TRSAMT>1753.80</TRSAMT><TRSAMTC>1753.80</TRSAMTC><TRSANL>NPGATR</TRSANL><TRSBLV>174067.59</TRSBLV><TRSCOD>NPT2</TRSCOD><VLTDAT>20190228</VLTDAT><YURREF></YURREF></NTQTSINFZ></CMBSDKPGK>
2019-03-01 11:55:56:请求：请求参数：<?xml version="1.0" encoding="gb2312"?>
<CMBSDKPGK xmlns:xsi="http://www.w3.org/2001/XMLSchema-instance" xmlns:xsd="http://www.w3.org/2001/XMLSchema">
  <INFO>
    <FUNNAM>GetTransInfo</FUNNAM>
    <DATTYP>2</DATTYP>
    <LGNNAM>yueji1</LGNNAM>
  </INFO>
  <SDKTSINFX>
    <C_BBKNBR>佛山</C_BBKNBR>
    <ACCNBR>757903956410803</ACCNBR>
    <BGNDAT>20190228</BGNDAT>
    <ENDDAT>20190228</ENDDAT>
    <LOWAMT>0</LOWAMT>
    <HGHAMT>0</HGHAMT>
  </SDKTSINFX>
</CMBSDKPGK>
返回参数：
<?xml version="1.0" encoding="GBK"?><CMBSDKPGK><INFO><DATTYP>2</DATTYP><ERRMSG></ERRMSG><FUNNAM>GetTransInfo</FUNNAM><LGNNAM>yueji1</LGNNAM><RETCOD>0</RETCOD></INFO><NTQTSINFZ><AMTCDR>C</AMTCDR><APDFLG>Y</APDFLG><ATHFLG></ATHFLG><BBKNBR>77</BBKNBR><CHKNBR></CHKNBR><C_ATHFLG>无</C_ATHFLG><C_BBKNBR>佛山</C_BBKNBR><C_ETYDAT>2019年02月28日</C_ETYDAT><C_GSBBBK></C_GSBBBK><C_RPYBBK></C_RPYBBK><C_TRSAMT>1,487.72</C_TRSAMT><C_TRSAMTC>1,487.72</C_TRSAMTC><C_TRSBLV>168,340.39</C_TRSBLV><C_VLTDAT>2019年02月28日</C_VLTDAT><ETYDAT>20190228</ETYDAT><ETYTIM>085415</ETYTIM><GSBBBK></GSBBBK><NAREXT>ANA101005EC00600YLL8</NAREXT><NARYUR>佛山永润广场店佛山永润广场店</NARYUR><REFNBR>K7649000123147C</REFNBR><REFSUB></REFSUB><RPYACC>210401324</RPYACC><RPYBBK></RPYBBK><RPYNAM>拉卡拉支付股份有限公司</RPYNAM><RSV30Z>**</RSV30Z><RSV31Z>10</RSV31Z><RSV50Z></RSV50Z><TRSAMT>1487.72</TRSAMT><TRSAMTC>1487.72</TRSAMTC><TRSANL>N6GATR</TRSANL><TRSBLV>168340.39</TRSBLV><TRSCOD>N6TP</TRSCOD><VLTDAT>20190228</VLTDAT><YURREF></YURREF></NTQTSINFZ><NTQTSINFZ><AMTCDR>C</AMTCDR><APDFLG>Y</APDFLG><ATHFLG></ATHFLG><BBKNBR>77</BBKNBR><CHKNBR></CHKNBR><C_ATHFLG>无</C_ATHFLG><C_BBKNBR>佛山</C_BBKNBR><C_ETYDAT>2019年02月28日</C_ETYDAT><C_GSBBBK></C_GSBBBK><C_RPYBBK></C_RPYBBK><C_TRSAMT>3,973.40</C_TRSAMT><C_TRSAMTC>3,973.40</C_TRSAMTC><C_TRSBLV>172,313.79</C_TRSBLV><C_VLTDAT>2019年02月28日</C_VLTDAT><ETYDAT>20190228</ETYDAT><ETYTIM>160854</ETYTIM><GSBBBK></GSBBBK><NAREXT>19R0001302965</NAREXT><NARYUR>常德</NARYUR><REFNBR>G3744900153995C</REFNBR><REFSUB></REFSUB><RPYACC>6226090280835865</RPYACC><RPYADR>成都分行营业部</RPYADR><RPYBBK></RPYBBK><RPYBNK>招商银行</RPYBNK><RPYNAM>吴明辉</RPYNAM><RSV30Z>**</RSV30Z><RSV31Z>10</RSV31Z><RSV50Z></RSV50Z><TRSAMT>3973.40</TRSAMT><TRSAMTC>3973.40</TRSAMTC><TRSANL>CPGATR</TRSANL><TRSBLV>172313.79</TRSBLV><TRSCOD>CPUA</TRSCOD><VLTDAT>20190228</VLTDAT><YURREF></YURREF></NTQTSINFZ><NTQTSINFZ><AMTCDR>C</AMTCDR><APDFLG>Y</APDFLG><ATHFLG></ATHFLG><BBKNBR>77</BBKNBR><CHKNBR></CHKNBR><C_ATHFLG>无</C_ATHFLG><C_BBKNBR>佛山</C_BBKNBR><C_ETYDAT>2019年02月28日</C_ETYDAT><C_GSBBBK></C_GSBBBK><C_RPYBBK></C_RPYBBK><C_TRSAMT>1,753.80</C_TRSAMT><C_TRSAMTC>1,753.80</C_TRSAMTC><C_TRSBLV>174,067.59</C_TRSBLV><C_VLTDAT>2019年02月28日</C_VLTDAT><ETYDAT>20190228</ETYDAT><ETYTIM>191430</ETYTIM><GSBBBK></GSBBBK><NAREXT>00474506781</NAREXT><NARYUR>尾款</NARYUR><REFNBR>KK228300087385C</REFNBR><REFSUB></REFSUB><RPYACC>6230582000055112935</RPYACC><RPYBBK></RPYBBK><RPYBNK>平安银行（原深圳发展银行）</RPYBNK><RPYNAM>黄楚玲</RPYNAM><RSV30Z>**</RSV30Z><RSV31Z>10</RSV31Z><RSV50Z></RSV50Z><TRSAMT>1753.80</TRSAMT><TRSAMTC>1753.80</TRSAMTC><TRSANL>NPGATR</TRSANL><TRSBLV>174067.59</TRSBLV><TRSCOD>NPT2</TRSCOD><VLTDAT>20190228</VLTDAT><YURREF></YURREF></NTQTSINFZ></CMBSDKPGK>
2019-03-01 13:35:59:请求：请求参数：<?xml version="1.0" encoding="gb2312"?>
<CMBSDKPGK xmlns:xsi="http://www.w3.org/2001/XMLSchema-instance" xmlns:xsd="http://www.w3.org/2001/XMLSchema">
  <INFO>
    <FUNNAM>NTECKUSR</FUNNAM>
    <DATTYP>2</DATTYP>
    <LGNNAM>yueji1</LGNNAM>
  </INFO>
</CMBSDKPGK>
返回参数：
<?xml version="1.0" encoding="GBK"?><CMBSDKPGK><INFO><DATTYP>2</DATTYP><ERRMSG></ERRMSG><FUNNAM>NTECKUSR</FUNNAM><LGNNAM>yueji1</LGNNAM><RETCOD>0</RETCOD></INFO><NTECKUSRZ><LGNNAM>yueji1</LGNNAM><USRNAM>黄晓姝</USRNAM><USRNBR>N028570919</USRNBR><USRSTS>A</USRSTS></NTECKUSRZ><NTECKUSRZ><LGNNAM>yueji2</LGNNAM><USRNAM>黄晓东</USRNAM><USRNBR>N028570937</USRNBR><USRSTS>A</USRSTS></NTECKUSRZ></CMBSDKPGK>
2019-03-01 13:38:01:请求：请求参数：<?xml version="1.0" encoding="gb2312"?>
<CMBSDKPGK xmlns:xsi="http://www.w3.org/2001/XMLSchema-instance" xmlns:xsd="http://www.w3.org/2001/XMLSchema">
  <INFO>
    <FUNNAM>NTECKUSR</FUNNAM>
    <DATTYP>2</DATTYP>
    <LGNNAM>yueji1</LGNNAM>
  </INFO>
</CMBSDKPGK>
返回参数：
<?xml version="1.0" encoding="GBK"?><CMBSDKPGK><INFO><DATTYP>2</DATTYP><ERRMSG></ERRMSG><FUNNAM>NTECKUSR</FUNNAM><LGNNAM>yueji1</LGNNAM><RETCOD>0</RETCOD></INFO><NTECKUSRZ><LGNNAM>yueji1</LGNNAM><USRNAM>黄晓姝</USRNAM><USRNBR>N028570919</USRNBR><USRSTS>A</USRSTS></NTECKUSRZ><NTECKUSRZ><LGNNAM>yueji2</LGNNAM><USRNAM>黄晓东</USRNAM><USRNBR>N028570937</USRNBR><USRSTS>A</USRSTS></NTECKUSRZ></CMBSDKPGK>
2019-03-01 13:38:33:请求：请求参数：<?xml version="1.0" encoding="gb2312"?>
<CMBSDKPGK xmlns:xsi="http://www.w3.org/2001/XMLSchema-instance" xmlns:xsd="http://www.w3.org/2001/XMLSchema">
  <INFO>
    <FUNNAM>NTECKUSR</FUNNAM>
    <DATTYP>2</DATTYP>
    <LGNNAM>yueji1</LGNNAM>
  </INFO>
</CMBSDKPGK>
返回参数：
<?xml version="1.0" encoding="GBK"?><CMBSDKPGK><INFO><DATTYP>2</DATTYP><ERRMSG></ERRMSG><FUNNAM>NTECKUSR</FUNNAM><LGNNAM>yueji1</LGNNAM><RETCOD>0</RETCOD></INFO><NTECKUSRZ><LGNNAM>yueji1</LGNNAM><USRNAM>黄晓姝</USRNAM><USRNBR>N028570919</USRNBR><USRSTS>A</USRSTS></NTECKUSRZ><NTECKUSRZ><LGNNAM>yueji2</LGNNAM><USRNAM>黄晓东</USRNAM><USRNBR>N028570937</USRNBR><USRSTS>A</USRSTS></NTECKUSRZ></CMBSDKPGK>
2019-03-01 13:42:58:请求：请求参数：<?xml version="1.0" encoding="gb2312"?>
<CMBSDKPGK xmlns:xsi="http://www.w3.org/2001/XMLSchema-instance" xmlns:xsd="http://www.w3.org/2001/XMLSchema">
  <INFO>
    <FUNNAM>NTECKUSR</FUNNAM>
    <DATTYP>2</DATTYP>
    <LGNNAM>yueji1</LGNNAM>
  </INFO>
</CMBSDKPGK>
返回参数：
<?xml version="1.0" encoding="GBK"?><CMBSDKPGK><INFO><DATTYP>2</DATTYP><ERRMSG></ERRMSG><FUNNAM>NTECKUSR</FUNNAM><LGNNAM>yueji1</LGNNAM><RETCOD>0</RETCOD></INFO><NTECKUSRZ><LGNNAM>yueji1</LGNNAM><USRNAM>黄晓姝</USRNAM><USRNBR>N028570919</USRNBR><USRSTS>A</USRSTS></NTECKUSRZ><NTECKUSRZ><LGNNAM>yueji2</LGNNAM><USRNAM>黄晓东</USRNAM><USRNBR>N028570937</USRNBR><USRSTS>A</USRSTS></NTECKUSRZ></CMBSDKPGK>
2019-03-01 15:07:17:请求：请求参数：<?xml version="1.0" encoding="gb2312"?>
<CMBSDKPGK xmlns:xsi="http://www.w3.org/2001/XMLSchema-instance" xmlns:xsd="http://www.w3.org/2001/XMLSchema">
  <INFO>
    <FUNNAM>NTQRYSTY</FUNNAM>
    <DATTYP>2</DATTYP>
    <LGNNAM>yueji1</LGNNAM>
  </INFO>
  <NTQRYSTYX1>
    <BUSCOD>N02031</BUSCOD>
    <YURREF>20190226172857</YURREF>
    <BGNDAT>20190226</BGNDAT>
    <ENDDAT>20190226</ENDDAT>
  </NTQRYSTYX1>
</CMBSDKPGK>
返回参数：
<?xml version="1.0" encoding="GBK"?><CMBSDKPGK><INFO><DATTYP>2</DATTYP><ERRMSG></ERRMSG><FUNNAM>NTQRYSTY</FUNNAM><LGNNAM>yueji1</LGNNAM><RETCOD>0</RETCOD></INFO></CMBSDKPGK>
2019-03-01 15:08:09:请求：请求参数：<?xml version="1.0" encoding="gb2312"?>
<CMBSDKPGK xmlns:xsi="http://www.w3.org/2001/XMLSchema-instance" xmlns:xsd="http://www.w3.org/2001/XMLSchema">
  <INFO>
    <FUNNAM>NTQRYSTY</FUNNAM>
    <DATTYP>2</DATTYP>
    <LGNNAM>yueji1</LGNNAM>
  </INFO>
  <NTQRYSTYX1>
    <BUSCOD>N02031</BUSCOD>
    <YURREF>20190227091332</YURREF>
    <BGNDAT>20190227</BGNDAT>
    <ENDDAT>20190227</ENDDAT>
  </NTQRYSTYX1>
</CMBSDKPGK>
返回参数：
<?xml version="1.0" encoding="GBK"?><CMBSDKPGK><INFO><DATTYP>2</DATTYP><ERRMSG></ERRMSG><FUNNAM>NTQRYSTY</FUNNAM><LGNNAM>yueji1</LGNNAM><RETCOD>0</RETCOD></INFO></CMBSDKPGK>
2019-03-01 15:09:01:请求：请求参数：<?xml version="1.0" encoding="gb2312"?>
<CMBSDKPGK xmlns:xsi="http://www.w3.org/2001/XMLSchema-instance" xmlns:xsd="http://www.w3.org/2001/XMLSchema">
  <INFO>
    <FUNNAM>NTQRYSTY</FUNNAM>
    <DATTYP>2</DATTYP>
    <LGNNAM>yueji1</LGNNAM>
  </INFO>
  <NTQRYSTYX1>
    <BUSCOD>N02031</BUSCOD>
    <YURREF>20190227095832</YURREF>
    <BGNDAT>20190227</BGNDAT>
    <ENDDAT>20190227</ENDDAT>
  </NTQRYSTYX1>
</CMBSDKPGK>
返回参数：
<?xml version="1.0" encoding="GBK"?><CMBSDKPGK><INFO><DATTYP>2</DATTYP><ERRMSG></ERRMSG><FUNNAM>NTQRYSTY</FUNNAM><LGNNAM>yueji1</LGNNAM><RETCOD>0</RETCOD></INFO></CMBSDKPGK>
2019-03-01 15:09:03:请求：请求参数：<?xml version="1.0" encoding="gb2312"?>
<CMBSDKPGK xmlns:xsi="http://www.w3.org/2001/XMLSchema-instance" xmlns:xsd="http://www.w3.org/2001/XMLSchema">
  <INFO>
    <FUNNAM>NTQRYSTY</FUNNAM>
    <DATTYP>2</DATTYP>
    <LGNNAM>yueji1</LGNNAM>
  </INFO>
  <NTQRYSTYX1>
    <BUSCOD>N02031</BUSCOD>
    <YURREF>20190227101412</YURREF>
    <BGNDAT>20190227</BGNDAT>
    <ENDDAT>20190227</ENDDAT>
  </NTQRYSTYX1>
</CMBSDKPGK>
返回参数：
<?xml version="1.0" encoding="GBK"?><CMBSDKPGK><INFO><DATTYP>2</DATTYP><ERRMSG></ERRMSG><FUNNAM>NTQRYSTY</FUNNAM><LGNNAM>yueji1</LGNNAM><RETCOD>0</RETCOD></INFO></CMBSDKPGK>
2019-03-01 15:09:05:请求：请求参数：<?xml version="1.0" encoding="gb2312"?>
<CMBSDKPGK xmlns:xsi="http://www.w3.org/2001/XMLSchema-instance" xmlns:xsd="http://www.w3.org/2001/XMLSchema">
  <INFO>
    <FUNNAM>NTQRYSTY</FUNNAM>
    <DATTYP>2</DATTYP>
    <LGNNAM>yueji1</LGNNAM>
  </INFO>
  <NTQRYSTYX1>
    <BUSCOD>N02031</BUSCOD>
    <YURREF>20190227102107</YURREF>
    <BGNDAT>20190227</BGNDAT>
    <ENDDAT>20190227</ENDDAT>
  </NTQRYSTYX1>
</CMBSDKPGK>
返回参数：
<?xml version="1.0" encoding="GBK"?><CMBSDKPGK><INFO><DATTYP>2</DATTYP><ERRMSG></ERRMSG><FUNNAM>NTQRYSTY</FUNNAM><LGNNAM>yueji1</LGNNAM><RETCOD>0</RETCOD></INFO></CMBSDKPGK>
2019-03-01 15:09:08:请求：请求参数：<?xml version="1.0" encoding="gb2312"?>
<CMBSDKPGK xmlns:xsi="http://www.w3.org/2001/XMLSchema-instance" xmlns:xsd="http://www.w3.org/2001/XMLSchema">
  <INFO>
    <FUNNAM>NTQRYSTY</FUNNAM>
    <DATTYP>2</DATTYP>
    <LGNNAM>yueji1</LGNNAM>
  </INFO>
  <NTQRYSTYX1>
    <BUSCOD>N02031</BUSCOD>
    <YURREF>20190227103338</YURREF>
    <BGNDAT>20190227</BGNDAT>
    <ENDDAT>20190227</ENDDAT>
  </NTQRYSTYX1>
</CMBSDKPGK>
返回参数：
<?xml version="1.0" encoding="GBK"?><CMBSDKPGK><INFO><DATTYP>2</DATTYP><ERRMSG></ERRMSG><FUNNAM>NTQRYSTY</FUNNAM><LGNNAM>yueji1</LGNNAM><RETCOD>0</RETCOD></INFO></CMBSDKPGK>
2019-03-01 15:09:10:请求：请求参数：<?xml version="1.0" encoding="gb2312"?>
<CMBSDKPGK xmlns:xsi="http://www.w3.org/2001/XMLSchema-instance" xmlns:xsd="http://www.w3.org/2001/XMLSchema">
  <INFO>
    <FUNNAM>NTQRYSTY</FUNNAM>
    <DATTYP>2</DATTYP>
    <LGNNAM>yueji1</LGNNAM>
  </INFO>
  <NTQRYSTYX1>
    <BUSCOD>N02031</BUSCOD>
    <YURREF>20190227103509</YURREF>
    <BGNDAT>20190227</BGNDAT>
    <ENDDAT>20190227</ENDDAT>
  </NTQRYSTYX1>
</CMBSDKPGK>
返回参数：
<?xml version="1.0" encoding="GBK"?><CMBSDKPGK><INFO><DATTYP>2</DATTYP><ERRMSG></ERRMSG><FUNNAM>NTQRYSTY</FUNNAM><LGNNAM>yueji1</LGNNAM><RETCOD>0</RETCOD></INFO></CMBSDKPGK>
2019-03-01 15:09:12:请求：请求参数：<?xml version="1.0" encoding="gb2312"?>
<CMBSDKPGK xmlns:xsi="http://www.w3.org/2001/XMLSchema-instance" xmlns:xsd="http://www.w3.org/2001/XMLSchema">
  <INFO>
    <FUNNAM>NTQRYSTY</FUNNAM>
    <DATTYP>2</DATTYP>
    <LGNNAM>yueji1</LGNNAM>
  </INFO>
  <NTQRYSTYX1>
    <BUSCOD>N02031</BUSCOD>
    <YURREF>20190227104112</YURREF>
    <BGNDAT>20190227</BGNDAT>
    <ENDDAT>20190227</ENDDAT>
  </NTQRYSTYX1>
</CMBSDKPGK>
返回参数：
<?xml version="1.0" encoding="GBK"?><CMBSDKPGK><INFO><DATTYP>2</DATTYP><ERRMSG></ERRMSG><FUNNAM>NTQRYSTY</FUNNAM><LGNNAM>yueji1</LGNNAM><RETCOD>0</RETCOD></INFO></CMBSDKPGK>
2019-03-01 15:09:14:请求：请求参数：<?xml version="1.0" encoding="gb2312"?>
<CMBSDKPGK xmlns:xsi="http://www.w3.org/2001/XMLSchema-instance" xmlns:xsd="http://www.w3.org/2001/XMLSchema">
  <INFO>
    <FUNNAM>NTQRYSTY</FUNNAM>
    <DATTYP>2</DATTYP>
    <LGNNAM>yueji1</LGNNAM>
  </INFO>
  <NTQRYSTYX1>
    <BUSCOD>N02031</BUSCOD>
    <YURREF>20190227105602</YURREF>
    <BGNDAT>20190227</BGNDAT>
    <ENDDAT>20190227</ENDDAT>
  </NTQRYSTYX1>
</CMBSDKPGK>
返回参数：
<?xml version="1.0" encoding="GBK"?><CMBSDKPGK><INFO><DATTYP>2</DATTYP><ERRMSG></ERRMSG><FUNNAM>NTQRYSTY</FUNNAM><LGNNAM>yueji1</LGNNAM><RETCOD>0</RETCOD></INFO></CMBSDKPGK>
2019-03-01 15:09:16:请求：请求参数：<?xml version="1.0" encoding="gb2312"?>
<CMBSDKPGK xmlns:xsi="http://www.w3.org/2001/XMLSchema-instance" xmlns:xsd="http://www.w3.org/2001/XMLSchema">
  <INFO>
    <FUNNAM>NTQRYSTY</FUNNAM>
    <DATTYP>2</DATTYP>
    <LGNNAM>yueji1</LGNNAM>
  </INFO>
  <NTQRYSTYX1>
    <BUSCOD>N02031</BUSCOD>
    <YURREF>20190228151214</YURREF>
    <BGNDAT>20190228</BGNDAT>
    <ENDDAT>20190228</ENDDAT>
  </NTQRYSTYX1>
</CMBSDKPGK>
返回参数：
<?xml version="1.0" encoding="GBK"?><CMBSDKPGK><INFO><DATTYP>2</DATTYP><ERRMSG></ERRMSG><FUNNAM>NTQRYSTY</FUNNAM><LGNNAM>yueji1</LGNNAM><RETCOD>0</RETCOD></INFO></CMBSDKPGK>
2019-03-01 15:09:18:请求：请求参数：<?xml version="1.0" encoding="gb2312"?>
<CMBSDKPGK xmlns:xsi="http://www.w3.org/2001/XMLSchema-instance" xmlns:xsd="http://www.w3.org/2001/XMLSchema">
  <INFO>
    <FUNNAM>NTQRYSTY</FUNNAM>
    <DATTYP>2</DATTYP>
    <LGNNAM>yueji1</LGNNAM>
  </INFO>
  <NTQRYSTYX1>
    <BUSCOD>N02031</BUSCOD>
    <YURREF>20190228151915</YURREF>
    <BGNDAT>20190228</BGNDAT>
    <ENDDAT>20190228</ENDDAT>
  </NTQRYSTYX1>
</CMBSDKPGK>
返回参数：
<?xml version="1.0" encoding="GBK"?><CMBSDKPGK><INFO><DATTYP>2</DATTYP><ERRMSG></ERRMSG><FUNNAM>NTQRYSTY</FUNNAM><LGNNAM>yueji1</LGNNAM><RETCOD>0</RETCOD></INFO></CMBSDKPGK>
2019-03-01 15:09:21:请求：请求参数：<?xml version="1.0" encoding="gb2312"?>
<CMBSDKPGK xmlns:xsi="http://www.w3.org/2001/XMLSchema-instance" xmlns:xsd="http://www.w3.org/2001/XMLSchema">
  <INFO>
    <FUNNAM>NTQRYSTY</FUNNAM>
    <DATTYP>2</DATTYP>
    <LGNNAM>yueji1</LGNNAM>
  </INFO>
  <NTQRYSTYX1>
    <BUSCOD>N02031</BUSCOD>
    <YURREF>20190228154714</YURREF>
    <BGNDAT>20190228</BGNDAT>
    <ENDDAT>20190228</ENDDAT>
  </NTQRYSTYX1>
</CMBSDKPGK>
返回参数：
<?xml version="1.0" encoding="GBK"?><CMBSDKPGK><INFO><DATTYP>2</DATTYP><ERRMSG></ERRMSG><FUNNAM>NTQRYSTY</FUNNAM><LGNNAM>yueji1</LGNNAM><RETCOD>0</RETCOD></INFO></CMBSDKPGK>
2019-03-01 15:09:23:请求：请求参数：<?xml version="1.0" encoding="gb2312"?>
<CMBSDKPGK xmlns:xsi="http://www.w3.org/2001/XMLSchema-instance" xmlns:xsd="http://www.w3.org/2001/XMLSchema">
  <INFO>
    <FUNNAM>NTQRYSTY</FUNNAM>
    <DATTYP>2</DATTYP>
    <LGNNAM>yueji1</LGNNAM>
  </INFO>
  <NTQRYSTYX1>
    <BUSCOD>N02031</BUSCOD>
    <YURREF>20190228155915</YURREF>
    <BGNDAT>20190228</BGNDAT>
    <ENDDAT>20190228</ENDDAT>
  </NTQRYSTYX1>
</CMBSDKPGK>
返回参数：
<?xml version="1.0" encoding="GBK"?><CMBSDKPGK><INFO><DATTYP>2</DATTYP><ERRMSG></ERRMSG><FUNNAM>NTQRYSTY</FUNNAM><LGNNAM>yueji1</LGNNAM><RETCOD>0</RETCOD></INFO></CMBSDKPGK>
2019-03-01 15:09:25:请求：请求参数：<?xml version="1.0" encoding="gb2312"?>
<CMBSDKPGK xmlns:xsi="http://www.w3.org/2001/XMLSchema-instance" xmlns:xsd="http://www.w3.org/2001/XMLSchema">
  <INFO>
    <FUNNAM>NTQRYSTY</FUNNAM>
    <DATTYP>2</DATTYP>
    <LGNNAM>yueji1</LGNNAM>
  </INFO>
  <NTQRYSTYX1>
    <BUSCOD>N02031</BUSCOD>
    <YURREF>20190228155918</YURREF>
    <BGNDAT>20190228</BGNDAT>
    <ENDDAT>20190228</ENDDAT>
  </NTQRYSTYX1>
</CMBSDKPGK>
返回参数：
<?xml version="1.0" encoding="GBK"?><CMBSDKPGK><INFO><DATTYP>2</DATTYP><ERRMSG></ERRMSG><FUNNAM>NTQRYSTY</FUNNAM><LGNNAM>yueji1</LGNNAM><RETCOD>0</RETCOD></INFO></CMBSDKPGK>
2019-03-01 15:09:37:请求：请求参数：<?xml version="1.0" encoding="gb2312"?>
<CMBSDKPGK xmlns:xsi="http://www.w3.org/2001/XMLSchema-instance" xmlns:xsd="http://www.w3.org/2001/XMLSchema">
  <INFO>
    <FUNNAM>NTQRYSTY</FUNNAM>
    <DATTYP>2</DATTYP>
    <LGNNAM>yueji1</LGNNAM>
  </INFO>
  <NTQRYSTYX1>
    <BUSCOD>N02031</BUSCOD>
    <YURREF>20190226172857</YURREF>
    <BGNDAT>20190226</BGNDAT>
    <ENDDAT>20190226</ENDDAT>
  </NTQRYSTYX1>
</CMBSDKPGK>
返回参数：
<?xml version="1.0" encoding="GBK"?><CMBSDKPGK><INFO><DATTYP>2</DATTYP><ERRMSG></ERRMSG><FUNNAM>NTQRYSTY</FUNNAM><LGNNAM>yueji1</LGNNAM><RETCOD>0</RETCOD></INFO></CMBSDKPGK>
2019-03-01 15:09:39:请求：请求参数：<?xml version="1.0" encoding="gb2312"?>
<CMBSDKPGK xmlns:xsi="http://www.w3.org/2001/XMLSchema-instance" xmlns:xsd="http://www.w3.org/2001/XMLSchema">
  <INFO>
    <FUNNAM>NTQRYSTY</FUNNAM>
    <DATTYP>2</DATTYP>
    <LGNNAM>yueji1</LGNNAM>
  </INFO>
  <NTQRYSTYX1>
    <BUSCOD>N02031</BUSCOD>
    <YURREF>20190227091332</YURREF>
    <BGNDAT>20190227</BGNDAT>
    <ENDDAT>20190227</ENDDAT>
  </NTQRYSTYX1>
</CMBSDKPGK>
返回参数：
<?xml version="1.0" encoding="GBK"?><CMBSDKPGK><INFO><DATTYP>2</DATTYP><ERRMSG></ERRMSG><FUNNAM>NTQRYSTY</FUNNAM><LGNNAM>yueji1</LGNNAM><RETCOD>0</RETCOD></INFO></CMBSDKPGK>
2019-03-01 15:09:41:请求：请求参数：<?xml version="1.0" encoding="gb2312"?>
<CMBSDKPGK xmlns:xsi="http://www.w3.org/2001/XMLSchema-instance" xmlns:xsd="http://www.w3.org/2001/XMLSchema">
  <INFO>
    <FUNNAM>NTQRYSTY</FUNNAM>
    <DATTYP>2</DATTYP>
    <LGNNAM>yueji1</LGNNAM>
  </INFO>
  <NTQRYSTYX1>
    <BUSCOD>N02031</BUSCOD>
    <YURREF>20190227095832</YURREF>
    <BGNDAT>20190227</BGNDAT>
    <ENDDAT>20190227</ENDDAT>
  </NTQRYSTYX1>
</CMBSDKPGK>
返回参数：
<?xml version="1.0" encoding="GBK"?><CMBSDKPGK><INFO><DATTYP>2</DATTYP><ERRMSG></ERRMSG><FUNNAM>NTQRYSTY</FUNNAM><LGNNAM>yueji1</LGNNAM><RETCOD>0</RETCOD></INFO></CMBSDKPGK>
2019-03-01 15:09:43:请求：请求参数：<?xml version="1.0" encoding="gb2312"?>
<CMBSDKPGK xmlns:xsi="http://www.w3.org/2001/XMLSchema-instance" xmlns:xsd="http://www.w3.org/2001/XMLSchema">
  <INFO>
    <FUNNAM>NTQRYSTY</FUNNAM>
    <DATTYP>2</DATTYP>
    <LGNNAM>yueji1</LGNNAM>
  </INFO>
  <NTQRYSTYX1>
    <BUSCOD>N02031</BUSCOD>
    <YURREF>20190227101412</YURREF>
    <BGNDAT>20190227</BGNDAT>
    <ENDDAT>20190227</ENDDAT>
  </NTQRYSTYX1>
</CMBSDKPGK>
返回参数：
<?xml version="1.0" encoding="GBK"?><CMBSDKPGK><INFO><DATTYP>2</DATTYP><ERRMSG></ERRMSG><FUNNAM>NTQRYSTY</FUNNAM><LGNNAM>yueji1</LGNNAM><RETCOD>0</RETCOD></INFO></CMBSDKPGK>
2019-03-01 15:09:45:请求：请求参数：<?xml version="1.0" encoding="gb2312"?>
<CMBSDKPGK xmlns:xsi="http://www.w3.org/2001/XMLSchema-instance" xmlns:xsd="http://www.w3.org/2001/XMLSchema">
  <INFO>
    <FUNNAM>NTQRYSTY</FUNNAM>
    <DATTYP>2</DATTYP>
    <LGNNAM>yueji1</LGNNAM>
  </INFO>
  <NTQRYSTYX1>
    <BUSCOD>N02031</BUSCOD>
    <YURREF>20190227102107</YURREF>
    <BGNDAT>20190227</BGNDAT>
    <ENDDAT>20190227</ENDDAT>
  </NTQRYSTYX1>
</CMBSDKPGK>
返回参数：
<?xml version="1.0" encoding="GBK"?><CMBSDKPGK><INFO><DATTYP>2</DATTYP><ERRMSG></ERRMSG><FUNNAM>NTQRYSTY</FUNNAM><LGNNAM>yueji1</LGNNAM><RETCOD>0</RETCOD></INFO></CMBSDKPGK>
2019-03-01 15:09:47:请求：请求参数：<?xml version="1.0" encoding="gb2312"?>
<CMBSDKPGK xmlns:xsi="http://www.w3.org/2001/XMLSchema-instance" xmlns:xsd="http://www.w3.org/2001/XMLSchema">
  <INFO>
    <FUNNAM>NTQRYSTY</FUNNAM>
    <DATTYP>2</DATTYP>
    <LGNNAM>yueji1</LGNNAM>
  </INFO>
  <NTQRYSTYX1>
    <BUSCOD>N02031</BUSCOD>
    <YURREF>20190227103338</YURREF>
    <BGNDAT>20190227</BGNDAT>
    <ENDDAT>20190227</ENDDAT>
  </NTQRYSTYX1>
</CMBSDKPGK>
返回参数：
<?xml version="1.0" encoding="GBK"?><CMBSDKPGK><INFO><DATTYP>2</DATTYP><ERRMSG></ERRMSG><FUNNAM>NTQRYSTY</FUNNAM><LGNNAM>yueji1</LGNNAM><RETCOD>0</RETCOD></INFO></CMBSDKPGK>
2019-03-01 15:09:50:请求：请求参数：<?xml version="1.0" encoding="gb2312"?>
<CMBSDKPGK xmlns:xsi="http://www.w3.org/2001/XMLSchema-instance" xmlns:xsd="http://www.w3.org/2001/XMLSchema">
  <INFO>
    <FUNNAM>NTQRYSTY</FUNNAM>
    <DATTYP>2</DATTYP>
    <LGNNAM>yueji1</LGNNAM>
  </INFO>
  <NTQRYSTYX1>
    <BUSCOD>N02031</BUSCOD>
    <YURREF>20190227103509</YURREF>
    <BGNDAT>20190227</BGNDAT>
    <ENDDAT>20190227</ENDDAT>
  </NTQRYSTYX1>
</CMBSDKPGK>
返回参数：
<?xml version="1.0" encoding="GBK"?><CMBSDKPGK><INFO><DATTYP>2</DATTYP><ERRMSG></ERRMSG><FUNNAM>NTQRYSTY</FUNNAM><LGNNAM>yueji1</LGNNAM><RETCOD>0</RETCOD></INFO></CMBSDKPGK>
2019-03-01 15:09:53:请求：请求参数：<?xml version="1.0" encoding="gb2312"?>
<CMBSDKPGK xmlns:xsi="http://www.w3.org/2001/XMLSchema-instance" xmlns:xsd="http://www.w3.org/2001/XMLSchema">
  <INFO>
    <FUNNAM>NTQRYSTY</FUNNAM>
    <DATTYP>2</DATTYP>
    <LGNNAM>yueji1</LGNNAM>
  </INFO>
  <NTQRYSTYX1>
    <BUSCOD>N02031</BUSCOD>
    <YURREF>20190227104112</YURREF>
    <BGNDAT>20190227</BGNDAT>
    <ENDDAT>20190227</ENDDAT>
  </NTQRYSTYX1>
</CMBSDKPGK>
返回参数：
<?xml version="1.0" encoding="GBK"?><CMBSDKPGK><INFO><DATTYP>2</DATTYP><ERRMSG></ERRMSG><FUNNAM>NTQRYSTY</FUNNAM><LGNNAM>yueji1</LGNNAM><RETCOD>0</RETCOD></INFO></CMBSDKPGK>
2019-03-01 15:09:55:请求：请求参数：<?xml version="1.0" encoding="gb2312"?>
<CMBSDKPGK xmlns:xsi="http://www.w3.org/2001/XMLSchema-instance" xmlns:xsd="http://www.w3.org/2001/XMLSchema">
  <INFO>
    <FUNNAM>NTQRYSTY</FUNNAM>
    <DATTYP>2</DATTYP>
    <LGNNAM>yueji1</LGNNAM>
  </INFO>
  <NTQRYSTYX1>
    <BUSCOD>N02031</BUSCOD>
    <YURREF>20190227105602</YURREF>
    <BGNDAT>20190227</BGNDAT>
    <ENDDAT>20190227</ENDDAT>
  </NTQRYSTYX1>
</CMBSDKPGK>
返回参数：
<?xml version="1.0" encoding="GBK"?><CMBSDKPGK><INFO><DATTYP>2</DATTYP><ERRMSG></ERRMSG><FUNNAM>NTQRYSTY</FUNNAM><LGNNAM>yueji1</LGNNAM><RETCOD>0</RETCOD></INFO></CMBSDKPGK>
2019-03-01 15:09:57:请求：请求参数：<?xml version="1.0" encoding="gb2312"?>
<CMBSDKPGK xmlns:xsi="http://www.w3.org/2001/XMLSchema-instance" xmlns:xsd="http://www.w3.org/2001/XMLSchema">
  <INFO>
    <FUNNAM>NTQRYSTY</FUNNAM>
    <DATTYP>2</DATTYP>
    <LGNNAM>yueji1</LGNNAM>
  </INFO>
  <NTQRYSTYX1>
    <BUSCOD>N02031</BUSCOD>
    <YURREF>20190228151214</YURREF>
    <BGNDAT>20190228</BGNDAT>
    <ENDDAT>20190228</ENDDAT>
  </NTQRYSTYX1>
</CMBSDKPGK>
返回参数：
<?xml version="1.0" encoding="GBK"?><CMBSDKPGK><INFO><DATTYP>2</DATTYP><ERRMSG></ERRMSG><FUNNAM>NTQRYSTY</FUNNAM><LGNNAM>yueji1</LGNNAM><RETCOD>0</RETCOD></INFO></CMBSDKPGK>
2019-03-01 15:09:59:请求：请求参数：<?xml version="1.0" encoding="gb2312"?>
<CMBSDKPGK xmlns:xsi="http://www.w3.org/2001/XMLSchema-instance" xmlns:xsd="http://www.w3.org/2001/XMLSchema">
  <INFO>
    <FUNNAM>NTQRYSTY</FUNNAM>
    <DATTYP>2</DATTYP>
    <LGNNAM>yueji1</LGNNAM>
  </INFO>
  <NTQRYSTYX1>
    <BUSCOD>N02031</BUSCOD>
    <YURREF>20190228151915</YURREF>
    <BGNDAT>20190228</BGNDAT>
    <ENDDAT>20190228</ENDDAT>
  </NTQRYSTYX1>
</CMBSDKPGK>
返回参数：
<?xml version="1.0" encoding="GBK"?><CMBSDKPGK><INFO><DATTYP>2</DATTYP><ERRMSG></ERRMSG><FUNNAM>NTQRYSTY</FUNNAM><LGNNAM>yueji1</LGNNAM><RETCOD>0</RETCOD></INFO></CMBSDKPGK>
2019-03-01 15:10:01:请求：请求参数：<?xml version="1.0" encoding="gb2312"?>
<CMBSDKPGK xmlns:xsi="http://www.w3.org/2001/XMLSchema-instance" xmlns:xsd="http://www.w3.org/2001/XMLSchema">
  <INFO>
    <FUNNAM>NTQRYSTY</FUNNAM>
    <DATTYP>2</DATTYP>
    <LGNNAM>yueji1</LGNNAM>
  </INFO>
  <NTQRYSTYX1>
    <BUSCOD>N02031</BUSCOD>
    <YURREF>20190228154714</YURREF>
    <BGNDAT>20190228</BGNDAT>
    <ENDDAT>20190228</ENDDAT>
  </NTQRYSTYX1>
</CMBSDKPGK>
返回参数：
<?xml version="1.0" encoding="GBK"?><CMBSDKPGK><INFO><DATTYP>2</DATTYP><ERRMSG></ERRMSG><FUNNAM>NTQRYSTY</FUNNAM><LGNNAM>yueji1</LGNNAM><RETCOD>0</RETCOD></INFO></CMBSDKPGK>
2019-03-01 15:10:03:请求：请求参数：<?xml version="1.0" encoding="gb2312"?>
<CMBSDKPGK xmlns:xsi="http://www.w3.org/2001/XMLSchema-instance" xmlns:xsd="http://www.w3.org/2001/XMLSchema">
  <INFO>
    <FUNNAM>NTQRYSTY</FUNNAM>
    <DATTYP>2</DATTYP>
    <LGNNAM>yueji1</LGNNAM>
  </INFO>
  <NTQRYSTYX1>
    <BUSCOD>N02031</BUSCOD>
    <YURREF>20190228155915</YURREF>
    <BGNDAT>20190228</BGNDAT>
    <ENDDAT>20190228</ENDDAT>
  </NTQRYSTYX1>
</CMBSDKPGK>
返回参数：
<?xml version="1.0" encoding="GBK"?><CMBSDKPGK><INFO><DATTYP>2</DATTYP><ERRMSG></ERRMSG><FUNNAM>NTQRYSTY</FUNNAM><LGNNAM>yueji1</LGNNAM><RETCOD>0</RETCOD></INFO></CMBSDKPGK>
2019-03-01 15:10:06:请求：请求参数：<?xml version="1.0" encoding="gb2312"?>
<CMBSDKPGK xmlns:xsi="http://www.w3.org/2001/XMLSchema-instance" xmlns:xsd="http://www.w3.org/2001/XMLSchema">
  <INFO>
    <FUNNAM>NTQRYSTY</FUNNAM>
    <DATTYP>2</DATTYP>
    <LGNNAM>yueji1</LGNNAM>
  </INFO>
  <NTQRYSTYX1>
    <BUSCOD>N02031</BUSCOD>
    <YURREF>20190228155918</YURREF>
    <BGNDAT>20190228</BGNDAT>
    <ENDDAT>20190228</ENDDAT>
  </NTQRYSTYX1>
</CMBSDKPGK>
返回参数：
<?xml version="1.0" encoding="GBK"?><CMBSDKPGK><INFO><DATTYP>2</DATTYP><ERRMSG></ERRMSG><FUNNAM>NTQRYSTY</FUNNAM><LGNNAM>yueji1</LGNNAM><RETCOD>0</RETCOD></INFO></CMBSDKPGK>
2019-03-01 15:32:20:请求：请求参数：<?xml version="1.0" encoding="gb2312"?>
<CMBSDKPGK xmlns:xsi="http://www.w3.org/2001/XMLSchema-instance" xmlns:xsd="http://www.w3.org/2001/XMLSchema">
  <INFO>
    <FUNNAM>NTQRYSTY</FUNNAM>
    <DATTYP>2</DATTYP>
    <LGNNAM>yueji1</LGNNAM>
  </INFO>
  <NTQRYSTYX1>
    <BUSCOD>N02031</BUSCOD>
    <YURREF>20190226172857</YURREF>
    <BGNDAT>20190227</BGNDAT>
    <ENDDAT>20190227</ENDDAT>
  </NTQRYSTYX1>
</CMBSDKPGK>
返回参数：
<?xml version="1.0" encoding="GBK"?><CMBSDKPGK><INFO><DATTYP>2</DATTYP><ERRMSG></ERRMSG><FUNNAM>NTQRYSTY</FUNNAM><LGNNAM>yueji1</LGNNAM><RETCOD>0</RETCOD></INFO></CMBSDKPGK>
2019-03-01 15:32:22:请求：请求参数：<?xml version="1.0" encoding="gb2312"?>
<CMBSDKPGK xmlns:xsi="http://www.w3.org/2001/XMLSchema-instance" xmlns:xsd="http://www.w3.org/2001/XMLSchema">
  <INFO>
    <FUNNAM>NTQRYSTY</FUNNAM>
    <DATTYP>2</DATTYP>
    <LGNNAM>yueji1</LGNNAM>
  </INFO>
  <NTQRYSTYX1>
    <BUSCOD>N02031</BUSCOD>
    <YURREF>20190227091332</YURREF>
    <BGNDAT>20190227</BGNDAT>
    <ENDDAT>20190227</ENDDAT>
  </NTQRYSTYX1>
</CMBSDKPGK>
返回参数：
<?xml version="1.0" encoding="GBK"?><CMBSDKPGK><INFO><DATTYP>2</DATTYP><ERRMSG></ERRMSG><FUNNAM>NTQRYSTY</FUNNAM><LGNNAM>yueji1</LGNNAM><RETCOD>0</RETCOD></INFO></CMBSDKPGK>
2019-03-01 15:32:24:请求：请求参数：<?xml version="1.0" encoding="gb2312"?>
<CMBSDKPGK xmlns:xsi="http://www.w3.org/2001/XMLSchema-instance" xmlns:xsd="http://www.w3.org/2001/XMLSchema">
  <INFO>
    <FUNNAM>NTQRYSTY</FUNNAM>
    <DATTYP>2</DATTYP>
    <LGNNAM>yueji1</LGNNAM>
  </INFO>
  <NTQRYSTYX1>
    <BUSCOD>N02031</BUSCOD>
    <YURREF>20190227095832</YURREF>
    <BGNDAT>20190227</BGNDAT>
    <ENDDAT>20190227</ENDDAT>
  </NTQRYSTYX1>
</CMBSDKPGK>
返回参数：
<?xml version="1.0" encoding="GBK"?><CMBSDKPGK><INFO><DATTYP>2</DATTYP><ERRMSG></ERRMSG><FUNNAM>NTQRYSTY</FUNNAM><LGNNAM>yueji1</LGNNAM><RETCOD>0</RETCOD></INFO></CMBSDKPGK>
2019-03-01 15:32:26:请求：请求参数：<?xml version="1.0" encoding="gb2312"?>
<CMBSDKPGK xmlns:xsi="http://www.w3.org/2001/XMLSchema-instance" xmlns:xsd="http://www.w3.org/2001/XMLSchema">
  <INFO>
    <FUNNAM>NTQRYSTY</FUNNAM>
    <DATTYP>2</DATTYP>
    <LGNNAM>yueji1</LGNNAM>
  </INFO>
  <NTQRYSTYX1>
    <BUSCOD>N02031</BUSCOD>
    <YURREF>20190227101412</YURREF>
    <BGNDAT>20190227</BGNDAT>
    <ENDDAT>20190227</ENDDAT>
  </NTQRYSTYX1>
</CMBSDKPGK>
返回参数：
<?xml version="1.0" encoding="GBK"?><CMBSDKPGK><INFO><DATTYP>2</DATTYP><ERRMSG></ERRMSG><FUNNAM>NTQRYSTY</FUNNAM><LGNNAM>yueji1</LGNNAM><RETCOD>0</RETCOD></INFO></CMBSDKPGK>
2019-03-01 15:32:28:请求：请求参数：<?xml version="1.0" encoding="gb2312"?>
<CMBSDKPGK xmlns:xsi="http://www.w3.org/2001/XMLSchema-instance" xmlns:xsd="http://www.w3.org/2001/XMLSchema">
  <INFO>
    <FUNNAM>NTQRYSTY</FUNNAM>
    <DATTYP>2</DATTYP>
    <LGNNAM>yueji1</LGNNAM>
  </INFO>
  <NTQRYSTYX1>
    <BUSCOD>N02031</BUSCOD>
    <YURREF>20190227102107</YURREF>
    <BGNDAT>20190227</BGNDAT>
    <ENDDAT>20190227</ENDDAT>
  </NTQRYSTYX1>
</CMBSDKPGK>
返回参数：
<?xml version="1.0" encoding="GBK"?><CMBSDKPGK><INFO><DATTYP>2</DATTYP><ERRMSG></ERRMSG><FUNNAM>NTQRYSTY</FUNNAM><LGNNAM>yueji1</LGNNAM><RETCOD>0</RETCOD></INFO></CMBSDKPGK>
2019-03-01 16:54:28:请求：请求参数：<?xml version="1.0" encoding="gb2312"?>
<CMBSDKPGK xmlns:xsi="http://www.w3.org/2001/XMLSchema-instance" xmlns:xsd="http://www.w3.org/2001/XMLSchema">
  <INFO>
    <FUNNAM>NTQRYSTY</FUNNAM>
    <DATTYP>2</DATTYP>
    <LGNNAM>yueji1</LGNNAM>
  </INFO>
  <NTQRYSTYX1>
    <BUSCOD>N02031</BUSCOD>
    <YURREF>20190226172857</YURREF>
    <BGNDAT>20190227</BGNDAT>
    <ENDDAT>20190227</ENDDAT>
  </NTQRYSTYX1>
</CMBSDKPGK>
返回参数：
<?xml version="1.0" encoding="GBK"?><CMBSDKPGK><INFO><DATTYP>2</DATTYP><ERRMSG></ERRMSG><FUNNAM>NTQRYSTY</FUNNAM><LGNNAM>yueji1</LGNNAM><RETCOD>0</RETCOD></INFO></CMBSDKPGK>
2019-03-01 16:54:30:请求：请求参数：<?xml version="1.0" encoding="gb2312"?>
<CMBSDKPGK xmlns:xsi="http://www.w3.org/2001/XMLSchema-instance" xmlns:xsd="http://www.w3.org/2001/XMLSchema">
  <INFO>
    <FUNNAM>NTQRYSTY</FUNNAM>
    <DATTYP>2</DATTYP>
    <LGNNAM>yueji1</LGNNAM>
  </INFO>
  <NTQRYSTYX1>
    <BUSCOD>N02031</BUSCOD>
    <YURREF>20190227091332</YURREF>
    <BGNDAT>20190227</BGNDAT>
    <ENDDAT>20190227</ENDDAT>
  </NTQRYSTYX1>
</CMBSDKPGK>
返回参数：
<?xml version="1.0" encoding="GBK"?><CMBSDKPGK><INFO><DATTYP>2</DATTYP><ERRMSG></ERRMSG><FUNNAM>NTQRYSTY</FUNNAM><LGNNAM>yueji1</LGNNAM><RETCOD>0</RETCOD></INFO></CMBSDKPGK>
2019-03-01 16:54:32:请求：请求参数：<?xml version="1.0" encoding="gb2312"?>
<CMBSDKPGK xmlns:xsi="http://www.w3.org/2001/XMLSchema-instance" xmlns:xsd="http://www.w3.org/2001/XMLSchema">
  <INFO>
    <FUNNAM>NTQRYSTY</FUNNAM>
    <DATTYP>2</DATTYP>
    <LGNNAM>yueji1</LGNNAM>
  </INFO>
  <NTQRYSTYX1>
    <BUSCOD>N02031</BUSCOD>
    <YURREF>20190227095832</YURREF>
    <BGNDAT>20190227</BGNDAT>
    <ENDDAT>20190227</ENDDAT>
  </NTQRYSTYX1>
</CMBSDKPGK>
返回参数：
<?xml version="1.0" encoding="GBK"?><CMBSDKPGK><INFO><DATTYP>2</DATTYP><ERRMSG></ERRMSG><FUNNAM>NTQRYSTY</FUNNAM><LGNNAM>yueji1</LGNNAM><RETCOD>0</RETCOD></INFO></CMBSDKPGK>
2019-03-01 16:54:34:请求：请求参数：<?xml version="1.0" encoding="gb2312"?>
<CMBSDKPGK xmlns:xsi="http://www.w3.org/2001/XMLSchema-instance" xmlns:xsd="http://www.w3.org/2001/XMLSchema">
  <INFO>
    <FUNNAM>NTQRYSTY</FUNNAM>
    <DATTYP>2</DATTYP>
    <LGNNAM>yueji1</LGNNAM>
  </INFO>
  <NTQRYSTYX1>
    <BUSCOD>N02031</BUSCOD>
    <YURREF>20190227101412</YURREF>
    <BGNDAT>20190227</BGNDAT>
    <ENDDAT>20190227</ENDDAT>
  </NTQRYSTYX1>
</CMBSDKPGK>
返回参数：
<?xml version="1.0" encoding="GBK"?><CMBSDKPGK><INFO><DATTYP>2</DATTYP><ERRMSG></ERRMSG><FUNNAM>NTQRYSTY</FUNNAM><LGNNAM>yueji1</LGNNAM><RETCOD>0</RETCOD></INFO></CMBSDKPGK>
2019-03-01 16:54:36:请求：请求参数：<?xml version="1.0" encoding="gb2312"?>
<CMBSDKPGK xmlns:xsi="http://www.w3.org/2001/XMLSchema-instance" xmlns:xsd="http://www.w3.org/2001/XMLSchema">
  <INFO>
    <FUNNAM>NTQRYSTY</FUNNAM>
    <DATTYP>2</DATTYP>
    <LGNNAM>yueji1</LGNNAM>
  </INFO>
  <NTQRYSTYX1>
    <BUSCOD>N02031</BUSCOD>
    <YURREF>20190227102107</YURREF>
    <BGNDAT>20190227</BGNDAT>
    <ENDDAT>20190227</ENDDAT>
  </NTQRYSTYX1>
</CMBSDKPGK>
返回参数：
<?xml version="1.0" encoding="GBK"?><CMBSDKPGK><INFO><DATTYP>2</DATTYP><ERRMSG></ERRMSG><FUNNAM>NTQRYSTY</FUNNAM><LGNNAM>yueji1</LGNNAM><RETCOD>0</RETCOD></INFO></CMBSDKPGK>
2019-03-01 16:54:39:请求：请求参数：<?xml version="1.0" encoding="gb2312"?>
<CMBSDKPGK xmlns:xsi="http://www.w3.org/2001/XMLSchema-instance" xmlns:xsd="http://www.w3.org/2001/XMLSchema">
  <INFO>
    <FUNNAM>NTQRYSTY</FUNNAM>
    <DATTYP>2</DATTYP>
    <LGNNAM>yueji1</LGNNAM>
  </INFO>
  <NTQRYSTYX1>
    <BUSCOD>N02031</BUSCOD>
    <YURREF>20190227103338</YURREF>
    <BGNDAT>20190227</BGNDAT>
    <ENDDAT>20190227</ENDDAT>
  </NTQRYSTYX1>
</CMBSDKPGK>
返回参数：
<?xml version="1.0" encoding="GBK"?><CMBSDKPGK><INFO><DATTYP>2</DATTYP><ERRMSG></ERRMSG><FUNNAM>NTQRYSTY</FUNNAM><LGNNAM>yueji1</LGNNAM><RETCOD>0</RETCOD></INFO></CMBSDKPGK>
2019-03-01 16:54:41:请求：请求参数：<?xml version="1.0" encoding="gb2312"?>
<CMBSDKPGK xmlns:xsi="http://www.w3.org/2001/XMLSchema-instance" xmlns:xsd="http://www.w3.org/2001/XMLSchema">
  <INFO>
    <FUNNAM>NTQRYSTY</FUNNAM>
    <DATTYP>2</DATTYP>
    <LGNNAM>yueji1</LGNNAM>
  </INFO>
  <NTQRYSTYX1>
    <BUSCOD>N02031</BUSCOD>
    <YURREF>20190227103509</YURREF>
    <BGNDAT>20190227</BGNDAT>
    <ENDDAT>20190227</ENDDAT>
  </NTQRYSTYX1>
</CMBSDKPGK>
返回参数：
<?xml version="1.0" encoding="GBK"?><CMBSDKPGK><INFO><DATTYP>2</DATTYP><ERRMSG></ERRMSG><FUNNAM>NTQRYSTY</FUNNAM><LGNNAM>yueji1</LGNNAM><RETCOD>0</RETCOD></INFO></CMBSDKPGK>
2019-03-01 16:54:43:请求：请求参数：<?xml version="1.0" encoding="gb2312"?>
<CMBSDKPGK xmlns:xsi="http://www.w3.org/2001/XMLSchema-instance" xmlns:xsd="http://www.w3.org/2001/XMLSchema">
  <INFO>
    <FUNNAM>NTQRYSTY</FUNNAM>
    <DATTYP>2</DATTYP>
    <LGNNAM>yueji1</LGNNAM>
  </INFO>
  <NTQRYSTYX1>
    <BUSCOD>N02031</BUSCOD>
    <YURREF>20190227104112</YURREF>
    <BGNDAT>20190227</BGNDAT>
    <ENDDAT>20190227</ENDDAT>
  </NTQRYSTYX1>
</CMBSDKPGK>
返回参数：
<?xml version="1.0" encoding="GBK"?><CMBSDKPGK><INFO><DATTYP>2</DATTYP><ERRMSG></ERRMSG><FUNNAM>NTQRYSTY</FUNNAM><LGNNAM>yueji1</LGNNAM><RETCOD>0</RETCOD></INFO></CMBSDKPGK>
2019-03-01 16:54:45:请求：请求参数：<?xml version="1.0" encoding="gb2312"?>
<CMBSDKPGK xmlns:xsi="http://www.w3.org/2001/XMLSchema-instance" xmlns:xsd="http://www.w3.org/2001/XMLSchema">
  <INFO>
    <FUNNAM>NTQRYSTY</FUNNAM>
    <DATTYP>2</DATTYP>
    <LGNNAM>yueji1</LGNNAM>
  </INFO>
  <NTQRYSTYX1>
    <BUSCOD>N02031</BUSCOD>
    <YURREF>20190227105602</YURREF>
    <BGNDAT>20190227</BGNDAT>
    <ENDDAT>20190227</ENDDAT>
  </NTQRYSTYX1>
</CMBSDKPGK>
返回参数：
<?xml version="1.0" encoding="GBK"?><CMBSDKPGK><INFO><DATTYP>2</DATTYP><ERRMSG></ERRMSG><FUNNAM>NTQRYSTY</FUNNAM><LGNNAM>yueji1</LGNNAM><RETCOD>0</RETCOD></INFO></CMBSDKPGK>
2019-03-01 16:54:47:请求：请求参数：<?xml version="1.0" encoding="gb2312"?>
<CMBSDKPGK xmlns:xsi="http://www.w3.org/2001/XMLSchema-instance" xmlns:xsd="http://www.w3.org/2001/XMLSchema">
  <INFO>
    <FUNNAM>NTQRYSTY</FUNNAM>
    <DATTYP>2</DATTYP>
    <LGNNAM>yueji1</LGNNAM>
  </INFO>
  <NTQRYSTYX1>
    <BUSCOD>N02031</BUSCOD>
    <YURREF>20190228151214</YURREF>
    <BGNDAT>20190228</BGNDAT>
    <ENDDAT>20190228</ENDDAT>
  </NTQRYSTYX1>
</CMBSDKPGK>
返回参数：
<?xml version="1.0" encoding="GBK"?><CMBSDKPGK><INFO><DATTYP>2</DATTYP><ERRMSG></ERRMSG><FUNNAM>NTQRYSTY</FUNNAM><LGNNAM>yueji1</LGNNAM><RETCOD>0</RETCOD></INFO></CMBSDKPGK>
2019-03-01 16:54:49:请求：请求参数：<?xml version="1.0" encoding="gb2312"?>
<CMBSDKPGK xmlns:xsi="http://www.w3.org/2001/XMLSchema-instance" xmlns:xsd="http://www.w3.org/2001/XMLSchema">
  <INFO>
    <FUNNAM>NTQRYSTY</FUNNAM>
    <DATTYP>2</DATTYP>
    <LGNNAM>yueji1</LGNNAM>
  </INFO>
  <NTQRYSTYX1>
    <BUSCOD>N02031</BUSCOD>
    <YURREF>20190228151915</YURREF>
    <BGNDAT>20190228</BGNDAT>
    <ENDDAT>20190228</ENDDAT>
  </NTQRYSTYX1>
</CMBSDKPGK>
返回参数：
<?xml version="1.0" encoding="GBK"?><CMBSDKPGK><INFO><DATTYP>2</DATTYP><ERRMSG></ERRMSG><FUNNAM>NTQRYSTY</FUNNAM><LGNNAM>yueji1</LGNNAM><RETCOD>0</RETCOD></INFO></CMBSDKPGK>
2019-03-01 16:54:51:请求：请求参数：<?xml version="1.0" encoding="gb2312"?>
<CMBSDKPGK xmlns:xsi="http://www.w3.org/2001/XMLSchema-instance" xmlns:xsd="http://www.w3.org/2001/XMLSchema">
  <INFO>
    <FUNNAM>NTQRYSTY</FUNNAM>
    <DATTYP>2</DATTYP>
    <LGNNAM>yueji1</LGNNAM>
  </INFO>
  <NTQRYSTYX1>
    <BUSCOD>N02031</BUSCOD>
    <YURREF>20190228154714</YURREF>
    <BGNDAT>20190228</BGNDAT>
    <ENDDAT>20190228</ENDDAT>
  </NTQRYSTYX1>
</CMBSDKPGK>
返回参数：
<?xml version="1.0" encoding="GBK"?><CMBSDKPGK><INFO><DATTYP>2</DATTYP><ERRMSG></ERRMSG><FUNNAM>NTQRYSTY</FUNNAM><LGNNAM>yueji1</LGNNAM><RETCOD>0</RETCOD></INFO></CMBSDKPGK>
2019-03-01 16:54:53:请求：请求参数：<?xml version="1.0" encoding="gb2312"?>
<CMBSDKPGK xmlns:xsi="http://www.w3.org/2001/XMLSchema-instance" xmlns:xsd="http://www.w3.org/2001/XMLSchema">
  <INFO>
    <FUNNAM>NTQRYSTY</FUNNAM>
    <DATTYP>2</DATTYP>
    <LGNNAM>yueji1</LGNNAM>
  </INFO>
  <NTQRYSTYX1>
    <BUSCOD>N02031</BUSCOD>
    <YURREF>20190228155915</YURREF>
    <BGNDAT>20190228</BGNDAT>
    <ENDDAT>20190228</ENDDAT>
  </NTQRYSTYX1>
</CMBSDKPGK>
返回参数：
<?xml version="1.0" encoding="GBK"?><CMBSDKPGK><INFO><DATTYP>2</DATTYP><ERRMSG></ERRMSG><FUNNAM>NTQRYSTY</FUNNAM><LGNNAM>yueji1</LGNNAM><RETCOD>0</RETCOD></INFO></CMBSDKPGK>
2019-03-01 16:54:56:请求：请求参数：<?xml version="1.0" encoding="gb2312"?>
<CMBSDKPGK xmlns:xsi="http://www.w3.org/2001/XMLSchema-instance" xmlns:xsd="http://www.w3.org/2001/XMLSchema">
  <INFO>
    <FUNNAM>NTQRYSTY</FUNNAM>
    <DATTYP>2</DATTYP>
    <LGNNAM>yueji1</LGNNAM>
  </INFO>
  <NTQRYSTYX1>
    <BUSCOD>N02031</BUSCOD>
    <YURREF>20190228155918</YURREF>
    <BGNDAT>20190228</BGNDAT>
    <ENDDAT>20190228</ENDDAT>
  </NTQRYSTYX1>
</CMBSDKPGK>
返回参数：
<?xml version="1.0" encoding="GBK"?><CMBSDKPGK><INFO><DATTYP>2</DATTYP><ERRMSG></ERRMSG><FUNNAM>NTQRYSTY</FUNNAM><LGNNAM>yueji1</LGNNAM><RETCOD>0</RETCOD></INFO></CMBSDKPGK>
2019-03-01 16:56:21:请求：请求参数：<?xml version="1.0" encoding="gb2312"?>
<CMBSDKPGK xmlns:xsi="http://www.w3.org/2001/XMLSchema-instance" xmlns:xsd="http://www.w3.org/2001/XMLSchema">
  <INFO>
    <FUNNAM>NTQRYSTY</FUNNAM>
    <DATTYP>2</DATTYP>
    <LGNNAM>yueji1</LGNNAM>
  </INFO>
  <NTQRYSTYX1>
    <BUSCOD>N02031</BUSCOD>
    <YURREF>20190226172857</YURREF>
    <BGNDAT>20190227</BGNDAT>
    <ENDDAT>20190227</ENDDAT>
  </NTQRYSTYX1>
</CMBSDKPGK>
返回参数：
<?xml version="1.0" encoding="GBK"?><CMBSDKPGK><INFO><DATTYP>2</DATTYP><ERRMSG></ERRMSG><FUNNAM>NTQRYSTY</FUNNAM><LGNNAM>yueji1</LGNNAM><RETCOD>0</RETCOD></INFO></CMBSDKPGK>
2019-03-01 16:56:24:请求：请求参数：<?xml version="1.0" encoding="gb2312"?>
<CMBSDKPGK xmlns:xsi="http://www.w3.org/2001/XMLSchema-instance" xmlns:xsd="http://www.w3.org/2001/XMLSchema">
  <INFO>
    <FUNNAM>NTQRYSTY</FUNNAM>
    <DATTYP>2</DATTYP>
    <LGNNAM>yueji1</LGNNAM>
  </INFO>
  <NTQRYSTYX1>
    <BUSCOD>N02031</BUSCOD>
    <YURREF>20190227091332</YURREF>
    <BGNDAT>20190227</BGNDAT>
    <ENDDAT>20190227</ENDDAT>
  </NTQRYSTYX1>
</CMBSDKPGK>
返回参数：
<?xml version="1.0" encoding="GBK"?><CMBSDKPGK><INFO><DATTYP>2</DATTYP><ERRMSG></ERRMSG><FUNNAM>NTQRYSTY</FUNNAM><LGNNAM>yueji1</LGNNAM><RETCOD>0</RETCOD></INFO></CMBSDKPGK>
2019-03-01 16:56:26:请求：请求参数：<?xml version="1.0" encoding="gb2312"?>
<CMBSDKPGK xmlns:xsi="http://www.w3.org/2001/XMLSchema-instance" xmlns:xsd="http://www.w3.org/2001/XMLSchema">
  <INFO>
    <FUNNAM>NTQRYSTY</FUNNAM>
    <DATTYP>2</DATTYP>
    <LGNNAM>yueji1</LGNNAM>
  </INFO>
  <NTQRYSTYX1>
    <BUSCOD>N02031</BUSCOD>
    <YURREF>20190227095832</YURREF>
    <BGNDAT>20190227</BGNDAT>
    <ENDDAT>20190227</ENDDAT>
  </NTQRYSTYX1>
</CMBSDKPGK>
返回参数：
<?xml version="1.0" encoding="GBK"?><CMBSDKPGK><INFO><DATTYP>2</DATTYP><ERRMSG></ERRMSG><FUNNAM>NTQRYSTY</FUNNAM><LGNNAM>yueji1</LGNNAM><RETCOD>0</RETCOD></INFO></CMBSDKPGK>
2019-03-01 16:56:27:请求：请求参数：<?xml version="1.0" encoding="gb2312"?>
<CMBSDKPGK xmlns:xsi="http://www.w3.org/2001/XMLSchema-instance" xmlns:xsd="http://www.w3.org/2001/XMLSchema">
  <INFO>
    <FUNNAM>NTQRYSTY</FUNNAM>
    <DATTYP>2</DATTYP>
    <LGNNAM>yueji1</LGNNAM>
  </INFO>
  <NTQRYSTYX1>
    <BUSCOD>N02031</BUSCOD>
    <YURREF>20190227101412</YURREF>
    <BGNDAT>20190227</BGNDAT>
    <ENDDAT>20190227</ENDDAT>
  </NTQRYSTYX1>
</CMBSDKPGK>
返回参数：
<?xml version="1.0" encoding="GBK"?><CMBSDKPGK><INFO><DATTYP>2</DATTYP><ERRMSG></ERRMSG><FUNNAM>NTQRYSTY</FUNNAM><LGNNAM>yueji1</LGNNAM><RETCOD>0</RETCOD></INFO></CMBSDKPGK>
2019-03-01 16:56:30:请求：请求参数：<?xml version="1.0" encoding="gb2312"?>
<CMBSDKPGK xmlns:xsi="http://www.w3.org/2001/XMLSchema-instance" xmlns:xsd="http://www.w3.org/2001/XMLSchema">
  <INFO>
    <FUNNAM>NTQRYSTY</FUNNAM>
    <DATTYP>2</DATTYP>
    <LGNNAM>yueji1</LGNNAM>
  </INFO>
  <NTQRYSTYX1>
    <BUSCOD>N02031</BUSCOD>
    <YURREF>20190227102107</YURREF>
    <BGNDAT>20190227</BGNDAT>
    <ENDDAT>20190227</ENDDAT>
  </NTQRYSTYX1>
</CMBSDKPGK>
返回参数：
<?xml version="1.0" encoding="GBK"?><CMBSDKPGK><INFO><DATTYP>2</DATTYP><ERRMSG></ERRMSG><FUNNAM>NTQRYSTY</FUNNAM><LGNNAM>yueji1</LGNNAM><RETCOD>0</RETCOD></INFO></CMBSDKPGK>
2019-03-01 16:56:31:请求：请求参数：<?xml version="1.0" encoding="gb2312"?>
<CMBSDKPGK xmlns:xsi="http://www.w3.org/2001/XMLSchema-instance" xmlns:xsd="http://www.w3.org/2001/XMLSchema">
  <INFO>
    <FUNNAM>NTQRYSTY</FUNNAM>
    <DATTYP>2</DATTYP>
    <LGNNAM>yueji1</LGNNAM>
  </INFO>
  <NTQRYSTYX1>
    <BUSCOD>N02031</BUSCOD>
    <YURREF>20190227103338</YURREF>
    <BGNDAT>20190227</BGNDAT>
    <ENDDAT>20190227</ENDDAT>
  </NTQRYSTYX1>
</CMBSDKPGK>
返回参数：
<?xml version="1.0" encoding="GBK"?><CMBSDKPGK><INFO><DATTYP>2</DATTYP><ERRMSG></ERRMSG><FUNNAM>NTQRYSTY</FUNNAM><LGNNAM>yueji1</LGNNAM><RETCOD>0</RETCOD></INFO></CMBSDKPGK>
2019-03-01 16:56:33:请求：请求参数：<?xml version="1.0" encoding="gb2312"?>
<CMBSDKPGK xmlns:xsi="http://www.w3.org/2001/XMLSchema-instance" xmlns:xsd="http://www.w3.org/2001/XMLSchema">
  <INFO>
    <FUNNAM>NTQRYSTY</FUNNAM>
    <DATTYP>2</DATTYP>
    <LGNNAM>yueji1</LGNNAM>
  </INFO>
  <NTQRYSTYX1>
    <BUSCOD>N02031</BUSCOD>
    <YURREF>20190227103509</YURREF>
    <BGNDAT>20190227</BGNDAT>
    <ENDDAT>20190227</ENDDAT>
  </NTQRYSTYX1>
</CMBSDKPGK>
返回参数：
<?xml version="1.0" encoding="GBK"?><CMBSDKPGK><INFO><DATTYP>2</DATTYP><ERRMSG></ERRMSG><FUNNAM>NTQRYSTY</FUNNAM><LGNNAM>yueji1</LGNNAM><RETCOD>0</RETCOD></INFO></CMBSDKPGK>
2019-03-01 16:56:36:请求：请求参数：<?xml version="1.0" encoding="gb2312"?>
<CMBSDKPGK xmlns:xsi="http://www.w3.org/2001/XMLSchema-instance" xmlns:xsd="http://www.w3.org/2001/XMLSchema">
  <INFO>
    <FUNNAM>NTQRYSTY</FUNNAM>
    <DATTYP>2</DATTYP>
    <LGNNAM>yueji1</LGNNAM>
  </INFO>
  <NTQRYSTYX1>
    <BUSCOD>N02031</BUSCOD>
    <YURREF>20190227104112</YURREF>
    <BGNDAT>20190227</BGNDAT>
    <ENDDAT>20190227</ENDDAT>
  </NTQRYSTYX1>
</CMBSDKPGK>
返回参数：
<?xml version="1.0" encoding="GBK"?><CMBSDKPGK><INFO><DATTYP>2</DATTYP><ERRMSG></ERRMSG><FUNNAM>NTQRYSTY</FUNNAM><LGNNAM>yueji1</LGNNAM><RETCOD>0</RETCOD></INFO></CMBSDKPGK>
2019-03-01 16:56:38:请求：请求参数：<?xml version="1.0" encoding="gb2312"?>
<CMBSDKPGK xmlns:xsi="http://www.w3.org/2001/XMLSchema-instance" xmlns:xsd="http://www.w3.org/2001/XMLSchema">
  <INFO>
    <FUNNAM>NTQRYSTY</FUNNAM>
    <DATTYP>2</DATTYP>
    <LGNNAM>yueji1</LGNNAM>
  </INFO>
  <NTQRYSTYX1>
    <BUSCOD>N02031</BUSCOD>
    <YURREF>20190227105602</YURREF>
    <BGNDAT>20190227</BGNDAT>
    <ENDDAT>20190227</ENDDAT>
  </NTQRYSTYX1>
</CMBSDKPGK>
返回参数：
<?xml version="1.0" encoding="GBK"?><CMBSDKPGK><INFO><DATTYP>2</DATTYP><ERRMSG></ERRMSG><FUNNAM>NTQRYSTY</FUNNAM><LGNNAM>yueji1</LGNNAM><RETCOD>0</RETCOD></INFO></CMBSDKPGK>
2019-03-01 16:56:40:请求：请求参数：<?xml version="1.0" encoding="gb2312"?>
<CMBSDKPGK xmlns:xsi="http://www.w3.org/2001/XMLSchema-instance" xmlns:xsd="http://www.w3.org/2001/XMLSchema">
  <INFO>
    <FUNNAM>NTQRYSTY</FUNNAM>
    <DATTYP>2</DATTYP>
    <LGNNAM>yueji1</LGNNAM>
  </INFO>
  <NTQRYSTYX1>
    <BUSCOD>N02031</BUSCOD>
    <YURREF>20190228151214</YURREF>
    <BGNDAT>20190228</BGNDAT>
    <ENDDAT>20190228</ENDDAT>
  </NTQRYSTYX1>
</CMBSDKPGK>
返回参数：
<?xml version="1.0" encoding="GBK"?><CMBSDKPGK><INFO><DATTYP>2</DATTYP><ERRMSG></ERRMSG><FUNNAM>NTQRYSTY</FUNNAM><LGNNAM>yueji1</LGNNAM><RETCOD>0</RETCOD></INFO></CMBSDKPGK>
2019-03-01 16:56:42:请求：请求参数：<?xml version="1.0" encoding="gb2312"?>
<CMBSDKPGK xmlns:xsi="http://www.w3.org/2001/XMLSchema-instance" xmlns:xsd="http://www.w3.org/2001/XMLSchema">
  <INFO>
    <FUNNAM>NTQRYSTY</FUNNAM>
    <DATTYP>2</DATTYP>
    <LGNNAM>yueji1</LGNNAM>
  </INFO>
  <NTQRYSTYX1>
    <BUSCOD>N02031</BUSCOD>
    <YURREF>20190228151915</YURREF>
    <BGNDAT>20190228</BGNDAT>
    <ENDDAT>20190228</ENDDAT>
  </NTQRYSTYX1>
</CMBSDKPGK>
返回参数：
<?xml version="1.0" encoding="GBK"?><CMBSDKPGK><INFO><DATTYP>2</DATTYP><ERRMSG></ERRMSG><FUNNAM>NTQRYSTY</FUNNAM><LGNNAM>yueji1</LGNNAM><RETCOD>0</RETCOD></INFO></CMBSDKPGK>
2019-03-01 16:56:44:请求：请求参数：<?xml version="1.0" encoding="gb2312"?>
<CMBSDKPGK xmlns:xsi="http://www.w3.org/2001/XMLSchema-instance" xmlns:xsd="http://www.w3.org/2001/XMLSchema">
  <INFO>
    <FUNNAM>NTQRYSTY</FUNNAM>
    <DATTYP>2</DATTYP>
    <LGNNAM>yueji1</LGNNAM>
  </INFO>
  <NTQRYSTYX1>
    <BUSCOD>N02031</BUSCOD>
    <YURREF>20190228154714</YURREF>
    <BGNDAT>20190228</BGNDAT>
    <ENDDAT>20190228</ENDDAT>
  </NTQRYSTYX1>
</CMBSDKPGK>
返回参数：
<?xml version="1.0" encoding="GBK"?><CMBSDKPGK><INFO><DATTYP>2</DATTYP><ERRMSG></ERRMSG><FUNNAM>NTQRYSTY</FUNNAM><LGNNAM>yueji1</LGNNAM><RETCOD>0</RETCOD></INFO></CMBSDKPGK>
2019-03-01 16:56:46:请求：请求参数：<?xml version="1.0" encoding="gb2312"?>
<CMBSDKPGK xmlns:xsi="http://www.w3.org/2001/XMLSchema-instance" xmlns:xsd="http://www.w3.org/2001/XMLSchema">
  <INFO>
    <FUNNAM>NTQRYSTY</FUNNAM>
    <DATTYP>2</DATTYP>
    <LGNNAM>yueji1</LGNNAM>
  </INFO>
  <NTQRYSTYX1>
    <BUSCOD>N02031</BUSCOD>
    <YURREF>20190228155915</YURREF>
    <BGNDAT>20190228</BGNDAT>
    <ENDDAT>20190228</ENDDAT>
  </NTQRYSTYX1>
</CMBSDKPGK>
返回参数：
<?xml version="1.0" encoding="GBK"?><CMBSDKPGK><INFO><DATTYP>2</DATTYP><ERRMSG></ERRMSG><FUNNAM>NTQRYSTY</FUNNAM><LGNNAM>yueji1</LGNNAM><RETCOD>0</RETCOD></INFO></CMBSDKPGK>
2019-03-01 16:56:48:请求：请求参数：<?xml version="1.0" encoding="gb2312"?>
<CMBSDKPGK xmlns:xsi="http://www.w3.org/2001/XMLSchema-instance" xmlns:xsd="http://www.w3.org/2001/XMLSchema">
  <INFO>
    <FUNNAM>NTQRYSTY</FUNNAM>
    <DATTYP>2</DATTYP>
    <LGNNAM>yueji1</LGNNAM>
  </INFO>
  <NTQRYSTYX1>
    <BUSCOD>N02031</BUSCOD>
    <YURREF>20190228155918</YURREF>
    <BGNDAT>20190228</BGNDAT>
    <ENDDAT>20190228</ENDDAT>
  </NTQRYSTYX1>
</CMBSDKPGK>
返回参数：
<?xml version="1.0" encoding="GBK"?><CMBSDKPGK><INFO><DATTYP>2</DATTYP><ERRMSG></ERRMSG><FUNNAM>NTQRYSTY</FUNNAM><LGNNAM>yueji1</LGNNAM><RETCOD>0</RETCOD></INFO></CMBSDKPGK>
