2019-02-25 12:04:26:请求：请求参数：<?xml version="1.0" encoding="gb2312"?>
<CMBSDKPGK xmlns:xsi="http://www.w3.org/2001/XMLSchema-instance" xmlns:xsd="http://www.w3.org/2001/XMLSchema">
  <INFO>
    <FUNNAM>DCPAYMNT</FUNNAM>
    <DATTYP>2</DATTYP>
    <LGNNAM>wszm1978</LGNNAM>
  </INFO>
  <SDKPAYRQX>
    <BUSCOD>N02031</BUSCOD>
  </SDKPAYRQX>
  <DCOPDPAYX>
    <YURREF>20190225103553</YURREF>
    <EPTDAT>20190225</EPTDAT>
    <DBTACC>120907722510701</DBTACC>
    <DBTBBK>20</DBTBBK>
    <TRSAMT>761.16</TRSAMT>
    <CCYNBR>10</CCYNBR>
    <STLCHN>N</STLCHN>
    <NUSAGE>行政部杨菊报销杨菊购买纸巾、饮水机费用的费</NUSAGE>
    <CRTACC>6214832016537537</CRTACC>
    <CRTNAM>杨菊</CRTNAM>
    <BNKFLG>Y</BNKFLG>
    <CRTBNK>招商银行东山支行</CRTBNK>
    <CRTADR>招商银行东山支行</CRTADR>
  </DCOPDPAYX>
</CMBSDKPGK>
返回参数：
<?xml version="1.0" encoding="GBK"?><CMBSDKPGK><INFO><DATTYP>2</DATTYP><ERRMSG>NCB2201: -用户N009373336无此权限</ERRMSG><FUNNAM>DCPAYMNT</FUNNAM><LGNNAM>wszm1978</LGNNAM><RETCOD>-1</RETCOD></INFO></CMBSDKPGK>
2019-02-25 12:07:49:请求：请求参数：<?xml version="1.0" encoding="gb2312"?>
<CMBSDKPGK xmlns:xsi="http://www.w3.org/2001/XMLSchema-instance" xmlns:xsd="http://www.w3.org/2001/XMLSchema">
  <INFO>
    <FUNNAM>DCPAYMNT</FUNNAM>
    <DATTYP>2</DATTYP>
    <LGNNAM>wszm1978</LGNNAM>
  </INFO>
  <SDKPAYRQX>
    <BUSCOD>N02031</BUSCOD>
  </SDKPAYRQX>
  <DCOPDPAYX>
    <YURREF>20190225103553</YURREF>
    <EPTDAT>20190225</EPTDAT>
    <DBTACC>120907722510701</DBTACC>
    <DBTBBK>20</DBTBBK>
    <TRSAMT>761.16</TRSAMT>
    <CCYNBR>10</CCYNBR>
    <STLCHN>N</STLCHN>
    <NUSAGE>行政部杨菊报销杨菊购买纸巾、饮水机费用的费</NUSAGE>
    <CRTACC>6214832016537537</CRTACC>
    <CRTNAM>杨菊</CRTNAM>
    <BNKFLG>Y</BNKFLG>
    <CRTBNK>招商银行东山支行</CRTBNK>
    <CRTADR>招商银行东山支行</CRTADR>
  </DCOPDPAYX>
</CMBSDKPGK>
返回参数：
<?xml version="1.0" encoding="GBK"?><CMBSDKPGK><INFO><DATTYP>2</DATTYP><ERRMSG>NCB2201: -用户N009373336无此权限</ERRMSG><FUNNAM>DCPAYMNT</FUNNAM><LGNNAM>wszm1978</LGNNAM><RETCOD>-1</RETCOD></INFO></CMBSDKPGK>
2019-02-25 12:09:28:请求：请求参数：<?xml version="1.0" encoding="gb2312"?>
<CMBSDKPGK xmlns:xsi="http://www.w3.org/2001/XMLSchema-instance" xmlns:xsd="http://www.w3.org/2001/XMLSchema">
  <INFO>
    <FUNNAM>GetTransInfo</FUNNAM>
    <DATTYP>2</DATTYP>
    <LGNNAM>wszm1978</LGNNAM>
  </INFO>
  <SDKTSINFX>
    <BBKNBR>20</BBKNBR>
    <ACCNBR>120907722510701</ACCNBR>
    <BGNDAT>20190224</BGNDAT>
    <ENDDAT>20190224</ENDDAT>
    <LOWAMT>0</LOWAMT>
    <HGHAMT>0</HGHAMT>
  </SDKTSINFX>
</CMBSDKPGK>
返回参数：
<?xml version="1.0" encoding="GBK"?><CMBSDKPGK><INFO><DATTYP>2</DATTYP><ERRMSG></ERRMSG><FUNNAM>GetTransInfo</FUNNAM><LGNNAM>wszm1978</LGNNAM><RETCOD>0</RETCOD></INFO></CMBSDKPGK>
2019-02-25 14:11:17:请求：请求参数：<?xml version="1.0" encoding="gb2312"?>
<CMBSDKPGK xmlns:xsi="http://www.w3.org/2001/XMLSchema-instance" xmlns:xsd="http://www.w3.org/2001/XMLSchema">
  <INFO>
    <FUNNAM>DCPAYMNT</FUNNAM>
    <DATTYP>2</DATTYP>
    <LGNNAM>wszm1978</LGNNAM>
  </INFO>
  <SDKPAYRQX>
    <BUSCOD>N02031</BUSCOD>
  </SDKPAYRQX>
  <DCOPDPAYX>
    <YURREF>20190225103553</YURREF>
    <EPTDAT>20190225</EPTDAT>
    <DBTACC>120907722510701</DBTACC>
    <DBTBBK>20</DBTBBK>
    <TRSAMT>761.16</TRSAMT>
    <CCYNBR>10</CCYNBR>
    <STLCHN>N</STLCHN>
    <NUSAGE>行政部杨菊报销杨菊购买纸巾、饮水机费用的费</NUSAGE>
    <CRTACC>6214832016537537</CRTACC>
    <CRTNAM>杨菊</CRTNAM>
    <BNKFLG>Y</BNKFLG>
    <CRTBNK>招商银行东山支行</CRTBNK>
    <CRTADR>招商银行东山支行</CRTADR>
  </DCOPDPAYX>
</CMBSDKPGK>
返回参数：
<?xml version="1.0" encoding="GBK"?><CMBSDKPGK><INFO><DATTYP>2</DATTYP><ERRMSG></ERRMSG><FUNNAM>DCPAYMNT</FUNNAM><LGNNAM>wszm1978</LGNNAM><RETCOD>0</RETCOD></INFO><NTQPAYRQZ><ERRCOD>SUC0000</ERRCOD><REQNBR>1580176520</REQNBR><REQSTS>NTE</REQSTS><SQRNBR>0000000000</SQRNBR><YURREF>20190225103553</YURREF></NTQPAYRQZ></CMBSDKPGK>
