2019-02-20 11:18:07:请求：请求参数：<?xml version="1.0" encoding="gb2312"?>
<CMBSDKPGK xmlns:xsi="http://www.w3.org/2001/XMLSchema-instance" xmlns:xsd="http://www.w3.org/2001/XMLSchema">
  <INFO>
    <FUNNAM>DCPAYMNT</FUNNAM>
    <DATTYP>2</DATTYP>
    <LGNNAM>银企直连测试用户45</LGNNAM>
  </INFO>
  <SDKPAYRQX>
    <BUSCOD>N02031</BUSCOD>
  </SDKPAYRQX>
  <DCOPDPAYX>
    <YURREF>20190220104622</YURREF>
    <EPTDAT>20190220</EPTDAT>
    <DBTACC>755915712110113</DBTACC>
    <DBTBBK>75</DBTBBK>
    <TRSAMT>593400.60</TRSAMT>
    <CCYNBR>10</CCYNBR>
    <STLCHN>N</STLCHN>
    <NUSAGE>采购一部周晓琴报销广州市百好博有限公司支付广州市百好博有限公</NUSAGE>
    <CRTACC>3602028509200126651</CRTACC>
    <CRTNAM>广州市百好博有限公司</CRTNAM>
    <BNKFLG>Y</BNKFLG>
    <CRTBNK>工商银行花城支行</CRTBNK>
    <CRTADR>工商银行花城支行</CRTADR>
  </DCOPDPAYX>
</CMBSDKPGK>
返回参数：
<?xml version="1.0" encoding="GBK"?><CMBSDKPGK><INFO><DATTYP>2</DATTYP><ERRMSG></ERRMSG><FUNNAM>DCPAYMNT</FUNNAM><LGNNAM>银企直连测试用户45</LGNNAM><RETCOD>0</RETCOD></INFO><NTQPAYRQZ><ERRCOD>CSAB051</ERRCOD><ERRTXT>CSAB051 户口3602028509200126651不存在(F3RTV3T1RP)</ERRTXT><REQSTS>FIN</REQSTS><RTNFLG>F</RTNFLG><SQRNBR>0000000000</SQRNBR><YURREF>20190220104622</YURREF></NTQPAYRQZ></CMBSDKPGK>
2019-02-20 11:19:12:请求：请求参数：<?xml version="1.0" encoding="gb2312"?>
<CMBSDKPGK xmlns:xsi="http://www.w3.org/2001/XMLSchema-instance" xmlns:xsd="http://www.w3.org/2001/XMLSchema">
  <INFO>
    <FUNNAM>DCPAYMNT</FUNNAM>
    <DATTYP>2</DATTYP>
    <LGNNAM>银企直连测试用户45</LGNNAM>
  </INFO>
  <SDKPAYRQX>
    <BUSCOD>N02031</BUSCOD>
  </SDKPAYRQX>
  <DCOPDPAYX>
    <YURREF>20190220104622</YURREF>
    <EPTDAT>20190220</EPTDAT>
    <DBTACC>755915712110113</DBTACC>
    <DBTBBK>75</DBTBBK>
    <TRSAMT>593400.60</TRSAMT>
    <CCYNBR>10</CCYNBR>
    <STLCHN>N</STLCHN>
    <NUSAGE>采购一部周晓琴报销广州市百好博有限公司支付广州市百好博有限公</NUSAGE>
    <CRTACC>3602028509200126651</CRTACC>
    <CRTNAM>广州市百好博有限公司</CRTNAM>
    <BNKFLG>Y</BNKFLG>
    <CRTBNK>工商银行花城支行</CRTBNK>
    <CRTADR>工商银行花城支行</CRTADR>
  </DCOPDPAYX>
</CMBSDKPGK>
返回参数：
<?xml version="1.0" encoding="GBK"?><CMBSDKPGK><INFO><DATTYP>2</DATTYP><ERRMSG></ERRMSG><FUNNAM>DCPAYMNT</FUNNAM><LGNNAM>银企直连测试用户45</LGNNAM><RETCOD>0</RETCOD></INFO><NTQPAYRQZ><ERRCOD>CSAB051</ERRCOD><ERRTXT>CSAB051 户口3602028509200126651不存在(F3RTV3T1RP)</ERRTXT><REQSTS>FIN</REQSTS><RTNFLG>F</RTNFLG><SQRNBR>0000000000</SQRNBR><YURREF>20190220104622</YURREF></NTQPAYRQZ></CMBSDKPGK>
2019-02-20 11:46:12:请求：请求参数：<?xml version="1.0" encoding="gb2312"?>
<CMBSDKPGK xmlns:xsi="http://www.w3.org/2001/XMLSchema-instance" xmlns:xsd="http://www.w3.org/2001/XMLSchema">
  <INFO>
    <FUNNAM>DCPAYMNT</FUNNAM>
    <DATTYP>2</DATTYP>
    <LGNNAM>银企直连测试用户45</LGNNAM>
  </INFO>
  <SDKPAYRQX>
    <BUSCOD>N02031</BUSCOD>
  </SDKPAYRQX>
  <DCOPDPAYX>
    <YURREF>20190220104622</YURREF>
    <EPTDAT>20190220</EPTDAT>
    <DBTACC>755915712110113</DBTACC>
    <DBTBBK>75</DBTBBK>
    <TRSAMT>593400.60</TRSAMT>
    <CCYNBR>10</CCYNBR>
    <STLCHN>N</STLCHN>
    <NUSAGE>采购一部周晓琴报销广州市百好博有限公司支付广州市百好博有限公</NUSAGE>
    <CRTACC>3602028509200126651</CRTACC>
    <CRTNAM>广州市百好博有限公司</CRTNAM>
    <BNKFLG>Y</BNKFLG>
    <CRTBNK>工商银行花城支行</CRTBNK>
    <CRTADR>工商银行花城支行</CRTADR>
  </DCOPDPAYX>
</CMBSDKPGK>
返回参数：
<?xml version="1.0" encoding="GBK"?><CMBSDKPGK><INFO><DATTYP>2</DATTYP><ERRMSG></ERRMSG><FUNNAM>DCPAYMNT</FUNNAM><LGNNAM>银企直连测试用户45</LGNNAM><RETCOD>0</RETCOD></INFO><NTQPAYRQZ><ERRCOD>CSAB051</ERRCOD><ERRTXT>CSAB051 户口3602028509200126651不存在(F3RTV3T1RP)</ERRTXT><REQSTS>FIN</REQSTS><RTNFLG>F</RTNFLG><SQRNBR>0000000000</SQRNBR><YURREF>20190220104622</YURREF></NTQPAYRQZ></CMBSDKPGK>
2019-02-20 11:46:23:请求：请求参数：<?xml version="1.0" encoding="gb2312"?>
<CMBSDKPGK xmlns:xsi="http://www.w3.org/2001/XMLSchema-instance" xmlns:xsd="http://www.w3.org/2001/XMLSchema">
  <INFO>
    <FUNNAM>DCPAYMNT</FUNNAM>
    <DATTYP>2</DATTYP>
    <LGNNAM>银企直连测试用户45</LGNNAM>
  </INFO>
  <SDKPAYRQX>
    <BUSCOD>N02031</BUSCOD>
  </SDKPAYRQX>
  <DCOPDPAYX>
    <YURREF>20190220104622</YURREF>
    <EPTDAT>20190220</EPTDAT>
    <DBTACC>755915712110113</DBTACC>
    <DBTBBK>75</DBTBBK>
    <TRSAMT>593400.60</TRSAMT>
    <CCYNBR>10</CCYNBR>
    <STLCHN>N</STLCHN>
    <NUSAGE>采购一部周晓琴报销广州市百好博有限公司支付广州市百好博有限公</NUSAGE>
    <CRTACC>3602028509200126651</CRTACC>
    <CRTNAM>广州市百好博有限公司</CRTNAM>
    <BNKFLG>N</BNKFLG>
    <CRTBNK>工商银行花城支行</CRTBNK>
    <CRTADR>工商银行花城支行</CRTADR>
  </DCOPDPAYX>
</CMBSDKPGK>
返回参数：
<?xml version="1.0" encoding="GBK"?><CMBSDKPGK><INFO><DATTYP>2</DATTYP><ERRMSG></ERRMSG><FUNNAM>DCPAYMNT</FUNNAM><LGNNAM>银企直连测试用户45</LGNNAM><RETCOD>0</RETCOD></INFO><NTQPAYRQZ><ERRCOD>SUC0000</ERRCOD><REQNBR>0030091761</REQNBR><REQSTS>NTE</REQSTS><SQRNBR>0000000000</SQRNBR><YURREF>20190220104622</YURREF></NTQPAYRQZ></CMBSDKPGK>
2019-02-20 11:48:37:请求：请求参数：<?xml version="1.0" encoding="gb2312"?>
<CMBSDKPGK xmlns:xsi="http://www.w3.org/2001/XMLSchema-instance" xmlns:xsd="http://www.w3.org/2001/XMLSchema">
  <INFO>
    <FUNNAM>DCPAYMNT</FUNNAM>
    <DATTYP>2</DATTYP>
    <LGNNAM>银企直连测试用户45</LGNNAM>
  </INFO>
  <SDKPAYRQX>
    <BUSCOD>N02031</BUSCOD>
  </SDKPAYRQX>
  <DCOPDPAYX>
    <YURREF>20190220104622</YURREF>
    <EPTDAT>20190220</EPTDAT>
    <DBTACC>755915712110113</DBTACC>
    <DBTBBK>75</DBTBBK>
    <TRSAMT>593400.60</TRSAMT>
    <CCYNBR>10</CCYNBR>
    <STLCHN>N</STLCHN>
    <NUSAGE>采购一部周晓琴报销广州市百好博有限公司支付广州市百好博有限公</NUSAGE>
    <CRTACC>3602028509200126651</CRTACC>
    <CRTNAM>广州市百好博有限公司</CRTNAM>
    <BNKFLG>Y</BNKFLG>
    <CRTBNK>工商银行花城支行</CRTBNK>
    <CRTADR>工商银行花城支行</CRTADR>
  </DCOPDPAYX>
</CMBSDKPGK>
返回参数：
<?xml version="1.0" encoding="GBK"?><CMBSDKPGK><INFO><DATTYP>2</DATTYP><ERRMSG></ERRMSG><FUNNAM>DCPAYMNT</FUNNAM><LGNNAM>银企直连测试用户45</LGNNAM><RETCOD>0</RETCOD></INFO><NTQPAYRQZ><ERRCOD>NCB4241</ERRCOD><ERRTXT>NCB4241 -业务参考号重复</ERRTXT><REQSTS>FIN</REQSTS><RTNFLG>F</RTNFLG><SQRNBR>0000000000</SQRNBR><YURREF>20190220104622</YURREF></NTQPAYRQZ></CMBSDKPGK>
2019-02-20 11:51:15:请求：请求参数：<?xml version="1.0" encoding="gb2312"?>
<CMBSDKPGK xmlns:xsi="http://www.w3.org/2001/XMLSchema-instance" xmlns:xsd="http://www.w3.org/2001/XMLSchema">
  <INFO>
    <FUNNAM>DCPAYMNT</FUNNAM>
    <DATTYP>2</DATTYP>
    <LGNNAM>银企直连测试用户45</LGNNAM>
  </INFO>
  <SDKPAYRQX>
    <BUSCOD>N02031</BUSCOD>
  </SDKPAYRQX>
  <DCOPDPAYX>
    <YURREF>20190220104623</YURREF>
    <EPTDAT>20190220</EPTDAT>
    <DBTACC>755915712110113</DBTACC>
    <DBTBBK>75</DBTBBK>
    <TRSAMT>593400.60</TRSAMT>
    <CCYNBR>10</CCYNBR>
    <STLCHN>N</STLCHN>
    <NUSAGE>采购一部周晓琴报销广州市百好博有限公司支付广州市百好博有限公</NUSAGE>
    <CRTACC>3602028509200126651</CRTACC>
    <CRTNAM>广州市百好博有限公司</CRTNAM>
    <BNKFLG>Y</BNKFLG>
    <CRTBNK>工商银行花城支行</CRTBNK>
    <CRTADR>工商银行花城支行</CRTADR>
  </DCOPDPAYX>
</CMBSDKPGK>
返回参数：
<?xml version="1.0" encoding="GBK"?><CMBSDKPGK><INFO><DATTYP>2</DATTYP><ERRMSG></ERRMSG><FUNNAM>DCPAYMNT</FUNNAM><LGNNAM>银企直连测试用户45</LGNNAM><RETCOD>0</RETCOD></INFO><NTQPAYRQZ><ERRCOD>CSAB051</ERRCOD><ERRTXT>CSAB051 户口3602028509200126651不存在(F3RTV3T1RP)</ERRTXT><REQSTS>FIN</REQSTS><RTNFLG>F</RTNFLG><SQRNBR>0000000000</SQRNBR><YURREF>20190220104623</YURREF></NTQPAYRQZ></CMBSDKPGK>
2019-02-20 11:51:16:请求：请求参数：<?xml version="1.0" encoding="gb2312"?>
<CMBSDKPGK xmlns:xsi="http://www.w3.org/2001/XMLSchema-instance" xmlns:xsd="http://www.w3.org/2001/XMLSchema">
  <INFO>
    <FUNNAM>DCPAYMNT</FUNNAM>
    <DATTYP>2</DATTYP>
    <LGNNAM>银企直连测试用户45</LGNNAM>
  </INFO>
  <SDKPAYRQX>
    <BUSCOD>N02031</BUSCOD>
  </SDKPAYRQX>
  <DCOPDPAYX>
    <YURREF>20190220104623</YURREF>
    <EPTDAT>20190220</EPTDAT>
    <DBTACC>755915712110113</DBTACC>
    <DBTBBK>75</DBTBBK>
    <TRSAMT>593400.60</TRSAMT>
    <CCYNBR>10</CCYNBR>
    <STLCHN>N</STLCHN>
    <NUSAGE>采购一部周晓琴报销广州市百好博有限公司支付广州市百好博有限公</NUSAGE>
    <CRTACC>3602028509200126651</CRTACC>
    <CRTNAM>广州市百好博有限公司</CRTNAM>
    <BNKFLG>N</BNKFLG>
    <CRTBNK>工商银行花城支行</CRTBNK>
    <CRTADR>工商银行花城支行</CRTADR>
  </DCOPDPAYX>
</CMBSDKPGK>
返回参数：
<?xml version="1.0" encoding="GBK"?><CMBSDKPGK><INFO><DATTYP>2</DATTYP><ERRMSG></ERRMSG><FUNNAM>DCPAYMNT</FUNNAM><LGNNAM>银企直连测试用户45</LGNNAM><RETCOD>0</RETCOD></INFO><NTQPAYRQZ><ERRCOD>SUC0000</ERRCOD><REQNBR>0030091763</REQNBR><REQSTS>NTE</REQSTS><SQRNBR>0000000000</SQRNBR><YURREF>20190220104623</YURREF></NTQPAYRQZ></CMBSDKPGK>
2019-02-20 11:51:18:请求：请求参数：<?xml version="1.0" encoding="gb2312"?>
<CMBSDKPGK xmlns:xsi="http://www.w3.org/2001/XMLSchema-instance" xmlns:xsd="http://www.w3.org/2001/XMLSchema">
  <INFO>
    <FUNNAM>DCPAYMNT</FUNNAM>
    <DATTYP>2</DATTYP>
    <LGNNAM>银企直连测试用户45</LGNNAM>
  </INFO>
  <SDKPAYRQX>
    <BUSCOD>N02031</BUSCOD>
  </SDKPAYRQX>
  <DCOPDPAYX>
    <YURREF>20190220104623</YURREF>
    <EPTDAT>20190220</EPTDAT>
    <DBTACC>755915712110113</DBTACC>
    <DBTBBK>75</DBTBBK>
    <TRSAMT>593400.60</TRSAMT>
    <CCYNBR>10</CCYNBR>
    <STLCHN>N</STLCHN>
    <NUSAGE>采购一部周晓琴报销广州市百好博有限公司支付广州市百好博有限公</NUSAGE>
    <CRTACC>3602028509200126651</CRTACC>
    <CRTNAM>广州市百好博有限公司</CRTNAM>
    <BNKFLG>Y</BNKFLG>
    <CRTBNK>工商银行花城支行</CRTBNK>
    <CRTADR>工商银行花城支行</CRTADR>
  </DCOPDPAYX>
</CMBSDKPGK>
返回参数：
<?xml version="1.0" encoding="GBK"?><CMBSDKPGK><INFO><DATTYP>2</DATTYP><ERRMSG></ERRMSG><FUNNAM>DCPAYMNT</FUNNAM><LGNNAM>银企直连测试用户45</LGNNAM><RETCOD>0</RETCOD></INFO><NTQPAYRQZ><ERRCOD>NCB4241</ERRCOD><ERRTXT>NCB4241 -业务参考号重复</ERRTXT><REQSTS>FIN</REQSTS><RTNFLG>F</RTNFLG><SQRNBR>0000000000</SQRNBR><YURREF>20190220104623</YURREF></NTQPAYRQZ></CMBSDKPGK>
2019-02-20 11:52:43:请求：请求参数：<?xml version="1.0" encoding="gb2312"?>
<CMBSDKPGK xmlns:xsi="http://www.w3.org/2001/XMLSchema-instance" xmlns:xsd="http://www.w3.org/2001/XMLSchema">
  <INFO>
    <FUNNAM>DCPAYMNT</FUNNAM>
    <DATTYP>2</DATTYP>
    <LGNNAM>银企直连测试用户45</LGNNAM>
  </INFO>
  <SDKPAYRQX>
    <BUSCOD>N02031</BUSCOD>
  </SDKPAYRQX>
  <DCOPDPAYX>
    <YURREF>20190220104624</YURREF>
    <EPTDAT>20190220</EPTDAT>
    <DBTACC>755915712110113</DBTACC>
    <DBTBBK>75</DBTBBK>
    <TRSAMT>593400.60</TRSAMT>
    <CCYNBR>10</CCYNBR>
    <STLCHN>N</STLCHN>
    <NUSAGE>采购一部周晓琴报销广州市百好博有限公司支付广州市百好博有限公</NUSAGE>
    <CRTACC>3602028509200126651</CRTACC>
    <CRTNAM>广州市百好博有限公司</CRTNAM>
    <BNKFLG>Y</BNKFLG>
    <CRTBNK>工商银行花城支行</CRTBNK>
    <CRTADR>工商银行花城支行</CRTADR>
  </DCOPDPAYX>
</CMBSDKPGK>
返回参数：
<?xml version="1.0" encoding="GBK"?><CMBSDKPGK><INFO><DATTYP>2</DATTYP><ERRMSG></ERRMSG><FUNNAM>DCPAYMNT</FUNNAM><LGNNAM>银企直连测试用户45</LGNNAM><RETCOD>0</RETCOD></INFO><NTQPAYRQZ><ERRCOD>CSAB051</ERRCOD><ERRTXT>CSAB051 户口3602028509200126651不存在(F3RTV3T1RP)</ERRTXT><REQSTS>FIN</REQSTS><RTNFLG>F</RTNFLG><SQRNBR>0000000000</SQRNBR><YURREF>20190220104624</YURREF></NTQPAYRQZ></CMBSDKPGK>
2019-02-20 11:53:11:请求：请求参数：<?xml version="1.0" encoding="gb2312"?>
<CMBSDKPGK xmlns:xsi="http://www.w3.org/2001/XMLSchema-instance" xmlns:xsd="http://www.w3.org/2001/XMLSchema">
  <INFO>
    <FUNNAM>DCPAYMNT</FUNNAM>
    <DATTYP>2</DATTYP>
    <LGNNAM>银企直连测试用户45</LGNNAM>
  </INFO>
  <SDKPAYRQX>
    <BUSCOD>N02031</BUSCOD>
  </SDKPAYRQX>
  <DCOPDPAYX>
    <YURREF>20190220104624</YURREF>
    <EPTDAT>20190220</EPTDAT>
    <DBTACC>755915712110113</DBTACC>
    <DBTBBK>75</DBTBBK>
    <TRSAMT>593400.60</TRSAMT>
    <CCYNBR>10</CCYNBR>
    <STLCHN>N</STLCHN>
    <NUSAGE>采购一部周晓琴报销广州市百好博有限公司支付广州市百好博有限公</NUSAGE>
    <CRTACC>3602028509200126651</CRTACC>
    <CRTNAM>广州市百好博有限公司</CRTNAM>
    <BNKFLG>N</BNKFLG>
    <CRTBNK>工商银行花城支行</CRTBNK>
    <CRTADR>工商银行花城支行</CRTADR>
  </DCOPDPAYX>
</CMBSDKPGK>
返回参数：
<?xml version="1.0" encoding="GBK"?><CMBSDKPGK><INFO><DATTYP>2</DATTYP><ERRMSG></ERRMSG><FUNNAM>DCPAYMNT</FUNNAM><LGNNAM>银企直连测试用户45</LGNNAM><RETCOD>0</RETCOD></INFO><NTQPAYRQZ><ERRCOD>SUC0000</ERRCOD><REQNBR>0030091764</REQNBR><REQSTS>NTE</REQSTS><SQRNBR>0000000000</SQRNBR><YURREF>20190220104624</YURREF></NTQPAYRQZ></CMBSDKPGK>
2019-02-20 12:11:46:请求：请求参数：<?xml version="1.0" encoding="gb2312"?>
<CMBSDKPGK xmlns:xsi="http://www.w3.org/2001/XMLSchema-instance" xmlns:xsd="http://www.w3.org/2001/XMLSchema">
  <INFO>
    <FUNNAM>DCPAYMNT</FUNNAM>
    <DATTYP>2</DATTYP>
    <LGNNAM>银企直连测试用户45</LGNNAM>
  </INFO>
  <SDKPAYRQX>
    <BUSCOD>N02031</BUSCOD>
  </SDKPAYRQX>
  <DCOPDPAYX>
    <YURREF>20190220104625</YURREF>
    <EPTDAT>20190220</EPTDAT>
    <DBTACC>755915712110113</DBTACC>
    <DBTBBK>75</DBTBBK>
    <TRSAMT>593400.60</TRSAMT>
    <CCYNBR>10</CCYNBR>
    <STLCHN>N</STLCHN>
    <NUSAGE>采购一部周晓琴报销广州市百好博有限公司支付广州市百好博有限公</NUSAGE>
    <CRTACC>3602028509200126651</CRTACC>
    <CRTNAM>广州市百好博有限公司</CRTNAM>
    <BNKFLG>Y</BNKFLG>
    <CRTBNK>工商银行花城支行</CRTBNK>
    <CRTADR>工商银行花城支行</CRTADR>
  </DCOPDPAYX>
</CMBSDKPGK>
返回参数：
<?xml version="1.0" encoding="GBK"?><CMBSDKPGK><INFO><DATTYP>2</DATTYP><ERRMSG></ERRMSG><FUNNAM>DCPAYMNT</FUNNAM><LGNNAM>银企直连测试用户45</LGNNAM><RETCOD>0</RETCOD></INFO><NTQPAYRQZ><ERRCOD>CSAB051</ERRCOD><ERRTXT>CSAB051 户口3602028509200126651不存在(F3RTV3T1RP)</ERRTXT><REQSTS>FIN</REQSTS><RTNFLG>F</RTNFLG><SQRNBR>0000000000</SQRNBR><YURREF>20190220104625</YURREF></NTQPAYRQZ></CMBSDKPGK>
2019-02-20 12:11:47:请求：请求参数：<?xml version="1.0" encoding="gb2312"?>
<CMBSDKPGK xmlns:xsi="http://www.w3.org/2001/XMLSchema-instance" xmlns:xsd="http://www.w3.org/2001/XMLSchema">
  <INFO>
    <FUNNAM>DCPAYMNT</FUNNAM>
    <DATTYP>2</DATTYP>
    <LGNNAM>银企直连测试用户45</LGNNAM>
  </INFO>
  <SDKPAYRQX>
    <BUSCOD>N02031</BUSCOD>
  </SDKPAYRQX>
  <DCOPDPAYX>
    <YURREF>20190220104625</YURREF>
    <EPTDAT>20190220</EPTDAT>
    <DBTACC>755915712110113</DBTACC>
    <DBTBBK>75</DBTBBK>
    <TRSAMT>593400.60</TRSAMT>
    <CCYNBR>10</CCYNBR>
    <STLCHN>N</STLCHN>
    <NUSAGE>采购一部周晓琴报销广州市百好博有限公司支付广州市百好博有限公</NUSAGE>
    <CRTACC>3602028509200126651</CRTACC>
    <CRTNAM>广州市百好博有限公司</CRTNAM>
    <BNKFLG>N</BNKFLG>
    <CRTBNK>工商银行花城支行</CRTBNK>
    <CRTADR>工商银行花城支行</CRTADR>
  </DCOPDPAYX>
</CMBSDKPGK>
返回参数：
<?xml version="1.0" encoding="GBK"?><CMBSDKPGK><INFO><DATTYP>2</DATTYP><ERRMSG></ERRMSG><FUNNAM>DCPAYMNT</FUNNAM><LGNNAM>银企直连测试用户45</LGNNAM><RETCOD>0</RETCOD></INFO><NTQPAYRQZ><ERRCOD>SUC0000</ERRCOD><REQNBR>0030091765</REQNBR><REQSTS>NTE</REQSTS><SQRNBR>0000000000</SQRNBR><YURREF>20190220104625</YURREF></NTQPAYRQZ></CMBSDKPGK>
2019-02-20 12:12:32:请求：请求参数：<?xml version="1.0" encoding="gb2312"?>
<CMBSDKPGK xmlns:xsi="http://www.w3.org/2001/XMLSchema-instance" xmlns:xsd="http://www.w3.org/2001/XMLSchema">
  <INFO>
    <FUNNAM>NTQRYSTY</FUNNAM>
    <DATTYP>2</DATTYP>
    <LGNNAM>银企直连测试用户45</LGNNAM>
  </INFO>
  <NTQRYSTYX1>
    <BUSCOD>N02031</BUSCOD>
    <YURREF>20190220104625</YURREF>
    <BGNDAT>20190220</BGNDAT>
    <ENDDAT>20190220</ENDDAT>
  </NTQRYSTYX1>
</CMBSDKPGK>
返回参数：
<?xml version="1.0" encoding="GBK"?><CMBSDKPGK><INFO><DATTYP>2</DATTYP><ERRMSG></ERRMSG><FUNNAM>NTQRYSTY</FUNNAM><LGNNAM>银企直连测试用户45</LGNNAM><RETCOD>0</RETCOD></INFO></CMBSDKPGK>
2019-02-20 13:39:14:请求：请求参数：<?xml version="1.0" encoding="gb2312"?>
<CMBSDKPGK xmlns:xsi="http://www.w3.org/2001/XMLSchema-instance" xmlns:xsd="http://www.w3.org/2001/XMLSchema">
  <INFO>
    <FUNNAM>NTQRYSTY</FUNNAM>
    <DATTYP>2</DATTYP>
    <LGNNAM>银企直连测试用户45</LGNNAM>
  </INFO>
  <NTQRYSTYX1>
    <BUSCOD>N02031</BUSCOD>
    <YURREF>20190220104625</YURREF>
    <BGNDAT>20190220</BGNDAT>
    <ENDDAT>20190220</ENDDAT>
  </NTQRYSTYX1>
</CMBSDKPGK>
返回参数：
<?xml version="1.0" encoding="GBK"?><CMBSDKPGK><INFO><DATTYP>2</DATTYP><ERRMSG></ERRMSG><FUNNAM>NTQRYSTY</FUNNAM><LGNNAM>银企直连测试用户45</LGNNAM><RETCOD>0</RETCOD></INFO></CMBSDKPGK>
