2019-02-22 11:40:50:请求：请求参数：<?xml version="1.0" encoding="gb2312"?>
<CMBSDKPGK xmlns:xsi="http://www.w3.org/2001/XMLSchema-instance" xmlns:xsd="http://www.w3.org/2001/XMLSchema">
  <INFO>
    <FUNNAM>DCPAYMNT</FUNNAM>
    <DATTYP>2</DATTYP>
    <LGNNAM>学科园科兴学535</LGNNAM>
  </INFO>
  <SDKPAYRQX>
    <BUSCOD>N02031</BUSCOD>
  </SDKPAYRQX>
  <DCOPDPAYX>
    <YURREF>20190222104217</YURREF>
    <EPTDAT>20190222</EPTDAT>
    <DBTACC>755915712110113</DBTACC>
    <DBTBBK>75</DBTBBK>
    <TRSAMT>509.04</TRSAMT>
    <CCYNBR>10</CCYNBR>
    <STLCHN>N</STLCHN>
    <NUSAGE>财务部陈婉玲报销陈婉玲12月珈纳仓库盘点车费的费</NUSAGE>
    <CRTACC>6214832016733482</CRTACC>
    <CRTNAM>陈婉玲</CRTNAM>
    <BNKFLG>Y</BNKFLG>
    <CRTBNK>招商银行</CRTBNK>
    <CRTADR>招商银行</CRTADR>
  </DCOPDPAYX>
</CMBSDKPGK>
返回参数：
<?xml version="1.0" encoding="GBK"?><CMBSDKPGK><INFO><DATTYP>2</DATTYP><ERRMSG></ERRMSG><FUNNAM>DCPAYMNT</FUNNAM><LGNNAM>学科园科兴学535</LGNNAM><RETCOD>0</RETCOD></INFO><NTQPAYRQZ><ERRCOD>CSAB051</ERRCOD><ERRTXT>CSAB051 户口6214832016733482不存在(F3RTV3T1RP)</ERRTXT><REQSTS>FIN</REQSTS><RTNFLG>F</RTNFLG><SQRNBR>0000000000</SQRNBR><YURREF>20190222104217</YURREF></NTQPAYRQZ></CMBSDKPGK>
2019-02-22 11:45:19:请求：请求参数：<?xml version="1.0" encoding="gb2312"?>
<CMBSDKPGK xmlns:xsi="http://www.w3.org/2001/XMLSchema-instance" xmlns:xsd="http://www.w3.org/2001/XMLSchema">
  <INFO>
    <FUNNAM>DCPAYMNT</FUNNAM>
    <DATTYP>2</DATTYP>
    <LGNNAM>学科园科兴学535</LGNNAM>
  </INFO>
  <SDKPAYRQX>
    <BUSCOD>N02031</BUSCOD>
  </SDKPAYRQX>
  <DCOPDPAYX>
    <YURREF>20190222104217</YURREF>
    <EPTDAT>20190222</EPTDAT>
    <DBTACC>755915712110113</DBTACC>
    <DBTBBK>75</DBTBBK>
    <TRSAMT>509.04</TRSAMT>
    <CCYNBR>10</CCYNBR>
    <STLCHN>N</STLCHN>
    <NUSAGE>财务部陈婉玲报销陈婉玲12月珈纳仓库盘点车费的费</NUSAGE>
    <CRTACC>6214832016733482</CRTACC>
    <CRTNAM>陈婉玲</CRTNAM>
    <BNKFLG>N</BNKFLG>
    <CRTBNK>招商银行</CRTBNK>
    <CRTADR>招商银行</CRTADR>
  </DCOPDPAYX>
</CMBSDKPGK>
返回参数：
<?xml version="1.0" encoding="GBK"?><CMBSDKPGK><INFO><DATTYP>2</DATTYP><ERRMSG></ERRMSG><FUNNAM>DCPAYMNT</FUNNAM><LGNNAM>学科园科兴学535</LGNNAM><RETCOD>0</RETCOD></INFO><NTQPAYRQZ><ERRCOD>SUC0000</ERRCOD><REQNBR>0030093346</REQNBR><REQSTS>NTE</REQSTS><SQRNBR>0000000000</SQRNBR><YURREF>20190222104217</YURREF></NTQPAYRQZ></CMBSDKPGK>
