2019-01-18 10:20:09:开始请求付款。。。。

2019-01-18 10:20:12:请求：4004
请求参数：A0010101010030307980000011700000000006774004  000000120190118102009YQMFPA20190118102009000000                                                                                                    000001            00000000000<?xml version ="1.0" encoding="GB2312"?><Result><ThirdVoucher>201920181009</ThirdVoucher><CstInnerFlowNo>032018122100298</CstInnerFlowNo><CcyCode>RMB</CcyCode><OutAcctNo>11002923034501</OutAcctNo><OutAcctName>平安测试六零零零三三八二八五九八</OutAcctName><OutAcctAddr/><InAcctBankNode/><InAcctRecCode/><InAcctNo>8221 0078 8011 0000 0100</InAcctNo><InAcctName>广东高捷航运物流有限公司</InAcctName><InAcctBankName>上海浦东发展银行广州开发区支行</InAcctBankName><TranAmount>1</TranAmount><AmountCode/><UseEx>物流部蒋思萍报销广东高捷航运物流有限公司10月运费的费用</UseEx><UnionFlag>1</UnionFlag><SysFlag>N</SysFlag><AddrFlag>1</AddrFlag><RealFlag>2</RealFlag><MainAcctNo/></Result>
返回参数：
A0010101010030307980000011700000000000004004  000000220190118102009YQMFPA20190118102009SE0000:[SE0000][输入的号码[8221 0078 8011 0000 0100]非法]!                                                000001            00000000000
2019-01-18 10:23:20:开始请求付款。。。。

2019-01-18 10:23:22:请求：4004
请求参数：A0010101010030307980000011700000000006744004  000000120190118102320YQMFPA20190118102320000000                                                                                                    000001            00000000000<?xml version ="1.0" encoding="GB2312"?><Result><ThirdVoucher>201923181020</ThirdVoucher><CstInnerFlowNo>032018122100298</CstInnerFlowNo><CcyCode>RMB</CcyCode><OutAcctNo>11002923034501</OutAcctNo><OutAcctName>平安测试六零零零三三八二八五九八</OutAcctName><OutAcctAddr/><InAcctBankNode/><InAcctRecCode/><InAcctNo>0122100598214</InAcctNo><InAcctName>平安测试零零一五九二四零三一九五</InAcctName><InAcctBankName>上海浦东发展银行广州开发区支行</InAcctBankName><TranAmount>1</TranAmount><AmountCode/><UseEx>物流部蒋思萍报销广东高捷航运物流有限公司10月运费的费用</UseEx><UnionFlag>1</UnionFlag><SysFlag>N</SysFlag><AddrFlag>1</AddrFlag><RealFlag>2</RealFlag><MainAcctNo/></Result>
返回参数：
A0010101010030307980000011700000000006864004  000000220190118102320YQMFPA20190118102320000000:交易受理成功                                                                                       000001            00000000000<?xml version="1.0" encoding="GBK" ?><Result><ThirdVoucher>201923181020</ThirdVoucher><FrontLogNo>8043431901186180722857</FrontLogNo><CcyCode>RMB</CcyCode><OutAcctName>平安测试六零零零三三八二八五九八</OutAcctName><OutAcctNo>11002923034501</OutAcctNo><InAcctBankName>上海浦东发展银行广州开发区支行</InAcctBankName><InAcctNo>0122100598214</InAcctNo><InAcctName>平安测试零零一五九二四零三一九五</InAcctName><TranAmount>1.00</TranAmount><UnionFlag>1</UnionFlag><Fee1>0.00</Fee1><Fee2>0.00</Fee2><SOA_VOUCHER></SOA_VOUCHER><hostFlowNo>3240791808124000398718</hostFlowNo><hostTxDate>20180812</hostTxDate><Mobile></Mobile><CstInnerFlowNo>032018122100298</CstInnerFlowNo><stt>20</stt></Result>
2019-01-18 10:28:28:开始请求付款。。。。

2019-01-18 10:28:28:请求：4004
请求参数：A0010101010030307980000011700000000001024005  000000120190118102828YQMFPA20190118102828000000                                                                                                    000001            00000000000<?xml version="1.0" encoding="GBK"?><Result><OrigThirdVoucher>201923181020</OrigThirdVoucher></Result>
返回参数：
A0010101010030307980000011700000000009984005  000000220190118102828YQMFPA20190118102320000000:交易受理成功                                                                                       000001            00000000000<?xml version="1.0" encoding="GBK" ?><Result><OrigThirdVoucher>201923181020</OrigThirdVoucher><FrontLogNo>8043431901186180722857</FrontLogNo><CcyCode>RMB</CcyCode><OutAcctBankName></OutAcctBankName><OutAcctNo>11002923034501</OutAcctNo><InAcctBankName>上海浦东发展银行广州开发区支行</InAcctBankName><InAcctNo>0122100598214</InAcctNo><InAcctName>平安测试零零一五九二四零三一九五</InAcctName><TranAmount>1.00</TranAmount><UnionFlag>1</UnionFlag><Yhcljg>000000:转账交易成功</Yhcljg><Fee>0.00</Fee><CstInnerFlowNo>032018122100298</CstInnerFlowNo><Stt>20</Stt><IsBack>0</IsBack><BackRem>交易受理成功</BackRem><SysFlag>N</SysFlag><TransBsn>4004</TransBsn><submitTime>20190118102330</submitTime><AccountDate>20180812</AccountDate><InAcctBankNode></InAcctBankNode><hostFlowNo>3240791808124000398718</hostFlowNo><hostErrorCode>000000</hostErrorCode><kType>0</kType><dType>0</dType><subBatchNo></subBatchNo><ProxyPayName></ProxyPayName><ProxyPayAcc></ProxyPayAcc><ProxyPayBankName></ProxyPayBankName></Result>
2019-01-18 10:39:57:开始请求付款。。。。

2019-01-18 10:40:00:请求：4004
请求参数：A0010101010030307980000011700000000001024005  000000120190118103956YQMFPA20190118103956000000                                                                                                    000001            00000000000<?xml version="1.0" encoding="GBK"?><Result><OrigThirdVoucher>201923181020</OrigThirdVoucher></Result>
返回参数：
A0010101010030307980000011700000000009984005  000000220190118103956YQMFPA20190118102320000000:交易受理成功                                                                                       000001            00000000000<?xml version="1.0" encoding="GBK" ?><Result><OrigThirdVoucher>201923181020</OrigThirdVoucher><FrontLogNo>8043431901186180722857</FrontLogNo><CcyCode>RMB</CcyCode><OutAcctBankName></OutAcctBankName><OutAcctNo>11002923034501</OutAcctNo><InAcctBankName>上海浦东发展银行广州开发区支行</InAcctBankName><InAcctNo>0122100598214</InAcctNo><InAcctName>平安测试零零一五九二四零三一九五</InAcctName><TranAmount>1.00</TranAmount><UnionFlag>1</UnionFlag><Yhcljg>000000:转账交易成功</Yhcljg><Fee>0.00</Fee><CstInnerFlowNo>032018122100298</CstInnerFlowNo><Stt>20</Stt><IsBack>0</IsBack><BackRem>交易受理成功</BackRem><SysFlag>N</SysFlag><TransBsn>4004</TransBsn><submitTime>20190118102330</submitTime><AccountDate>20180812</AccountDate><InAcctBankNode></InAcctBankNode><hostFlowNo>3240791808124000398718</hostFlowNo><hostErrorCode>000000</hostErrorCode><kType>0</kType><dType>0</dType><subBatchNo></subBatchNo><ProxyPayName></ProxyPayName><ProxyPayAcc></ProxyPayAcc><ProxyPayBankName></ProxyPayBankName></Result>
2019-01-18 11:21:35:开始请求付款。。。。

2019-01-18 11:21:37:请求：4004
请求参数：A0010101010030307980000011700000000006774004  000000120190118112135YQMFPA20190118112135000000                                                                                                    000001            00000000000<?xml version ="1.0" encoding="GB2312"?><Result><ThirdVoucher>201921181135</ThirdVoucher><CstInnerFlowNo>032018122100298</CstInnerFlowNo><CcyCode>RMB</CcyCode><OutAcctNo>11002923034501</OutAcctNo><OutAcctName>平安测试六零零零三三八二八五九八</OutAcctName><OutAcctAddr/><InAcctBankNode/><InAcctRecCode/><InAcctNo>6226620607792207</InAcctNo><InAcctName>广东高捷航运物流有限公司</InAcctName><InAcctBankName>上海浦东发展银行广州开发区支行</InAcctBankName><TranAmount>165716.00</TranAmount><AmountCode/><UseEx>物流部蒋思萍报销广东高捷航运物流有限公司10月运费的费用</UseEx><UnionFlag>1</UnionFlag><SysFlag>N</SysFlag><AddrFlag>1</AddrFlag><RealFlag>2</RealFlag><MainAcctNo/></Result>
返回参数：
A0010101010030307980000011700000000000004004  000000220190118112135YQMFPA20190118112135RE1342:[RE1342]输入的卡号[6226620607792207]不存在或者已经销卡                                             000001            00000000000
2019-01-18 11:38:25:开始请求付款。。。。

2019-01-18 11:38:55:请求：4004
请求参数：A0010101010030307980000011700000000006694004  000000120190118113825YQMFPA20190118113825000000                                                                                                    000001            00000000000<?xml version ="1.0" encoding="GB2312"?><Result><ThirdVoucher>201938181125</ThirdVoucher><CstInnerFlowNo>032018122100298</CstInnerFlowNo><CcyCode>RMB</CcyCode><OutAcctNo>11002923034501</OutAcctNo><OutAcctName>平安测试六零零零三三八二八五九八</OutAcctName><OutAcctAddr/><InAcctBankNode/><InAcctRecCode/><InAcctNo>6226620607792207</InAcctNo><InAcctName>广东高捷航运物流有限公司</InAcctName><InAcctBankName>上海浦东发展银行广州开发区支行</InAcctBankName><TranAmount>1</TranAmount><AmountCode/><UseEx>物流部蒋思萍报销广东高捷航运物流有限公司10月运费的费用</UseEx><UnionFlag>1</UnionFlag><SysFlag>N</SysFlag><AddrFlag>1</AddrFlag><RealFlag>2</RealFlag><MainAcctNo/></Result>
返回参数：
A0010101010030307980000011700000000000004004  000000220190118113825YQMFPA20190118113825RE1342:[RE1342]输入的卡号[6226620607792207]不存在或者已经销卡                                             000001            00000000000
2019-01-18 11:39:18:开始请求付款。。。。

2019-01-18 11:39:25:请求：4004
请求参数：A0010101010030307980000011700000000006694004  000000120190118113918YQMFPA20190118113918000000                                                                                                    000001            00000000000<?xml version ="1.0" encoding="GB2312"?><Result><ThirdVoucher>201939181118</ThirdVoucher><CstInnerFlowNo>032018122100298</CstInnerFlowNo><CcyCode>RMB</CcyCode><OutAcctNo>11002923034501</OutAcctNo><OutAcctName>平安测试六零零零三三八二八五九八</OutAcctName><OutAcctAddr/><InAcctBankNode/><InAcctRecCode/><InAcctNo>6226620607792207</InAcctNo><InAcctName>广东高捷航运物流有限公司</InAcctName><InAcctBankName>上海浦东发展银行广州开发区支行</InAcctBankName><TranAmount>1</TranAmount><AmountCode/><UseEx>物流部蒋思萍报销广东高捷航运物流有限公司10月运费的费用</UseEx><UnionFlag>0</UnionFlag><SysFlag>N</SysFlag><AddrFlag>1</AddrFlag><RealFlag>2</RealFlag><MainAcctNo/></Result>
返回参数：
A0010101010030307980000011700000000006594004  000000220190118113918YQMFPA20190118113918000000:交易受理成功                                                                                       000001            00000000000<?xml version="1.0" encoding="GBK" ?><Result><ThirdVoucher>201939181118</ThirdVoucher><FrontLogNo>8043431901186180750363</FrontLogNo><CcyCode>RMB</CcyCode><OutAcctName>平安测试六零零零三三八二八五九八</OutAcctName><OutAcctNo>11002923034501</OutAcctNo><InAcctBankName>上海浦东发展银行广州开发区支行</InAcctBankName><InAcctNo>6226620607792207</InAcctNo><InAcctName>广东高捷航运物流有限公司</InAcctName><TranAmount>1.00</TranAmount><UnionFlag>0</UnionFlag><Fee1>4.00</Fee1><Fee2>0.00</Fee2><SOA_VOUCHER></SOA_VOUCHER><hostFlowNo></hostFlowNo><hostTxDate>20190118</hostTxDate><Mobile></Mobile><CstInnerFlowNo>032018122100298</CstInnerFlowNo><stt>40</stt></Result>
2019-01-18 11:44:09:开始请求付款。。。。

2019-01-18 11:44:10:请求：4004
请求参数：A0010101010030307980000011700000000001024005  000000120190118114409YQMFPA20190118114409000000                                                                                                    000001            00000000000<?xml version="1.0" encoding="GBK"?><Result><OrigThirdVoucher>201939181118</OrigThirdVoucher></Result>
返回参数：
A0010101010030307980000011700000000009814005  000000220190118114409YQMFPA20190118113918000000:交易受理成功                                                                                       000001            00000000000<?xml version="1.0" encoding="GBK" ?><Result><OrigThirdVoucher>201939181118</OrigThirdVoucher><FrontLogNo>8043431901186180750363</FrontLogNo><CcyCode>RMB</CcyCode><OutAcctBankName></OutAcctBankName><OutAcctNo>11002923034501</OutAcctNo><InAcctBankName>上海浦东发展银行广州开发区支行</InAcctBankName><InAcctNo>6226620607792207</InAcctNo><InAcctName>广东高捷航运物流有限公司</InAcctName><TranAmount>1.00</TranAmount><UnionFlag>0</UnionFlag><Yhcljg>MA9111:交易处理中</Yhcljg><Fee>4.00</Fee><CstInnerFlowNo>032018122100298</CstInnerFlowNo><Stt>40</Stt><IsBack>0</IsBack><BackRem>交易受理成功</BackRem><SysFlag>N</SysFlag><TransBsn>4004</TransBsn><submitTime>20190118113928</submitTime><AccountDate>20190118</AccountDate><InAcctBankNode>310581000210</InAcctBankNode><hostFlowNo></hostFlowNo><hostErrorCode>000000</hostErrorCode><kType>0</kType><dType>0</dType><subBatchNo></subBatchNo><ProxyPayName></ProxyPayName><ProxyPayAcc></ProxyPayAcc><ProxyPayBankName></ProxyPayBankName></Result>
2019-01-18 11:47:50:开始请求付款。。。。

2019-01-18 11:47:52:请求：4004
请求参数：A0010101010030307980000011700000000006694004  000000120190118114750YQMFPA20190118114750000000                                                                                                    000001            00000000000<?xml version ="1.0" encoding="GB2312"?><Result><ThirdVoucher>201947181150</ThirdVoucher><CstInnerFlowNo>032018122100298</CstInnerFlowNo><CcyCode>RMB</CcyCode><OutAcctNo>11002923034501</OutAcctNo><OutAcctName>平安测试六零零零三三八二八五九八</OutAcctName><OutAcctAddr/><InAcctBankNode/><InAcctRecCode/><InAcctNo>6226620607792207</InAcctNo><InAcctName>广东高捷航运物流有限公司</InAcctName><InAcctBankName>上海浦东发展银行广州开发区支行</InAcctBankName><TranAmount>1</TranAmount><AmountCode/><UseEx>物流部蒋思萍报销广东高捷航运物流有限公司10月运费的费用</UseEx><UnionFlag>1</UnionFlag><SysFlag>N</SysFlag><AddrFlag>1</AddrFlag><RealFlag>2</RealFlag><MainAcctNo/></Result>
返回参数：
A0010101010030307980000011700000000000004004  000000220190118114750YQMFPA20190118114750RE1342:[RE1342]输入的卡号[6226620607792207]不存在或者已经销卡                                             000001            00000000000
2019-01-18 11:49:58:开始请求付款。。。。

2019-01-18 11:49:59:请求：4004
请求参数：A0010101010030307980000011700000000006694004  000000120190118114958YQMFPA20190118114958000000                                                                                                    000001            00000000000<?xml version ="1.0" encoding="GB2312"?><Result><ThirdVoucher>201949181158</ThirdVoucher><CstInnerFlowNo>032018122100298</CstInnerFlowNo><CcyCode>RMB</CcyCode><OutAcctNo>11002923034501</OutAcctNo><OutAcctName>平安测试六零零零三三八二八五九八</OutAcctName><OutAcctAddr/><InAcctBankNode/><InAcctRecCode/><InAcctNo>6226620607792207</InAcctNo><InAcctName>广东高捷航运物流有限公司</InAcctName><InAcctBankName>上海浦东发展银行广州开发区支行</InAcctBankName><TranAmount>1</TranAmount><AmountCode/><UseEx>物流部蒋思萍报销广东高捷航运物流有限公司10月运费的费用</UseEx><UnionFlag>1</UnionFlag><SysFlag>N</SysFlag><AddrFlag>1</AddrFlag><RealFlag>2</RealFlag><MainAcctNo/></Result>
返回参数：
A0010101010030307980000011700000000000004004  000000220190118114958YQMFPA20190118114958RE1342:[RE1342]输入的卡号[6226620607792207]不存在或者已经销卡                                             000001            00000000000
2019-01-18 11:55:00:开始请求付款。。。。

2019-01-18 11:55:01:请求：4004
请求参数：A0010101010030307980000011700000000006854004  000000120190118115459YQMFPA20190118115459000000                                                                                                    000001            00000000000<?xml version ="1.0" encoding="GB2312"?><Result><ThirdVoucher>201954181159</ThirdVoucher><CstInnerFlowNo>032018122100298</CstInnerFlowNo><CcyCode>RMB</CcyCode><OutAcctNo>11002923034501</OutAcctNo><OutAcctName>平安测试六零零零三三八二八五九八</OutAcctName><OutAcctAddr/><InAcctBankNode/><InAcctRecCode/><InAcctNo>8221 0078 8011 0000 0100</InAcctNo><InAcctName>广东高捷航运物流有限公司</InAcctName><InAcctBankName>上海浦东发展银行广州开发区支行</InAcctBankName><TranAmount>165716.00</TranAmount><AmountCode/><UseEx>物流部蒋思萍报销广东高捷航运物流有限公司10月运费的费用</UseEx><UnionFlag>1</UnionFlag><SysFlag>N</SysFlag><AddrFlag>1</AddrFlag><RealFlag>2</RealFlag><MainAcctNo/></Result>
返回参数：
A0010101010030307980000011700000000000004004  000000220190118115459YQMFPA20190118115459SE0000:[SE0000][输入的号码[8221 0078 8011 0000 0100]非法]!                                                000001            00000000000
2019-01-18 13:43:02:开始请求付款。。。。

2019-01-18 13:43:04:请求：4004
请求参数：A0010101010030307980000011700000000006734004  000000120190118134302YQMFPA20190118134302000000                                                                                                    000001            00000000000<?xml version ="1.0" encoding="GB2312"?><Result><ThirdVoucher>201942181355</ThirdVoucher><CstInnerFlowNo>032018122100298</CstInnerFlowNo><CcyCode>RMB</CcyCode><OutAcctNo>11002923034501</OutAcctNo><OutAcctName>平安测试六零零零三三八二八五九八</OutAcctName><OutAcctAddr/><InAcctBankNode/><InAcctRecCode/><InAcctNo>82210078801100000100</InAcctNo><InAcctName>广东高捷航运物流有限公司</InAcctName><InAcctBankName>上海浦东发展银行广州开发区支行</InAcctBankName><TranAmount>1</TranAmount><AmountCode/><UseEx>物流部蒋思萍报销广东高捷航运物流有限公司10月运费的费用</UseEx><UnionFlag>1</UnionFlag><SysFlag>N</SysFlag><AddrFlag>1</AddrFlag><RealFlag>2</RealFlag><MainAcctNo/></Result>
返回参数：
A0010101010030307980000011700000000000004004  000000220190118134302YQMFPA20190118134302SE0000:[SE0000][输入的号码[82210078801100000100]非法]!                                                    000001            00000000000
2019-01-18 13:43:28:开始请求付款。。。。

2019-01-18 13:43:30:请求：4004
请求参数：A0010101010030307980000011700000000006734004  000000120190118134328YQMFPA20190118134328000000                                                                                                    000001            00000000000<?xml version ="1.0" encoding="GB2312"?><Result><ThirdVoucher>201943181328</ThirdVoucher><CstInnerFlowNo>032018122100298</CstInnerFlowNo><CcyCode>RMB</CcyCode><OutAcctNo>11002923034501</OutAcctNo><OutAcctName>平安测试六零零零三三八二八五九八</OutAcctName><OutAcctAddr/><InAcctBankNode/><InAcctRecCode/><InAcctNo>82210078801100000100</InAcctNo><InAcctName>广东高捷航运物流有限公司</InAcctName><InAcctBankName>上海浦东发展银行广州开发区支行</InAcctBankName><TranAmount>1</TranAmount><AmountCode/><UseEx>物流部蒋思萍报销广东高捷航运物流有限公司10月运费的费用</UseEx><UnionFlag>0</UnionFlag><SysFlag>N</SysFlag><AddrFlag>1</AddrFlag><RealFlag>2</RealFlag><MainAcctNo/></Result>
返回参数：
A0010101010030307980000011700000000006634004  000000220190118134328YQMFPA20190118134328000000:交易受理成功                                                                                       000001            00000000000<?xml version="1.0" encoding="GBK" ?><Result><ThirdVoucher>201943181328</ThirdVoucher><FrontLogNo>8043431901186180796227</FrontLogNo><CcyCode>RMB</CcyCode><OutAcctName>平安测试六零零零三三八二八五九八</OutAcctName><OutAcctNo>11002923034501</OutAcctNo><InAcctBankName>上海浦东发展银行广州开发区支行</InAcctBankName><InAcctNo>82210078801100000100</InAcctNo><InAcctName>广东高捷航运物流有限公司</InAcctName><TranAmount>1.00</TranAmount><UnionFlag>0</UnionFlag><Fee1>4.00</Fee1><Fee2>0.00</Fee2><SOA_VOUCHER></SOA_VOUCHER><hostFlowNo></hostFlowNo><hostTxDate>20190118</hostTxDate><Mobile></Mobile><CstInnerFlowNo>032018122100298</CstInnerFlowNo><stt>40</stt></Result>
2019-01-18 13:52:48:开始请求付款。。。。

2019-01-18 13:52:49:请求：4004
请求参数：A0010101010030307980000011700000000001024005  000000120190118135248YQMFPA20190118135248000000                                                                                                    000001            00000000000<?xml version="1.0" encoding="GBK"?><Result><OrigThirdVoucher>201943181328</OrigThirdVoucher></Result>
返回参数：
A0010101010030307980000011700000000010114005  000000220190118135248YQMFPA20190118134328000000:交易受理成功                                                                                       000001            00000000000<?xml version="1.0" encoding="GBK" ?><Result><OrigThirdVoucher>201943181328</OrigThirdVoucher><FrontLogNo>8043431901186180796227</FrontLogNo><CcyCode>RMB</CcyCode><OutAcctBankName></OutAcctBankName><OutAcctNo>11002923034501</OutAcctNo><InAcctBankName>上海浦东发展银行广州开发区支行</InAcctBankName><InAcctNo>82210078801100000100</InAcctNo><InAcctName>广东高捷航运物流有限公司</InAcctName><TranAmount>1.00</TranAmount><UnionFlag>0</UnionFlag><Yhcljg>000000:转账交易成功</Yhcljg><Fee>4.00</Fee><CstInnerFlowNo>032018122100298</CstInnerFlowNo><Stt>20</Stt><IsBack>0</IsBack><BackRem>000000交易成功</BackRem><SysFlag>N</SysFlag><TransBsn>4004</TransBsn><submitTime>20190118134339</submitTime><AccountDate>20180812</AccountDate><InAcctBankNode>310581000210</InAcctBankNode><hostFlowNo>3240791808121000697593</hostFlowNo><hostErrorCode>000000</hostErrorCode><kType>0</kType><dType>0</dType><subBatchNo></subBatchNo><ProxyPayName></ProxyPayName><ProxyPayAcc></ProxyPayAcc><ProxyPayBankName></ProxyPayBankName></Result>
2019-01-18 14:04:21:开始请求付款。。。。

2019-01-18 14:04:22:请求：4004
请求参数：A0010101010030307980000011700000000006694004  000000120190118140421YQMFPA20190118140421000000                                                                                                    000001            00000000000<?xml version ="1.0" encoding="GB2312"?><Result><ThirdVoucher>201904181421</ThirdVoucher><CstInnerFlowNo>032018122100298</CstInnerFlowNo><CcyCode>RMB</CcyCode><OutAcctNo>11002923034501</OutAcctNo><OutAcctName>平安测试六零零零三三八二八五九八</OutAcctName><OutAcctAddr/><InAcctBankNode/><InAcctRecCode/><InAcctNo>6214832015475366</InAcctNo><InAcctName>广东高捷航运物流有限公司</InAcctName><InAcctBankName>上海浦东发展银行广州开发区支行</InAcctBankName><TranAmount>1</TranAmount><AmountCode/><UseEx>物流部蒋思萍报销广东高捷航运物流有限公司10月运费的费用</UseEx><UnionFlag>1</UnionFlag><SysFlag>N</SysFlag><AddrFlag>1</AddrFlag><RealFlag>2</RealFlag><MainAcctNo/></Result>
返回参数：
A0010101010030307980000011700000000000004004  000000220190118140421YQMFPA20190118140421RE1342:[RE1342]输入的卡号[6214832015475366]不存在或者已经销卡                                             000001            00000000000
2019-01-18 14:04:30:开始请求付款。。。。

2019-01-18 14:04:32:请求：4004
请求参数：A0010101010030307980000011700000000006694004  000000120190118140430YQMFPA20190118140430000000                                                                                                    000001            00000000000<?xml version ="1.0" encoding="GB2312"?><Result><ThirdVoucher>201904181430</ThirdVoucher><CstInnerFlowNo>032018122100298</CstInnerFlowNo><CcyCode>RMB</CcyCode><OutAcctNo>11002923034501</OutAcctNo><OutAcctName>平安测试六零零零三三八二八五九八</OutAcctName><OutAcctAddr/><InAcctBankNode/><InAcctRecCode/><InAcctNo>6214832015475366</InAcctNo><InAcctName>广东高捷航运物流有限公司</InAcctName><InAcctBankName>上海浦东发展银行广州开发区支行</InAcctBankName><TranAmount>1</TranAmount><AmountCode/><UseEx>物流部蒋思萍报销广东高捷航运物流有限公司10月运费的费用</UseEx><UnionFlag>0</UnionFlag><SysFlag>N</SysFlag><AddrFlag>1</AddrFlag><RealFlag>2</RealFlag><MainAcctNo/></Result>
返回参数：
A0010101010030307980000011700000000006594004  000000220190118140430YQMFPA20190118140430000000:交易受理成功                                                                                       000001            00000000000<?xml version="1.0" encoding="GBK" ?><Result><ThirdVoucher>201904181430</ThirdVoucher><FrontLogNo>8043431901186180803021</FrontLogNo><CcyCode>RMB</CcyCode><OutAcctName>平安测试六零零零三三八二八五九八</OutAcctName><OutAcctNo>11002923034501</OutAcctNo><InAcctBankName>上海浦东发展银行广州开发区支行</InAcctBankName><InAcctNo>6214832015475366</InAcctNo><InAcctName>广东高捷航运物流有限公司</InAcctName><TranAmount>1.00</TranAmount><UnionFlag>0</UnionFlag><Fee1>4.00</Fee1><Fee2>0.00</Fee2><SOA_VOUCHER></SOA_VOUCHER><hostFlowNo></hostFlowNo><hostTxDate>20190118</hostTxDate><Mobile></Mobile><CstInnerFlowNo>032018122100298</CstInnerFlowNo><stt>40</stt></Result>
2019-01-18 14:05:46:开始请求付款。。。。

2019-01-18 14:05:46:请求：4004
请求参数：A0010101010030307980000011700000000001024005  000000120190118140546YQMFPA20190118140546000000                                                                                                    000001            00000000000<?xml version="1.0" encoding="GBK"?><Result><OrigThirdVoucher>201904181430</OrigThirdVoucher></Result>
返回参数：
A0010101010030307980000011700000000010074005  000000220190118140546YQMFPA20190118140430000000:交易受理成功                                                                                       000001            00000000000<?xml version="1.0" encoding="GBK" ?><Result><OrigThirdVoucher>201904181430</OrigThirdVoucher><FrontLogNo>8043431901186180803021</FrontLogNo><CcyCode>RMB</CcyCode><OutAcctBankName></OutAcctBankName><OutAcctNo>11002923034501</OutAcctNo><InAcctBankName>上海浦东发展银行广州开发区支行</InAcctBankName><InAcctNo>6214832015475366</InAcctNo><InAcctName>广东高捷航运物流有限公司</InAcctName><TranAmount>1.00</TranAmount><UnionFlag>0</UnionFlag><Yhcljg>000000:转账交易成功</Yhcljg><Fee>4.00</Fee><CstInnerFlowNo>032018122100298</CstInnerFlowNo><Stt>20</Stt><IsBack>0</IsBack><BackRem>000000交易成功</BackRem><SysFlag>N</SysFlag><TransBsn>4004</TransBsn><submitTime>20190118140441</submitTime><AccountDate>20180812</AccountDate><InAcctBankNode>310581000210</InAcctBankNode><hostFlowNo>3240791808127000732165</hostFlowNo><hostErrorCode>000000</hostErrorCode><kType>0</kType><dType>0</dType><subBatchNo></subBatchNo><ProxyPayName></ProxyPayName><ProxyPayAcc></ProxyPayAcc><ProxyPayBankName></ProxyPayBankName></Result>
2019-01-18 14:11:38:开始请求付款。。。。

2019-01-18 14:11:38:请求：4004
请求参数：A0010101010030307980000011700000000001024005  000000120190118141138YQMFPA20190118141138000000                                                                                                    000001            00000000000<?xml version="1.0" encoding="GBK"?><Result><OrigThirdVoucher>201939181118</OrigThirdVoucher></Result>
返回参数：
A0010101010030307980000011700000000010074005  000000220190118141138YQMFPA20190118113918000000:交易受理成功                                                                                       000001            00000000000<?xml version="1.0" encoding="GBK" ?><Result><OrigThirdVoucher>201939181118</OrigThirdVoucher><FrontLogNo>8043431901186180750363</FrontLogNo><CcyCode>RMB</CcyCode><OutAcctBankName></OutAcctBankName><OutAcctNo>11002923034501</OutAcctNo><InAcctBankName>上海浦东发展银行广州开发区支行</InAcctBankName><InAcctNo>6226620607792207</InAcctNo><InAcctName>广东高捷航运物流有限公司</InAcctName><TranAmount>1.00</TranAmount><UnionFlag>0</UnionFlag><Yhcljg>000000:转账交易成功</Yhcljg><Fee>4.00</Fee><CstInnerFlowNo>032018122100298</CstInnerFlowNo><Stt>20</Stt><IsBack>0</IsBack><BackRem>000000交易成功</BackRem><SysFlag>N</SysFlag><TransBsn>4004</TransBsn><submitTime>20190118113928</submitTime><AccountDate>20180812</AccountDate><InAcctBankNode>310581000210</InAcctBankNode><hostFlowNo>3240791808127000505535</hostFlowNo><hostErrorCode>000000</hostErrorCode><kType>0</kType><dType>0</dType><subBatchNo></subBatchNo><ProxyPayName></ProxyPayName><ProxyPayAcc></ProxyPayAcc><ProxyPayBankName></ProxyPayBankName></Result>
2019-01-18 14:18:48:开始请求付款。。。。

2019-01-18 14:18:49:请求：4004
请求参数：A0010101010030307980000011700000000001024005  000000120190118141848YQMFPA20190118141848000000                                                                                                    000001            00000000000<?xml version="1.0" encoding="GBK"?><Result><OrigThirdVoucher>201923181020</OrigThirdVoucher></Result>
返回参数：
A0010101010030307980000011700000000009984005  000000220190118141848YQMFPA20190118102320000000:交易受理成功                                                                                       000001            00000000000<?xml version="1.0" encoding="GBK" ?><Result><OrigThirdVoucher>201923181020</OrigThirdVoucher><FrontLogNo>8043431901186180722857</FrontLogNo><CcyCode>RMB</CcyCode><OutAcctBankName></OutAcctBankName><OutAcctNo>11002923034501</OutAcctNo><InAcctBankName>上海浦东发展银行广州开发区支行</InAcctBankName><InAcctNo>0122100598214</InAcctNo><InAcctName>平安测试零零一五九二四零三一九五</InAcctName><TranAmount>1.00</TranAmount><UnionFlag>1</UnionFlag><Yhcljg>000000:转账交易成功</Yhcljg><Fee>0.00</Fee><CstInnerFlowNo>032018122100298</CstInnerFlowNo><Stt>20</Stt><IsBack>0</IsBack><BackRem>交易受理成功</BackRem><SysFlag>N</SysFlag><TransBsn>4004</TransBsn><submitTime>20190118102330</submitTime><AccountDate>20180812</AccountDate><InAcctBankNode></InAcctBankNode><hostFlowNo>3240791808124000398718</hostFlowNo><hostErrorCode>000000</hostErrorCode><kType>0</kType><dType>0</dType><subBatchNo></subBatchNo><ProxyPayName></ProxyPayName><ProxyPayAcc></ProxyPayAcc><ProxyPayBankName></ProxyPayBankName></Result>
2019-01-18 14:19:45:开始请求付款。。。。

2019-01-18 14:19:45:请求：4004
请求参数：A0010101010030307980000011700000000001024005  000000120190118141945YQMFPA20190118141945000000                                                                                                    000001            00000000000<?xml version="1.0" encoding="GBK"?><Result><OrigThirdVoucher>201923181020</OrigThirdVoucher></Result>
返回参数：
A0010101010030307980000011700000000009984005  000000220190118141945YQMFPA20190118102320000000:交易受理成功                                                                                       000001            00000000000<?xml version="1.0" encoding="GBK" ?><Result><OrigThirdVoucher>201923181020</OrigThirdVoucher><FrontLogNo>8043431901186180722857</FrontLogNo><CcyCode>RMB</CcyCode><OutAcctBankName></OutAcctBankName><OutAcctNo>11002923034501</OutAcctNo><InAcctBankName>上海浦东发展银行广州开发区支行</InAcctBankName><InAcctNo>0122100598214</InAcctNo><InAcctName>平安测试零零一五九二四零三一九五</InAcctName><TranAmount>1.00</TranAmount><UnionFlag>1</UnionFlag><Yhcljg>000000:转账交易成功</Yhcljg><Fee>0.00</Fee><CstInnerFlowNo>032018122100298</CstInnerFlowNo><Stt>20</Stt><IsBack>0</IsBack><BackRem>交易受理成功</BackRem><SysFlag>N</SysFlag><TransBsn>4004</TransBsn><submitTime>20190118102330</submitTime><AccountDate>20180812</AccountDate><InAcctBankNode></InAcctBankNode><hostFlowNo>3240791808124000398718</hostFlowNo><hostErrorCode>000000</hostErrorCode><kType>0</kType><dType>0</dType><subBatchNo></subBatchNo><ProxyPayName></ProxyPayName><ProxyPayAcc></ProxyPayAcc><ProxyPayBankName></ProxyPayBankName></Result>
2019-01-18 14:19:50:开始请求付款。。。。

2019-01-18 14:19:50:请求：4004
请求参数：A0010101010030307980000011700000000001024005  000000120190118141950YQMFPA20190118141950000000                                                                                                    000001            00000000000<?xml version="1.0" encoding="GBK"?><Result><OrigThirdVoucher>201923181020</OrigThirdVoucher></Result>
返回参数：
A0010101010030307980000011700000000009984005  000000220190118141950YQMFPA20190118102320000000:交易受理成功                                                                                       000001            00000000000<?xml version="1.0" encoding="GBK" ?><Result><OrigThirdVoucher>201923181020</OrigThirdVoucher><FrontLogNo>8043431901186180722857</FrontLogNo><CcyCode>RMB</CcyCode><OutAcctBankName></OutAcctBankName><OutAcctNo>11002923034501</OutAcctNo><InAcctBankName>上海浦东发展银行广州开发区支行</InAcctBankName><InAcctNo>0122100598214</InAcctNo><InAcctName>平安测试零零一五九二四零三一九五</InAcctName><TranAmount>1.00</TranAmount><UnionFlag>1</UnionFlag><Yhcljg>000000:转账交易成功</Yhcljg><Fee>0.00</Fee><CstInnerFlowNo>032018122100298</CstInnerFlowNo><Stt>20</Stt><IsBack>0</IsBack><BackRem>交易受理成功</BackRem><SysFlag>N</SysFlag><TransBsn>4004</TransBsn><submitTime>20190118102330</submitTime><AccountDate>20180812</AccountDate><InAcctBankNode></InAcctBankNode><hostFlowNo>3240791808124000398718</hostFlowNo><hostErrorCode>000000</hostErrorCode><kType>0</kType><dType>0</dType><subBatchNo></subBatchNo><ProxyPayName></ProxyPayName><ProxyPayAcc></ProxyPayAcc><ProxyPayBankName></ProxyPayBankName></Result>
2019-01-18 14:19:55:开始请求付款。。。。

2019-01-18 14:19:55:请求：4004
请求参数：A0010101010030307980000011700000000001024005  000000120190118141955YQMFPA20190118141955000000                                                                                                    000001            00000000000<?xml version="1.0" encoding="GBK"?><Result><OrigThirdVoucher>201939181118</OrigThirdVoucher></Result>
返回参数：
A0010101010030307980000011700000000010074005  000000220190118141955YQMFPA20190118113918000000:交易受理成功                                                                                       000001            00000000000<?xml version="1.0" encoding="GBK" ?><Result><OrigThirdVoucher>201939181118</OrigThirdVoucher><FrontLogNo>8043431901186180750363</FrontLogNo><CcyCode>RMB</CcyCode><OutAcctBankName></OutAcctBankName><OutAcctNo>11002923034501</OutAcctNo><InAcctBankName>上海浦东发展银行广州开发区支行</InAcctBankName><InAcctNo>6226620607792207</InAcctNo><InAcctName>广东高捷航运物流有限公司</InAcctName><TranAmount>1.00</TranAmount><UnionFlag>0</UnionFlag><Yhcljg>000000:转账交易成功</Yhcljg><Fee>4.00</Fee><CstInnerFlowNo>032018122100298</CstInnerFlowNo><Stt>20</Stt><IsBack>0</IsBack><BackRem>000000交易成功</BackRem><SysFlag>N</SysFlag><TransBsn>4004</TransBsn><submitTime>20190118113928</submitTime><AccountDate>20180812</AccountDate><InAcctBankNode>310581000210</InAcctBankNode><hostFlowNo>3240791808127000505535</hostFlowNo><hostErrorCode>000000</hostErrorCode><kType>0</kType><dType>0</dType><subBatchNo></subBatchNo><ProxyPayName></ProxyPayName><ProxyPayAcc></ProxyPayAcc><ProxyPayBankName></ProxyPayBankName></Result>
2019-01-18 14:22:56:开始请求付款。。。。

2019-01-18 14:22:57:请求：4004
请求参数：A0010101010030307980000011700000000001024005  000000120190118142256YQMFPA20190118142256000000                                                                                                    000001            00000000000<?xml version="1.0" encoding="GBK"?><Result><OrigThirdVoucher>201939181118</OrigThirdVoucher></Result>
返回参数：
A0010101010030307980000011700000000010074005  000000220190118142256YQMFPA20190118113918000000:交易受理成功                                                                                       000001            00000000000<?xml version="1.0" encoding="GBK" ?><Result><OrigThirdVoucher>201939181118</OrigThirdVoucher><FrontLogNo>8043431901186180750363</FrontLogNo><CcyCode>RMB</CcyCode><OutAcctBankName></OutAcctBankName><OutAcctNo>11002923034501</OutAcctNo><InAcctBankName>上海浦东发展银行广州开发区支行</InAcctBankName><InAcctNo>6226620607792207</InAcctNo><InAcctName>广东高捷航运物流有限公司</InAcctName><TranAmount>1.00</TranAmount><UnionFlag>0</UnionFlag><Yhcljg>000000:转账交易成功</Yhcljg><Fee>4.00</Fee><CstInnerFlowNo>032018122100298</CstInnerFlowNo><Stt>20</Stt><IsBack>0</IsBack><BackRem>000000交易成功</BackRem><SysFlag>N</SysFlag><TransBsn>4004</TransBsn><submitTime>20190118113928</submitTime><AccountDate>20180812</AccountDate><InAcctBankNode>310581000210</InAcctBankNode><hostFlowNo>3240791808127000505535</hostFlowNo><hostErrorCode>000000</hostErrorCode><kType>0</kType><dType>0</dType><subBatchNo></subBatchNo><ProxyPayName></ProxyPayName><ProxyPayAcc></ProxyPayAcc><ProxyPayBankName></ProxyPayBankName></Result>
