
 
记录时间：2019-01-23 09:12:40,774 
线程ID:[9] 
日志级别：  INFO  
出错类：dal.U8DAL property: [(null)] - 
错误描述：用户登录记录:蒙祖军
 

 
记录时间：2019-01-23 09:12:40,794 
线程ID:[9] 
日志级别：  INFO  
出错类：danjukaipiao.Controllers.api.UserInfoController property: [(null)] - 
错误描述：账号:蒙祖军在：IP为::1登录
 

 
记录时间：2019-01-23 09:31:33,413 
线程ID:[6] 
日志级别：  INFO  
出错类：dal.U8DAL property: [(null)] - 
错误描述：用户登录记录:蒙祖军
 

 
记录时间：2019-01-23 09:31:33,425 
线程ID:[6] 
日志级别：  INFO  
出错类：danjukaipiao.Controllers.api.UserInfoController property: [(null)] - 
错误描述：账号:蒙祖军在：IP为::1登录
 

 
记录时间：2019-01-23 09:40:36,202 
线程ID:[28] 
日志级别：  INFO  
出错类：dal.U8DAL property: [(null)] - 
错误描述：用户登录记录:蒙祖军
 

 
记录时间：2019-01-23 09:40:36,203 
线程ID:[28] 
日志级别：  INFO  
出错类：danjukaipiao.Controllers.api.UserInfoController property: [(null)] - 
错误描述：账号:蒙祖军在：IP为::1登录
 

 
记录时间：2019-01-23 09:44:05,942 
线程ID:[19] 
日志级别：  INFO  
出错类：dal.U8DAL property: [(null)] - 
错误描述：用户登录记录:蒙祖军
 

 
记录时间：2019-01-23 09:44:05,944 
线程ID:[19] 
日志级别：  INFO  
出错类：danjukaipiao.Controllers.api.UserInfoController property: [(null)] - 
错误描述：账号:蒙祖军在：IP为::1登录
 

 
记录时间：2019-01-23 09:44:24,568 
线程ID:[20] 
日志级别：  INFO  
出错类：dal.U8DAL property: [(null)] - 
错误描述：用户登录记录:蒙祖军
 

 
记录时间：2019-01-23 09:44:24,569 
线程ID:[20] 
日志级别：  INFO  
出错类：danjukaipiao.Controllers.api.UserInfoController property: [(null)] - 
错误描述：账号:蒙祖军在：IP为::1登录
 

 
记录时间：2019-01-23 10:01:49,680 
线程ID:[6] 
日志级别：  INFO  
出错类：dal.U8DAL property: [(null)] - 
错误描述：用户登录记录:蒙祖军
 

 
记录时间：2019-01-23 10:01:49,691 
线程ID:[6] 
日志级别：  INFO  
出错类：danjukaipiao.Controllers.api.UserInfoController property: [(null)] - 
错误描述：账号:蒙祖军在：IP为::1登录
 

 
记录时间：2019-01-23 10:05:47,901 
线程ID:[6] 
日志级别：  INFO  
出错类：dal.U8DAL property: [(null)] - 
错误描述：用户登录记录:蒙祖军
 

 
记录时间：2019-01-23 10:05:47,913 
线程ID:[6] 
日志级别：  INFO  
出错类：danjukaipiao.Controllers.api.UserInfoController property: [(null)] - 
错误描述：账号:蒙祖军在：IP为::1登录
 

 
记录时间：2019-01-23 10:09:31,678 
线程ID:[15] 
日志级别：  INFO  
出错类：dal.U8DAL property: [(null)] - 
错误描述：用户登录记录:蒙祖军
 

 
记录时间：2019-01-23 10:09:31,679 
线程ID:[15] 
日志级别：  INFO  
出错类：danjukaipiao.Controllers.api.UserInfoController property: [(null)] - 
错误描述：账号:蒙祖军在：IP为::1登录
 

 
记录时间：2019-01-23 10:25:09,265 
线程ID:[6] 
日志级别：  INFO  
出错类：dal.U8DAL property: [(null)] - 
错误描述：用户登录记录:蒙祖军
 

 
记录时间：2019-01-23 10:25:09,276 
线程ID:[6] 
日志级别：  INFO  
出错类：danjukaipiao.Controllers.api.UserInfoController property: [(null)] - 
错误描述：账号:蒙祖军在：IP为::1登录
 

 
记录时间：2019-01-23 10:26:41,062 
线程ID:[6] 
日志级别：  INFO  
出错类：dal.U8DAL property: [(null)] - 
错误描述：用户登录记录:蒙祖军
 

 
记录时间：2019-01-23 10:26:41,074 
线程ID:[6] 
日志级别：  INFO  
出错类：danjukaipiao.Controllers.api.UserInfoController property: [(null)] - 
错误描述：账号:蒙祖军在：IP为::1登录
 

 
记录时间：2019-01-23 10:29:36,079 
线程ID:[6] 
日志级别：  INFO  
出错类：dal.U8DAL property: [(null)] - 
错误描述：用户登录记录:蒙祖军
 

 
记录时间：2019-01-23 10:29:36,091 
线程ID:[6] 
日志级别：  INFO  
出错类：danjukaipiao.Controllers.api.UserInfoController property: [(null)] - 
错误描述：账号:蒙祖军在：IP为::1登录
 

 
记录时间：2019-01-23 10:32:16,781 
线程ID:[10] 
日志级别：  INFO  
出错类：dal.U8DAL property: [(null)] - 
错误描述：用户登录记录:蒙祖军
 

 
记录时间：2019-01-23 10:32:16,794 
线程ID:[10] 
日志级别：  INFO  
出错类：danjukaipiao.Controllers.api.UserInfoController property: [(null)] - 
错误描述：账号:蒙祖军在：IP为::1登录
 

 
记录时间：2019-01-23 10:39:26,925 
线程ID:[10] 
日志级别：  INFO  
出错类：dal.U8DAL property: [(null)] - 
错误描述：用户登录记录:蒙祖军
 

 
记录时间：2019-01-23 10:39:26,937 
线程ID:[10] 
日志级别：  INFO  
出错类：danjukaipiao.Controllers.api.UserInfoController property: [(null)] - 
错误描述：账号:蒙祖军在：IP为::1登录
 

 
记录时间：2019-01-23 10:49:50,154 
线程ID:[8] 
日志级别：  INFO  
出错类：dal.U8DAL property: [(null)] - 
错误描述：用户登录记录:蒙祖军
 

 
记录时间：2019-01-23 10:49:50,154 
线程ID:[6] 
日志级别：  INFO  
出错类：dal.U8DAL property: [(null)] - 
错误描述：用户登录记录:蒙祖军
 

 
记录时间：2019-01-23 10:49:50,169 
线程ID:[8] 
日志级别：  INFO  
出错类：danjukaipiao.Controllers.api.UserInfoController property: [(null)] - 
错误描述：账号:蒙祖军在：IP为::1登录
 

 
记录时间：2019-01-23 10:49:50,299 
线程ID:[6] 
日志级别：  INFO  
出错类：danjukaipiao.Controllers.api.UserInfoController property: [(null)] - 
错误描述：账号:蒙祖军在：IP为::1登录
 

 
记录时间：2019-01-23 10:52:06,508 
线程ID:[10] 
日志级别：  INFO  
出错类：dal.U8DAL property: [(null)] - 
错误描述：用户登录记录:蒙祖军
 

 
记录时间：2019-01-23 10:52:06,524 
线程ID:[10] 
日志级别：  INFO  
出错类：danjukaipiao.Controllers.api.UserInfoController property: [(null)] - 
错误描述：账号:蒙祖军在：IP为::1登录
 

 
记录时间：2019-01-23 10:54:39,107 
线程ID:[6] 
日志级别：  INFO  
出错类：dal.U8DAL property: [(null)] - 
错误描述：用户登录记录:蒙祖军
 

 
记录时间：2019-01-23 10:54:39,119 
线程ID:[6] 
日志级别：  INFO  
出错类：danjukaipiao.Controllers.api.UserInfoController property: [(null)] - 
错误描述：账号:蒙祖军在：IP为::1登录
 

 
记录时间：2019-01-23 11:04:49,768 
线程ID:[11] 
日志级别：  INFO  
出错类：dal.U8DAL property: [(null)] - 
错误描述：用户登录记录:蒙祖军
 

 
记录时间：2019-01-23 11:04:49,783 
线程ID:[11] 
日志级别：  INFO  
出错类：danjukaipiao.Controllers.api.UserInfoController property: [(null)] - 
错误描述：账号:蒙祖军在：IP为::1登录
 

 
记录时间：2019-01-23 11:23:55,628 
线程ID:[6] 
日志级别：  INFO  
出错类：dal.U8DAL property: [(null)] - 
错误描述：用户登录记录:蒙祖军
 

 
记录时间：2019-01-23 11:23:55,737 
线程ID:[6] 
日志级别：  INFO  
出错类：danjukaipiao.Controllers.api.UserInfoController property: [(null)] - 
错误描述：账号:蒙祖军在：IP为::1登录
 

 
记录时间：2019-01-23 15:30:48,176 
线程ID:[10] 
日志级别：  INFO  
出错类：dal.U8DAL property: [(null)] - 
错误描述：用户登录记录:蒙祖军
 

 
记录时间：2019-01-23 15:30:48,212 
线程ID:[10] 
日志级别：  INFO  
出错类：danjukaipiao.Controllers.api.UserInfoController property: [(null)] - 
错误描述：账号:蒙祖军在：IP为::1登录
 
