
 
记录时间：2019-02-19 10:49:00,258 
线程ID:[8] 
日志级别：  INFO  
出错类：dal.YYDal property: [(null)] - 
错误描述：用户登录记录:陈永鹏
 

 
记录时间：2019-02-19 10:49:00,275 
线程ID:[8] 
日志级别：  INFO  
出错类：BLL.UserInfoBll property: [(null)] - 
错误描述：账号:陈永鹏在：IP为::1登录
 

 
记录时间：2019-02-19 11:44:30,866 
线程ID:[6] 
日志级别：  INFO  
出错类：dal.YYDal property: [(null)] - 
错误描述：用户登录记录:沈斌
 

 
记录时间：2019-02-19 11:45:59,717 
线程ID:[10] 
日志级别：  INFO  
出错类：dal.YYDal property: [(null)] - 
错误描述：用户登录记录:蒙祖军
 

 
记录时间：2019-02-19 11:45:59,719 
线程ID:[10] 
日志级别：  INFO  
出错类：BLL.UserInfoBll property: [(null)] - 
错误描述：账号:蒙祖军在：IP为::1登录
 

 
记录时间：2019-02-19 11:46:20,263 
线程ID:[10] 
日志级别：  INFO  
出错类：dal.YYDal property: [(null)] - 
错误描述：用户登录记录:沈斌
 

 
记录时间：2019-02-19 11:52:39,859 
线程ID:[10] 
日志级别：  INFO  
出错类：dal.YYDal property: [(null)] - 
错误描述：用户登录记录:沈斌
 

 
记录时间：2019-02-19 11:54:41,699 
线程ID:[10] 
日志级别：  INFO  
出错类：dal.YYDal property: [(null)] - 
错误描述：用户登录记录:高锐红
 

 
记录时间：2019-02-19 15:06:14,613 
线程ID:[8] 
日志级别：  INFO  
出错类：dal.YYDal property: [(null)] - 
错误描述：用户登录记录:陈永鹏
 

 
记录时间：2019-02-19 15:06:14,640 
线程ID:[8] 
日志级别：  INFO  
出错类：BLL.UserInfoBll property: [(null)] - 
错误描述：账号:陈永鹏在：IP为::1登录
 

 
记录时间：2019-02-19 15:09:46,040 
线程ID:[8] 
日志级别：  INFO  
出错类：dal.YYDal property: [(null)] - 
错误描述：用户登录记录:陈永鹏
 

 
记录时间：2019-02-19 15:09:46,053 
线程ID:[8] 
日志级别：  INFO  
出错类：BLL.UserInfoBll property: [(null)] - 
错误描述：账号:陈永鹏在：IP为::1登录
 

 
记录时间：2019-02-19 15:42:48,022 
线程ID:[10] 
日志级别：  INFO  
出错类：dal.YYDal property: [(null)] - 
错误描述：用户登录记录:陈永鹏
 

 
记录时间：2019-02-19 15:42:48,041 
线程ID:[10] 
日志级别：  INFO  
出错类：BLL.UserInfoBll property: [(null)] - 
错误描述：账号:陈永鹏在：IP为::1登录
 

 
记录时间：2019-02-19 16:06:58,143 
线程ID:[6] 
日志级别：  INFO  
出错类：dal.YYDal property: [(null)] - 
错误描述：用户登录记录:陈永鹏
 

 
记录时间：2019-02-19 16:06:58,166 
线程ID:[6] 
日志级别：  INFO  
出错类：BLL.UserInfoBll property: [(null)] - 
错误描述：账号:陈永鹏在：IP为::1登录
 

 
记录时间：2019-02-19 16:15:40,114 
线程ID:[8] 
日志级别：  INFO  
出错类：dal.YYDal property: [(null)] - 
错误描述：用户登录记录:陈永鹏
 

 
记录时间：2019-02-19 16:15:40,137 
线程ID:[8] 
日志级别：  INFO  
出错类：BLL.UserInfoBll property: [(null)] - 
错误描述：账号:陈永鹏在：IP为::1登录
 
