
 
记录时间：2019-01-16 11:04:08,810 
线程ID:[6] 
日志级别：  INFO  
出错类：dal.U8DAL property: [(null)] - 
错误描述：用户登录记录:陈永鹏
 

 
记录时间：2019-01-16 11:04:08,826 
线程ID:[6] 
日志级别：  INFO  
出错类：danjukaipiao.Controllers.api.UserInfoController property: [(null)] - 
错误描述：账号:陈永鹏在：IP为::1登录
 

 
记录时间：2019-01-16 11:42:09,292 
线程ID:[6] 
日志级别：  INFO  
出错类：dal.U8DAL property: [(null)] - 
错误描述：用户登录记录:陈永鹏
 

 
记录时间：2019-01-16 11:42:09,309 
线程ID:[6] 
日志级别：  INFO  
出错类：danjukaipiao.Controllers.api.UserInfoController property: [(null)] - 
错误描述：账号:陈永鹏在：IP为::1登录
 

 
记录时间：2019-01-16 15:01:41,723 
线程ID:[5] 
日志级别：  INFO  
出错类：dal.U8DAL property: [(null)] - 
错误描述：用户登录记录:陈永鹏
 

 
记录时间：2019-01-16 15:01:41,745 
线程ID:[5] 
日志级别：  INFO  
出错类：danjukaipiao.Controllers.api.UserInfoController property: [(null)] - 
错误描述：账号:陈永鹏在：IP为::1登录
 

 
记录时间：2019-01-16 15:08:05,027 
线程ID:[7] 
日志级别：  INFO  
出错类：dal.U8DAL property: [(null)] - 
错误描述：用户登录记录:陈永鹏
 

 
记录时间：2019-01-16 15:08:05,041 
线程ID:[7] 
日志级别：  INFO  
出错类：danjukaipiao.Controllers.api.UserInfoController property: [(null)] - 
错误描述：账号:陈永鹏在：IP为::1登录
 

 
记录时间：2019-01-16 15:41:22,584 
线程ID:[5] 
日志级别：  INFO  
出错类：dal.U8DAL property: [(null)] - 
错误描述：用户登录记录:陈永鹏
 

 
记录时间：2019-01-16 15:41:22,602 
线程ID:[5] 
日志级别：  INFO  
出错类：danjukaipiao.Controllers.api.UserInfoController property: [(null)] - 
错误描述：账号:陈永鹏在：IP为::1登录
 

 
记录时间：2019-01-16 15:54:34,423 
线程ID:[6] 
日志级别：  INFO  
出错类：dal.U8DAL property: [(null)] - 
错误描述：用户登录记录:陈永鹏
 

 
记录时间：2019-01-16 15:54:34,434 
线程ID:[6] 
日志级别：  INFO  
出错类：danjukaipiao.Controllers.api.UserInfoController property: [(null)] - 
错误描述：账号:陈永鹏在：IP为::1登录
 

 
记录时间：2019-01-16 16:06:43,060 
线程ID:[6] 
日志级别：  INFO  
出错类：dal.U8DAL property: [(null)] - 
错误描述：用户登录记录:陈永鹏
 

 
记录时间：2019-01-16 16:06:43,075 
线程ID:[6] 
日志级别：  INFO  
出错类：danjukaipiao.Controllers.api.UserInfoController property: [(null)] - 
错误描述：账号:陈永鹏在：IP为::1登录
 

 
记录时间：2019-01-16 16:29:36,595 
线程ID:[8] 
日志级别：  INFO  
出错类：dal.U8DAL property: [(null)] - 
错误描述：用户登录记录:陈永鹏
 

 
记录时间：2019-01-16 16:29:36,607 
线程ID:[8] 
日志级别：  INFO  
出错类：danjukaipiao.Controllers.api.UserInfoController property: [(null)] - 
错误描述：账号:陈永鹏在：IP为::1登录
 

 
记录时间：2019-01-16 16:53:54,985 
线程ID:[5] 
日志级别：  INFO  
出错类：dal.U8DAL property: [(null)] - 
错误描述：用户登录记录:陈永鹏
 

 
记录时间：2019-01-16 16:53:55,005 
线程ID:[5] 
日志级别：  INFO  
出错类：danjukaipiao.Controllers.api.UserInfoController property: [(null)] - 
错误描述：账号:陈永鹏在：IP为::1登录
 

 
记录时间：2019-01-16 17:05:02,750 
线程ID:[6] 
日志级别：  INFO  
出错类：dal.U8DAL property: [(null)] - 
错误描述：用户登录记录:陈永鹏
 

 
记录时间：2019-01-16 17:05:02,776 
线程ID:[6] 
日志级别：  INFO  
出错类：danjukaipiao.Controllers.api.UserInfoController property: [(null)] - 
错误描述：账号:陈永鹏在：IP为::1登录
 

 
记录时间：2019-01-16 17:21:55,496 
线程ID:[21] 
日志级别：  INFO  
出错类：dal.U8DAL property: [(null)] - 
错误描述：日记账成功,出纳编号为付-00335
 
