
 
记录时间：2019-02-01 10:50:05,323 
线程ID:[6] 
日志级别：  INFO  
出错类：dal.YYDal property: [(null)] - 
错误描述：用户登录记录:蒙祖军
 

 
记录时间：2019-02-01 10:50:05,396 
线程ID:[6] 
日志级别：  INFO  
出错类：BLL.UserInfoBll property: [(null)] - 
错误描述：账号:蒙祖军在：IP为::1登录
 

 
记录时间：2019-02-01 11:30:39,914 
线程ID:[8] 
日志级别：  INFO  
出错类：dal.YYDal property: [(null)] - 
错误描述：用户登录记录:蒙祖军
 

 
记录时间：2019-02-01 11:30:39,957 
线程ID:[8] 
日志级别：  INFO  
出错类：BLL.UserInfoBll property: [(null)] - 
错误描述：账号:蒙祖军在：IP为::1登录
 

 
记录时间：2019-02-01 17:33:08,235 
线程ID:[9] 
日志级别：  INFO  
出错类：dal.YYDal property: [(null)] - 
错误描述：用户登录记录:陈永鹏
 

 
记录时间：2019-02-01 17:33:08,253 
线程ID:[9] 
日志级别：  INFO  
出错类：BLL.UserInfoBll property: [(null)] - 
错误描述：账号:陈永鹏在：IP为::1登录
 
