
 
记录时间：2019-02-25 10:47:45,930 
线程ID:[8] 
日志级别：  INFO  
出错类：dal.YYDal property: [(null)] - 
错误描述：用户登录记录:李亚玲_admin
 

 
记录时间：2019-02-25 10:47:46,168 
线程ID:[8] 
日志级别：  INFO  
出错类：BLL.UserInfoBll property: [(null)] - 
错误描述：账号:李亚玲_admin在：IP为::1登录
 

 
记录时间：2019-02-25 10:55:34,822 
线程ID:[13] 
日志级别：  INFO  
出错类：dal.YYDal property: [(null)] - 
错误描述：用户登录记录:黄晓姝_admin
 

 
记录时间：2019-02-25 10:55:34,855 
线程ID:[13] 
日志级别：  INFO  
出错类：BLL.UserInfoBll property: [(null)] - 
错误描述：账号:黄晓姝_admin在：IP为::1登录
 

 
记录时间：2019-02-25 14:12:02,048 
线程ID:[34] 
日志级别：  INFO  
出错类：dal.YYDal property: [(null)] - 
错误描述：日记账成功,出纳编号为付-00345
 
