
 
记录时间：2019-02-14 09:43:19,178 
线程ID:[8] 
日志级别：  INFO  
出错类：dal.YYDal property: [(null)] - 
错误描述：用户登录记录:陈永鹏
 

 
记录时间：2019-02-14 09:43:19,199 
线程ID:[8] 
日志级别：  INFO  
出错类：BLL.UserInfoBll property: [(null)] - 
错误描述：账号:陈永鹏在：IP为::1登录
 

 
记录时间：2019-02-14 09:53:50,563 
线程ID:[8] 
日志级别：  INFO  
出错类：dal.YYDal property: [(null)] - 
错误描述：用户登录记录:陈永鹏
 

 
记录时间：2019-02-14 09:53:50,573 
线程ID:[8] 
日志级别：  INFO  
出错类：BLL.UserInfoBll property: [(null)] - 
错误描述：账号:陈永鹏在：IP为::1登录
 

 
记录时间：2019-02-14 11:35:35,332 
线程ID:[6] 
日志级别：  INFO  
出错类：dal.YYDal property: [(null)] - 
错误描述：用户登录记录:陈永鹏
 

 
记录时间：2019-02-14 11:35:35,355 
线程ID:[6] 
日志级别：  INFO  
出错类：BLL.UserInfoBll property: [(null)] - 
错误描述：账号:陈永鹏在：IP为::1登录
 

 
记录时间：2019-02-14 13:55:27,307 
线程ID:[8] 
日志级别：  INFO  
出错类：dal.YYDal property: [(null)] - 
错误描述：用户登录记录:陈永鹏
 

 
记录时间：2019-02-14 13:55:27,346 
线程ID:[8] 
日志级别：  INFO  
出错类：BLL.UserInfoBll property: [(null)] - 
错误描述：账号:陈永鹏在：IP为::1登录
 

 
记录时间：2019-02-14 14:19:18,470 
线程ID:[8] 
日志级别：  INFO  
出错类：dal.YYDal property: [(null)] - 
错误描述：用户登录记录:陈永鹏
 

 
记录时间：2019-02-14 14:19:18,491 
线程ID:[8] 
日志级别：  INFO  
出错类：BLL.UserInfoBll property: [(null)] - 
错误描述：账号:陈永鹏在：IP为::1登录
 

 
记录时间：2019-02-14 14:26:19,582 
线程ID:[6] 
日志级别：  INFO  
出错类：dal.YYDal property: [(null)] - 
错误描述：用户登录记录:陈永鹏
 

 
记录时间：2019-02-14 14:26:19,594 
线程ID:[6] 
日志级别：  INFO  
出错类：BLL.UserInfoBll property: [(null)] - 
错误描述：账号:陈永鹏在：IP为::1登录
 

 
记录时间：2019-02-14 14:36:34,197 
线程ID:[8] 
日志级别：  INFO  
出错类：dal.YYDal property: [(null)] - 
错误描述：用户登录记录:陈永鹏
 

 
记录时间：2019-02-14 14:36:34,220 
线程ID:[8] 
日志级别：  INFO  
出错类：BLL.UserInfoBll property: [(null)] - 
错误描述：账号:陈永鹏在：IP为::1登录
 

 
记录时间：2019-02-14 14:48:49,261 
线程ID:[8] 
日志级别：  INFO  
出错类：dal.YYDal property: [(null)] - 
错误描述：用户登录记录:陈永鹏
 

 
记录时间：2019-02-14 14:48:49,278 
线程ID:[8] 
日志级别：  INFO  
出错类：BLL.UserInfoBll property: [(null)] - 
错误描述：账号:陈永鹏在：IP为::1登录
 

 
记录时间：2019-02-14 14:54:02,741 
线程ID:[5] 
日志级别：  INFO  
出错类：dal.YYDal property: [(null)] - 
错误描述：用户登录记录:陈永鹏
 

 
记录时间：2019-02-14 14:54:02,753 
线程ID:[5] 
日志级别：  INFO  
出错类：BLL.UserInfoBll property: [(null)] - 
错误描述：账号:陈永鹏在：IP为::1登录
 

 
记录时间：2019-02-14 15:00:07,468 
线程ID:[6] 
日志级别：  INFO  
出错类：dal.YYDal property: [(null)] - 
错误描述：用户登录记录:陈永鹏
 

 
记录时间：2019-02-14 15:00:07,477 
线程ID:[6] 
日志级别：  INFO  
出错类：BLL.UserInfoBll property: [(null)] - 
错误描述：账号:陈永鹏在：IP为::1登录
 

 
记录时间：2019-02-14 15:14:55,142 
线程ID:[27] 
日志级别：  INFO  
出错类：dal.YYDal property: [(null)] - 
错误描述：用户登录记录:陈永鹏
 

 
记录时间：2019-02-14 15:14:55,154 
线程ID:[27] 
日志级别：  INFO  
出错类：BLL.UserInfoBll property: [(null)] - 
错误描述：账号:陈永鹏在：IP为::1登录
 

 
记录时间：2019-02-14 15:21:49,998 
线程ID:[6] 
日志级别：  INFO  
出错类：dal.YYDal property: [(null)] - 
错误描述：用户登录记录:陈永鹏
 

 
记录时间：2019-02-14 15:21:50,010 
线程ID:[6] 
日志级别：  INFO  
出错类：BLL.UserInfoBll property: [(null)] - 
错误描述：账号:陈永鹏在：IP为::1登录
 

 
记录时间：2019-02-14 16:12:49,658 
线程ID:[6] 
日志级别：  INFO  
出错类：dal.YYDal property: [(null)] - 
错误描述：用户登录记录:陈永鹏
 

 
记录时间：2019-02-14 16:12:49,671 
线程ID:[6] 
日志级别：  INFO  
出错类：BLL.UserInfoBll property: [(null)] - 
错误描述：账号:陈永鹏在：IP为::1登录
 

 
记录时间：2019-02-14 16:18:47,494 
线程ID:[6] 
日志级别：  INFO  
出错类：dal.YYDal property: [(null)] - 
错误描述：用户登录记录:陈永鹏
 

 
记录时间：2019-02-14 16:18:47,516 
线程ID:[6] 
日志级别：  INFO  
出错类：BLL.UserInfoBll property: [(null)] - 
错误描述：账号:陈永鹏在：IP为::1登录
 

 
记录时间：2019-02-14 16:40:16,077 
线程ID:[6] 
日志级别：  INFO  
出错类：dal.YYDal property: [(null)] - 
错误描述：用户登录记录:陈永鹏
 

 
记录时间：2019-02-14 16:40:16,118 
线程ID:[6] 
日志级别：  INFO  
出错类：BLL.UserInfoBll property: [(null)] - 
错误描述：账号:陈永鹏在：IP为::1登录
 

 
记录时间：2019-02-14 17:53:21,122 
线程ID:[6] 
日志级别：  INFO  
出错类：dal.YYDal property: [(null)] - 
错误描述：用户登录记录:陈永鹏
 

 
记录时间：2019-02-14 17:53:21,149 
线程ID:[6] 
日志级别：  INFO  
出错类：BLL.UserInfoBll property: [(null)] - 
错误描述：账号:陈永鹏在：IP为::1登录
 
