
 
记录时间：2019-03-15 11:09:08,932 
线程ID:[6] 
日志级别：  INFO  
出错类：dal.YYDal property: [(null)] - 
错误描述：用户登录记录:梁献丹
 

 
记录时间：2019-03-15 11:09:08,947 
线程ID:[6] 
日志级别：  INFO  
出错类：BLL.UserInfoBll property: [(null)] - 
错误描述：账号:梁献丹在：IP为::1登录
 

 
记录时间：2019-03-15 11:16:46,759 
线程ID:[8] 
日志级别：  INFO  
出错类：dal.YYDal property: [(null)] - 
错误描述：用户登录记录:admin
 

 
记录时间：2019-03-15 11:16:46,770 
线程ID:[8] 
日志级别：  INFO  
出错类：BLL.UserInfoBll property: [(null)] - 
错误描述：账号:admin在：IP为::1登录
 

 
记录时间：2019-03-15 11:27:36,431 
线程ID:[5] 
日志级别：  INFO  
出错类：dal.YYDal property: [(null)] - 
错误描述：用户登录记录:admin
 

 
记录时间：2019-03-15 11:27:36,452 
线程ID:[5] 
日志级别：  INFO  
出错类：BLL.UserInfoBll property: [(null)] - 
错误描述：账号:admin在：IP为::1登录
 

 
记录时间：2019-03-15 11:49:00,623 
线程ID:[5] 
日志级别：  INFO  
出错类：dal.YYDal property: [(null)] - 
错误描述：用户登录记录:admin
 

 
记录时间：2019-03-15 11:49:00,646 
线程ID:[5] 
日志级别：  INFO  
出错类：BLL.UserInfoBll property: [(null)] - 
错误描述：账号:admin在：IP为::1登录
 

 
记录时间：2019-03-15 13:00:36,538 
线程ID:[6] 
日志级别：  INFO  
出错类：dal.YYDal property: [(null)] - 
错误描述：用户登录记录:admin
 

 
记录时间：2019-03-15 13:00:36,558 
线程ID:[6] 
日志级别：  INFO  
出错类：BLL.UserInfoBll property: [(null)] - 
错误描述：账号:admin在：IP为::1登录
 

 
记录时间：2019-03-15 13:04:19,609 
线程ID:[8] 
日志级别：  INFO  
出错类：dal.YYDal property: [(null)] - 
错误描述：用户登录记录:admin
 

 
记录时间：2019-03-15 13:04:19,621 
线程ID:[8] 
日志级别：  INFO  
出错类：BLL.UserInfoBll property: [(null)] - 
错误描述：账号:admin在：IP为::1登录
 

 
记录时间：2019-03-15 14:08:30,785 
线程ID:[6] 
日志级别：  INFO  
出错类：dal.YYDal property: [(null)] - 
错误描述：用户登录记录:admin
 

 
记录时间：2019-03-15 14:08:30,807 
线程ID:[6] 
日志级别：  INFO  
出错类：BLL.UserInfoBll property: [(null)] - 
错误描述：账号:admin在：IP为::1登录
 

 
记录时间：2019-03-15 16:23:14,150 
线程ID:[7] 
日志级别：  INFO  
出错类：dal.YYDal property: [(null)] - 
错误描述：用户登录记录:admin
 

 
记录时间：2019-03-15 16:23:14,184 
线程ID:[7] 
日志级别：  INFO  
出错类：BLL.UserInfoBll property: [(null)] - 
错误描述：账号:admin在：IP为::1登录
 

 
记录时间：2019-03-15 16:47:16,380 
线程ID:[9] 
日志级别：  INFO  
出错类：dal.YYDal property: [(null)] - 
错误描述：用户登录记录:admin
 

 
记录时间：2019-03-15 16:47:16,382 
线程ID:[9] 
日志级别：  INFO  
出错类：BLL.UserInfoBll property: [(null)] - 
错误描述：账号:admin在：IP为::1登录
 

 
记录时间：2019-03-15 16:59:43,429 
线程ID:[6] 
日志级别：  INFO  
出错类：dal.YYDal property: [(null)] - 
错误描述：用户登录记录:admin
 

 
记录时间：2019-03-15 16:59:43,440 
线程ID:[6] 
日志级别：  INFO  
出错类：BLL.UserInfoBll property: [(null)] - 
错误描述：账号:admin在：IP为::1登录
 

 
记录时间：2019-03-15 17:28:47,943 
线程ID:[5] 
日志级别：  INFO  
出错类：dal.YYDal property: [(null)] - 
错误描述：用户登录记录:admin
 

 
记录时间：2019-03-15 17:28:47,966 
线程ID:[5] 
日志级别：  INFO  
出错类：BLL.UserInfoBll property: [(null)] - 
错误描述：账号:admin在：IP为::1登录
 

 
记录时间：2019-03-15 17:45:56,589 
线程ID:[6] 
日志级别：  INFO  
出错类：dal.YYDal property: [(null)] - 
错误描述：用户登录记录:admin
 

 
记录时间：2019-03-15 17:45:56,606 
线程ID:[6] 
日志级别：  INFO  
出错类：BLL.UserInfoBll property: [(null)] - 
错误描述：账号:admin在：IP为::1登录
 

 
记录时间：2019-03-15 17:59:36,418 
线程ID:[16] 
日志级别：  INFO  
出错类：dal.YYDal property: [(null)] - 
错误描述：用户登录记录:admin
 

 
记录时间：2019-03-15 17:59:36,419 
线程ID:[16] 
日志级别：  INFO  
出错类：BLL.UserInfoBll property: [(null)] - 
错误描述：账号:admin在：IP为::1登录
 

 
记录时间：2019-03-15 18:47:02,094 
线程ID:[9] 
日志级别：  INFO  
出错类：dal.YYDal property: [(null)] - 
错误描述：用户登录记录:admin
 

 
记录时间：2019-03-15 18:47:02,152 
线程ID:[9] 
日志级别：  INFO  
出错类：BLL.UserInfoBll property: [(null)] - 
错误描述：账号:admin在：IP为::1登录
 
