
 
记录时间：2019-03-12 16:35:30,506 
线程ID:[5] 
日志级别：  INFO  
出错类：dal.YYDal property: [(null)] - 
错误描述：用户登录记录:admin
 

 
记录时间：2019-03-12 16:35:30,527 
线程ID:[5] 
日志级别：  INFO  
出错类：BLL.UserInfoBll property: [(null)] - 
错误描述：账号:admin在：IP为::1登录
 

 
记录时间：2019-03-12 16:47:32,312 
线程ID:[11] 
日志级别：  INFO  
出错类：dal.YYDal property: [(null)] - 
错误描述：用户登录记录:admin
 

 
记录时间：2019-03-12 16:47:32,313 
线程ID:[11] 
日志级别：  INFO  
出错类：BLL.UserInfoBll property: [(null)] - 
错误描述：账号:admin在：IP为::1登录
 

 
记录时间：2019-03-12 17:15:17,105 
线程ID:[8] 
日志级别：  INFO  
出错类：dal.YYDal property: [(null)] - 
错误描述：用户登录记录:李亚玲_admin
 

 
记录时间：2019-03-12 17:15:17,129 
线程ID:[8] 
日志级别：  INFO  
出错类：BLL.UserInfoBll property: [(null)] - 
错误描述：账号:李亚玲_admin在：IP为::1登录
 

 
记录时间：2019-03-12 17:15:58,840 
线程ID:[8] 
日志级别：  INFO  
出错类：dal.YYDal property: [(null)] - 
错误描述：日记账成功,出纳编号为付-00072
 

 
记录时间：2019-03-12 17:18:51,724 
线程ID:[14] 
日志级别：  INFO  
出错类：dal.YYDal property: [(null)] - 
错误描述：日记账成功,出纳编号为付-00003
 
