
 
记录时间：2019-03-27 09:14:23,120 
线程ID:[8] 
日志级别：  INFO  
出错类：dal.YYDal property: [(null)] - 
错误描述：用户登录记录:admin
 

 
记录时间：2019-03-27 09:14:23,132 
线程ID:[8] 
日志级别：  INFO  
出错类：BLL.UserInfoBll property: [(null)] - 
错误描述：账号:admin在：IP为::1登录
 

 
记录时间：2019-03-27 09:31:34,971 
线程ID:[8] 
日志级别：  INFO  
出错类：dal.YYDal property: [(null)] - 
错误描述：用户登录记录:admin
 

 
记录时间：2019-03-27 09:31:34,991 
线程ID:[8] 
日志级别：  INFO  
出错类：BLL.UserInfoBll property: [(null)] - 
错误描述：账号:admin在：IP为::1登录
 

 
记录时间：2019-03-27 10:10:43,996 
线程ID:[6] 
日志级别：  INFO  
出错类：dal.YYDal property: [(null)] - 
错误描述：用户登录记录:admin
 

 
记录时间：2019-03-27 10:10:44,008 
线程ID:[6] 
日志级别：  INFO  
出错类：BLL.UserInfoBll property: [(null)] - 
错误描述：账号:admin在：IP为::1登录
 

 
记录时间：2019-03-27 11:22:47,830 
线程ID:[10] 
日志级别：  INFO  
出错类：dal.YYDal property: [(null)] - 
错误描述：用户登录记录:admin
 

 
记录时间：2019-03-27 11:22:47,861 
线程ID:[10] 
日志级别：  INFO  
出错类：BLL.UserInfoBll property: [(null)] - 
错误描述：账号:admin在：IP为::1登录
 

 
记录时间：2019-03-27 12:06:58,476 
线程ID:[33] 
日志级别：  INFO  
出错类：dal.YYDal property: [(null)] - 
错误描述：用户登录记录:admin
 

 
记录时间：2019-03-27 12:06:58,478 
线程ID:[33] 
日志级别：  INFO  
出错类：BLL.UserInfoBll property: [(null)] - 
错误描述：账号:admin在：IP为::1登录
 

 
记录时间：2019-03-27 15:21:43,161 
线程ID:[6] 
日志级别：  INFO  
出错类：dal.YYDal property: [(null)] - 
错误描述：用户登录记录:admin
 

 
记录时间：2019-03-27 15:21:43,205 
线程ID:[6] 
日志级别：  INFO  
出错类：BLL.UserInfoBll property: [(null)] - 
错误描述：账号:admin在：IP为::1登录
 

 
记录时间：2019-03-27 17:42:34,179 
线程ID:[10] 
日志级别：  INFO  
出错类：dal.YYDal property: [(null)] - 
错误描述：用户登录记录:admin
 

 
记录时间：2019-03-27 17:42:34,214 
线程ID:[10] 
日志级别：  INFO  
出错类：BLL.UserInfoBll property: [(null)] - 
错误描述：账号:admin在：IP为::1登录
 
