
 
记录时间：2019-03-01 09:52:17,047 
线程ID:[23] 
日志级别：  INFO  
出错类：dal.YYDal property: [(null)] - 
错误描述：用户登录记录:李亚玲_admin
 

 
记录时间：2019-03-01 09:52:17,068 
线程ID:[23] 
日志级别：  INFO  
出错类：BLL.UserInfoBll property: [(null)] - 
错误描述：账号:李亚玲_admin在：IP为::1登录
 

 
记录时间：2019-03-01 10:52:00,691 
线程ID:[8] 
日志级别：  INFO  
出错类：dal.YYDal property: [(null)] - 
错误描述：用户登录记录:admin
 

 
记录时间：2019-03-01 10:52:00,702 
线程ID:[8] 
日志级别：  INFO  
出错类：BLL.UserInfoBll property: [(null)] - 
错误描述：账号:admin在：IP为::1登录
 

 
记录时间：2019-03-01 11:09:41,113 
线程ID:[6] 
日志级别：  INFO  
出错类：dal.YYDal property: [(null)] - 
错误描述：用户登录记录:admin
 

 
记录时间：2019-03-01 11:09:41,124 
线程ID:[6] 
日志级别：  INFO  
出错类：BLL.UserInfoBll property: [(null)] - 
错误描述：账号:admin在：IP为::1登录
 

 
记录时间：2019-03-01 11:12:11,079 
线程ID:[10] 
日志级别：  INFO  
出错类：dal.YYDal property: [(null)] - 
错误描述：用户登录记录:admin
 

 
记录时间：2019-03-01 11:12:11,091 
线程ID:[10] 
日志级别：  INFO  
出错类：BLL.UserInfoBll property: [(null)] - 
错误描述：账号:admin在：IP为::1登录
 

 
记录时间：2019-03-01 11:17:21,467 
线程ID:[5] 
日志级别：  INFO  
出错类：dal.YYDal property: [(null)] - 
错误描述：用户登录记录:admin
 

 
记录时间：2019-03-01 11:17:21,500 
线程ID:[5] 
日志级别：  INFO  
出错类：BLL.UserInfoBll property: [(null)] - 
错误描述：账号:admin在：IP为::1登录
 

 
记录时间：2019-03-01 11:28:19,760 
线程ID:[5] 
日志级别：  INFO  
出错类：dal.YYDal property: [(null)] - 
错误描述：用户登录记录:admin
 

 
记录时间：2019-03-01 11:28:19,775 
线程ID:[5] 
日志级别：  INFO  
出错类：BLL.UserInfoBll property: [(null)] - 
错误描述：账号:admin在：IP为::1登录
 

 
记录时间：2019-03-01 11:50:58,567 
线程ID:[5] 
日志级别：  INFO  
出错类：dal.YYDal property: [(null)] - 
错误描述：用户登录记录:谢丽蓉_admin
 

 
记录时间：2019-03-01 11:50:58,580 
线程ID:[5] 
日志级别：  INFO  
出错类：BLL.UserInfoBll property: [(null)] - 
错误描述：账号:谢丽蓉_admin在：IP为::1登录
 

 
记录时间：2019-03-01 11:54:58,806 
线程ID:[14] 
日志级别：  INFO  
出错类：dal.YYDal property: [(null)] - 
错误描述：日记账成功,出纳编号为010211收-00030
 

 
记录时间：2019-03-01 11:56:16,815 
线程ID:[19] 
日志级别：  INFO  
出错类：dal.YYDal property: [(null)] - 
错误描述：日记账成功,出纳编号为010211收-00031
 

 
记录时间：2019-03-01 14:14:04,392 
线程ID:[6] 
日志级别：  INFO  
出错类：dal.YYDal property: [(null)] - 
错误描述：用户登录记录:李欢欢_admin
 

 
记录时间：2019-03-01 14:14:04,437 
线程ID:[6] 
日志级别：  INFO  
出错类：BLL.UserInfoBll property: [(null)] - 
错误描述：账号:李欢欢_admin在：IP为::1登录
 

 
记录时间：2019-03-01 14:19:09,980 
线程ID:[17] 
日志级别：  INFO  
出错类：dal.YYDal property: [(null)] - 
错误描述：用户登录记录:黄晓姝
 

 
记录时间：2019-03-01 14:19:09,981 
线程ID:[17] 
日志级别：  INFO  
出错类：BLL.UserInfoBll property: [(null)] - 
错误描述：账号:黄晓姝在：IP为::1登录
 

 
记录时间：2019-03-01 14:28:15,696 
线程ID:[6] 
日志级别：  INFO  
出错类：dal.YYDal property: [(null)] - 
错误描述：用户登录记录:李欢欢_admin
 

 
记录时间：2019-03-01 14:28:15,716 
线程ID:[6] 
日志级别：  INFO  
出错类：BLL.UserInfoBll property: [(null)] - 
错误描述：账号:李欢欢_admin在：IP为::1登录
 

 
记录时间：2019-03-01 14:38:40,252 
线程ID:[6] 
日志级别：  INFO  
出错类：dal.YYDal property: [(null)] - 
错误描述：用户登录记录:admin
 

 
记录时间：2019-03-01 14:38:40,274 
线程ID:[6] 
日志级别：  INFO  
出错类：BLL.UserInfoBll property: [(null)] - 
错误描述：账号:admin在：IP为::1登录
 

 
记录时间：2019-03-01 14:48:01,286 
线程ID:[6] 
日志级别：  INFO  
出错类：dal.YYDal property: [(null)] - 
错误描述：用户登录记录:admin
 

 
记录时间：2019-03-01 14:48:01,329 
线程ID:[6] 
日志级别：  INFO  
出错类：BLL.UserInfoBll property: [(null)] - 
错误描述：账号:admin在：IP为::1登录
 

 
记录时间：2019-03-01 14:48:24,787 
线程ID:[5] 
日志级别：  INFO  
出错类：dal.YYDal property: [(null)] - 
错误描述：用户登录记录:admin
 

 
记录时间：2019-03-01 14:48:24,788 
线程ID:[5] 
日志级别：  INFO  
出错类：BLL.UserInfoBll property: [(null)] - 
错误描述：账号:admin在：IP为::1登录
 

 
记录时间：2019-03-01 15:02:21,348 
线程ID:[5] 
日志级别：  INFO  
出错类：dal.YYDal property: [(null)] - 
错误描述：用户登录记录:admin
 

 
记录时间：2019-03-01 15:02:21,384 
线程ID:[5] 
日志级别：  INFO  
出错类：BLL.UserInfoBll property: [(null)] - 
错误描述：账号:admin在：IP为::1登录
 

 
记录时间：2019-03-01 15:06:14,100 
线程ID:[6] 
日志级别：  INFO  
出错类：dal.YYDal property: [(null)] - 
错误描述：用户登录记录:admin
 

 
记录时间：2019-03-01 15:06:14,118 
线程ID:[6] 
日志级别：  INFO  
出错类：BLL.UserInfoBll property: [(null)] - 
错误描述：账号:admin在：IP为::1登录
 

 
记录时间：2019-03-01 15:29:34,003 
线程ID:[6] 
日志级别：  INFO  
出错类：dal.YYDal property: [(null)] - 
错误描述：用户登录记录:admin
 

 
记录时间：2019-03-01 15:29:34,021 
线程ID:[6] 
日志级别：  INFO  
出错类：BLL.UserInfoBll property: [(null)] - 
错误描述：账号:admin在：IP为::1登录
 

 
记录时间：2019-03-01 15:29:57,320 
线程ID:[6] 
日志级别：  INFO  
出错类：dal.YYDal property: [(null)] - 
错误描述：用户登录记录:admin
 

 
记录时间：2019-03-01 15:29:57,321 
线程ID:[6] 
日志级别：  INFO  
出错类：BLL.UserInfoBll property: [(null)] - 
错误描述：账号:admin在：IP为::1登录
 

 
记录时间：2019-03-01 15:41:26,413 
线程ID:[6] 
日志级别：  INFO  
出错类：dal.YYDal property: [(null)] - 
错误描述：用户登录记录:李欢欢_admin
 

 
记录时间：2019-03-01 15:41:26,430 
线程ID:[6] 
日志级别：  INFO  
出错类：BLL.UserInfoBll property: [(null)] - 
错误描述：账号:李欢欢_admin在：IP为::1登录
 

 
记录时间：2019-03-01 15:55:49,012 
线程ID:[6] 
日志级别：  INFO  
出错类：dal.YYDal property: [(null)] - 
错误描述：用户登录记录:黄晓姝
 

 
记录时间：2019-03-01 15:55:49,032 
线程ID:[6] 
日志级别：  INFO  
出错类：BLL.UserInfoBll property: [(null)] - 
错误描述：账号:黄晓姝在：IP为::1登录
 

 
记录时间：2019-03-01 16:08:33,826 
线程ID:[7] 
日志级别：  INFO  
出错类：dal.YYDal property: [(null)] - 
错误描述：用户登录记录:黄晓姝
 

 
记录时间：2019-03-01 16:08:33,861 
线程ID:[7] 
日志级别：  INFO  
出错类：BLL.UserInfoBll property: [(null)] - 
错误描述：账号:黄晓姝在：IP为::1登录
 

 
记录时间：2019-03-01 16:12:03,673 
线程ID:[6] 
日志级别：  INFO  
出错类：dal.YYDal property: [(null)] - 
错误描述：日记账成功,出纳编号为010101付-00001
 

 
记录时间：2019-03-01 16:30:41,505 
线程ID:[25] 
日志级别：  INFO  
出错类：dal.YYDal property: [(null)] - 
错误描述：用户登录记录:admin
 

 
记录时间：2019-03-01 16:30:41,530 
线程ID:[25] 
日志级别：  INFO  
出错类：BLL.UserInfoBll property: [(null)] - 
错误描述：账号:admin在：IP为::1登录
 

 
记录时间：2019-03-01 16:56:49,604 
线程ID:[13] 
日志级别：  INFO  
出错类：dal.YYDal property: [(null)] - 
错误描述：用户登录记录:admin
 

 
记录时间：2019-03-01 16:56:49,642 
线程ID:[13] 
日志级别：  INFO  
出错类：BLL.UserInfoBll property: [(null)] - 
错误描述：账号:admin在：IP为::1登录
 

 
记录时间：2019-03-01 18:00:51,108 
线程ID:[6] 
日志级别：  INFO  
出错类：dal.YYDal property: [(null)] - 
错误描述：用户登录记录:admin
 

 
记录时间：2019-03-01 18:00:51,140 
线程ID:[6] 
日志级别：  INFO  
出错类：BLL.UserInfoBll property: [(null)] - 
错误描述：账号:admin在：IP为::1登录
 

 
记录时间：2019-03-01 18:04:49,915 
线程ID:[10] 
日志级别：  INFO  
出错类：dal.YYDal property: [(null)] - 
错误描述：用户登录记录:admin
 

 
记录时间：2019-03-01 18:04:49,928 
线程ID:[10] 
日志级别：  INFO  
出错类：BLL.UserInfoBll property: [(null)] - 
错误描述：账号:admin在：IP为::1登录
 

 
记录时间：2019-03-01 18:07:28,323 
线程ID:[8] 
日志级别：  INFO  
出错类：dal.YYDal property: [(null)] - 
错误描述：用户登录记录:admin
 

 
记录时间：2019-03-01 18:07:28,324 
线程ID:[7] 
日志级别：  INFO  
出错类：dal.YYDal property: [(null)] - 
错误描述：用户登录记录:admin
 

 
记录时间：2019-03-01 18:07:28,342 
线程ID:[7] 
日志级别：  INFO  
出错类：BLL.UserInfoBll property: [(null)] - 
错误描述：账号:admin在：IP为::1登录
 

 
记录时间：2019-03-01 18:07:28,336 
线程ID:[8] 
日志级别：  INFO  
出错类：BLL.UserInfoBll property: [(null)] - 
错误描述：账号:admin在：IP为::1登录
 

 
记录时间：2019-03-01 18:07:28,329 
线程ID:[11] 
日志级别：  INFO  
出错类：dal.YYDal property: [(null)] - 
错误描述：用户登录记录:admin
 

 
记录时间：2019-03-01 18:07:28,604 
线程ID:[11] 
日志级别：  INFO  
出错类：BLL.UserInfoBll property: [(null)] - 
错误描述：账号:admin在：IP为::1登录
 

 
记录时间：2019-03-01 18:07:28,642 
线程ID:[10] 
日志级别：  INFO  
出错类：dal.YYDal property: [(null)] - 
错误描述：用户登录记录:admin
 

 
记录时间：2019-03-01 18:07:28,669 
线程ID:[10] 
日志级别：  INFO  
出错类：BLL.UserInfoBll property: [(null)] - 
错误描述：账号:admin在：IP为::1登录
 

 
记录时间：2019-03-01 18:10:11,467 
线程ID:[6] 
日志级别：  INFO  
出错类：dal.YYDal property: [(null)] - 
错误描述：用户登录记录:admin
 

 
记录时间：2019-03-01 18:10:11,480 
线程ID:[6] 
日志级别：  INFO  
出错类：BLL.UserInfoBll property: [(null)] - 
错误描述：账号:admin在：IP为::1登录
 
