
 
记录时间：2019-02-13 09:20:08,882 
线程ID:[8] 
日志级别：  INFO  
出错类：dal.YYDal property: [(null)] - 
错误描述：用户登录记录:陈永鹏
 

 
记录时间：2019-02-13 09:20:09,102 
线程ID:[8] 
日志级别：  INFO  
出错类：BLL.UserInfoBll property: [(null)] - 
错误描述：账号:陈永鹏在：IP为::1登录
 

 
记录时间：2019-02-13 14:02:07,756 
线程ID:[8] 
日志级别：  INFO  
出错类：dal.YYDal property: [(null)] - 
错误描述：用户登录记录:陈永鹏
 

 
记录时间：2019-02-13 14:02:07,770 
线程ID:[8] 
日志级别：  INFO  
出错类：BLL.UserInfoBll property: [(null)] - 
错误描述：账号:陈永鹏在：IP为::1登录
 

 
记录时间：2019-02-13 16:31:17,076 
线程ID:[8] 
日志级别：  INFO  
出错类：dal.YYDal property: [(null)] - 
错误描述：用户登录记录:陈永鹏
 

 
记录时间：2019-02-13 16:31:17,100 
线程ID:[8] 
日志级别：  INFO  
出错类：BLL.UserInfoBll property: [(null)] - 
错误描述：账号:陈永鹏在：IP为::1登录
 

 
记录时间：2019-02-13 16:51:34,065 
线程ID:[8] 
日志级别：  INFO  
出错类：dal.YYDal property: [(null)] - 
错误描述：用户登录记录:陈永鹏
 

 
记录时间：2019-02-13 16:51:34,089 
线程ID:[8] 
日志级别：  INFO  
出错类：BLL.UserInfoBll property: [(null)] - 
错误描述：账号:陈永鹏在：IP为::1登录
 

 
记录时间：2019-02-13 17:04:59,844 
线程ID:[6] 
日志级别：  INFO  
出错类：dal.YYDal property: [(null)] - 
错误描述：用户登录记录:陈永鹏
 

 
记录时间：2019-02-13 17:04:59,867 
线程ID:[6] 
日志级别：  INFO  
出错类：BLL.UserInfoBll property: [(null)] - 
错误描述：账号:陈永鹏在：IP为::1登录
 

 
记录时间：2019-02-13 17:33:04,674 
线程ID:[10] 
日志级别：  INFO  
出错类：dal.YYDal property: [(null)] - 
错误描述：用户登录记录:陈永鹏
 

 
记录时间：2019-02-13 17:33:04,695 
线程ID:[10] 
日志级别：  INFO  
出错类：BLL.UserInfoBll property: [(null)] - 
错误描述：账号:陈永鹏在：IP为::1登录
 

 
记录时间：2019-02-13 18:01:40,987 
线程ID:[6] 
日志级别：  INFO  
出错类：dal.YYDal property: [(null)] - 
错误描述：用户登录记录:陈永鹏
 

 
记录时间：2019-02-13 18:01:41,014 
线程ID:[6] 
日志级别：  INFO  
出错类：BLL.UserInfoBll property: [(null)] - 
错误描述：账号:陈永鹏在：IP为::1登录
 
