
 
记录时间：2019-03-14 10:32:36,569 
线程ID:[8] 
日志级别：  INFO  
出错类：dal.YYDal property: [(null)] - 
错误描述：用户登录记录:admin
 

 
记录时间：2019-03-14 10:32:36,610 
线程ID:[8] 
日志级别：  INFO  
出错类：BLL.UserInfoBll property: [(null)] - 
错误描述：账号:admin在：IP为::1登录
 

 
记录时间：2019-03-14 12:09:47,342 
线程ID:[72] 
日志级别：  INFO  
出错类：dal.YYDal property: [(null)] - 
错误描述：用户登录记录:admin
 

 
记录时间：2019-03-14 12:09:47,372 
线程ID:[72] 
日志级别：  INFO  
出错类：BLL.UserInfoBll property: [(null)] - 
错误描述：账号:admin在：IP为::1登录
 

 
记录时间：2019-03-14 17:41:02,382 
线程ID:[6] 
日志级别：  INFO  
出错类：dal.YYDal property: [(null)] - 
错误描述：用户登录记录:梁献丹
 

 
记录时间：2019-03-14 17:41:02,441 
线程ID:[6] 
日志级别：  INFO  
出错类：BLL.UserInfoBll property: [(null)] - 
错误描述：账号:梁献丹在：IP为::1登录
 

 
记录时间：2019-03-14 17:41:19,772 
线程ID:[6] 
日志级别：  INFO  
出错类：dal.YYDal property: [(null)] - 
错误描述：用户登录记录:梁献丹
 

 
记录时间：2019-03-14 17:41:19,773 
线程ID:[6] 
日志级别：  INFO  
出错类：BLL.UserInfoBll property: [(null)] - 
错误描述：账号:梁献丹在：IP为::1登录
 

 
记录时间：2019-03-14 17:42:03,105 
线程ID:[6] 
日志级别：  INFO  
出错类：dal.YYDal property: [(null)] - 
错误描述：日记账成功,出纳编号为010101收-00067
 
